[2024-12-31T17:04:06.065+0000] {processor.py:186} INFO - Started process (PID=89) to work on /home/airflow/.local/lib/python3.12/site-packages/airflow/example_dags/example_branch_python_dop_operator_3.py
[2024-12-31T17:04:06.066+0000] {processor.py:914} INFO - Processing file /home/airflow/.local/lib/python3.12/site-packages/airflow/example_dags/example_branch_python_dop_operator_3.py for tasks to queue
[2024-12-31T17:04:06.070+0000] {logging_mixin.py:190} INFO - [2024-12-31T17:04:06.069+0000] {dagbag.py:588} INFO - Filling up the DagBag from /home/airflow/.local/lib/python3.12/site-packages/airflow/example_dags/example_branch_python_dop_operator_3.py
[2024-12-31T17:04:06.090+0000] {processor.py:925} INFO - DAG(s) 'example_branch_dop_operator_v3' retrieved from /home/airflow/.local/lib/python3.12/site-packages/airflow/example_dags/example_branch_python_dop_operator_3.py
[2024-12-31T17:04:06.277+0000] {logging_mixin.py:190} INFO - [2024-12-31T17:04:06.276+0000] {override.py:1911} INFO - Created Permission View: can read on DAG:example_branch_dop_operator_v3
[2024-12-31T17:04:06.296+0000] {logging_mixin.py:190} INFO - [2024-12-31T17:04:06.296+0000] {override.py:1911} INFO - Created Permission View: can delete on DAG:example_branch_dop_operator_v3
[2024-12-31T17:04:06.307+0000] {logging_mixin.py:190} INFO - [2024-12-31T17:04:06.306+0000] {override.py:1911} INFO - Created Permission View: can edit on DAG:example_branch_dop_operator_v3
[2024-12-31T17:04:06.317+0000] {logging_mixin.py:190} INFO - [2024-12-31T17:04:06.316+0000] {override.py:1911} INFO - Created Permission View: can read on DAG Run:example_branch_dop_operator_v3
[2024-12-31T17:04:06.326+0000] {logging_mixin.py:190} INFO - [2024-12-31T17:04:06.326+0000] {override.py:1911} INFO - Created Permission View: can delete on DAG Run:example_branch_dop_operator_v3
[2024-12-31T17:04:06.343+0000] {logging_mixin.py:190} INFO - [2024-12-31T17:04:06.343+0000] {override.py:1911} INFO - Created Permission View: can create on DAG Run:example_branch_dop_operator_v3
[2024-12-31T17:04:06.352+0000] {logging_mixin.py:190} INFO - [2024-12-31T17:04:06.352+0000] {override.py:1911} INFO - Created Permission View: menu access on DAG Run:example_branch_dop_operator_v3
[2024-12-31T17:04:06.353+0000] {logging_mixin.py:190} INFO - [2024-12-31T17:04:06.352+0000] {dag.py:3239} INFO - Sync 1 DAGs
[2024-12-31T17:04:06.376+0000] {logging_mixin.py:190} INFO - [2024-12-31T17:04:06.375+0000] {dag.py:3262} INFO - Creating ORM DAG for example_branch_dop_operator_v3
[2024-12-31T17:04:06.397+0000] {logging_mixin.py:190} INFO - [2024-12-31T17:04:06.397+0000] {dag.py:4180} INFO - Setting next_dagrun for example_branch_dop_operator_v3 to 2024-12-31 17:03:00+00:00, run_after=2024-12-31 17:04:00+00:00
[2024-12-31T17:04:06.419+0000] {processor.py:208} INFO - Processing /home/airflow/.local/lib/python3.12/site-packages/airflow/example_dags/example_branch_python_dop_operator_3.py took 0.371 seconds
[2024-12-31T17:04:36.982+0000] {processor.py:186} INFO - Started process (PID=152) to work on /home/airflow/.local/lib/python3.12/site-packages/airflow/example_dags/example_branch_python_dop_operator_3.py
[2024-12-31T17:04:36.983+0000] {processor.py:914} INFO - Processing file /home/airflow/.local/lib/python3.12/site-packages/airflow/example_dags/example_branch_python_dop_operator_3.py for tasks to queue
[2024-12-31T17:04:36.987+0000] {logging_mixin.py:190} INFO - [2024-12-31T17:04:36.987+0000] {dagbag.py:588} INFO - Filling up the DagBag from /home/airflow/.local/lib/python3.12/site-packages/airflow/example_dags/example_branch_python_dop_operator_3.py
[2024-12-31T17:04:37.013+0000] {processor.py:925} INFO - DAG(s) 'example_branch_dop_operator_v3' retrieved from /home/airflow/.local/lib/python3.12/site-packages/airflow/example_dags/example_branch_python_dop_operator_3.py
[2024-12-31T17:04:37.046+0000] {logging_mixin.py:190} INFO - [2024-12-31T17:04:37.045+0000] {dag.py:3239} INFO - Sync 1 DAGs
[2024-12-31T17:04:37.101+0000] {logging_mixin.py:190} INFO - [2024-12-31T17:04:37.100+0000] {dag.py:4180} INFO - Setting next_dagrun for example_branch_dop_operator_v3 to 2024-12-31 17:03:00+00:00, run_after=2024-12-31 17:04:00+00:00
[2024-12-31T17:04:37.134+0000] {processor.py:208} INFO - Processing /home/airflow/.local/lib/python3.12/site-packages/airflow/example_dags/example_branch_python_dop_operator_3.py took 0.163 seconds
[2024-12-31T17:05:07.196+0000] {processor.py:186} INFO - Started process (PID=215) to work on /home/airflow/.local/lib/python3.12/site-packages/airflow/example_dags/example_branch_python_dop_operator_3.py
[2024-12-31T17:05:07.196+0000] {processor.py:914} INFO - Processing file /home/airflow/.local/lib/python3.12/site-packages/airflow/example_dags/example_branch_python_dop_operator_3.py for tasks to queue
[2024-12-31T17:05:07.199+0000] {logging_mixin.py:190} INFO - [2024-12-31T17:05:07.198+0000] {dagbag.py:588} INFO - Filling up the DagBag from /home/airflow/.local/lib/python3.12/site-packages/airflow/example_dags/example_branch_python_dop_operator_3.py
[2024-12-31T17:05:07.211+0000] {processor.py:925} INFO - DAG(s) 'example_branch_dop_operator_v3' retrieved from /home/airflow/.local/lib/python3.12/site-packages/airflow/example_dags/example_branch_python_dop_operator_3.py
[2024-12-31T17:05:07.232+0000] {logging_mixin.py:190} INFO - [2024-12-31T17:05:07.232+0000] {dag.py:3239} INFO - Sync 1 DAGs
[2024-12-31T17:05:07.262+0000] {logging_mixin.py:190} INFO - [2024-12-31T17:05:07.262+0000] {dag.py:4180} INFO - Setting next_dagrun for example_branch_dop_operator_v3 to 2024-12-31 17:04:00+00:00, run_after=2024-12-31 17:05:00+00:00
[2024-12-31T17:05:07.296+0000] {processor.py:208} INFO - Processing /home/airflow/.local/lib/python3.12/site-packages/airflow/example_dags/example_branch_python_dop_operator_3.py took 0.107 seconds
[2024-12-31T17:05:37.424+0000] {processor.py:186} INFO - Started process (PID=278) to work on /home/airflow/.local/lib/python3.12/site-packages/airflow/example_dags/example_branch_python_dop_operator_3.py
[2024-12-31T17:05:37.425+0000] {processor.py:914} INFO - Processing file /home/airflow/.local/lib/python3.12/site-packages/airflow/example_dags/example_branch_python_dop_operator_3.py for tasks to queue
[2024-12-31T17:05:37.427+0000] {logging_mixin.py:190} INFO - [2024-12-31T17:05:37.427+0000] {dagbag.py:588} INFO - Filling up the DagBag from /home/airflow/.local/lib/python3.12/site-packages/airflow/example_dags/example_branch_python_dop_operator_3.py
[2024-12-31T17:05:37.439+0000] {processor.py:925} INFO - DAG(s) 'example_branch_dop_operator_v3' retrieved from /home/airflow/.local/lib/python3.12/site-packages/airflow/example_dags/example_branch_python_dop_operator_3.py
[2024-12-31T17:05:37.463+0000] {logging_mixin.py:190} INFO - [2024-12-31T17:05:37.462+0000] {dag.py:3239} INFO - Sync 1 DAGs
[2024-12-31T17:05:37.493+0000] {logging_mixin.py:190} INFO - [2024-12-31T17:05:37.493+0000] {dag.py:4180} INFO - Setting next_dagrun for example_branch_dop_operator_v3 to 2024-12-31 17:04:00+00:00, run_after=2024-12-31 17:05:00+00:00
[2024-12-31T17:05:37.515+0000] {processor.py:208} INFO - Processing /home/airflow/.local/lib/python3.12/site-packages/airflow/example_dags/example_branch_python_dop_operator_3.py took 0.100 seconds
[2024-12-31T17:06:08.274+0000] {processor.py:186} INFO - Started process (PID=341) to work on /home/airflow/.local/lib/python3.12/site-packages/airflow/example_dags/example_branch_python_dop_operator_3.py
[2024-12-31T17:06:08.275+0000] {processor.py:914} INFO - Processing file /home/airflow/.local/lib/python3.12/site-packages/airflow/example_dags/example_branch_python_dop_operator_3.py for tasks to queue
[2024-12-31T17:06:08.278+0000] {logging_mixin.py:190} INFO - [2024-12-31T17:06:08.278+0000] {dagbag.py:588} INFO - Filling up the DagBag from /home/airflow/.local/lib/python3.12/site-packages/airflow/example_dags/example_branch_python_dop_operator_3.py
[2024-12-31T17:06:08.296+0000] {processor.py:925} INFO - DAG(s) 'example_branch_dop_operator_v3' retrieved from /home/airflow/.local/lib/python3.12/site-packages/airflow/example_dags/example_branch_python_dop_operator_3.py
[2024-12-31T17:06:08.325+0000] {logging_mixin.py:190} INFO - [2024-12-31T17:06:08.325+0000] {dag.py:3239} INFO - Sync 1 DAGs
[2024-12-31T17:06:08.359+0000] {logging_mixin.py:190} INFO - [2024-12-31T17:06:08.358+0000] {dag.py:4180} INFO - Setting next_dagrun for example_branch_dop_operator_v3 to 2024-12-31 17:05:00+00:00, run_after=2024-12-31 17:06:00+00:00
[2024-12-31T17:06:08.382+0000] {processor.py:208} INFO - Processing /home/airflow/.local/lib/python3.12/site-packages/airflow/example_dags/example_branch_python_dop_operator_3.py took 0.118 seconds
[2024-12-31T17:06:38.606+0000] {processor.py:186} INFO - Started process (PID=403) to work on /home/airflow/.local/lib/python3.12/site-packages/airflow/example_dags/example_branch_python_dop_operator_3.py
[2024-12-31T17:06:38.607+0000] {processor.py:914} INFO - Processing file /home/airflow/.local/lib/python3.12/site-packages/airflow/example_dags/example_branch_python_dop_operator_3.py for tasks to queue
[2024-12-31T17:06:38.611+0000] {logging_mixin.py:190} INFO - [2024-12-31T17:06:38.610+0000] {dagbag.py:588} INFO - Filling up the DagBag from /home/airflow/.local/lib/python3.12/site-packages/airflow/example_dags/example_branch_python_dop_operator_3.py
[2024-12-31T17:06:38.628+0000] {processor.py:925} INFO - DAG(s) 'example_branch_dop_operator_v3' retrieved from /home/airflow/.local/lib/python3.12/site-packages/airflow/example_dags/example_branch_python_dop_operator_3.py
[2024-12-31T17:06:38.658+0000] {logging_mixin.py:190} INFO - [2024-12-31T17:06:38.657+0000] {dag.py:3239} INFO - Sync 1 DAGs
[2024-12-31T17:06:38.705+0000] {logging_mixin.py:190} INFO - [2024-12-31T17:06:38.705+0000] {dag.py:4180} INFO - Setting next_dagrun for example_branch_dop_operator_v3 to 2024-12-31 17:05:00+00:00, run_after=2024-12-31 17:06:00+00:00
[2024-12-31T17:06:38.736+0000] {processor.py:208} INFO - Processing /home/airflow/.local/lib/python3.12/site-packages/airflow/example_dags/example_branch_python_dop_operator_3.py took 0.140 seconds
