[2024-12-31T17:04:04.010+0000] {processor.py:186} INFO - Started process (PID=83) to work on /home/airflow/.local/lib/python3.12/site-packages/airflow/example_dags/example_dynamic_task_mapping_with_no_taskflow_operators.py
[2024-12-31T17:04:04.011+0000] {processor.py:914} INFO - Processing file /home/airflow/.local/lib/python3.12/site-packages/airflow/example_dags/example_dynamic_task_mapping_with_no_taskflow_operators.py for tasks to queue
[2024-12-31T17:04:04.013+0000] {logging_mixin.py:190} INFO - [2024-12-31T17:04:04.013+0000] {dagbag.py:588} INFO - Filling up the DagBag from /home/airflow/.local/lib/python3.12/site-packages/airflow/example_dags/example_dynamic_task_mapping_with_no_taskflow_operators.py
[2024-12-31T17:04:04.027+0000] {processor.py:925} INFO - DAG(s) 'example_dynamic_task_mapping_with_no_taskflow_operators' retrieved from /home/airflow/.local/lib/python3.12/site-packages/airflow/example_dags/example_dynamic_task_mapping_with_no_taskflow_operators.py
[2024-12-31T17:04:04.163+0000] {logging_mixin.py:190} INFO - [2024-12-31T17:04:04.162+0000] {override.py:1911} INFO - Created Permission View: can read on DAG:example_dynamic_task_mapping_with_no_taskflow_operators
[2024-12-31T17:04:04.178+0000] {logging_mixin.py:190} INFO - [2024-12-31T17:04:04.178+0000] {override.py:1911} INFO - Created Permission View: can delete on DAG:example_dynamic_task_mapping_with_no_taskflow_operators
[2024-12-31T17:04:04.186+0000] {logging_mixin.py:190} INFO - [2024-12-31T17:04:04.186+0000] {override.py:1911} INFO - Created Permission View: can edit on DAG:example_dynamic_task_mapping_with_no_taskflow_operators
[2024-12-31T17:04:04.197+0000] {logging_mixin.py:190} INFO - [2024-12-31T17:04:04.197+0000] {override.py:1911} INFO - Created Permission View: can read on DAG Run:example_dynamic_task_mapping_with_no_taskflow_operators
[2024-12-31T17:04:04.205+0000] {logging_mixin.py:190} INFO - [2024-12-31T17:04:04.204+0000] {override.py:1911} INFO - Created Permission View: can delete on DAG Run:example_dynamic_task_mapping_with_no_taskflow_operators
[2024-12-31T17:04:04.212+0000] {logging_mixin.py:190} INFO - [2024-12-31T17:04:04.211+0000] {override.py:1911} INFO - Created Permission View: can create on DAG Run:example_dynamic_task_mapping_with_no_taskflow_operators
[2024-12-31T17:04:04.219+0000] {logging_mixin.py:190} INFO - [2024-12-31T17:04:04.219+0000] {override.py:1911} INFO - Created Permission View: menu access on DAG Run:example_dynamic_task_mapping_with_no_taskflow_operators
[2024-12-31T17:04:04.219+0000] {logging_mixin.py:190} INFO - [2024-12-31T17:04:04.219+0000] {dag.py:3239} INFO - Sync 1 DAGs
[2024-12-31T17:04:04.237+0000] {logging_mixin.py:190} INFO - [2024-12-31T17:04:04.237+0000] {dag.py:3262} INFO - Creating ORM DAG for example_dynamic_task_mapping_with_no_taskflow_operators
[2024-12-31T17:04:04.238+0000] {logging_mixin.py:190} INFO - [2024-12-31T17:04:04.238+0000] {dag.py:4180} INFO - Setting next_dagrun for example_dynamic_task_mapping_with_no_taskflow_operators to None, run_after=None
[2024-12-31T17:04:04.273+0000] {processor.py:208} INFO - Processing /home/airflow/.local/lib/python3.12/site-packages/airflow/example_dags/example_dynamic_task_mapping_with_no_taskflow_operators.py took 0.271 seconds
[2024-12-31T17:04:34.503+0000] {processor.py:186} INFO - Started process (PID=146) to work on /home/airflow/.local/lib/python3.12/site-packages/airflow/example_dags/example_dynamic_task_mapping_with_no_taskflow_operators.py
[2024-12-31T17:04:34.504+0000] {processor.py:914} INFO - Processing file /home/airflow/.local/lib/python3.12/site-packages/airflow/example_dags/example_dynamic_task_mapping_with_no_taskflow_operators.py for tasks to queue
[2024-12-31T17:04:34.507+0000] {logging_mixin.py:190} INFO - [2024-12-31T17:04:34.507+0000] {dagbag.py:588} INFO - Filling up the DagBag from /home/airflow/.local/lib/python3.12/site-packages/airflow/example_dags/example_dynamic_task_mapping_with_no_taskflow_operators.py
[2024-12-31T17:04:34.517+0000] {processor.py:925} INFO - DAG(s) 'example_dynamic_task_mapping_with_no_taskflow_operators' retrieved from /home/airflow/.local/lib/python3.12/site-packages/airflow/example_dags/example_dynamic_task_mapping_with_no_taskflow_operators.py
[2024-12-31T17:04:34.538+0000] {logging_mixin.py:190} INFO - [2024-12-31T17:04:34.537+0000] {dag.py:3239} INFO - Sync 1 DAGs
[2024-12-31T17:04:34.554+0000] {logging_mixin.py:190} INFO - [2024-12-31T17:04:34.554+0000] {dag.py:4180} INFO - Setting next_dagrun for example_dynamic_task_mapping_with_no_taskflow_operators to None, run_after=None
[2024-12-31T17:04:34.575+0000] {processor.py:208} INFO - Processing /home/airflow/.local/lib/python3.12/site-packages/airflow/example_dags/example_dynamic_task_mapping_with_no_taskflow_operators.py took 0.082 seconds
[2024-12-31T17:05:04.749+0000] {processor.py:186} INFO - Started process (PID=210) to work on /home/airflow/.local/lib/python3.12/site-packages/airflow/example_dags/example_dynamic_task_mapping_with_no_taskflow_operators.py
[2024-12-31T17:05:04.750+0000] {processor.py:914} INFO - Processing file /home/airflow/.local/lib/python3.12/site-packages/airflow/example_dags/example_dynamic_task_mapping_with_no_taskflow_operators.py for tasks to queue
[2024-12-31T17:05:04.754+0000] {logging_mixin.py:190} INFO - [2024-12-31T17:05:04.753+0000] {dagbag.py:588} INFO - Filling up the DagBag from /home/airflow/.local/lib/python3.12/site-packages/airflow/example_dags/example_dynamic_task_mapping_with_no_taskflow_operators.py
[2024-12-31T17:05:04.765+0000] {processor.py:925} INFO - DAG(s) 'example_dynamic_task_mapping_with_no_taskflow_operators' retrieved from /home/airflow/.local/lib/python3.12/site-packages/airflow/example_dags/example_dynamic_task_mapping_with_no_taskflow_operators.py
[2024-12-31T17:05:04.791+0000] {logging_mixin.py:190} INFO - [2024-12-31T17:05:04.790+0000] {dag.py:3239} INFO - Sync 1 DAGs
[2024-12-31T17:05:04.808+0000] {logging_mixin.py:190} INFO - [2024-12-31T17:05:04.807+0000] {dag.py:4180} INFO - Setting next_dagrun for example_dynamic_task_mapping_with_no_taskflow_operators to None, run_after=None
[2024-12-31T17:05:04.835+0000] {processor.py:208} INFO - Processing /home/airflow/.local/lib/python3.12/site-packages/airflow/example_dags/example_dynamic_task_mapping_with_no_taskflow_operators.py took 0.094 seconds
[2024-12-31T17:05:35.842+0000] {processor.py:186} INFO - Started process (PID=273) to work on /home/airflow/.local/lib/python3.12/site-packages/airflow/example_dags/example_dynamic_task_mapping_with_no_taskflow_operators.py
[2024-12-31T17:05:35.844+0000] {processor.py:914} INFO - Processing file /home/airflow/.local/lib/python3.12/site-packages/airflow/example_dags/example_dynamic_task_mapping_with_no_taskflow_operators.py for tasks to queue
[2024-12-31T17:05:35.847+0000] {logging_mixin.py:190} INFO - [2024-12-31T17:05:35.847+0000] {dagbag.py:588} INFO - Filling up the DagBag from /home/airflow/.local/lib/python3.12/site-packages/airflow/example_dags/example_dynamic_task_mapping_with_no_taskflow_operators.py
[2024-12-31T17:05:35.862+0000] {processor.py:925} INFO - DAG(s) 'example_dynamic_task_mapping_with_no_taskflow_operators' retrieved from /home/airflow/.local/lib/python3.12/site-packages/airflow/example_dags/example_dynamic_task_mapping_with_no_taskflow_operators.py
[2024-12-31T17:05:35.901+0000] {logging_mixin.py:190} INFO - [2024-12-31T17:05:35.901+0000] {dag.py:3239} INFO - Sync 1 DAGs
[2024-12-31T17:05:35.933+0000] {logging_mixin.py:190} INFO - [2024-12-31T17:05:35.932+0000] {dag.py:4180} INFO - Setting next_dagrun for example_dynamic_task_mapping_with_no_taskflow_operators to None, run_after=None
[2024-12-31T17:05:35.958+0000] {processor.py:208} INFO - Processing /home/airflow/.local/lib/python3.12/site-packages/airflow/example_dags/example_dynamic_task_mapping_with_no_taskflow_operators.py took 0.125 seconds
[2024-12-31T17:06:06.899+0000] {processor.py:186} INFO - Started process (PID=336) to work on /home/airflow/.local/lib/python3.12/site-packages/airflow/example_dags/example_dynamic_task_mapping_with_no_taskflow_operators.py
[2024-12-31T17:06:06.900+0000] {processor.py:914} INFO - Processing file /home/airflow/.local/lib/python3.12/site-packages/airflow/example_dags/example_dynamic_task_mapping_with_no_taskflow_operators.py for tasks to queue
[2024-12-31T17:06:06.904+0000] {logging_mixin.py:190} INFO - [2024-12-31T17:06:06.903+0000] {dagbag.py:588} INFO - Filling up the DagBag from /home/airflow/.local/lib/python3.12/site-packages/airflow/example_dags/example_dynamic_task_mapping_with_no_taskflow_operators.py
[2024-12-31T17:06:06.917+0000] {processor.py:925} INFO - DAG(s) 'example_dynamic_task_mapping_with_no_taskflow_operators' retrieved from /home/airflow/.local/lib/python3.12/site-packages/airflow/example_dags/example_dynamic_task_mapping_with_no_taskflow_operators.py
[2024-12-31T17:06:06.954+0000] {logging_mixin.py:190} INFO - [2024-12-31T17:06:06.954+0000] {dag.py:3239} INFO - Sync 1 DAGs
[2024-12-31T17:06:06.986+0000] {logging_mixin.py:190} INFO - [2024-12-31T17:06:06.986+0000] {dag.py:4180} INFO - Setting next_dagrun for example_dynamic_task_mapping_with_no_taskflow_operators to None, run_after=None
[2024-12-31T17:06:07.016+0000] {processor.py:208} INFO - Processing /home/airflow/.local/lib/python3.12/site-packages/airflow/example_dags/example_dynamic_task_mapping_with_no_taskflow_operators.py took 0.128 seconds
[2024-12-31T17:06:37.278+0000] {processor.py:186} INFO - Started process (PID=398) to work on /home/airflow/.local/lib/python3.12/site-packages/airflow/example_dags/example_dynamic_task_mapping_with_no_taskflow_operators.py
[2024-12-31T17:06:37.279+0000] {processor.py:914} INFO - Processing file /home/airflow/.local/lib/python3.12/site-packages/airflow/example_dags/example_dynamic_task_mapping_with_no_taskflow_operators.py for tasks to queue
[2024-12-31T17:06:37.284+0000] {logging_mixin.py:190} INFO - [2024-12-31T17:06:37.283+0000] {dagbag.py:588} INFO - Filling up the DagBag from /home/airflow/.local/lib/python3.12/site-packages/airflow/example_dags/example_dynamic_task_mapping_with_no_taskflow_operators.py
[2024-12-31T17:06:37.294+0000] {processor.py:925} INFO - DAG(s) 'example_dynamic_task_mapping_with_no_taskflow_operators' retrieved from /home/airflow/.local/lib/python3.12/site-packages/airflow/example_dags/example_dynamic_task_mapping_with_no_taskflow_operators.py
[2024-12-31T17:06:37.326+0000] {logging_mixin.py:190} INFO - [2024-12-31T17:06:37.326+0000] {dag.py:3239} INFO - Sync 1 DAGs
[2024-12-31T17:06:37.358+0000] {logging_mixin.py:190} INFO - [2024-12-31T17:06:37.358+0000] {dag.py:4180} INFO - Setting next_dagrun for example_dynamic_task_mapping_with_no_taskflow_operators to None, run_after=None
[2024-12-31T17:06:37.386+0000] {processor.py:208} INFO - Processing /home/airflow/.local/lib/python3.12/site-packages/airflow/example_dags/example_dynamic_task_mapping_with_no_taskflow_operators.py took 0.118 seconds
