[2024-12-31T17:04:03.016+0000] {processor.py:186} INFO - Started process (PID=73) to work on /home/airflow/.local/lib/python3.12/site-packages/airflow/example_dags/example_bash_operator.py
[2024-12-31T17:04:03.017+0000] {processor.py:914} INFO - Processing file /home/airflow/.local/lib/python3.12/site-packages/airflow/example_dags/example_bash_operator.py for tasks to queue
[2024-12-31T17:04:03.022+0000] {logging_mixin.py:190} INFO - [2024-12-31T17:04:03.021+0000] {dagbag.py:588} INFO - Filling up the DagBag from /home/airflow/.local/lib/python3.12/site-packages/airflow/example_dags/example_bash_operator.py
[2024-12-31T17:04:03.046+0000] {processor.py:925} INFO - DAG(s) 'example_bash_operator' retrieved from /home/airflow/.local/lib/python3.12/site-packages/airflow/example_dags/example_bash_operator.py
[2024-12-31T17:04:03.294+0000] {logging_mixin.py:190} INFO - [2024-12-31T17:04:03.293+0000] {override.py:1911} INFO - Created Permission View: can read on DAG:example_bash_operator
[2024-12-31T17:04:03.309+0000] {logging_mixin.py:190} INFO - [2024-12-31T17:04:03.308+0000] {override.py:1911} INFO - Created Permission View: can delete on DAG:example_bash_operator
[2024-12-31T17:04:03.322+0000] {logging_mixin.py:190} INFO - [2024-12-31T17:04:03.322+0000] {override.py:1911} INFO - Created Permission View: can edit on DAG:example_bash_operator
[2024-12-31T17:04:03.332+0000] {logging_mixin.py:190} INFO - [2024-12-31T17:04:03.331+0000] {override.py:1911} INFO - Created Permission View: can read on DAG Run:example_bash_operator
[2024-12-31T17:04:03.341+0000] {logging_mixin.py:190} INFO - [2024-12-31T17:04:03.341+0000] {override.py:1911} INFO - Created Permission View: can delete on DAG Run:example_bash_operator
[2024-12-31T17:04:03.351+0000] {logging_mixin.py:190} INFO - [2024-12-31T17:04:03.350+0000] {override.py:1911} INFO - Created Permission View: can create on DAG Run:example_bash_operator
[2024-12-31T17:04:03.360+0000] {logging_mixin.py:190} INFO - [2024-12-31T17:04:03.360+0000] {override.py:1911} INFO - Created Permission View: menu access on DAG Run:example_bash_operator
[2024-12-31T17:04:03.361+0000] {logging_mixin.py:190} INFO - [2024-12-31T17:04:03.361+0000] {dag.py:3239} INFO - Sync 1 DAGs
[2024-12-31T17:04:03.384+0000] {logging_mixin.py:190} INFO - [2024-12-31T17:04:03.384+0000] {dag.py:3262} INFO - Creating ORM DAG for example_bash_operator
[2024-12-31T17:04:03.403+0000] {logging_mixin.py:190} INFO - [2024-12-31T17:04:03.402+0000] {dag.py:4180} INFO - Setting next_dagrun for example_bash_operator to 2024-12-30 00:00:00+00:00, run_after=2024-12-31 00:00:00+00:00
[2024-12-31T17:04:03.428+0000] {processor.py:208} INFO - Processing /home/airflow/.local/lib/python3.12/site-packages/airflow/example_dags/example_bash_operator.py took 0.423 seconds
[2024-12-31T17:04:34.080+0000] {processor.py:186} INFO - Started process (PID=142) to work on /home/airflow/.local/lib/python3.12/site-packages/airflow/example_dags/example_bash_operator.py
[2024-12-31T17:04:34.082+0000] {processor.py:914} INFO - Processing file /home/airflow/.local/lib/python3.12/site-packages/airflow/example_dags/example_bash_operator.py for tasks to queue
[2024-12-31T17:04:34.088+0000] {logging_mixin.py:190} INFO - [2024-12-31T17:04:34.087+0000] {dagbag.py:588} INFO - Filling up the DagBag from /home/airflow/.local/lib/python3.12/site-packages/airflow/example_dags/example_bash_operator.py
[2024-12-31T17:04:34.113+0000] {processor.py:925} INFO - DAG(s) 'example_bash_operator' retrieved from /home/airflow/.local/lib/python3.12/site-packages/airflow/example_dags/example_bash_operator.py
[2024-12-31T17:04:34.154+0000] {logging_mixin.py:190} INFO - [2024-12-31T17:04:34.154+0000] {dag.py:3239} INFO - Sync 1 DAGs
[2024-12-31T17:04:34.184+0000] {logging_mixin.py:190} INFO - [2024-12-31T17:04:34.184+0000] {dag.py:4180} INFO - Setting next_dagrun for example_bash_operator to 2024-12-30 00:00:00+00:00, run_after=2024-12-31 00:00:00+00:00
[2024-12-31T17:04:34.204+0000] {processor.py:208} INFO - Processing /home/airflow/.local/lib/python3.12/site-packages/airflow/example_dags/example_bash_operator.py took 0.139 seconds
[2024-12-31T17:05:04.268+0000] {processor.py:186} INFO - Started process (PID=205) to work on /home/airflow/.local/lib/python3.12/site-packages/airflow/example_dags/example_bash_operator.py
[2024-12-31T17:05:04.269+0000] {processor.py:914} INFO - Processing file /home/airflow/.local/lib/python3.12/site-packages/airflow/example_dags/example_bash_operator.py for tasks to queue
[2024-12-31T17:05:04.272+0000] {logging_mixin.py:190} INFO - [2024-12-31T17:05:04.271+0000] {dagbag.py:588} INFO - Filling up the DagBag from /home/airflow/.local/lib/python3.12/site-packages/airflow/example_dags/example_bash_operator.py
[2024-12-31T17:05:04.287+0000] {processor.py:925} INFO - DAG(s) 'example_bash_operator' retrieved from /home/airflow/.local/lib/python3.12/site-packages/airflow/example_dags/example_bash_operator.py
[2024-12-31T17:05:04.320+0000] {logging_mixin.py:190} INFO - [2024-12-31T17:05:04.320+0000] {dag.py:3239} INFO - Sync 1 DAGs
[2024-12-31T17:05:04.350+0000] {logging_mixin.py:190} INFO - [2024-12-31T17:05:04.350+0000] {dag.py:4180} INFO - Setting next_dagrun for example_bash_operator to 2024-12-30 00:00:00+00:00, run_after=2024-12-31 00:00:00+00:00
[2024-12-31T17:05:04.371+0000] {processor.py:208} INFO - Processing /home/airflow/.local/lib/python3.12/site-packages/airflow/example_dags/example_bash_operator.py took 0.111 seconds
[2024-12-31T17:05:35.279+0000] {processor.py:186} INFO - Started process (PID=269) to work on /home/airflow/.local/lib/python3.12/site-packages/airflow/example_dags/example_bash_operator.py
[2024-12-31T17:05:35.282+0000] {processor.py:914} INFO - Processing file /home/airflow/.local/lib/python3.12/site-packages/airflow/example_dags/example_bash_operator.py for tasks to queue
[2024-12-31T17:05:35.288+0000] {logging_mixin.py:190} INFO - [2024-12-31T17:05:35.287+0000] {dagbag.py:588} INFO - Filling up the DagBag from /home/airflow/.local/lib/python3.12/site-packages/airflow/example_dags/example_bash_operator.py
[2024-12-31T17:05:35.321+0000] {processor.py:925} INFO - DAG(s) 'example_bash_operator' retrieved from /home/airflow/.local/lib/python3.12/site-packages/airflow/example_dags/example_bash_operator.py
[2024-12-31T17:05:35.392+0000] {logging_mixin.py:190} INFO - [2024-12-31T17:05:35.391+0000] {dag.py:3239} INFO - Sync 1 DAGs
[2024-12-31T17:05:35.431+0000] {logging_mixin.py:190} INFO - [2024-12-31T17:05:35.431+0000] {dag.py:4180} INFO - Setting next_dagrun for example_bash_operator to 2024-12-30 00:00:00+00:00, run_after=2024-12-31 00:00:00+00:00
[2024-12-31T17:05:35.462+0000] {processor.py:208} INFO - Processing /home/airflow/.local/lib/python3.12/site-packages/airflow/example_dags/example_bash_operator.py took 0.212 seconds
[2024-12-31T17:06:05.914+0000] {processor.py:186} INFO - Started process (PID=332) to work on /home/airflow/.local/lib/python3.12/site-packages/airflow/example_dags/example_bash_operator.py
[2024-12-31T17:06:05.916+0000] {processor.py:914} INFO - Processing file /home/airflow/.local/lib/python3.12/site-packages/airflow/example_dags/example_bash_operator.py for tasks to queue
[2024-12-31T17:06:05.920+0000] {logging_mixin.py:190} INFO - [2024-12-31T17:06:05.920+0000] {dagbag.py:588} INFO - Filling up the DagBag from /home/airflow/.local/lib/python3.12/site-packages/airflow/example_dags/example_bash_operator.py
[2024-12-31T17:06:05.947+0000] {processor.py:925} INFO - DAG(s) 'example_bash_operator' retrieved from /home/airflow/.local/lib/python3.12/site-packages/airflow/example_dags/example_bash_operator.py
[2024-12-31T17:06:06.003+0000] {logging_mixin.py:190} INFO - [2024-12-31T17:06:06.002+0000] {dag.py:3239} INFO - Sync 1 DAGs
[2024-12-31T17:06:06.083+0000] {logging_mixin.py:190} INFO - [2024-12-31T17:06:06.083+0000] {dag.py:4180} INFO - Setting next_dagrun for example_bash_operator to 2024-12-30 00:00:00+00:00, run_after=2024-12-31 00:00:00+00:00
[2024-12-31T17:06:06.146+0000] {processor.py:208} INFO - Processing /home/airflow/.local/lib/python3.12/site-packages/airflow/example_dags/example_bash_operator.py took 0.244 seconds
[2024-12-31T17:06:36.340+0000] {processor.py:186} INFO - Started process (PID=393) to work on /home/airflow/.local/lib/python3.12/site-packages/airflow/example_dags/example_bash_operator.py
[2024-12-31T17:06:36.342+0000] {processor.py:914} INFO - Processing file /home/airflow/.local/lib/python3.12/site-packages/airflow/example_dags/example_bash_operator.py for tasks to queue
[2024-12-31T17:06:36.347+0000] {logging_mixin.py:190} INFO - [2024-12-31T17:06:36.346+0000] {dagbag.py:588} INFO - Filling up the DagBag from /home/airflow/.local/lib/python3.12/site-packages/airflow/example_dags/example_bash_operator.py
[2024-12-31T17:06:36.367+0000] {processor.py:925} INFO - DAG(s) 'example_bash_operator' retrieved from /home/airflow/.local/lib/python3.12/site-packages/airflow/example_dags/example_bash_operator.py
[2024-12-31T17:06:36.401+0000] {logging_mixin.py:190} INFO - [2024-12-31T17:06:36.401+0000] {dag.py:3239} INFO - Sync 1 DAGs
[2024-12-31T17:06:36.434+0000] {logging_mixin.py:190} INFO - [2024-12-31T17:06:36.433+0000] {dag.py:4180} INFO - Setting next_dagrun for example_bash_operator to 2024-12-30 00:00:00+00:00, run_after=2024-12-31 00:00:00+00:00
[2024-12-31T17:06:36.468+0000] {processor.py:208} INFO - Processing /home/airflow/.local/lib/python3.12/site-packages/airflow/example_dags/example_bash_operator.py took 0.136 seconds
