[2024-12-31T17:03:59.333+0000] {processor.py:186} INFO - Started process (PID=57) to work on /home/airflow/.local/lib/python3.12/site-packages/airflow/example_dags/example_workday_timetable.py
[2024-12-31T17:03:59.334+0000] {processor.py:914} INFO - Processing file /home/airflow/.local/lib/python3.12/site-packages/airflow/example_dags/example_workday_timetable.py for tasks to queue
[2024-12-31T17:03:59.337+0000] {logging_mixin.py:190} INFO - [2024-12-31T17:03:59.337+0000] {dagbag.py:588} INFO - Filling up the DagBag from /home/airflow/.local/lib/python3.12/site-packages/airflow/example_dags/example_workday_timetable.py
[2024-12-31T17:03:59.348+0000] {processor.py:925} INFO - DAG(s) 'example_workday_timetable' retrieved from /home/airflow/.local/lib/python3.12/site-packages/airflow/example_dags/example_workday_timetable.py
[2024-12-31T17:03:59.559+0000] {logging_mixin.py:190} INFO - [2024-12-31T17:03:59.558+0000] {override.py:1911} INFO - Created Permission View: can read on DAG:example_workday_timetable
[2024-12-31T17:03:59.575+0000] {logging_mixin.py:190} INFO - [2024-12-31T17:03:59.575+0000] {override.py:1911} INFO - Created Permission View: can delete on DAG:example_workday_timetable
[2024-12-31T17:03:59.586+0000] {logging_mixin.py:190} INFO - [2024-12-31T17:03:59.585+0000] {override.py:1911} INFO - Created Permission View: can edit on DAG:example_workday_timetable
[2024-12-31T17:03:59.606+0000] {logging_mixin.py:190} INFO - [2024-12-31T17:03:59.606+0000] {override.py:1911} INFO - Created Permission View: can read on DAG Run:example_workday_timetable
[2024-12-31T17:03:59.618+0000] {logging_mixin.py:190} INFO - [2024-12-31T17:03:59.618+0000] {override.py:1911} INFO - Created Permission View: can delete on DAG Run:example_workday_timetable
[2024-12-31T17:03:59.633+0000] {logging_mixin.py:190} INFO - [2024-12-31T17:03:59.633+0000] {override.py:1911} INFO - Created Permission View: can create on DAG Run:example_workday_timetable
[2024-12-31T17:03:59.650+0000] {logging_mixin.py:190} INFO - [2024-12-31T17:03:59.649+0000] {override.py:1911} INFO - Created Permission View: menu access on DAG Run:example_workday_timetable
[2024-12-31T17:03:59.650+0000] {logging_mixin.py:190} INFO - [2024-12-31T17:03:59.650+0000] {dag.py:3239} INFO - Sync 1 DAGs
[2024-12-31T17:03:59.678+0000] {logging_mixin.py:190} INFO - [2024-12-31T17:03:59.677+0000] {dag.py:3262} INFO - Creating ORM DAG for example_workday_timetable
[2024-12-31T17:03:59.762+0000] {logging_mixin.py:190} INFO - [2024-12-31T17:03:59.762+0000] {dag.py:4180} INFO - Setting next_dagrun for example_workday_timetable to 2021-01-04 00:00:00+00:00, run_after=2021-01-05 00:00:00+00:00
[2024-12-31T17:03:59.791+0000] {processor.py:208} INFO - Processing /home/airflow/.local/lib/python3.12/site-packages/airflow/example_dags/example_workday_timetable.py took 0.467 seconds
[2024-12-31T17:04:29.895+0000] {processor.py:186} INFO - Started process (PID=119) to work on /home/airflow/.local/lib/python3.12/site-packages/airflow/example_dags/example_workday_timetable.py
[2024-12-31T17:04:29.896+0000] {processor.py:914} INFO - Processing file /home/airflow/.local/lib/python3.12/site-packages/airflow/example_dags/example_workday_timetable.py for tasks to queue
[2024-12-31T17:04:29.899+0000] {logging_mixin.py:190} INFO - [2024-12-31T17:04:29.898+0000] {dagbag.py:588} INFO - Filling up the DagBag from /home/airflow/.local/lib/python3.12/site-packages/airflow/example_dags/example_workday_timetable.py
[2024-12-31T17:04:29.909+0000] {processor.py:925} INFO - DAG(s) 'example_workday_timetable' retrieved from /home/airflow/.local/lib/python3.12/site-packages/airflow/example_dags/example_workday_timetable.py
[2024-12-31T17:04:29.933+0000] {logging_mixin.py:190} INFO - [2024-12-31T17:04:29.932+0000] {dag.py:3239} INFO - Sync 1 DAGs
[2024-12-31T17:04:30.028+0000] {logging_mixin.py:190} INFO - [2024-12-31T17:04:30.028+0000] {dag.py:4180} INFO - Setting next_dagrun for example_workday_timetable to 2021-01-04 00:00:00+00:00, run_after=2021-01-05 00:00:00+00:00
[2024-12-31T17:04:30.056+0000] {processor.py:208} INFO - Processing /home/airflow/.local/lib/python3.12/site-packages/airflow/example_dags/example_workday_timetable.py took 0.169 seconds
[2024-12-31T17:05:00.319+0000] {processor.py:186} INFO - Started process (PID=182) to work on /home/airflow/.local/lib/python3.12/site-packages/airflow/example_dags/example_workday_timetable.py
[2024-12-31T17:05:00.320+0000] {processor.py:914} INFO - Processing file /home/airflow/.local/lib/python3.12/site-packages/airflow/example_dags/example_workday_timetable.py for tasks to queue
[2024-12-31T17:05:00.323+0000] {logging_mixin.py:190} INFO - [2024-12-31T17:05:00.323+0000] {dagbag.py:588} INFO - Filling up the DagBag from /home/airflow/.local/lib/python3.12/site-packages/airflow/example_dags/example_workday_timetable.py
[2024-12-31T17:05:00.333+0000] {processor.py:925} INFO - DAG(s) 'example_workday_timetable' retrieved from /home/airflow/.local/lib/python3.12/site-packages/airflow/example_dags/example_workday_timetable.py
[2024-12-31T17:05:00.366+0000] {logging_mixin.py:190} INFO - [2024-12-31T17:05:00.365+0000] {dag.py:3239} INFO - Sync 1 DAGs
[2024-12-31T17:05:00.461+0000] {logging_mixin.py:190} INFO - [2024-12-31T17:05:00.460+0000] {dag.py:4180} INFO - Setting next_dagrun for example_workday_timetable to 2021-01-04 00:00:00+00:00, run_after=2021-01-05 00:00:00+00:00
[2024-12-31T17:05:00.485+0000] {processor.py:208} INFO - Processing /home/airflow/.local/lib/python3.12/site-packages/airflow/example_dags/example_workday_timetable.py took 0.176 seconds
[2024-12-31T17:05:30.897+0000] {processor.py:186} INFO - Started process (PID=246) to work on /home/airflow/.local/lib/python3.12/site-packages/airflow/example_dags/example_workday_timetable.py
[2024-12-31T17:05:30.899+0000] {processor.py:914} INFO - Processing file /home/airflow/.local/lib/python3.12/site-packages/airflow/example_dags/example_workday_timetable.py for tasks to queue
[2024-12-31T17:05:30.902+0000] {logging_mixin.py:190} INFO - [2024-12-31T17:05:30.901+0000] {dagbag.py:588} INFO - Filling up the DagBag from /home/airflow/.local/lib/python3.12/site-packages/airflow/example_dags/example_workday_timetable.py
[2024-12-31T17:05:30.911+0000] {processor.py:925} INFO - DAG(s) 'example_workday_timetable' retrieved from /home/airflow/.local/lib/python3.12/site-packages/airflow/example_dags/example_workday_timetable.py
[2024-12-31T17:05:30.941+0000] {logging_mixin.py:190} INFO - [2024-12-31T17:05:30.941+0000] {dag.py:3239} INFO - Sync 1 DAGs
[2024-12-31T17:05:31.066+0000] {logging_mixin.py:190} INFO - [2024-12-31T17:05:31.065+0000] {dag.py:4180} INFO - Setting next_dagrun for example_workday_timetable to 2021-01-04 00:00:00+00:00, run_after=2021-01-05 00:00:00+00:00
[2024-12-31T17:05:31.092+0000] {processor.py:208} INFO - Processing /home/airflow/.local/lib/python3.12/site-packages/airflow/example_dags/example_workday_timetable.py took 0.205 seconds
[2024-12-31T17:06:02.692+0000] {processor.py:186} INFO - Started process (PID=309) to work on /home/airflow/.local/lib/python3.12/site-packages/airflow/example_dags/example_workday_timetable.py
[2024-12-31T17:06:02.695+0000] {processor.py:914} INFO - Processing file /home/airflow/.local/lib/python3.12/site-packages/airflow/example_dags/example_workday_timetable.py for tasks to queue
[2024-12-31T17:06:02.698+0000] {logging_mixin.py:190} INFO - [2024-12-31T17:06:02.698+0000] {dagbag.py:588} INFO - Filling up the DagBag from /home/airflow/.local/lib/python3.12/site-packages/airflow/example_dags/example_workday_timetable.py
[2024-12-31T17:06:02.711+0000] {processor.py:925} INFO - DAG(s) 'example_workday_timetable' retrieved from /home/airflow/.local/lib/python3.12/site-packages/airflow/example_dags/example_workday_timetable.py
[2024-12-31T17:06:02.745+0000] {logging_mixin.py:190} INFO - [2024-12-31T17:06:02.744+0000] {dag.py:3239} INFO - Sync 1 DAGs
[2024-12-31T17:06:02.925+0000] {logging_mixin.py:190} INFO - [2024-12-31T17:06:02.924+0000] {dag.py:4180} INFO - Setting next_dagrun for example_workday_timetable to 2021-01-04 00:00:00+00:00, run_after=2021-01-05 00:00:00+00:00
[2024-12-31T17:06:02.958+0000] {processor.py:208} INFO - Processing /home/airflow/.local/lib/python3.12/site-packages/airflow/example_dags/example_workday_timetable.py took 0.290 seconds
[2024-12-31T17:06:34.881+0000] {processor.py:186} INFO - Started process (PID=377) to work on /home/airflow/.local/lib/python3.12/site-packages/airflow/example_dags/example_workday_timetable.py
[2024-12-31T17:06:34.883+0000] {processor.py:914} INFO - Processing file /home/airflow/.local/lib/python3.12/site-packages/airflow/example_dags/example_workday_timetable.py for tasks to queue
[2024-12-31T17:06:34.887+0000] {logging_mixin.py:190} INFO - [2024-12-31T17:06:34.886+0000] {dagbag.py:588} INFO - Filling up the DagBag from /home/airflow/.local/lib/python3.12/site-packages/airflow/example_dags/example_workday_timetable.py
[2024-12-31T17:06:34.898+0000] {processor.py:925} INFO - DAG(s) 'example_workday_timetable' retrieved from /home/airflow/.local/lib/python3.12/site-packages/airflow/example_dags/example_workday_timetable.py
[2024-12-31T17:06:34.925+0000] {logging_mixin.py:190} INFO - [2024-12-31T17:06:34.924+0000] {dag.py:3239} INFO - Sync 1 DAGs
[2024-12-31T17:06:35.014+0000] {logging_mixin.py:190} INFO - [2024-12-31T17:06:35.014+0000] {dag.py:4180} INFO - Setting next_dagrun for example_workday_timetable to 2021-01-04 00:00:00+00:00, run_after=2021-01-05 00:00:00+00:00
[2024-12-31T17:06:35.041+0000] {processor.py:208} INFO - Processing /home/airflow/.local/lib/python3.12/site-packages/airflow/example_dags/example_workday_timetable.py took 0.173 seconds
