[2024-12-31T17:04:03.254+0000] {processor.py:186} INFO - Started process (PID=80) to work on /home/airflow/.local/lib/python3.12/site-packages/airflow/example_dags/example_bash_decorator.py
[2024-12-31T17:04:03.255+0000] {processor.py:914} INFO - Processing file /home/airflow/.local/lib/python3.12/site-packages/airflow/example_dags/example_bash_decorator.py for tasks to queue
[2024-12-31T17:04:03.257+0000] {logging_mixin.py:190} INFO - [2024-12-31T17:04:03.257+0000] {dagbag.py:588} INFO - Filling up the DagBag from /home/airflow/.local/lib/python3.12/site-packages/airflow/example_dags/example_bash_decorator.py
[2024-12-31T17:04:03.278+0000] {processor.py:925} INFO - DAG(s) 'example_bash_decorator' retrieved from /home/airflow/.local/lib/python3.12/site-packages/airflow/example_dags/example_bash_decorator.py
[2024-12-31T17:04:03.423+0000] {logging_mixin.py:190} INFO - [2024-12-31T17:04:03.423+0000] {override.py:1911} INFO - Created Permission View: can read on DAG:example_bash_decorator
[2024-12-31T17:04:03.437+0000] {logging_mixin.py:190} INFO - [2024-12-31T17:04:03.437+0000] {override.py:1911} INFO - Created Permission View: can delete on DAG:example_bash_decorator
[2024-12-31T17:04:03.446+0000] {logging_mixin.py:190} INFO - [2024-12-31T17:04:03.445+0000] {override.py:1911} INFO - Created Permission View: can edit on DAG:example_bash_decorator
[2024-12-31T17:04:03.457+0000] {logging_mixin.py:190} INFO - [2024-12-31T17:04:03.456+0000] {override.py:1911} INFO - Created Permission View: can read on DAG Run:example_bash_decorator
[2024-12-31T17:04:03.466+0000] {logging_mixin.py:190} INFO - [2024-12-31T17:04:03.466+0000] {override.py:1911} INFO - Created Permission View: can delete on DAG Run:example_bash_decorator
[2024-12-31T17:04:03.478+0000] {logging_mixin.py:190} INFO - [2024-12-31T17:04:03.477+0000] {override.py:1911} INFO - Created Permission View: can create on DAG Run:example_bash_decorator
[2024-12-31T17:04:03.490+0000] {logging_mixin.py:190} INFO - [2024-12-31T17:04:03.489+0000] {override.py:1911} INFO - Created Permission View: menu access on DAG Run:example_bash_decorator
[2024-12-31T17:04:03.494+0000] {logging_mixin.py:190} INFO - [2024-12-31T17:04:03.494+0000] {dag.py:3239} INFO - Sync 1 DAGs
[2024-12-31T17:04:03.540+0000] {logging_mixin.py:190} INFO - [2024-12-31T17:04:03.540+0000] {dag.py:3262} INFO - Creating ORM DAG for example_bash_decorator
[2024-12-31T17:04:03.541+0000] {logging_mixin.py:190} INFO - [2024-12-31T17:04:03.541+0000] {dag.py:4180} INFO - Setting next_dagrun for example_bash_decorator to None, run_after=None
[2024-12-31T17:04:03.581+0000] {processor.py:208} INFO - Processing /home/airflow/.local/lib/python3.12/site-packages/airflow/example_dags/example_bash_decorator.py took 0.335 seconds
[2024-12-31T17:04:34.236+0000] {processor.py:186} INFO - Started process (PID=143) to work on /home/airflow/.local/lib/python3.12/site-packages/airflow/example_dags/example_bash_decorator.py
[2024-12-31T17:04:34.237+0000] {processor.py:914} INFO - Processing file /home/airflow/.local/lib/python3.12/site-packages/airflow/example_dags/example_bash_decorator.py for tasks to queue
[2024-12-31T17:04:34.239+0000] {logging_mixin.py:190} INFO - [2024-12-31T17:04:34.239+0000] {dagbag.py:588} INFO - Filling up the DagBag from /home/airflow/.local/lib/python3.12/site-packages/airflow/example_dags/example_bash_decorator.py
[2024-12-31T17:04:34.260+0000] {processor.py:925} INFO - DAG(s) 'example_bash_decorator' retrieved from /home/airflow/.local/lib/python3.12/site-packages/airflow/example_dags/example_bash_decorator.py
[2024-12-31T17:04:34.289+0000] {logging_mixin.py:190} INFO - [2024-12-31T17:04:34.289+0000] {dag.py:3239} INFO - Sync 1 DAGs
[2024-12-31T17:04:34.309+0000] {logging_mixin.py:190} INFO - [2024-12-31T17:04:34.309+0000] {dag.py:4180} INFO - Setting next_dagrun for example_bash_decorator to None, run_after=None
[2024-12-31T17:04:34.332+0000] {processor.py:208} INFO - Processing /home/airflow/.local/lib/python3.12/site-packages/airflow/example_dags/example_bash_decorator.py took 0.103 seconds
[2024-12-31T17:05:04.413+0000] {processor.py:186} INFO - Started process (PID=207) to work on /home/airflow/.local/lib/python3.12/site-packages/airflow/example_dags/example_bash_decorator.py
[2024-12-31T17:05:04.414+0000] {processor.py:914} INFO - Processing file /home/airflow/.local/lib/python3.12/site-packages/airflow/example_dags/example_bash_decorator.py for tasks to queue
[2024-12-31T17:05:04.416+0000] {logging_mixin.py:190} INFO - [2024-12-31T17:05:04.416+0000] {dagbag.py:588} INFO - Filling up the DagBag from /home/airflow/.local/lib/python3.12/site-packages/airflow/example_dags/example_bash_decorator.py
[2024-12-31T17:05:04.438+0000] {processor.py:925} INFO - DAG(s) 'example_bash_decorator' retrieved from /home/airflow/.local/lib/python3.12/site-packages/airflow/example_dags/example_bash_decorator.py
[2024-12-31T17:05:04.473+0000] {logging_mixin.py:190} INFO - [2024-12-31T17:05:04.473+0000] {dag.py:3239} INFO - Sync 1 DAGs
[2024-12-31T17:05:04.498+0000] {logging_mixin.py:190} INFO - [2024-12-31T17:05:04.498+0000] {dag.py:4180} INFO - Setting next_dagrun for example_bash_decorator to None, run_after=None
[2024-12-31T17:05:04.538+0000] {processor.py:208} INFO - Processing /home/airflow/.local/lib/python3.12/site-packages/airflow/example_dags/example_bash_decorator.py took 0.132 seconds
[2024-12-31T17:05:35.527+0000] {processor.py:186} INFO - Started process (PID=270) to work on /home/airflow/.local/lib/python3.12/site-packages/airflow/example_dags/example_bash_decorator.py
[2024-12-31T17:05:35.529+0000] {processor.py:914} INFO - Processing file /home/airflow/.local/lib/python3.12/site-packages/airflow/example_dags/example_bash_decorator.py for tasks to queue
[2024-12-31T17:05:35.532+0000] {logging_mixin.py:190} INFO - [2024-12-31T17:05:35.532+0000] {dagbag.py:588} INFO - Filling up the DagBag from /home/airflow/.local/lib/python3.12/site-packages/airflow/example_dags/example_bash_decorator.py
[2024-12-31T17:05:35.564+0000] {processor.py:925} INFO - DAG(s) 'example_bash_decorator' retrieved from /home/airflow/.local/lib/python3.12/site-packages/airflow/example_dags/example_bash_decorator.py
[2024-12-31T17:05:35.612+0000] {logging_mixin.py:190} INFO - [2024-12-31T17:05:35.612+0000] {dag.py:3239} INFO - Sync 1 DAGs
[2024-12-31T17:05:35.637+0000] {logging_mixin.py:190} INFO - [2024-12-31T17:05:35.636+0000] {dag.py:4180} INFO - Setting next_dagrun for example_bash_decorator to None, run_after=None
[2024-12-31T17:05:35.661+0000] {processor.py:208} INFO - Processing /home/airflow/.local/lib/python3.12/site-packages/airflow/example_dags/example_bash_decorator.py took 0.146 seconds
[2024-12-31T17:06:06.320+0000] {processor.py:186} INFO - Started process (PID=333) to work on /home/airflow/.local/lib/python3.12/site-packages/airflow/example_dags/example_bash_decorator.py
[2024-12-31T17:06:06.338+0000] {processor.py:914} INFO - Processing file /home/airflow/.local/lib/python3.12/site-packages/airflow/example_dags/example_bash_decorator.py for tasks to queue
[2024-12-31T17:06:06.373+0000] {logging_mixin.py:190} INFO - [2024-12-31T17:06:06.368+0000] {dagbag.py:588} INFO - Filling up the DagBag from /home/airflow/.local/lib/python3.12/site-packages/airflow/example_dags/example_bash_decorator.py
[2024-12-31T17:06:06.466+0000] {processor.py:925} INFO - DAG(s) 'example_bash_decorator' retrieved from /home/airflow/.local/lib/python3.12/site-packages/airflow/example_dags/example_bash_decorator.py
[2024-12-31T17:06:06.608+0000] {logging_mixin.py:190} INFO - [2024-12-31T17:06:06.607+0000] {dag.py:3239} INFO - Sync 1 DAGs
[2024-12-31T17:06:06.649+0000] {logging_mixin.py:190} INFO - [2024-12-31T17:06:06.649+0000] {dag.py:4180} INFO - Setting next_dagrun for example_bash_decorator to None, run_after=None
[2024-12-31T17:06:06.682+0000] {processor.py:208} INFO - Processing /home/airflow/.local/lib/python3.12/site-packages/airflow/example_dags/example_bash_decorator.py took 0.432 seconds
[2024-12-31T17:06:36.836+0000] {processor.py:186} INFO - Started process (PID=395) to work on /home/airflow/.local/lib/python3.12/site-packages/airflow/example_dags/example_bash_decorator.py
[2024-12-31T17:06:36.838+0000] {processor.py:914} INFO - Processing file /home/airflow/.local/lib/python3.12/site-packages/airflow/example_dags/example_bash_decorator.py for tasks to queue
[2024-12-31T17:06:36.842+0000] {logging_mixin.py:190} INFO - [2024-12-31T17:06:36.841+0000] {dagbag.py:588} INFO - Filling up the DagBag from /home/airflow/.local/lib/python3.12/site-packages/airflow/example_dags/example_bash_decorator.py
[2024-12-31T17:06:36.871+0000] {processor.py:925} INFO - DAG(s) 'example_bash_decorator' retrieved from /home/airflow/.local/lib/python3.12/site-packages/airflow/example_dags/example_bash_decorator.py
[2024-12-31T17:06:36.912+0000] {logging_mixin.py:190} INFO - [2024-12-31T17:06:36.912+0000] {dag.py:3239} INFO - Sync 1 DAGs
[2024-12-31T17:06:36.939+0000] {logging_mixin.py:190} INFO - [2024-12-31T17:06:36.939+0000] {dag.py:4180} INFO - Setting next_dagrun for example_bash_decorator to None, run_after=None
[2024-12-31T17:06:36.966+0000] {processor.py:208} INFO - Processing /home/airflow/.local/lib/python3.12/site-packages/airflow/example_dags/example_bash_decorator.py took 0.142 seconds
