[2024-12-31T17:03:55.918+0000] {processor.py:186} INFO - Started process (PID=46) to work on /home/airflow/.local/lib/python3.12/site-packages/airflow/example_dags/example_sla_dag.py
[2024-12-31T17:03:55.919+0000] {processor.py:914} INFO - Processing file /home/airflow/.local/lib/python3.12/site-packages/airflow/example_dags/example_sla_dag.py for tasks to queue
[2024-12-31T17:03:55.924+0000] {logging_mixin.py:190} INFO - [2024-12-31T17:03:55.923+0000] {dagbag.py:588} INFO - Filling up the DagBag from /home/airflow/.local/lib/python3.12/site-packages/airflow/example_dags/example_sla_dag.py
[2024-12-31T17:03:55.943+0000] {processor.py:925} INFO - DAG(s) 'example_sla_dag' retrieved from /home/airflow/.local/lib/python3.12/site-packages/airflow/example_dags/example_sla_dag.py
[2024-12-31T17:03:56.226+0000] {logging_mixin.py:190} INFO - [2024-12-31T17:03:56.225+0000] {override.py:1911} INFO - Created Permission View: can read on DAG:example_sla_dag
[2024-12-31T17:03:56.244+0000] {logging_mixin.py:190} INFO - [2024-12-31T17:03:56.243+0000] {override.py:1911} INFO - Created Permission View: can delete on DAG:example_sla_dag
[2024-12-31T17:03:56.254+0000] {logging_mixin.py:190} INFO - [2024-12-31T17:03:56.254+0000] {override.py:1911} INFO - Created Permission View: can edit on DAG:example_sla_dag
[2024-12-31T17:03:56.270+0000] {logging_mixin.py:190} INFO - [2024-12-31T17:03:56.270+0000] {override.py:1911} INFO - Created Permission View: can read on DAG Run:example_sla_dag
[2024-12-31T17:03:56.287+0000] {logging_mixin.py:190} INFO - [2024-12-31T17:03:56.287+0000] {override.py:1911} INFO - Created Permission View: can delete on DAG Run:example_sla_dag
[2024-12-31T17:03:56.299+0000] {logging_mixin.py:190} INFO - [2024-12-31T17:03:56.298+0000] {override.py:1911} INFO - Created Permission View: can create on DAG Run:example_sla_dag
[2024-12-31T17:03:56.311+0000] {logging_mixin.py:190} INFO - [2024-12-31T17:03:56.311+0000] {override.py:1911} INFO - Created Permission View: menu access on DAG Run:example_sla_dag
[2024-12-31T17:03:56.312+0000] {logging_mixin.py:190} INFO - [2024-12-31T17:03:56.312+0000] {dag.py:3239} INFO - Sync 1 DAGs
[2024-12-31T17:03:56.340+0000] {logging_mixin.py:190} INFO - [2024-12-31T17:03:56.340+0000] {dag.py:3262} INFO - Creating ORM DAG for example_sla_dag
[2024-12-31T17:03:56.374+0000] {logging_mixin.py:190} INFO - [2024-12-31T17:03:56.373+0000] {dag.py:4180} INFO - Setting next_dagrun for example_sla_dag to 2024-12-31 17:00:00+00:00, run_after=2024-12-31 17:02:00+00:00
[2024-12-31T17:03:56.444+0000] {processor.py:208} INFO - Processing /home/airflow/.local/lib/python3.12/site-packages/airflow/example_dags/example_sla_dag.py took 0.541 seconds
[2024-12-31T17:04:26.752+0000] {processor.py:186} INFO - Started process (PID=110) to work on /home/airflow/.local/lib/python3.12/site-packages/airflow/example_dags/example_sla_dag.py
[2024-12-31T17:04:26.754+0000] {processor.py:914} INFO - Processing file /home/airflow/.local/lib/python3.12/site-packages/airflow/example_dags/example_sla_dag.py for tasks to queue
[2024-12-31T17:04:26.760+0000] {logging_mixin.py:190} INFO - [2024-12-31T17:04:26.759+0000] {dagbag.py:588} INFO - Filling up the DagBag from /home/airflow/.local/lib/python3.12/site-packages/airflow/example_dags/example_sla_dag.py
[2024-12-31T17:04:26.785+0000] {processor.py:925} INFO - DAG(s) 'example_sla_dag' retrieved from /home/airflow/.local/lib/python3.12/site-packages/airflow/example_dags/example_sla_dag.py
[2024-12-31T17:04:26.833+0000] {logging_mixin.py:190} INFO - [2024-12-31T17:04:26.833+0000] {dag.py:3239} INFO - Sync 1 DAGs
[2024-12-31T17:04:26.893+0000] {logging_mixin.py:190} INFO - [2024-12-31T17:04:26.892+0000] {dag.py:4180} INFO - Setting next_dagrun for example_sla_dag to 2024-12-31 17:02:00+00:00, run_after=2024-12-31 17:04:00+00:00
[2024-12-31T17:04:26.924+0000] {processor.py:208} INFO - Processing /home/airflow/.local/lib/python3.12/site-packages/airflow/example_dags/example_sla_dag.py took 0.187 seconds
[2024-12-31T17:04:57.076+0000] {processor.py:186} INFO - Started process (PID=171) to work on /home/airflow/.local/lib/python3.12/site-packages/airflow/example_dags/example_sla_dag.py
[2024-12-31T17:04:57.077+0000] {processor.py:914} INFO - Processing file /home/airflow/.local/lib/python3.12/site-packages/airflow/example_dags/example_sla_dag.py for tasks to queue
[2024-12-31T17:04:57.080+0000] {logging_mixin.py:190} INFO - [2024-12-31T17:04:57.080+0000] {dagbag.py:588} INFO - Filling up the DagBag from /home/airflow/.local/lib/python3.12/site-packages/airflow/example_dags/example_sla_dag.py
[2024-12-31T17:04:57.102+0000] {processor.py:925} INFO - DAG(s) 'example_sla_dag' retrieved from /home/airflow/.local/lib/python3.12/site-packages/airflow/example_dags/example_sla_dag.py
[2024-12-31T17:04:57.134+0000] {logging_mixin.py:190} INFO - [2024-12-31T17:04:57.133+0000] {dag.py:3239} INFO - Sync 1 DAGs
[2024-12-31T17:04:57.178+0000] {logging_mixin.py:190} INFO - [2024-12-31T17:04:57.178+0000] {dag.py:4180} INFO - Setting next_dagrun for example_sla_dag to 2024-12-31 17:02:00+00:00, run_after=2024-12-31 17:04:00+00:00
[2024-12-31T17:04:57.202+0000] {processor.py:208} INFO - Processing /home/airflow/.local/lib/python3.12/site-packages/airflow/example_dags/example_sla_dag.py took 0.136 seconds
[2024-12-31T17:05:27.342+0000] {processor.py:186} INFO - Started process (PID=234) to work on /home/airflow/.local/lib/python3.12/site-packages/airflow/example_dags/example_sla_dag.py
[2024-12-31T17:05:27.343+0000] {processor.py:914} INFO - Processing file /home/airflow/.local/lib/python3.12/site-packages/airflow/example_dags/example_sla_dag.py for tasks to queue
[2024-12-31T17:05:27.348+0000] {logging_mixin.py:190} INFO - [2024-12-31T17:05:27.347+0000] {dagbag.py:588} INFO - Filling up the DagBag from /home/airflow/.local/lib/python3.12/site-packages/airflow/example_dags/example_sla_dag.py
[2024-12-31T17:05:27.365+0000] {processor.py:925} INFO - DAG(s) 'example_sla_dag' retrieved from /home/airflow/.local/lib/python3.12/site-packages/airflow/example_dags/example_sla_dag.py
[2024-12-31T17:05:27.394+0000] {logging_mixin.py:190} INFO - [2024-12-31T17:05:27.394+0000] {dag.py:3239} INFO - Sync 1 DAGs
[2024-12-31T17:05:27.440+0000] {logging_mixin.py:190} INFO - [2024-12-31T17:05:27.439+0000] {dag.py:4180} INFO - Setting next_dagrun for example_sla_dag to 2024-12-31 17:02:00+00:00, run_after=2024-12-31 17:04:00+00:00
[2024-12-31T17:05:27.466+0000] {processor.py:208} INFO - Processing /home/airflow/.local/lib/python3.12/site-packages/airflow/example_dags/example_sla_dag.py took 0.135 seconds
[2024-12-31T17:05:58.369+0000] {processor.py:186} INFO - Started process (PID=297) to work on /home/airflow/.local/lib/python3.12/site-packages/airflow/example_dags/example_sla_dag.py
[2024-12-31T17:05:58.371+0000] {processor.py:914} INFO - Processing file /home/airflow/.local/lib/python3.12/site-packages/airflow/example_dags/example_sla_dag.py for tasks to queue
[2024-12-31T17:05:58.375+0000] {logging_mixin.py:190} INFO - [2024-12-31T17:05:58.374+0000] {dagbag.py:588} INFO - Filling up the DagBag from /home/airflow/.local/lib/python3.12/site-packages/airflow/example_dags/example_sla_dag.py
[2024-12-31T17:05:58.386+0000] {processor.py:925} INFO - DAG(s) 'example_sla_dag' retrieved from /home/airflow/.local/lib/python3.12/site-packages/airflow/example_dags/example_sla_dag.py
[2024-12-31T17:05:58.409+0000] {logging_mixin.py:190} INFO - [2024-12-31T17:05:58.409+0000] {dag.py:3239} INFO - Sync 1 DAGs
[2024-12-31T17:05:58.444+0000] {logging_mixin.py:190} INFO - [2024-12-31T17:05:58.444+0000] {dag.py:4180} INFO - Setting next_dagrun for example_sla_dag to 2024-12-31 17:02:00+00:00, run_after=2024-12-31 17:04:00+00:00
[2024-12-31T17:05:58.470+0000] {processor.py:208} INFO - Processing /home/airflow/.local/lib/python3.12/site-packages/airflow/example_dags/example_sla_dag.py took 0.112 seconds
[2024-12-31T17:06:28.515+0000] {processor.py:186} INFO - Started process (PID=360) to work on /home/airflow/.local/lib/python3.12/site-packages/airflow/example_dags/example_sla_dag.py
[2024-12-31T17:06:28.516+0000] {processor.py:914} INFO - Processing file /home/airflow/.local/lib/python3.12/site-packages/airflow/example_dags/example_sla_dag.py for tasks to queue
[2024-12-31T17:06:28.519+0000] {logging_mixin.py:190} INFO - [2024-12-31T17:06:28.519+0000] {dagbag.py:588} INFO - Filling up the DagBag from /home/airflow/.local/lib/python3.12/site-packages/airflow/example_dags/example_sla_dag.py
[2024-12-31T17:06:28.531+0000] {processor.py:925} INFO - DAG(s) 'example_sla_dag' retrieved from /home/airflow/.local/lib/python3.12/site-packages/airflow/example_dags/example_sla_dag.py
[2024-12-31T17:06:28.559+0000] {logging_mixin.py:190} INFO - [2024-12-31T17:06:28.559+0000] {dag.py:3239} INFO - Sync 1 DAGs
[2024-12-31T17:06:28.593+0000] {logging_mixin.py:190} INFO - [2024-12-31T17:06:28.593+0000] {dag.py:4180} INFO - Setting next_dagrun for example_sla_dag to 2024-12-31 17:04:00+00:00, run_after=2024-12-31 17:06:00+00:00
[2024-12-31T17:06:28.617+0000] {processor.py:208} INFO - Processing /home/airflow/.local/lib/python3.12/site-packages/airflow/example_dags/example_sla_dag.py took 0.110 seconds
[2024-12-31T17:06:58.910+0000] {processor.py:186} INFO - Started process (PID=422) to work on /home/airflow/.local/lib/python3.12/site-packages/airflow/example_dags/example_sla_dag.py
[2024-12-31T17:06:58.914+0000] {processor.py:914} INFO - Processing file /home/airflow/.local/lib/python3.12/site-packages/airflow/example_dags/example_sla_dag.py for tasks to queue
[2024-12-31T17:06:58.921+0000] {logging_mixin.py:190} INFO - [2024-12-31T17:06:58.920+0000] {dagbag.py:588} INFO - Filling up the DagBag from /home/airflow/.local/lib/python3.12/site-packages/airflow/example_dags/example_sla_dag.py
[2024-12-31T17:06:58.940+0000] {processor.py:925} INFO - DAG(s) 'example_sla_dag' retrieved from /home/airflow/.local/lib/python3.12/site-packages/airflow/example_dags/example_sla_dag.py
[2024-12-31T17:06:58.964+0000] {logging_mixin.py:190} INFO - [2024-12-31T17:06:58.963+0000] {dag.py:3239} INFO - Sync 1 DAGs
[2024-12-31T17:06:58.993+0000] {logging_mixin.py:190} INFO - [2024-12-31T17:06:58.992+0000] {dag.py:4180} INFO - Setting next_dagrun for example_sla_dag to 2024-12-31 17:04:00+00:00, run_after=2024-12-31 17:06:00+00:00
[2024-12-31T17:06:59.014+0000] {processor.py:208} INFO - Processing /home/airflow/.local/lib/python3.12/site-packages/airflow/example_dags/example_sla_dag.py took 0.136 seconds
