[2024-12-31T17:03:49.119+0000] {processor.py:186} INFO - Started process (PID=39) to work on /home/airflow/.local/lib/python3.12/site-packages/airflow/example_dags/example_sensor_decorator.py
[2024-12-31T17:03:49.120+0000] {processor.py:914} INFO - Processing file /home/airflow/.local/lib/python3.12/site-packages/airflow/example_dags/example_sensor_decorator.py for tasks to queue
[2024-12-31T17:03:49.124+0000] {logging_mixin.py:190} INFO - [2024-12-31T17:03:49.123+0000] {dagbag.py:588} INFO - Filling up the DagBag from /home/airflow/.local/lib/python3.12/site-packages/airflow/example_dags/example_sensor_decorator.py
[2024-12-31T17:03:49.152+0000] {processor.py:925} INFO - DAG(s) 'example_sensor_decorator' retrieved from /home/airflow/.local/lib/python3.12/site-packages/airflow/example_dags/example_sensor_decorator.py
[2024-12-31T17:03:49.728+0000] {logging_mixin.py:190} INFO - [2024-12-31T17:03:49.727+0000] {override.py:1911} INFO - Created Permission View: can read on DAG:example_sensor_decorator
[2024-12-31T17:03:49.791+0000] {logging_mixin.py:190} INFO - [2024-12-31T17:03:49.790+0000] {override.py:1911} INFO - Created Permission View: can delete on DAG:example_sensor_decorator
[2024-12-31T17:03:49.848+0000] {logging_mixin.py:190} INFO - [2024-12-31T17:03:49.847+0000] {override.py:1911} INFO - Created Permission View: can edit on DAG:example_sensor_decorator
[2024-12-31T17:03:49.887+0000] {logging_mixin.py:190} INFO - [2024-12-31T17:03:49.886+0000] {override.py:1911} INFO - Created Permission View: can read on DAG Run:example_sensor_decorator
[2024-12-31T17:03:49.924+0000] {logging_mixin.py:190} INFO - [2024-12-31T17:03:49.924+0000] {override.py:1911} INFO - Created Permission View: can delete on DAG Run:example_sensor_decorator
[2024-12-31T17:03:49.978+0000] {logging_mixin.py:190} INFO - [2024-12-31T17:03:49.974+0000] {override.py:1911} INFO - Created Permission View: can create on DAG Run:example_sensor_decorator
[2024-12-31T17:03:50.010+0000] {logging_mixin.py:190} INFO - [2024-12-31T17:03:50.005+0000] {override.py:1911} INFO - Created Permission View: menu access on DAG Run:example_sensor_decorator
[2024-12-31T17:03:50.011+0000] {logging_mixin.py:190} INFO - [2024-12-31T17:03:50.011+0000] {dag.py:3239} INFO - Sync 1 DAGs
[2024-12-31T17:03:50.052+0000] {logging_mixin.py:190} INFO - [2024-12-31T17:03:50.051+0000] {dag.py:3262} INFO - Creating ORM DAG for example_sensor_decorator
[2024-12-31T17:03:50.053+0000] {logging_mixin.py:190} INFO - [2024-12-31T17:03:50.053+0000] {dag.py:4180} INFO - Setting next_dagrun for example_sensor_decorator to None, run_after=None
[2024-12-31T17:03:50.129+0000] {processor.py:208} INFO - Processing /home/airflow/.local/lib/python3.12/site-packages/airflow/example_dags/example_sensor_decorator.py took 1.022 seconds
[2024-12-31T17:04:20.521+0000] {processor.py:186} INFO - Started process (PID=102) to work on /home/airflow/.local/lib/python3.12/site-packages/airflow/example_dags/example_sensor_decorator.py
[2024-12-31T17:04:20.522+0000] {processor.py:914} INFO - Processing file /home/airflow/.local/lib/python3.12/site-packages/airflow/example_dags/example_sensor_decorator.py for tasks to queue
[2024-12-31T17:04:20.525+0000] {logging_mixin.py:190} INFO - [2024-12-31T17:04:20.525+0000] {dagbag.py:588} INFO - Filling up the DagBag from /home/airflow/.local/lib/python3.12/site-packages/airflow/example_dags/example_sensor_decorator.py
[2024-12-31T17:04:20.541+0000] {processor.py:925} INFO - DAG(s) 'example_sensor_decorator' retrieved from /home/airflow/.local/lib/python3.12/site-packages/airflow/example_dags/example_sensor_decorator.py
[2024-12-31T17:04:20.574+0000] {logging_mixin.py:190} INFO - [2024-12-31T17:04:20.574+0000] {dag.py:3239} INFO - Sync 1 DAGs
[2024-12-31T17:04:20.596+0000] {logging_mixin.py:190} INFO - [2024-12-31T17:04:20.596+0000] {dag.py:4180} INFO - Setting next_dagrun for example_sensor_decorator to None, run_after=None
[2024-12-31T17:04:20.622+0000] {processor.py:208} INFO - Processing /home/airflow/.local/lib/python3.12/site-packages/airflow/example_dags/example_sensor_decorator.py took 0.112 seconds
[2024-12-31T17:04:51.149+0000] {processor.py:186} INFO - Started process (PID=165) to work on /home/airflow/.local/lib/python3.12/site-packages/airflow/example_dags/example_sensor_decorator.py
[2024-12-31T17:04:51.154+0000] {processor.py:914} INFO - Processing file /home/airflow/.local/lib/python3.12/site-packages/airflow/example_dags/example_sensor_decorator.py for tasks to queue
[2024-12-31T17:04:51.176+0000] {logging_mixin.py:190} INFO - [2024-12-31T17:04:51.175+0000] {dagbag.py:588} INFO - Filling up the DagBag from /home/airflow/.local/lib/python3.12/site-packages/airflow/example_dags/example_sensor_decorator.py
[2024-12-31T17:04:51.227+0000] {processor.py:925} INFO - DAG(s) 'example_sensor_decorator' retrieved from /home/airflow/.local/lib/python3.12/site-packages/airflow/example_dags/example_sensor_decorator.py
[2024-12-31T17:04:51.300+0000] {logging_mixin.py:190} INFO - [2024-12-31T17:04:51.299+0000] {dag.py:3239} INFO - Sync 1 DAGs
[2024-12-31T17:04:51.331+0000] {logging_mixin.py:190} INFO - [2024-12-31T17:04:51.331+0000] {dag.py:4180} INFO - Setting next_dagrun for example_sensor_decorator to None, run_after=None
[2024-12-31T17:04:51.415+0000] {processor.py:208} INFO - Processing /home/airflow/.local/lib/python3.12/site-packages/airflow/example_dags/example_sensor_decorator.py took 0.357 seconds
[2024-12-31T17:05:21.661+0000] {processor.py:186} INFO - Started process (PID=229) to work on /home/airflow/.local/lib/python3.12/site-packages/airflow/example_dags/example_sensor_decorator.py
[2024-12-31T17:05:21.662+0000] {processor.py:914} INFO - Processing file /home/airflow/.local/lib/python3.12/site-packages/airflow/example_dags/example_sensor_decorator.py for tasks to queue
[2024-12-31T17:05:21.665+0000] {logging_mixin.py:190} INFO - [2024-12-31T17:05:21.664+0000] {dagbag.py:588} INFO - Filling up the DagBag from /home/airflow/.local/lib/python3.12/site-packages/airflow/example_dags/example_sensor_decorator.py
[2024-12-31T17:05:21.675+0000] {processor.py:925} INFO - DAG(s) 'example_sensor_decorator' retrieved from /home/airflow/.local/lib/python3.12/site-packages/airflow/example_dags/example_sensor_decorator.py
[2024-12-31T17:05:21.702+0000] {logging_mixin.py:190} INFO - [2024-12-31T17:05:21.701+0000] {dag.py:3239} INFO - Sync 1 DAGs
[2024-12-31T17:05:21.725+0000] {logging_mixin.py:190} INFO - [2024-12-31T17:05:21.724+0000] {dag.py:4180} INFO - Setting next_dagrun for example_sensor_decorator to None, run_after=None
[2024-12-31T17:05:21.757+0000] {processor.py:208} INFO - Processing /home/airflow/.local/lib/python3.12/site-packages/airflow/example_dags/example_sensor_decorator.py took 0.103 seconds
[2024-12-31T17:05:52.717+0000] {processor.py:186} INFO - Started process (PID=292) to work on /home/airflow/.local/lib/python3.12/site-packages/airflow/example_dags/example_sensor_decorator.py
[2024-12-31T17:05:52.719+0000] {processor.py:914} INFO - Processing file /home/airflow/.local/lib/python3.12/site-packages/airflow/example_dags/example_sensor_decorator.py for tasks to queue
[2024-12-31T17:05:52.724+0000] {logging_mixin.py:190} INFO - [2024-12-31T17:05:52.723+0000] {dagbag.py:588} INFO - Filling up the DagBag from /home/airflow/.local/lib/python3.12/site-packages/airflow/example_dags/example_sensor_decorator.py
[2024-12-31T17:05:52.738+0000] {processor.py:925} INFO - DAG(s) 'example_sensor_decorator' retrieved from /home/airflow/.local/lib/python3.12/site-packages/airflow/example_dags/example_sensor_decorator.py
[2024-12-31T17:05:52.770+0000] {logging_mixin.py:190} INFO - [2024-12-31T17:05:52.769+0000] {dag.py:3239} INFO - Sync 1 DAGs
[2024-12-31T17:05:52.793+0000] {logging_mixin.py:190} INFO - [2024-12-31T17:05:52.793+0000] {dag.py:4180} INFO - Setting next_dagrun for example_sensor_decorator to None, run_after=None
[2024-12-31T17:05:52.827+0000] {processor.py:208} INFO - Processing /home/airflow/.local/lib/python3.12/site-packages/airflow/example_dags/example_sensor_decorator.py took 0.128 seconds
[2024-12-31T17:06:23.052+0000] {processor.py:186} INFO - Started process (PID=355) to work on /home/airflow/.local/lib/python3.12/site-packages/airflow/example_dags/example_sensor_decorator.py
[2024-12-31T17:06:23.053+0000] {processor.py:914} INFO - Processing file /home/airflow/.local/lib/python3.12/site-packages/airflow/example_dags/example_sensor_decorator.py for tasks to queue
[2024-12-31T17:06:23.057+0000] {logging_mixin.py:190} INFO - [2024-12-31T17:06:23.057+0000] {dagbag.py:588} INFO - Filling up the DagBag from /home/airflow/.local/lib/python3.12/site-packages/airflow/example_dags/example_sensor_decorator.py
[2024-12-31T17:06:23.071+0000] {processor.py:925} INFO - DAG(s) 'example_sensor_decorator' retrieved from /home/airflow/.local/lib/python3.12/site-packages/airflow/example_dags/example_sensor_decorator.py
[2024-12-31T17:06:23.092+0000] {logging_mixin.py:190} INFO - [2024-12-31T17:06:23.092+0000] {dag.py:3239} INFO - Sync 1 DAGs
[2024-12-31T17:06:23.109+0000] {logging_mixin.py:190} INFO - [2024-12-31T17:06:23.109+0000] {dag.py:4180} INFO - Setting next_dagrun for example_sensor_decorator to None, run_after=None
[2024-12-31T17:06:23.131+0000] {processor.py:208} INFO - Processing /home/airflow/.local/lib/python3.12/site-packages/airflow/example_dags/example_sensor_decorator.py took 0.092 seconds
[2024-12-31T17:06:53.440+0000] {processor.py:186} INFO - Started process (PID=417) to work on /home/airflow/.local/lib/python3.12/site-packages/airflow/example_dags/example_sensor_decorator.py
[2024-12-31T17:06:53.442+0000] {processor.py:914} INFO - Processing file /home/airflow/.local/lib/python3.12/site-packages/airflow/example_dags/example_sensor_decorator.py for tasks to queue
[2024-12-31T17:06:53.445+0000] {logging_mixin.py:190} INFO - [2024-12-31T17:06:53.444+0000] {dagbag.py:588} INFO - Filling up the DagBag from /home/airflow/.local/lib/python3.12/site-packages/airflow/example_dags/example_sensor_decorator.py
[2024-12-31T17:06:53.456+0000] {processor.py:925} INFO - DAG(s) 'example_sensor_decorator' retrieved from /home/airflow/.local/lib/python3.12/site-packages/airflow/example_dags/example_sensor_decorator.py
[2024-12-31T17:06:53.485+0000] {logging_mixin.py:190} INFO - [2024-12-31T17:06:53.484+0000] {dag.py:3239} INFO - Sync 1 DAGs
[2024-12-31T17:06:53.503+0000] {logging_mixin.py:190} INFO - [2024-12-31T17:06:53.503+0000] {dag.py:4180} INFO - Setting next_dagrun for example_sensor_decorator to None, run_after=None
[2024-12-31T17:06:53.530+0000] {processor.py:208} INFO - Processing /home/airflow/.local/lib/python3.12/site-packages/airflow/example_dags/example_sensor_decorator.py took 0.098 seconds
