[2024-12-31T17:03:55.416+0000] {processor.py:186} INFO - Started process (PID=45) to work on /home/airflow/.local/lib/python3.12/site-packages/airflow/example_dags/example_local_kubernetes_executor.py
[2024-12-31T17:03:55.417+0000] {processor.py:914} INFO - Processing file /home/airflow/.local/lib/python3.12/site-packages/airflow/example_dags/example_local_kubernetes_executor.py for tasks to queue
[2024-12-31T17:03:55.421+0000] {logging_mixin.py:190} INFO - [2024-12-31T17:03:55.420+0000] {dagbag.py:588} INFO - Filling up the DagBag from /home/airflow/.local/lib/python3.12/site-packages/airflow/example_dags/example_local_kubernetes_executor.py
[2024-12-31T17:03:55.435+0000] {processor.py:925} INFO - DAG(s) 'example_local_kubernetes_executor' retrieved from /home/airflow/.local/lib/python3.12/site-packages/airflow/example_dags/example_local_kubernetes_executor.py
[2024-12-31T17:03:55.682+0000] {logging_mixin.py:190} INFO - [2024-12-31T17:03:55.681+0000] {override.py:1911} INFO - Created Permission View: can read on DAG:example_local_kubernetes_executor
[2024-12-31T17:03:55.698+0000] {logging_mixin.py:190} INFO - [2024-12-31T17:03:55.697+0000] {override.py:1911} INFO - Created Permission View: can delete on DAG:example_local_kubernetes_executor
[2024-12-31T17:03:55.708+0000] {logging_mixin.py:190} INFO - [2024-12-31T17:03:55.708+0000] {override.py:1911} INFO - Created Permission View: can edit on DAG:example_local_kubernetes_executor
[2024-12-31T17:03:55.720+0000] {logging_mixin.py:190} INFO - [2024-12-31T17:03:55.720+0000] {override.py:1911} INFO - Created Permission View: can read on DAG Run:example_local_kubernetes_executor
[2024-12-31T17:03:55.742+0000] {logging_mixin.py:190} INFO - [2024-12-31T17:03:55.741+0000] {override.py:1911} INFO - Created Permission View: can delete on DAG Run:example_local_kubernetes_executor
[2024-12-31T17:03:55.770+0000] {logging_mixin.py:190} INFO - [2024-12-31T17:03:55.770+0000] {override.py:1911} INFO - Created Permission View: can create on DAG Run:example_local_kubernetes_executor
[2024-12-31T17:03:55.783+0000] {logging_mixin.py:190} INFO - [2024-12-31T17:03:55.783+0000] {override.py:1911} INFO - Created Permission View: menu access on DAG Run:example_local_kubernetes_executor
[2024-12-31T17:03:55.784+0000] {logging_mixin.py:190} INFO - [2024-12-31T17:03:55.784+0000] {dag.py:3239} INFO - Sync 1 DAGs
[2024-12-31T17:03:55.809+0000] {logging_mixin.py:190} INFO - [2024-12-31T17:03:55.808+0000] {dag.py:3262} INFO - Creating ORM DAG for example_local_kubernetes_executor
[2024-12-31T17:03:55.810+0000] {logging_mixin.py:190} INFO - [2024-12-31T17:03:55.810+0000] {dag.py:4180} INFO - Setting next_dagrun for example_local_kubernetes_executor to None, run_after=None
[2024-12-31T17:03:55.841+0000] {processor.py:208} INFO - Processing /home/airflow/.local/lib/python3.12/site-packages/airflow/example_dags/example_local_kubernetes_executor.py took 0.434 seconds
[2024-12-31T17:04:26.332+0000] {processor.py:186} INFO - Started process (PID=108) to work on /home/airflow/.local/lib/python3.12/site-packages/airflow/example_dags/example_local_kubernetes_executor.py
[2024-12-31T17:04:26.334+0000] {processor.py:914} INFO - Processing file /home/airflow/.local/lib/python3.12/site-packages/airflow/example_dags/example_local_kubernetes_executor.py for tasks to queue
[2024-12-31T17:04:26.343+0000] {logging_mixin.py:190} INFO - [2024-12-31T17:04:26.341+0000] {dagbag.py:588} INFO - Filling up the DagBag from /home/airflow/.local/lib/python3.12/site-packages/airflow/example_dags/example_local_kubernetes_executor.py
[2024-12-31T17:04:26.366+0000] {processor.py:925} INFO - DAG(s) 'example_local_kubernetes_executor' retrieved from /home/airflow/.local/lib/python3.12/site-packages/airflow/example_dags/example_local_kubernetes_executor.py
[2024-12-31T17:04:26.408+0000] {logging_mixin.py:190} INFO - [2024-12-31T17:04:26.408+0000] {dag.py:3239} INFO - Sync 1 DAGs
[2024-12-31T17:04:26.434+0000] {logging_mixin.py:190} INFO - [2024-12-31T17:04:26.433+0000] {dag.py:4180} INFO - Setting next_dagrun for example_local_kubernetes_executor to None, run_after=None
[2024-12-31T17:04:26.461+0000] {processor.py:208} INFO - Processing /home/airflow/.local/lib/python3.12/site-packages/airflow/example_dags/example_local_kubernetes_executor.py took 0.146 seconds
[2024-12-31T17:04:56.958+0000] {processor.py:186} INFO - Started process (PID=170) to work on /home/airflow/.local/lib/python3.12/site-packages/airflow/example_dags/example_local_kubernetes_executor.py
[2024-12-31T17:04:56.959+0000] {processor.py:914} INFO - Processing file /home/airflow/.local/lib/python3.12/site-packages/airflow/example_dags/example_local_kubernetes_executor.py for tasks to queue
[2024-12-31T17:04:56.961+0000] {logging_mixin.py:190} INFO - [2024-12-31T17:04:56.961+0000] {dagbag.py:588} INFO - Filling up the DagBag from /home/airflow/.local/lib/python3.12/site-packages/airflow/example_dags/example_local_kubernetes_executor.py
[2024-12-31T17:04:56.973+0000] {processor.py:925} INFO - DAG(s) 'example_local_kubernetes_executor' retrieved from /home/airflow/.local/lib/python3.12/site-packages/airflow/example_dags/example_local_kubernetes_executor.py
[2024-12-31T17:04:56.998+0000] {logging_mixin.py:190} INFO - [2024-12-31T17:04:56.998+0000] {dag.py:3239} INFO - Sync 1 DAGs
[2024-12-31T17:04:57.016+0000] {logging_mixin.py:190} INFO - [2024-12-31T17:04:57.016+0000] {dag.py:4180} INFO - Setting next_dagrun for example_local_kubernetes_executor to None, run_after=None
[2024-12-31T17:04:57.038+0000] {processor.py:208} INFO - Processing /home/airflow/.local/lib/python3.12/site-packages/airflow/example_dags/example_local_kubernetes_executor.py took 0.087 seconds
[2024-12-31T17:05:27.188+0000] {processor.py:186} INFO - Started process (PID=233) to work on /home/airflow/.local/lib/python3.12/site-packages/airflow/example_dags/example_local_kubernetes_executor.py
[2024-12-31T17:05:27.189+0000] {processor.py:914} INFO - Processing file /home/airflow/.local/lib/python3.12/site-packages/airflow/example_dags/example_local_kubernetes_executor.py for tasks to queue
[2024-12-31T17:05:27.193+0000] {logging_mixin.py:190} INFO - [2024-12-31T17:05:27.193+0000] {dagbag.py:588} INFO - Filling up the DagBag from /home/airflow/.local/lib/python3.12/site-packages/airflow/example_dags/example_local_kubernetes_executor.py
[2024-12-31T17:05:27.208+0000] {processor.py:925} INFO - DAG(s) 'example_local_kubernetes_executor' retrieved from /home/airflow/.local/lib/python3.12/site-packages/airflow/example_dags/example_local_kubernetes_executor.py
[2024-12-31T17:05:27.239+0000] {logging_mixin.py:190} INFO - [2024-12-31T17:05:27.238+0000] {dag.py:3239} INFO - Sync 1 DAGs
[2024-12-31T17:05:27.268+0000] {logging_mixin.py:190} INFO - [2024-12-31T17:05:27.268+0000] {dag.py:4180} INFO - Setting next_dagrun for example_local_kubernetes_executor to None, run_after=None
[2024-12-31T17:05:27.296+0000] {processor.py:208} INFO - Processing /home/airflow/.local/lib/python3.12/site-packages/airflow/example_dags/example_local_kubernetes_executor.py took 0.118 seconds
[2024-12-31T17:05:57.329+0000] {processor.py:186} INFO - Started process (PID=296) to work on /home/airflow/.local/lib/python3.12/site-packages/airflow/example_dags/example_local_kubernetes_executor.py
[2024-12-31T17:05:57.330+0000] {processor.py:914} INFO - Processing file /home/airflow/.local/lib/python3.12/site-packages/airflow/example_dags/example_local_kubernetes_executor.py for tasks to queue
[2024-12-31T17:05:57.332+0000] {logging_mixin.py:190} INFO - [2024-12-31T17:05:57.332+0000] {dagbag.py:588} INFO - Filling up the DagBag from /home/airflow/.local/lib/python3.12/site-packages/airflow/example_dags/example_local_kubernetes_executor.py
[2024-12-31T17:05:57.343+0000] {processor.py:925} INFO - DAG(s) 'example_local_kubernetes_executor' retrieved from /home/airflow/.local/lib/python3.12/site-packages/airflow/example_dags/example_local_kubernetes_executor.py
[2024-12-31T17:05:57.366+0000] {logging_mixin.py:190} INFO - [2024-12-31T17:05:57.366+0000] {dag.py:3239} INFO - Sync 1 DAGs
[2024-12-31T17:05:57.382+0000] {logging_mixin.py:190} INFO - [2024-12-31T17:05:57.382+0000] {dag.py:4180} INFO - Setting next_dagrun for example_local_kubernetes_executor to None, run_after=None
[2024-12-31T17:05:57.405+0000] {processor.py:208} INFO - Processing /home/airflow/.local/lib/python3.12/site-packages/airflow/example_dags/example_local_kubernetes_executor.py took 0.083 seconds
[2024-12-31T17:06:27.502+0000] {processor.py:186} INFO - Started process (PID=359) to work on /home/airflow/.local/lib/python3.12/site-packages/airflow/example_dags/example_local_kubernetes_executor.py
[2024-12-31T17:06:27.503+0000] {processor.py:914} INFO - Processing file /home/airflow/.local/lib/python3.12/site-packages/airflow/example_dags/example_local_kubernetes_executor.py for tasks to queue
[2024-12-31T17:06:27.506+0000] {logging_mixin.py:190} INFO - [2024-12-31T17:06:27.505+0000] {dagbag.py:588} INFO - Filling up the DagBag from /home/airflow/.local/lib/python3.12/site-packages/airflow/example_dags/example_local_kubernetes_executor.py
[2024-12-31T17:06:27.516+0000] {processor.py:925} INFO - DAG(s) 'example_local_kubernetes_executor' retrieved from /home/airflow/.local/lib/python3.12/site-packages/airflow/example_dags/example_local_kubernetes_executor.py
[2024-12-31T17:06:27.539+0000] {logging_mixin.py:190} INFO - [2024-12-31T17:06:27.538+0000] {dag.py:3239} INFO - Sync 1 DAGs
[2024-12-31T17:06:27.555+0000] {logging_mixin.py:190} INFO - [2024-12-31T17:06:27.555+0000] {dag.py:4180} INFO - Setting next_dagrun for example_local_kubernetes_executor to None, run_after=None
[2024-12-31T17:06:27.579+0000] {processor.py:208} INFO - Processing /home/airflow/.local/lib/python3.12/site-packages/airflow/example_dags/example_local_kubernetes_executor.py took 0.084 seconds
[2024-12-31T17:06:57.803+0000] {processor.py:186} INFO - Started process (PID=421) to work on /home/airflow/.local/lib/python3.12/site-packages/airflow/example_dags/example_local_kubernetes_executor.py
[2024-12-31T17:06:57.804+0000] {processor.py:914} INFO - Processing file /home/airflow/.local/lib/python3.12/site-packages/airflow/example_dags/example_local_kubernetes_executor.py for tasks to queue
[2024-12-31T17:06:57.807+0000] {logging_mixin.py:190} INFO - [2024-12-31T17:06:57.806+0000] {dagbag.py:588} INFO - Filling up the DagBag from /home/airflow/.local/lib/python3.12/site-packages/airflow/example_dags/example_local_kubernetes_executor.py
[2024-12-31T17:06:57.817+0000] {processor.py:925} INFO - DAG(s) 'example_local_kubernetes_executor' retrieved from /home/airflow/.local/lib/python3.12/site-packages/airflow/example_dags/example_local_kubernetes_executor.py
[2024-12-31T17:06:57.845+0000] {logging_mixin.py:190} INFO - [2024-12-31T17:06:57.845+0000] {dag.py:3239} INFO - Sync 1 DAGs
[2024-12-31T17:06:57.861+0000] {logging_mixin.py:190} INFO - [2024-12-31T17:06:57.861+0000] {dag.py:4180} INFO - Setting next_dagrun for example_local_kubernetes_executor to None, run_after=None
[2024-12-31T17:06:57.880+0000] {processor.py:208} INFO - Processing /home/airflow/.local/lib/python3.12/site-packages/airflow/example_dags/example_local_kubernetes_executor.py took 0.084 seconds
