[2024-12-31T17:04:00.355+0000] {processor.py:186} INFO - Started process (PID=61) to work on /home/airflow/.local/lib/python3.12/site-packages/airflow/example_dags/example_branch_day_of_week_operator.py
[2024-12-31T17:04:00.356+0000] {processor.py:914} INFO - Processing file /home/airflow/.local/lib/python3.12/site-packages/airflow/example_dags/example_branch_day_of_week_operator.py for tasks to queue
[2024-12-31T17:04:00.358+0000] {logging_mixin.py:190} INFO - [2024-12-31T17:04:00.358+0000] {dagbag.py:588} INFO - Filling up the DagBag from /home/airflow/.local/lib/python3.12/site-packages/airflow/example_dags/example_branch_day_of_week_operator.py
[2024-12-31T17:04:00.371+0000] {processor.py:925} INFO - DAG(s) 'example_weekday_branch_operator' retrieved from /home/airflow/.local/lib/python3.12/site-packages/airflow/example_dags/example_branch_day_of_week_operator.py
[2024-12-31T17:04:00.519+0000] {logging_mixin.py:190} INFO - [2024-12-31T17:04:00.518+0000] {override.py:1911} INFO - Created Permission View: can read on DAG:example_weekday_branch_operator
[2024-12-31T17:04:00.531+0000] {logging_mixin.py:190} INFO - [2024-12-31T17:04:00.530+0000] {override.py:1911} INFO - Created Permission View: can delete on DAG:example_weekday_branch_operator
[2024-12-31T17:04:00.544+0000] {logging_mixin.py:190} INFO - [2024-12-31T17:04:00.543+0000] {override.py:1911} INFO - Created Permission View: can edit on DAG:example_weekday_branch_operator
[2024-12-31T17:04:00.562+0000] {logging_mixin.py:190} INFO - [2024-12-31T17:04:00.562+0000] {override.py:1911} INFO - Created Permission View: can read on DAG Run:example_weekday_branch_operator
[2024-12-31T17:04:00.574+0000] {logging_mixin.py:190} INFO - [2024-12-31T17:04:00.573+0000] {override.py:1911} INFO - Created Permission View: can delete on DAG Run:example_weekday_branch_operator
[2024-12-31T17:04:00.585+0000] {logging_mixin.py:190} INFO - [2024-12-31T17:04:00.584+0000] {override.py:1911} INFO - Created Permission View: can create on DAG Run:example_weekday_branch_operator
[2024-12-31T17:04:00.595+0000] {logging_mixin.py:190} INFO - [2024-12-31T17:04:00.595+0000] {override.py:1911} INFO - Created Permission View: menu access on DAG Run:example_weekday_branch_operator
[2024-12-31T17:04:00.596+0000] {logging_mixin.py:190} INFO - [2024-12-31T17:04:00.595+0000] {dag.py:3239} INFO - Sync 1 DAGs
[2024-12-31T17:04:00.616+0000] {logging_mixin.py:190} INFO - [2024-12-31T17:04:00.616+0000] {dag.py:3262} INFO - Creating ORM DAG for example_weekday_branch_operator
[2024-12-31T17:04:00.638+0000] {logging_mixin.py:190} INFO - [2024-12-31T17:04:00.637+0000] {dag.py:4180} INFO - Setting next_dagrun for example_weekday_branch_operator to 2024-12-30 00:00:00+00:00, run_after=2024-12-31 00:00:00+00:00
[2024-12-31T17:04:00.663+0000] {processor.py:208} INFO - Processing /home/airflow/.local/lib/python3.12/site-packages/airflow/example_dags/example_branch_day_of_week_operator.py took 0.315 seconds
[2024-12-31T17:04:31.121+0000] {processor.py:186} INFO - Started process (PID=124) to work on /home/airflow/.local/lib/python3.12/site-packages/airflow/example_dags/example_branch_day_of_week_operator.py
[2024-12-31T17:04:31.122+0000] {processor.py:914} INFO - Processing file /home/airflow/.local/lib/python3.12/site-packages/airflow/example_dags/example_branch_day_of_week_operator.py for tasks to queue
[2024-12-31T17:04:31.125+0000] {logging_mixin.py:190} INFO - [2024-12-31T17:04:31.125+0000] {dagbag.py:588} INFO - Filling up the DagBag from /home/airflow/.local/lib/python3.12/site-packages/airflow/example_dags/example_branch_day_of_week_operator.py
[2024-12-31T17:04:31.138+0000] {processor.py:925} INFO - DAG(s) 'example_weekday_branch_operator' retrieved from /home/airflow/.local/lib/python3.12/site-packages/airflow/example_dags/example_branch_day_of_week_operator.py
[2024-12-31T17:04:31.161+0000] {logging_mixin.py:190} INFO - [2024-12-31T17:04:31.161+0000] {dag.py:3239} INFO - Sync 1 DAGs
[2024-12-31T17:04:31.189+0000] {logging_mixin.py:190} INFO - [2024-12-31T17:04:31.189+0000] {dag.py:4180} INFO - Setting next_dagrun for example_weekday_branch_operator to 2024-12-30 00:00:00+00:00, run_after=2024-12-31 00:00:00+00:00
[2024-12-31T17:04:31.210+0000] {processor.py:208} INFO - Processing /home/airflow/.local/lib/python3.12/site-packages/airflow/example_dags/example_branch_day_of_week_operator.py took 0.097 seconds
[2024-12-31T17:05:01.920+0000] {processor.py:186} INFO - Started process (PID=187) to work on /home/airflow/.local/lib/python3.12/site-packages/airflow/example_dags/example_branch_day_of_week_operator.py
[2024-12-31T17:05:01.921+0000] {processor.py:914} INFO - Processing file /home/airflow/.local/lib/python3.12/site-packages/airflow/example_dags/example_branch_day_of_week_operator.py for tasks to queue
[2024-12-31T17:05:01.924+0000] {logging_mixin.py:190} INFO - [2024-12-31T17:05:01.924+0000] {dagbag.py:588} INFO - Filling up the DagBag from /home/airflow/.local/lib/python3.12/site-packages/airflow/example_dags/example_branch_day_of_week_operator.py
[2024-12-31T17:05:01.937+0000] {processor.py:925} INFO - DAG(s) 'example_weekday_branch_operator' retrieved from /home/airflow/.local/lib/python3.12/site-packages/airflow/example_dags/example_branch_day_of_week_operator.py
[2024-12-31T17:05:01.969+0000] {logging_mixin.py:190} INFO - [2024-12-31T17:05:01.969+0000] {dag.py:3239} INFO - Sync 1 DAGs
[2024-12-31T17:05:02.015+0000] {logging_mixin.py:190} INFO - [2024-12-31T17:05:02.015+0000] {dag.py:4180} INFO - Setting next_dagrun for example_weekday_branch_operator to 2024-12-30 00:00:00+00:00, run_after=2024-12-31 00:00:00+00:00
[2024-12-31T17:05:02.049+0000] {processor.py:208} INFO - Processing /home/airflow/.local/lib/python3.12/site-packages/airflow/example_dags/example_branch_day_of_week_operator.py took 0.137 seconds
[2024-12-31T17:05:32.272+0000] {processor.py:186} INFO - Started process (PID=250) to work on /home/airflow/.local/lib/python3.12/site-packages/airflow/example_dags/example_branch_day_of_week_operator.py
[2024-12-31T17:05:32.273+0000] {processor.py:914} INFO - Processing file /home/airflow/.local/lib/python3.12/site-packages/airflow/example_dags/example_branch_day_of_week_operator.py for tasks to queue
[2024-12-31T17:05:32.276+0000] {logging_mixin.py:190} INFO - [2024-12-31T17:05:32.276+0000] {dagbag.py:588} INFO - Filling up the DagBag from /home/airflow/.local/lib/python3.12/site-packages/airflow/example_dags/example_branch_day_of_week_operator.py
[2024-12-31T17:05:32.289+0000] {processor.py:925} INFO - DAG(s) 'example_weekday_branch_operator' retrieved from /home/airflow/.local/lib/python3.12/site-packages/airflow/example_dags/example_branch_day_of_week_operator.py
[2024-12-31T17:05:32.315+0000] {logging_mixin.py:190} INFO - [2024-12-31T17:05:32.315+0000] {dag.py:3239} INFO - Sync 1 DAGs
[2024-12-31T17:05:32.360+0000] {logging_mixin.py:190} INFO - [2024-12-31T17:05:32.359+0000] {dag.py:4180} INFO - Setting next_dagrun for example_weekday_branch_operator to 2024-12-30 00:00:00+00:00, run_after=2024-12-31 00:00:00+00:00
[2024-12-31T17:05:32.404+0000] {processor.py:208} INFO - Processing /home/airflow/.local/lib/python3.12/site-packages/airflow/example_dags/example_branch_day_of_week_operator.py took 0.140 seconds
[2024-12-31T17:06:03.408+0000] {processor.py:186} INFO - Started process (PID=313) to work on /home/airflow/.local/lib/python3.12/site-packages/airflow/example_dags/example_branch_day_of_week_operator.py
[2024-12-31T17:06:03.409+0000] {processor.py:914} INFO - Processing file /home/airflow/.local/lib/python3.12/site-packages/airflow/example_dags/example_branch_day_of_week_operator.py for tasks to queue
[2024-12-31T17:06:03.412+0000] {logging_mixin.py:190} INFO - [2024-12-31T17:06:03.412+0000] {dagbag.py:588} INFO - Filling up the DagBag from /home/airflow/.local/lib/python3.12/site-packages/airflow/example_dags/example_branch_day_of_week_operator.py
[2024-12-31T17:06:03.430+0000] {processor.py:925} INFO - DAG(s) 'example_weekday_branch_operator' retrieved from /home/airflow/.local/lib/python3.12/site-packages/airflow/example_dags/example_branch_day_of_week_operator.py
[2024-12-31T17:06:03.466+0000] {logging_mixin.py:190} INFO - [2024-12-31T17:06:03.465+0000] {dag.py:3239} INFO - Sync 1 DAGs
[2024-12-31T17:06:03.517+0000] {logging_mixin.py:190} INFO - [2024-12-31T17:06:03.516+0000] {dag.py:4180} INFO - Setting next_dagrun for example_weekday_branch_operator to 2024-12-30 00:00:00+00:00, run_after=2024-12-31 00:00:00+00:00
[2024-12-31T17:06:03.553+0000] {processor.py:208} INFO - Processing /home/airflow/.local/lib/python3.12/site-packages/airflow/example_dags/example_branch_day_of_week_operator.py took 0.155 seconds
[2024-12-31T17:06:35.235+0000] {processor.py:186} INFO - Started process (PID=381) to work on /home/airflow/.local/lib/python3.12/site-packages/airflow/example_dags/example_branch_day_of_week_operator.py
[2024-12-31T17:06:35.236+0000] {processor.py:914} INFO - Processing file /home/airflow/.local/lib/python3.12/site-packages/airflow/example_dags/example_branch_day_of_week_operator.py for tasks to queue
[2024-12-31T17:06:35.239+0000] {logging_mixin.py:190} INFO - [2024-12-31T17:06:35.238+0000] {dagbag.py:588} INFO - Filling up the DagBag from /home/airflow/.local/lib/python3.12/site-packages/airflow/example_dags/example_branch_day_of_week_operator.py
[2024-12-31T17:06:35.252+0000] {processor.py:925} INFO - DAG(s) 'example_weekday_branch_operator' retrieved from /home/airflow/.local/lib/python3.12/site-packages/airflow/example_dags/example_branch_day_of_week_operator.py
[2024-12-31T17:06:35.285+0000] {logging_mixin.py:190} INFO - [2024-12-31T17:06:35.284+0000] {dag.py:3239} INFO - Sync 1 DAGs
[2024-12-31T17:06:35.335+0000] {logging_mixin.py:190} INFO - [2024-12-31T17:06:35.335+0000] {dag.py:4180} INFO - Setting next_dagrun for example_weekday_branch_operator to 2024-12-30 00:00:00+00:00, run_after=2024-12-31 00:00:00+00:00
[2024-12-31T17:06:35.367+0000] {processor.py:208} INFO - Processing /home/airflow/.local/lib/python3.12/site-packages/airflow/example_dags/example_branch_day_of_week_operator.py took 0.141 seconds
