[2024-12-31T17:03:51.084+0000] {processor.py:186} INFO - Started process (PID=42) to work on /home/airflow/.local/lib/python3.12/site-packages/airflow/example_dags/example_datasets.py
[2024-12-31T17:03:51.085+0000] {processor.py:914} INFO - Processing file /home/airflow/.local/lib/python3.12/site-packages/airflow/example_dags/example_datasets.py for tasks to queue
[2024-12-31T17:03:51.089+0000] {logging_mixin.py:190} INFO - [2024-12-31T17:03:51.088+0000] {dagbag.py:588} INFO - Filling up the DagBag from /home/airflow/.local/lib/python3.12/site-packages/airflow/example_dags/example_datasets.py
[2024-12-31T17:03:53.513+0000] {processor.py:925} INFO - DAG(s) 'consume_1_or_both_2_and_3_with_dataset_expressions', 'dataset_consumes_1', 'dataset_produces_1', 'dataset_consumes_unknown_never_scheduled', 'dataset_produces_2', 'consume_1_and_2_with_dataset_expressions', 'conditional_dataset_and_time_based_timetable', 'dataset_consumes_1_and_2', 'dataset_consumes_1_never_scheduled', 'consume_1_or_2_with_dataset_expressions' retrieved from /home/airflow/.local/lib/python3.12/site-packages/airflow/example_dags/example_datasets.py
[2024-12-31T17:03:53.779+0000] {logging_mixin.py:190} INFO - [2024-12-31T17:03:53.778+0000] {override.py:1911} INFO - Created Permission View: can read on DAG:consume_1_or_both_2_and_3_with_dataset_expressions
[2024-12-31T17:03:53.800+0000] {logging_mixin.py:190} INFO - [2024-12-31T17:03:53.799+0000] {override.py:1911} INFO - Created Permission View: can delete on DAG:consume_1_or_both_2_and_3_with_dataset_expressions
[2024-12-31T17:03:53.814+0000] {logging_mixin.py:190} INFO - [2024-12-31T17:03:53.813+0000] {override.py:1911} INFO - Created Permission View: can edit on DAG:consume_1_or_both_2_and_3_with_dataset_expressions
[2024-12-31T17:03:53.826+0000] {logging_mixin.py:190} INFO - [2024-12-31T17:03:53.826+0000] {override.py:1911} INFO - Created Permission View: can read on DAG Run:consume_1_or_both_2_and_3_with_dataset_expressions
[2024-12-31T17:03:53.840+0000] {logging_mixin.py:190} INFO - [2024-12-31T17:03:53.837+0000] {override.py:1911} INFO - Created Permission View: can delete on DAG Run:consume_1_or_both_2_and_3_with_dataset_expressions
[2024-12-31T17:03:53.851+0000] {logging_mixin.py:190} INFO - [2024-12-31T17:03:53.851+0000] {override.py:1911} INFO - Created Permission View: can create on DAG Run:consume_1_or_both_2_and_3_with_dataset_expressions
[2024-12-31T17:03:53.863+0000] {logging_mixin.py:190} INFO - [2024-12-31T17:03:53.862+0000] {override.py:1911} INFO - Created Permission View: menu access on DAG Run:consume_1_or_both_2_and_3_with_dataset_expressions
[2024-12-31T17:03:53.886+0000] {logging_mixin.py:190} INFO - [2024-12-31T17:03:53.885+0000] {override.py:1911} INFO - Created Permission View: can read on DAG:dataset_consumes_1
[2024-12-31T17:03:53.902+0000] {logging_mixin.py:190} INFO - [2024-12-31T17:03:53.901+0000] {override.py:1911} INFO - Created Permission View: can delete on DAG:dataset_consumes_1
[2024-12-31T17:03:53.915+0000] {logging_mixin.py:190} INFO - [2024-12-31T17:03:53.914+0000] {override.py:1911} INFO - Created Permission View: can edit on DAG:dataset_consumes_1
[2024-12-31T17:03:53.929+0000] {logging_mixin.py:190} INFO - [2024-12-31T17:03:53.928+0000] {override.py:1911} INFO - Created Permission View: can read on DAG Run:dataset_consumes_1
[2024-12-31T17:03:53.940+0000] {logging_mixin.py:190} INFO - [2024-12-31T17:03:53.940+0000] {override.py:1911} INFO - Created Permission View: can delete on DAG Run:dataset_consumes_1
[2024-12-31T17:03:53.952+0000] {logging_mixin.py:190} INFO - [2024-12-31T17:03:53.951+0000] {override.py:1911} INFO - Created Permission View: can create on DAG Run:dataset_consumes_1
[2024-12-31T17:03:53.966+0000] {logging_mixin.py:190} INFO - [2024-12-31T17:03:53.965+0000] {override.py:1911} INFO - Created Permission View: menu access on DAG Run:dataset_consumes_1
[2024-12-31T17:03:53.988+0000] {logging_mixin.py:190} INFO - [2024-12-31T17:03:53.987+0000] {override.py:1911} INFO - Created Permission View: can read on DAG:dataset_produces_1
[2024-12-31T17:03:54.003+0000] {logging_mixin.py:190} INFO - [2024-12-31T17:03:54.002+0000] {override.py:1911} INFO - Created Permission View: can delete on DAG:dataset_produces_1
[2024-12-31T17:03:54.019+0000] {logging_mixin.py:190} INFO - [2024-12-31T17:03:54.018+0000] {override.py:1911} INFO - Created Permission View: can edit on DAG:dataset_produces_1
[2024-12-31T17:03:54.064+0000] {logging_mixin.py:190} INFO - [2024-12-31T17:03:54.064+0000] {override.py:1911} INFO - Created Permission View: can read on DAG Run:dataset_produces_1
[2024-12-31T17:03:54.113+0000] {logging_mixin.py:190} INFO - [2024-12-31T17:03:54.112+0000] {override.py:1911} INFO - Created Permission View: can delete on DAG Run:dataset_produces_1
[2024-12-31T17:03:54.148+0000] {logging_mixin.py:190} INFO - [2024-12-31T17:03:54.148+0000] {override.py:1911} INFO - Created Permission View: can create on DAG Run:dataset_produces_1
[2024-12-31T17:03:54.176+0000] {logging_mixin.py:190} INFO - [2024-12-31T17:03:54.175+0000] {override.py:1911} INFO - Created Permission View: menu access on DAG Run:dataset_produces_1
[2024-12-31T17:03:54.218+0000] {logging_mixin.py:190} INFO - [2024-12-31T17:03:54.217+0000] {override.py:1911} INFO - Created Permission View: can read on DAG:dataset_consumes_unknown_never_scheduled
[2024-12-31T17:03:54.261+0000] {logging_mixin.py:190} INFO - [2024-12-31T17:03:54.260+0000] {override.py:1911} INFO - Created Permission View: can delete on DAG:dataset_consumes_unknown_never_scheduled
[2024-12-31T17:03:54.294+0000] {logging_mixin.py:190} INFO - [2024-12-31T17:03:54.289+0000] {override.py:1911} INFO - Created Permission View: can edit on DAG:dataset_consumes_unknown_never_scheduled
[2024-12-31T17:03:54.338+0000] {logging_mixin.py:190} INFO - [2024-12-31T17:03:54.338+0000] {override.py:1911} INFO - Created Permission View: can read on DAG Run:dataset_consumes_unknown_never_scheduled
[2024-12-31T17:03:54.367+0000] {logging_mixin.py:190} INFO - [2024-12-31T17:03:54.366+0000] {override.py:1911} INFO - Created Permission View: can delete on DAG Run:dataset_consumes_unknown_never_scheduled
[2024-12-31T17:03:54.402+0000] {logging_mixin.py:190} INFO - [2024-12-31T17:03:54.401+0000] {override.py:1911} INFO - Created Permission View: can create on DAG Run:dataset_consumes_unknown_never_scheduled
[2024-12-31T17:03:54.431+0000] {logging_mixin.py:190} INFO - [2024-12-31T17:03:54.430+0000] {override.py:1911} INFO - Created Permission View: menu access on DAG Run:dataset_consumes_unknown_never_scheduled
[2024-12-31T17:03:54.472+0000] {logging_mixin.py:190} INFO - [2024-12-31T17:03:54.472+0000] {override.py:1911} INFO - Created Permission View: can read on DAG:dataset_produces_2
[2024-12-31T17:03:54.505+0000] {logging_mixin.py:190} INFO - [2024-12-31T17:03:54.504+0000] {override.py:1911} INFO - Created Permission View: can delete on DAG:dataset_produces_2
[2024-12-31T17:03:54.538+0000] {logging_mixin.py:190} INFO - [2024-12-31T17:03:54.535+0000] {override.py:1911} INFO - Created Permission View: can edit on DAG:dataset_produces_2
[2024-12-31T17:03:54.567+0000] {logging_mixin.py:190} INFO - [2024-12-31T17:03:54.566+0000] {override.py:1911} INFO - Created Permission View: can read on DAG Run:dataset_produces_2
[2024-12-31T17:03:54.594+0000] {logging_mixin.py:190} INFO - [2024-12-31T17:03:54.594+0000] {override.py:1911} INFO - Created Permission View: can delete on DAG Run:dataset_produces_2
[2024-12-31T17:03:54.626+0000] {logging_mixin.py:190} INFO - [2024-12-31T17:03:54.625+0000] {override.py:1911} INFO - Created Permission View: can create on DAG Run:dataset_produces_2
[2024-12-31T17:03:54.660+0000] {logging_mixin.py:190} INFO - [2024-12-31T17:03:54.660+0000] {override.py:1911} INFO - Created Permission View: menu access on DAG Run:dataset_produces_2
[2024-12-31T17:03:54.716+0000] {logging_mixin.py:190} INFO - [2024-12-31T17:03:54.715+0000] {override.py:1911} INFO - Created Permission View: can read on DAG:consume_1_and_2_with_dataset_expressions
[2024-12-31T17:03:54.728+0000] {logging_mixin.py:190} INFO - [2024-12-31T17:03:54.727+0000] {override.py:1911} INFO - Created Permission View: can delete on DAG:consume_1_and_2_with_dataset_expressions
[2024-12-31T17:03:54.742+0000] {logging_mixin.py:190} INFO - [2024-12-31T17:03:54.741+0000] {override.py:1911} INFO - Created Permission View: can edit on DAG:consume_1_and_2_with_dataset_expressions
[2024-12-31T17:03:54.754+0000] {logging_mixin.py:190} INFO - [2024-12-31T17:03:54.753+0000] {override.py:1911} INFO - Created Permission View: can read on DAG Run:consume_1_and_2_with_dataset_expressions
[2024-12-31T17:03:54.765+0000] {logging_mixin.py:190} INFO - [2024-12-31T17:03:54.765+0000] {override.py:1911} INFO - Created Permission View: can delete on DAG Run:consume_1_and_2_with_dataset_expressions
[2024-12-31T17:03:54.777+0000] {logging_mixin.py:190} INFO - [2024-12-31T17:03:54.777+0000] {override.py:1911} INFO - Created Permission View: can create on DAG Run:consume_1_and_2_with_dataset_expressions
[2024-12-31T17:03:54.788+0000] {logging_mixin.py:190} INFO - [2024-12-31T17:03:54.788+0000] {override.py:1911} INFO - Created Permission View: menu access on DAG Run:consume_1_and_2_with_dataset_expressions
[2024-12-31T17:03:54.810+0000] {logging_mixin.py:190} INFO - [2024-12-31T17:03:54.809+0000] {override.py:1911} INFO - Created Permission View: can read on DAG:conditional_dataset_and_time_based_timetable
[2024-12-31T17:03:54.824+0000] {logging_mixin.py:190} INFO - [2024-12-31T17:03:54.823+0000] {override.py:1911} INFO - Created Permission View: can delete on DAG:conditional_dataset_and_time_based_timetable
[2024-12-31T17:03:54.836+0000] {logging_mixin.py:190} INFO - [2024-12-31T17:03:54.836+0000] {override.py:1911} INFO - Created Permission View: can edit on DAG:conditional_dataset_and_time_based_timetable
[2024-12-31T17:03:54.848+0000] {logging_mixin.py:190} INFO - [2024-12-31T17:03:54.847+0000] {override.py:1911} INFO - Created Permission View: can read on DAG Run:conditional_dataset_and_time_based_timetable
[2024-12-31T17:03:54.860+0000] {logging_mixin.py:190} INFO - [2024-12-31T17:03:54.859+0000] {override.py:1911} INFO - Created Permission View: can delete on DAG Run:conditional_dataset_and_time_based_timetable
[2024-12-31T17:03:54.871+0000] {logging_mixin.py:190} INFO - [2024-12-31T17:03:54.871+0000] {override.py:1911} INFO - Created Permission View: can create on DAG Run:conditional_dataset_and_time_based_timetable
[2024-12-31T17:03:54.883+0000] {logging_mixin.py:190} INFO - [2024-12-31T17:03:54.882+0000] {override.py:1911} INFO - Created Permission View: menu access on DAG Run:conditional_dataset_and_time_based_timetable
[2024-12-31T17:03:54.913+0000] {logging_mixin.py:190} INFO - [2024-12-31T17:03:54.912+0000] {override.py:1911} INFO - Created Permission View: can read on DAG:dataset_consumes_1_and_2
[2024-12-31T17:03:54.925+0000] {logging_mixin.py:190} INFO - [2024-12-31T17:03:54.924+0000] {override.py:1911} INFO - Created Permission View: can delete on DAG:dataset_consumes_1_and_2
[2024-12-31T17:03:54.936+0000] {logging_mixin.py:190} INFO - [2024-12-31T17:03:54.936+0000] {override.py:1911} INFO - Created Permission View: can edit on DAG:dataset_consumes_1_and_2
[2024-12-31T17:03:54.949+0000] {logging_mixin.py:190} INFO - [2024-12-31T17:03:54.948+0000] {override.py:1911} INFO - Created Permission View: can read on DAG Run:dataset_consumes_1_and_2
[2024-12-31T17:03:54.963+0000] {logging_mixin.py:190} INFO - [2024-12-31T17:03:54.962+0000] {override.py:1911} INFO - Created Permission View: can delete on DAG Run:dataset_consumes_1_and_2
[2024-12-31T17:03:54.974+0000] {logging_mixin.py:190} INFO - [2024-12-31T17:03:54.973+0000] {override.py:1911} INFO - Created Permission View: can create on DAG Run:dataset_consumes_1_and_2
[2024-12-31T17:03:54.985+0000] {logging_mixin.py:190} INFO - [2024-12-31T17:03:54.984+0000] {override.py:1911} INFO - Created Permission View: menu access on DAG Run:dataset_consumes_1_and_2
[2024-12-31T17:03:55.005+0000] {logging_mixin.py:190} INFO - [2024-12-31T17:03:55.005+0000] {override.py:1911} INFO - Created Permission View: can read on DAG:dataset_consumes_1_never_scheduled
[2024-12-31T17:03:55.017+0000] {logging_mixin.py:190} INFO - [2024-12-31T17:03:55.016+0000] {override.py:1911} INFO - Created Permission View: can delete on DAG:dataset_consumes_1_never_scheduled
[2024-12-31T17:03:55.028+0000] {logging_mixin.py:190} INFO - [2024-12-31T17:03:55.027+0000] {override.py:1911} INFO - Created Permission View: can edit on DAG:dataset_consumes_1_never_scheduled
[2024-12-31T17:03:55.039+0000] {logging_mixin.py:190} INFO - [2024-12-31T17:03:55.039+0000] {override.py:1911} INFO - Created Permission View: can read on DAG Run:dataset_consumes_1_never_scheduled
[2024-12-31T17:03:55.053+0000] {logging_mixin.py:190} INFO - [2024-12-31T17:03:55.052+0000] {override.py:1911} INFO - Created Permission View: can delete on DAG Run:dataset_consumes_1_never_scheduled
[2024-12-31T17:03:55.079+0000] {logging_mixin.py:190} INFO - [2024-12-31T17:03:55.078+0000] {override.py:1911} INFO - Created Permission View: can create on DAG Run:dataset_consumes_1_never_scheduled
[2024-12-31T17:03:55.091+0000] {logging_mixin.py:190} INFO - [2024-12-31T17:03:55.091+0000] {override.py:1911} INFO - Created Permission View: menu access on DAG Run:dataset_consumes_1_never_scheduled
[2024-12-31T17:03:55.113+0000] {logging_mixin.py:190} INFO - [2024-12-31T17:03:55.113+0000] {override.py:1911} INFO - Created Permission View: can read on DAG:consume_1_or_2_with_dataset_expressions
[2024-12-31T17:03:55.125+0000] {logging_mixin.py:190} INFO - [2024-12-31T17:03:55.124+0000] {override.py:1911} INFO - Created Permission View: can delete on DAG:consume_1_or_2_with_dataset_expressions
[2024-12-31T17:03:55.138+0000] {logging_mixin.py:190} INFO - [2024-12-31T17:03:55.137+0000] {override.py:1911} INFO - Created Permission View: can edit on DAG:consume_1_or_2_with_dataset_expressions
[2024-12-31T17:03:55.153+0000] {logging_mixin.py:190} INFO - [2024-12-31T17:03:55.152+0000] {override.py:1911} INFO - Created Permission View: can read on DAG Run:consume_1_or_2_with_dataset_expressions
[2024-12-31T17:03:55.165+0000] {logging_mixin.py:190} INFO - [2024-12-31T17:03:55.164+0000] {override.py:1911} INFO - Created Permission View: can delete on DAG Run:consume_1_or_2_with_dataset_expressions
[2024-12-31T17:03:55.177+0000] {logging_mixin.py:190} INFO - [2024-12-31T17:03:55.177+0000] {override.py:1911} INFO - Created Permission View: can create on DAG Run:consume_1_or_2_with_dataset_expressions
[2024-12-31T17:03:55.189+0000] {logging_mixin.py:190} INFO - [2024-12-31T17:03:55.189+0000] {override.py:1911} INFO - Created Permission View: menu access on DAG Run:consume_1_or_2_with_dataset_expressions
[2024-12-31T17:03:55.190+0000] {logging_mixin.py:190} INFO - [2024-12-31T17:03:55.190+0000] {dag.py:3239} INFO - Sync 10 DAGs
[2024-12-31T17:03:55.218+0000] {logging_mixin.py:190} INFO - [2024-12-31T17:03:55.217+0000] {dag.py:3262} INFO - Creating ORM DAG for dataset_consumes_unknown_never_scheduled
[2024-12-31T17:03:55.219+0000] {logging_mixin.py:190} INFO - [2024-12-31T17:03:55.219+0000] {dag.py:3262} INFO - Creating ORM DAG for dataset_produces_1
[2024-12-31T17:03:55.221+0000] {logging_mixin.py:190} INFO - [2024-12-31T17:03:55.220+0000] {dag.py:3262} INFO - Creating ORM DAG for dataset_produces_2
[2024-12-31T17:03:55.222+0000] {logging_mixin.py:190} INFO - [2024-12-31T17:03:55.222+0000] {dag.py:3262} INFO - Creating ORM DAG for conditional_dataset_and_time_based_timetable
[2024-12-31T17:03:55.224+0000] {logging_mixin.py:190} INFO - [2024-12-31T17:03:55.223+0000] {dag.py:3262} INFO - Creating ORM DAG for consume_1_or_2_with_dataset_expressions
[2024-12-31T17:03:55.225+0000] {logging_mixin.py:190} INFO - [2024-12-31T17:03:55.225+0000] {dag.py:3262} INFO - Creating ORM DAG for dataset_consumes_1_never_scheduled
[2024-12-31T17:03:55.227+0000] {logging_mixin.py:190} INFO - [2024-12-31T17:03:55.226+0000] {dag.py:3262} INFO - Creating ORM DAG for consume_1_or_both_2_and_3_with_dataset_expressions
[2024-12-31T17:03:55.228+0000] {logging_mixin.py:190} INFO - [2024-12-31T17:03:55.228+0000] {dag.py:3262} INFO - Creating ORM DAG for dataset_consumes_1_and_2
[2024-12-31T17:03:55.229+0000] {logging_mixin.py:190} INFO - [2024-12-31T17:03:55.229+0000] {dag.py:3262} INFO - Creating ORM DAG for dataset_consumes_1
[2024-12-31T17:03:55.231+0000] {logging_mixin.py:190} INFO - [2024-12-31T17:03:55.230+0000] {dag.py:3262} INFO - Creating ORM DAG for consume_1_and_2_with_dataset_expressions
[2024-12-31T17:03:55.255+0000] {logging_mixin.py:190} INFO - [2024-12-31T17:03:55.254+0000] {dag.py:4180} INFO - Setting next_dagrun for conditional_dataset_and_time_based_timetable to 2024-12-25 01:00:00+00:00, run_after=2024-12-25 01:00:00+00:00
[2024-12-31T17:03:55.256+0000] {logging_mixin.py:190} INFO - [2024-12-31T17:03:55.256+0000] {dag.py:4180} INFO - Setting next_dagrun for consume_1_and_2_with_dataset_expressions to None, run_after=None
[2024-12-31T17:03:55.257+0000] {logging_mixin.py:190} INFO - [2024-12-31T17:03:55.256+0000] {dag.py:4180} INFO - Setting next_dagrun for consume_1_or_2_with_dataset_expressions to None, run_after=None
[2024-12-31T17:03:55.258+0000] {logging_mixin.py:190} INFO - [2024-12-31T17:03:55.257+0000] {dag.py:4180} INFO - Setting next_dagrun for consume_1_or_both_2_and_3_with_dataset_expressions to None, run_after=None
[2024-12-31T17:03:55.259+0000] {logging_mixin.py:190} INFO - [2024-12-31T17:03:55.258+0000] {dag.py:4180} INFO - Setting next_dagrun for dataset_consumes_1 to None, run_after=None
[2024-12-31T17:03:55.260+0000] {logging_mixin.py:190} INFO - [2024-12-31T17:03:55.259+0000] {dag.py:4180} INFO - Setting next_dagrun for dataset_consumes_1_and_2 to None, run_after=None
[2024-12-31T17:03:55.261+0000] {logging_mixin.py:190} INFO - [2024-12-31T17:03:55.261+0000] {dag.py:4180} INFO - Setting next_dagrun for dataset_consumes_1_never_scheduled to None, run_after=None
[2024-12-31T17:03:55.262+0000] {logging_mixin.py:190} INFO - [2024-12-31T17:03:55.262+0000] {dag.py:4180} INFO - Setting next_dagrun for dataset_consumes_unknown_never_scheduled to None, run_after=None
[2024-12-31T17:03:55.267+0000] {logging_mixin.py:190} INFO - [2024-12-31T17:03:55.267+0000] {dag.py:4180} INFO - Setting next_dagrun for dataset_produces_1 to 2024-12-30 00:00:00+00:00, run_after=2024-12-31 00:00:00+00:00
[2024-12-31T17:03:55.268+0000] {logging_mixin.py:190} INFO - [2024-12-31T17:03:55.268+0000] {dag.py:4180} INFO - Setting next_dagrun for dataset_produces_2 to None, run_after=None
[2024-12-31T17:03:55.365+0000] {processor.py:208} INFO - Processing /home/airflow/.local/lib/python3.12/site-packages/airflow/example_dags/example_datasets.py took 4.295 seconds
[2024-12-31T17:04:25.728+0000] {processor.py:186} INFO - Started process (PID=105) to work on /home/airflow/.local/lib/python3.12/site-packages/airflow/example_dags/example_datasets.py
[2024-12-31T17:04:25.730+0000] {processor.py:914} INFO - Processing file /home/airflow/.local/lib/python3.12/site-packages/airflow/example_dags/example_datasets.py for tasks to queue
[2024-12-31T17:04:25.734+0000] {logging_mixin.py:190} INFO - [2024-12-31T17:04:25.733+0000] {dagbag.py:588} INFO - Filling up the DagBag from /home/airflow/.local/lib/python3.12/site-packages/airflow/example_dags/example_datasets.py
[2024-12-31T17:04:26.977+0000] {processor.py:925} INFO - DAG(s) 'consume_1_or_2_with_dataset_expressions', 'dataset_consumes_unknown_never_scheduled', 'dataset_consumes_1_never_scheduled', 'conditional_dataset_and_time_based_timetable', 'dataset_produces_1', 'dataset_consumes_1_and_2', 'dataset_produces_2', 'dataset_consumes_1', 'consume_1_and_2_with_dataset_expressions', 'consume_1_or_both_2_and_3_with_dataset_expressions' retrieved from /home/airflow/.local/lib/python3.12/site-packages/airflow/example_dags/example_datasets.py
[2024-12-31T17:04:27.053+0000] {logging_mixin.py:190} INFO - [2024-12-31T17:04:27.052+0000] {dag.py:3239} INFO - Sync 10 DAGs
[2024-12-31T17:04:27.096+0000] {logging_mixin.py:190} INFO - [2024-12-31T17:04:27.096+0000] {dag.py:4180} INFO - Setting next_dagrun for conditional_dataset_and_time_based_timetable to 2024-12-25 01:00:00+00:00, run_after=2024-12-25 01:00:00+00:00
[2024-12-31T17:04:27.103+0000] {logging_mixin.py:190} INFO - [2024-12-31T17:04:27.103+0000] {dag.py:4180} INFO - Setting next_dagrun for consume_1_and_2_with_dataset_expressions to None, run_after=None
[2024-12-31T17:04:27.106+0000] {logging_mixin.py:190} INFO - [2024-12-31T17:04:27.105+0000] {dag.py:4180} INFO - Setting next_dagrun for consume_1_or_2_with_dataset_expressions to None, run_after=None
[2024-12-31T17:04:27.108+0000] {logging_mixin.py:190} INFO - [2024-12-31T17:04:27.108+0000] {dag.py:4180} INFO - Setting next_dagrun for consume_1_or_both_2_and_3_with_dataset_expressions to None, run_after=None
[2024-12-31T17:04:27.110+0000] {logging_mixin.py:190} INFO - [2024-12-31T17:04:27.110+0000] {dag.py:4180} INFO - Setting next_dagrun for dataset_consumes_1 to None, run_after=None
[2024-12-31T17:04:27.112+0000] {logging_mixin.py:190} INFO - [2024-12-31T17:04:27.111+0000] {dag.py:4180} INFO - Setting next_dagrun for dataset_consumes_1_and_2 to None, run_after=None
[2024-12-31T17:04:27.114+0000] {logging_mixin.py:190} INFO - [2024-12-31T17:04:27.114+0000] {dag.py:4180} INFO - Setting next_dagrun for dataset_consumes_1_never_scheduled to None, run_after=None
[2024-12-31T17:04:27.116+0000] {logging_mixin.py:190} INFO - [2024-12-31T17:04:27.115+0000] {dag.py:4180} INFO - Setting next_dagrun for dataset_consumes_unknown_never_scheduled to None, run_after=None
[2024-12-31T17:04:27.121+0000] {logging_mixin.py:190} INFO - [2024-12-31T17:04:27.121+0000] {dag.py:4180} INFO - Setting next_dagrun for dataset_produces_1 to 2024-12-30 00:00:00+00:00, run_after=2024-12-31 00:00:00+00:00
[2024-12-31T17:04:27.124+0000] {logging_mixin.py:190} INFO - [2024-12-31T17:04:27.123+0000] {dag.py:4180} INFO - Setting next_dagrun for dataset_produces_2 to None, run_after=None
[2024-12-31T17:04:27.182+0000] {processor.py:208} INFO - Processing /home/airflow/.local/lib/python3.12/site-packages/airflow/example_dags/example_datasets.py took 1.466 seconds
[2024-12-31T17:04:57.413+0000] {processor.py:186} INFO - Started process (PID=173) to work on /home/airflow/.local/lib/python3.12/site-packages/airflow/example_dags/example_datasets.py
[2024-12-31T17:04:57.414+0000] {processor.py:914} INFO - Processing file /home/airflow/.local/lib/python3.12/site-packages/airflow/example_dags/example_datasets.py for tasks to queue
[2024-12-31T17:04:57.418+0000] {logging_mixin.py:190} INFO - [2024-12-31T17:04:57.417+0000] {dagbag.py:588} INFO - Filling up the DagBag from /home/airflow/.local/lib/python3.12/site-packages/airflow/example_dags/example_datasets.py
[2024-12-31T17:04:58.224+0000] {processor.py:925} INFO - DAG(s) 'consume_1_or_both_2_and_3_with_dataset_expressions', 'dataset_consumes_unknown_never_scheduled', 'dataset_produces_1', 'consume_1_or_2_with_dataset_expressions', 'dataset_produces_2', 'dataset_consumes_1_never_scheduled', 'dataset_consumes_1_and_2', 'dataset_consumes_1', 'consume_1_and_2_with_dataset_expressions', 'conditional_dataset_and_time_based_timetable' retrieved from /home/airflow/.local/lib/python3.12/site-packages/airflow/example_dags/example_datasets.py
[2024-12-31T17:04:58.281+0000] {logging_mixin.py:190} INFO - [2024-12-31T17:04:58.281+0000] {dag.py:3239} INFO - Sync 10 DAGs
[2024-12-31T17:04:58.324+0000] {logging_mixin.py:190} INFO - [2024-12-31T17:04:58.324+0000] {dag.py:4180} INFO - Setting next_dagrun for conditional_dataset_and_time_based_timetable to 2024-12-25 01:00:00+00:00, run_after=2024-12-25 01:00:00+00:00
[2024-12-31T17:04:58.328+0000] {logging_mixin.py:190} INFO - [2024-12-31T17:04:58.328+0000] {dag.py:4180} INFO - Setting next_dagrun for consume_1_and_2_with_dataset_expressions to None, run_after=None
[2024-12-31T17:04:58.330+0000] {logging_mixin.py:190} INFO - [2024-12-31T17:04:58.330+0000] {dag.py:4180} INFO - Setting next_dagrun for consume_1_or_2_with_dataset_expressions to None, run_after=None
[2024-12-31T17:04:58.332+0000] {logging_mixin.py:190} INFO - [2024-12-31T17:04:58.332+0000] {dag.py:4180} INFO - Setting next_dagrun for consume_1_or_both_2_and_3_with_dataset_expressions to None, run_after=None
[2024-12-31T17:04:58.334+0000] {logging_mixin.py:190} INFO - [2024-12-31T17:04:58.333+0000] {dag.py:4180} INFO - Setting next_dagrun for dataset_consumes_1 to None, run_after=None
[2024-12-31T17:04:58.335+0000] {logging_mixin.py:190} INFO - [2024-12-31T17:04:58.335+0000] {dag.py:4180} INFO - Setting next_dagrun for dataset_consumes_1_and_2 to None, run_after=None
[2024-12-31T17:04:58.337+0000] {logging_mixin.py:190} INFO - [2024-12-31T17:04:58.337+0000] {dag.py:4180} INFO - Setting next_dagrun for dataset_consumes_1_never_scheduled to None, run_after=None
[2024-12-31T17:04:58.339+0000] {logging_mixin.py:190} INFO - [2024-12-31T17:04:58.339+0000] {dag.py:4180} INFO - Setting next_dagrun for dataset_consumes_unknown_never_scheduled to None, run_after=None
[2024-12-31T17:04:58.344+0000] {logging_mixin.py:190} INFO - [2024-12-31T17:04:58.343+0000] {dag.py:4180} INFO - Setting next_dagrun for dataset_produces_1 to 2024-12-30 00:00:00+00:00, run_after=2024-12-31 00:00:00+00:00
[2024-12-31T17:04:58.345+0000] {logging_mixin.py:190} INFO - [2024-12-31T17:04:58.345+0000] {dag.py:4180} INFO - Setting next_dagrun for dataset_produces_2 to None, run_after=None
[2024-12-31T17:04:58.420+0000] {processor.py:208} INFO - Processing /home/airflow/.local/lib/python3.12/site-packages/airflow/example_dags/example_datasets.py took 1.016 seconds
[2024-12-31T17:05:28.658+0000] {processor.py:186} INFO - Started process (PID=237) to work on /home/airflow/.local/lib/python3.12/site-packages/airflow/example_dags/example_datasets.py
[2024-12-31T17:05:28.661+0000] {processor.py:914} INFO - Processing file /home/airflow/.local/lib/python3.12/site-packages/airflow/example_dags/example_datasets.py for tasks to queue
[2024-12-31T17:05:28.669+0000] {logging_mixin.py:190} INFO - [2024-12-31T17:05:28.667+0000] {dagbag.py:588} INFO - Filling up the DagBag from /home/airflow/.local/lib/python3.12/site-packages/airflow/example_dags/example_datasets.py
[2024-12-31T17:05:30.065+0000] {processor.py:925} INFO - DAG(s) 'dataset_consumes_unknown_never_scheduled', 'dataset_consumes_1_and_2', 'consume_1_or_2_with_dataset_expressions', 'dataset_produces_1', 'conditional_dataset_and_time_based_timetable', 'dataset_consumes_1_never_scheduled', 'dataset_produces_2', 'consume_1_or_both_2_and_3_with_dataset_expressions', 'consume_1_and_2_with_dataset_expressions', 'dataset_consumes_1' retrieved from /home/airflow/.local/lib/python3.12/site-packages/airflow/example_dags/example_datasets.py
[2024-12-31T17:05:30.143+0000] {logging_mixin.py:190} INFO - [2024-12-31T17:05:30.143+0000] {dag.py:3239} INFO - Sync 10 DAGs
[2024-12-31T17:05:30.194+0000] {logging_mixin.py:190} INFO - [2024-12-31T17:05:30.194+0000] {dag.py:4180} INFO - Setting next_dagrun for conditional_dataset_and_time_based_timetable to 2024-12-25 01:00:00+00:00, run_after=2024-12-25 01:00:00+00:00
[2024-12-31T17:05:30.201+0000] {logging_mixin.py:190} INFO - [2024-12-31T17:05:30.201+0000] {dag.py:4180} INFO - Setting next_dagrun for consume_1_and_2_with_dataset_expressions to None, run_after=None
[2024-12-31T17:05:30.207+0000] {logging_mixin.py:190} INFO - [2024-12-31T17:05:30.207+0000] {dag.py:4180} INFO - Setting next_dagrun for consume_1_or_2_with_dataset_expressions to None, run_after=None
[2024-12-31T17:05:30.210+0000] {logging_mixin.py:190} INFO - [2024-12-31T17:05:30.210+0000] {dag.py:4180} INFO - Setting next_dagrun for consume_1_or_both_2_and_3_with_dataset_expressions to None, run_after=None
[2024-12-31T17:05:30.213+0000] {logging_mixin.py:190} INFO - [2024-12-31T17:05:30.212+0000] {dag.py:4180} INFO - Setting next_dagrun for dataset_consumes_1 to None, run_after=None
[2024-12-31T17:05:30.215+0000] {logging_mixin.py:190} INFO - [2024-12-31T17:05:30.215+0000] {dag.py:4180} INFO - Setting next_dagrun for dataset_consumes_1_and_2 to None, run_after=None
[2024-12-31T17:05:30.218+0000] {logging_mixin.py:190} INFO - [2024-12-31T17:05:30.218+0000] {dag.py:4180} INFO - Setting next_dagrun for dataset_consumes_1_never_scheduled to None, run_after=None
[2024-12-31T17:05:30.221+0000] {logging_mixin.py:190} INFO - [2024-12-31T17:05:30.220+0000] {dag.py:4180} INFO - Setting next_dagrun for dataset_consumes_unknown_never_scheduled to None, run_after=None
[2024-12-31T17:05:30.226+0000] {logging_mixin.py:190} INFO - [2024-12-31T17:05:30.226+0000] {dag.py:4180} INFO - Setting next_dagrun for dataset_produces_1 to 2024-12-30 00:00:00+00:00, run_after=2024-12-31 00:00:00+00:00
[2024-12-31T17:05:30.229+0000] {logging_mixin.py:190} INFO - [2024-12-31T17:05:30.228+0000] {dag.py:4180} INFO - Setting next_dagrun for dataset_produces_2 to None, run_after=None
[2024-12-31T17:05:30.290+0000] {processor.py:208} INFO - Processing /home/airflow/.local/lib/python3.12/site-packages/airflow/example_dags/example_datasets.py took 1.665 seconds
[2024-12-31T17:06:00.533+0000] {processor.py:186} INFO - Started process (PID=300) to work on /home/airflow/.local/lib/python3.12/site-packages/airflow/example_dags/example_datasets.py
[2024-12-31T17:06:00.536+0000] {processor.py:914} INFO - Processing file /home/airflow/.local/lib/python3.12/site-packages/airflow/example_dags/example_datasets.py for tasks to queue
[2024-12-31T17:06:00.540+0000] {logging_mixin.py:190} INFO - [2024-12-31T17:06:00.539+0000] {dagbag.py:588} INFO - Filling up the DagBag from /home/airflow/.local/lib/python3.12/site-packages/airflow/example_dags/example_datasets.py
[2024-12-31T17:06:01.624+0000] {processor.py:925} INFO - DAG(s) 'dataset_consumes_unknown_never_scheduled', 'dataset_consumes_1', 'dataset_consumes_1_never_scheduled', 'dataset_produces_1', 'conditional_dataset_and_time_based_timetable', 'consume_1_or_both_2_and_3_with_dataset_expressions', 'dataset_consumes_1_and_2', 'dataset_produces_2', 'consume_1_and_2_with_dataset_expressions', 'consume_1_or_2_with_dataset_expressions' retrieved from /home/airflow/.local/lib/python3.12/site-packages/airflow/example_dags/example_datasets.py
[2024-12-31T17:06:01.720+0000] {logging_mixin.py:190} INFO - [2024-12-31T17:06:01.720+0000] {dag.py:3239} INFO - Sync 10 DAGs
[2024-12-31T17:06:01.778+0000] {logging_mixin.py:190} INFO - [2024-12-31T17:06:01.777+0000] {dag.py:4180} INFO - Setting next_dagrun for conditional_dataset_and_time_based_timetable to 2024-12-25 01:00:00+00:00, run_after=2024-12-25 01:00:00+00:00
[2024-12-31T17:06:01.788+0000] {logging_mixin.py:190} INFO - [2024-12-31T17:06:01.788+0000] {dag.py:4180} INFO - Setting next_dagrun for consume_1_and_2_with_dataset_expressions to None, run_after=None
[2024-12-31T17:06:01.791+0000] {logging_mixin.py:190} INFO - [2024-12-31T17:06:01.791+0000] {dag.py:4180} INFO - Setting next_dagrun for consume_1_or_2_with_dataset_expressions to None, run_after=None
[2024-12-31T17:06:01.794+0000] {logging_mixin.py:190} INFO - [2024-12-31T17:06:01.793+0000] {dag.py:4180} INFO - Setting next_dagrun for consume_1_or_both_2_and_3_with_dataset_expressions to None, run_after=None
[2024-12-31T17:06:01.798+0000] {logging_mixin.py:190} INFO - [2024-12-31T17:06:01.797+0000] {dag.py:4180} INFO - Setting next_dagrun for dataset_consumes_1 to None, run_after=None
[2024-12-31T17:06:01.801+0000] {logging_mixin.py:190} INFO - [2024-12-31T17:06:01.801+0000] {dag.py:4180} INFO - Setting next_dagrun for dataset_consumes_1_and_2 to None, run_after=None
[2024-12-31T17:06:01.803+0000] {logging_mixin.py:190} INFO - [2024-12-31T17:06:01.802+0000] {dag.py:4180} INFO - Setting next_dagrun for dataset_consumes_1_never_scheduled to None, run_after=None
[2024-12-31T17:06:01.804+0000] {logging_mixin.py:190} INFO - [2024-12-31T17:06:01.804+0000] {dag.py:4180} INFO - Setting next_dagrun for dataset_consumes_unknown_never_scheduled to None, run_after=None
[2024-12-31T17:06:01.809+0000] {logging_mixin.py:190} INFO - [2024-12-31T17:06:01.809+0000] {dag.py:4180} INFO - Setting next_dagrun for dataset_produces_1 to 2024-12-30 00:00:00+00:00, run_after=2024-12-31 00:00:00+00:00
[2024-12-31T17:06:01.811+0000] {logging_mixin.py:190} INFO - [2024-12-31T17:06:01.811+0000] {dag.py:4180} INFO - Setting next_dagrun for dataset_produces_2 to None, run_after=None
[2024-12-31T17:06:01.883+0000] {processor.py:208} INFO - Processing /home/airflow/.local/lib/python3.12/site-packages/airflow/example_dags/example_datasets.py took 1.362 seconds
[2024-12-31T17:06:32.723+0000] {processor.py:186} INFO - Started process (PID=363) to work on /home/airflow/.local/lib/python3.12/site-packages/airflow/example_dags/example_datasets.py
[2024-12-31T17:06:32.724+0000] {processor.py:914} INFO - Processing file /home/airflow/.local/lib/python3.12/site-packages/airflow/example_dags/example_datasets.py for tasks to queue
[2024-12-31T17:06:32.726+0000] {logging_mixin.py:190} INFO - [2024-12-31T17:06:32.726+0000] {dagbag.py:588} INFO - Filling up the DagBag from /home/airflow/.local/lib/python3.12/site-packages/airflow/example_dags/example_datasets.py
[2024-12-31T17:06:33.859+0000] {processor.py:925} INFO - DAG(s) 'dataset_consumes_1_and_2', 'dataset_consumes_1_never_scheduled', 'dataset_consumes_1', 'consume_1_or_both_2_and_3_with_dataset_expressions', 'dataset_consumes_unknown_never_scheduled', 'dataset_produces_2', 'conditional_dataset_and_time_based_timetable', 'consume_1_and_2_with_dataset_expressions', 'dataset_produces_1', 'consume_1_or_2_with_dataset_expressions' retrieved from /home/airflow/.local/lib/python3.12/site-packages/airflow/example_dags/example_datasets.py
[2024-12-31T17:06:33.952+0000] {logging_mixin.py:190} INFO - [2024-12-31T17:06:33.951+0000] {dag.py:3239} INFO - Sync 10 DAGs
[2024-12-31T17:06:34.008+0000] {logging_mixin.py:190} INFO - [2024-12-31T17:06:34.007+0000] {dag.py:4180} INFO - Setting next_dagrun for conditional_dataset_and_time_based_timetable to 2024-12-25 01:00:00+00:00, run_after=2024-12-25 01:00:00+00:00
[2024-12-31T17:06:34.016+0000] {logging_mixin.py:190} INFO - [2024-12-31T17:06:34.016+0000] {dag.py:4180} INFO - Setting next_dagrun for consume_1_and_2_with_dataset_expressions to None, run_after=None
[2024-12-31T17:06:34.019+0000] {logging_mixin.py:190} INFO - [2024-12-31T17:06:34.019+0000] {dag.py:4180} INFO - Setting next_dagrun for consume_1_or_2_with_dataset_expressions to None, run_after=None
[2024-12-31T17:06:34.021+0000] {logging_mixin.py:190} INFO - [2024-12-31T17:06:34.021+0000] {dag.py:4180} INFO - Setting next_dagrun for consume_1_or_both_2_and_3_with_dataset_expressions to None, run_after=None
[2024-12-31T17:06:34.024+0000] {logging_mixin.py:190} INFO - [2024-12-31T17:06:34.023+0000] {dag.py:4180} INFO - Setting next_dagrun for dataset_consumes_1 to None, run_after=None
[2024-12-31T17:06:34.026+0000] {logging_mixin.py:190} INFO - [2024-12-31T17:06:34.026+0000] {dag.py:4180} INFO - Setting next_dagrun for dataset_consumes_1_and_2 to None, run_after=None
[2024-12-31T17:06:34.029+0000] {logging_mixin.py:190} INFO - [2024-12-31T17:06:34.028+0000] {dag.py:4180} INFO - Setting next_dagrun for dataset_consumes_1_never_scheduled to None, run_after=None
[2024-12-31T17:06:34.032+0000] {logging_mixin.py:190} INFO - [2024-12-31T17:06:34.031+0000] {dag.py:4180} INFO - Setting next_dagrun for dataset_consumes_unknown_never_scheduled to None, run_after=None
[2024-12-31T17:06:34.037+0000] {logging_mixin.py:190} INFO - [2024-12-31T17:06:34.037+0000] {dag.py:4180} INFO - Setting next_dagrun for dataset_produces_1 to 2024-12-30 00:00:00+00:00, run_after=2024-12-31 00:00:00+00:00
[2024-12-31T17:06:34.041+0000] {logging_mixin.py:190} INFO - [2024-12-31T17:06:34.040+0000] {dag.py:4180} INFO - Setting next_dagrun for dataset_produces_2 to None, run_after=None
[2024-12-31T17:06:34.165+0000] {processor.py:208} INFO - Processing /home/airflow/.local/lib/python3.12/site-packages/airflow/example_dags/example_datasets.py took 1.450 seconds
