[2024-12-31T17:04:01.099+0000] {processor.py:186} INFO - Started process (PID=65) to work on /home/airflow/.local/lib/python3.12/site-packages/airflow/example_dags/example_trigger_target_dag.py
[2024-12-31T17:04:01.100+0000] {processor.py:914} INFO - Processing file /home/airflow/.local/lib/python3.12/site-packages/airflow/example_dags/example_trigger_target_dag.py for tasks to queue
[2024-12-31T17:04:01.103+0000] {logging_mixin.py:190} INFO - [2024-12-31T17:04:01.102+0000] {dagbag.py:588} INFO - Filling up the DagBag from /home/airflow/.local/lib/python3.12/site-packages/airflow/example_dags/example_trigger_target_dag.py
[2024-12-31T17:04:01.113+0000] {processor.py:925} INFO - DAG(s) 'example_trigger_target_dag' retrieved from /home/airflow/.local/lib/python3.12/site-packages/airflow/example_dags/example_trigger_target_dag.py
[2024-12-31T17:04:01.265+0000] {logging_mixin.py:190} INFO - [2024-12-31T17:04:01.264+0000] {override.py:1911} INFO - Created Permission View: can read on DAG:example_trigger_target_dag
[2024-12-31T17:04:01.282+0000] {logging_mixin.py:190} INFO - [2024-12-31T17:04:01.281+0000] {override.py:1911} INFO - Created Permission View: can delete on DAG:example_trigger_target_dag
[2024-12-31T17:04:01.297+0000] {logging_mixin.py:190} INFO - [2024-12-31T17:04:01.297+0000] {override.py:1911} INFO - Created Permission View: can edit on DAG:example_trigger_target_dag
[2024-12-31T17:04:01.310+0000] {logging_mixin.py:190} INFO - [2024-12-31T17:04:01.309+0000] {override.py:1911} INFO - Created Permission View: can read on DAG Run:example_trigger_target_dag
[2024-12-31T17:04:01.322+0000] {logging_mixin.py:190} INFO - [2024-12-31T17:04:01.322+0000] {override.py:1911} INFO - Created Permission View: can delete on DAG Run:example_trigger_target_dag
[2024-12-31T17:04:01.334+0000] {logging_mixin.py:190} INFO - [2024-12-31T17:04:01.333+0000] {override.py:1911} INFO - Created Permission View: can create on DAG Run:example_trigger_target_dag
[2024-12-31T17:04:01.344+0000] {logging_mixin.py:190} INFO - [2024-12-31T17:04:01.344+0000] {override.py:1911} INFO - Created Permission View: menu access on DAG Run:example_trigger_target_dag
[2024-12-31T17:04:01.345+0000] {logging_mixin.py:190} INFO - [2024-12-31T17:04:01.345+0000] {dag.py:3239} INFO - Sync 1 DAGs
[2024-12-31T17:04:01.372+0000] {logging_mixin.py:190} INFO - [2024-12-31T17:04:01.372+0000] {dag.py:3262} INFO - Creating ORM DAG for example_trigger_target_dag
[2024-12-31T17:04:01.373+0000] {logging_mixin.py:190} INFO - [2024-12-31T17:04:01.373+0000] {dag.py:4180} INFO - Setting next_dagrun for example_trigger_target_dag to None, run_after=None
[2024-12-31T17:04:01.405+0000] {processor.py:208} INFO - Processing /home/airflow/.local/lib/python3.12/site-packages/airflow/example_dags/example_trigger_target_dag.py took 0.313 seconds
[2024-12-31T17:04:32.396+0000] {processor.py:186} INFO - Started process (PID=128) to work on /home/airflow/.local/lib/python3.12/site-packages/airflow/example_dags/example_trigger_target_dag.py
[2024-12-31T17:04:32.397+0000] {processor.py:914} INFO - Processing file /home/airflow/.local/lib/python3.12/site-packages/airflow/example_dags/example_trigger_target_dag.py for tasks to queue
[2024-12-31T17:04:32.400+0000] {logging_mixin.py:190} INFO - [2024-12-31T17:04:32.399+0000] {dagbag.py:588} INFO - Filling up the DagBag from /home/airflow/.local/lib/python3.12/site-packages/airflow/example_dags/example_trigger_target_dag.py
[2024-12-31T17:04:32.410+0000] {processor.py:925} INFO - DAG(s) 'example_trigger_target_dag' retrieved from /home/airflow/.local/lib/python3.12/site-packages/airflow/example_dags/example_trigger_target_dag.py
[2024-12-31T17:04:32.434+0000] {logging_mixin.py:190} INFO - [2024-12-31T17:04:32.433+0000] {dag.py:3239} INFO - Sync 1 DAGs
[2024-12-31T17:04:32.452+0000] {logging_mixin.py:190} INFO - [2024-12-31T17:04:32.452+0000] {dag.py:4180} INFO - Setting next_dagrun for example_trigger_target_dag to None, run_after=None
[2024-12-31T17:04:32.475+0000] {processor.py:208} INFO - Processing /home/airflow/.local/lib/python3.12/site-packages/airflow/example_dags/example_trigger_target_dag.py took 0.088 seconds
[2024-12-31T17:05:02.618+0000] {processor.py:186} INFO - Started process (PID=191) to work on /home/airflow/.local/lib/python3.12/site-packages/airflow/example_dags/example_trigger_target_dag.py
[2024-12-31T17:05:02.619+0000] {processor.py:914} INFO - Processing file /home/airflow/.local/lib/python3.12/site-packages/airflow/example_dags/example_trigger_target_dag.py for tasks to queue
[2024-12-31T17:05:02.622+0000] {logging_mixin.py:190} INFO - [2024-12-31T17:05:02.621+0000] {dagbag.py:588} INFO - Filling up the DagBag from /home/airflow/.local/lib/python3.12/site-packages/airflow/example_dags/example_trigger_target_dag.py
[2024-12-31T17:05:02.640+0000] {processor.py:925} INFO - DAG(s) 'example_trigger_target_dag' retrieved from /home/airflow/.local/lib/python3.12/site-packages/airflow/example_dags/example_trigger_target_dag.py
[2024-12-31T17:05:02.697+0000] {logging_mixin.py:190} INFO - [2024-12-31T17:05:02.696+0000] {dag.py:3239} INFO - Sync 1 DAGs
[2024-12-31T17:05:02.785+0000] {logging_mixin.py:190} INFO - [2024-12-31T17:05:02.779+0000] {dag.py:4180} INFO - Setting next_dagrun for example_trigger_target_dag to None, run_after=None
[2024-12-31T17:05:02.829+0000] {processor.py:208} INFO - Processing /home/airflow/.local/lib/python3.12/site-packages/airflow/example_dags/example_trigger_target_dag.py took 0.226 seconds
[2024-12-31T17:05:33.669+0000] {processor.py:186} INFO - Started process (PID=261) to work on /home/airflow/.local/lib/python3.12/site-packages/airflow/example_dags/example_trigger_target_dag.py
[2024-12-31T17:05:33.670+0000] {processor.py:914} INFO - Processing file /home/airflow/.local/lib/python3.12/site-packages/airflow/example_dags/example_trigger_target_dag.py for tasks to queue
[2024-12-31T17:05:33.674+0000] {logging_mixin.py:190} INFO - [2024-12-31T17:05:33.673+0000] {dagbag.py:588} INFO - Filling up the DagBag from /home/airflow/.local/lib/python3.12/site-packages/airflow/example_dags/example_trigger_target_dag.py
[2024-12-31T17:05:33.683+0000] {processor.py:925} INFO - DAG(s) 'example_trigger_target_dag' retrieved from /home/airflow/.local/lib/python3.12/site-packages/airflow/example_dags/example_trigger_target_dag.py
[2024-12-31T17:05:33.707+0000] {logging_mixin.py:190} INFO - [2024-12-31T17:05:33.707+0000] {dag.py:3239} INFO - Sync 1 DAGs
[2024-12-31T17:05:33.731+0000] {logging_mixin.py:190} INFO - [2024-12-31T17:05:33.730+0000] {dag.py:4180} INFO - Setting next_dagrun for example_trigger_target_dag to None, run_after=None
[2024-12-31T17:05:33.752+0000] {processor.py:208} INFO - Processing /home/airflow/.local/lib/python3.12/site-packages/airflow/example_dags/example_trigger_target_dag.py took 0.092 seconds
[2024-12-31T17:06:04.055+0000] {processor.py:186} INFO - Started process (PID=324) to work on /home/airflow/.local/lib/python3.12/site-packages/airflow/example_dags/example_trigger_target_dag.py
[2024-12-31T17:06:04.057+0000] {processor.py:914} INFO - Processing file /home/airflow/.local/lib/python3.12/site-packages/airflow/example_dags/example_trigger_target_dag.py for tasks to queue
[2024-12-31T17:06:04.061+0000] {logging_mixin.py:190} INFO - [2024-12-31T17:06:04.060+0000] {dagbag.py:588} INFO - Filling up the DagBag from /home/airflow/.local/lib/python3.12/site-packages/airflow/example_dags/example_trigger_target_dag.py
[2024-12-31T17:06:04.075+0000] {processor.py:925} INFO - DAG(s) 'example_trigger_target_dag' retrieved from /home/airflow/.local/lib/python3.12/site-packages/airflow/example_dags/example_trigger_target_dag.py
[2024-12-31T17:06:04.109+0000] {logging_mixin.py:190} INFO - [2024-12-31T17:06:04.109+0000] {dag.py:3239} INFO - Sync 1 DAGs
[2024-12-31T17:06:04.136+0000] {logging_mixin.py:190} INFO - [2024-12-31T17:06:04.136+0000] {dag.py:4180} INFO - Setting next_dagrun for example_trigger_target_dag to None, run_after=None
[2024-12-31T17:06:04.168+0000] {processor.py:208} INFO - Processing /home/airflow/.local/lib/python3.12/site-packages/airflow/example_dags/example_trigger_target_dag.py took 0.123 seconds
[2024-12-31T17:06:35.545+0000] {processor.py:186} INFO - Started process (PID=385) to work on /home/airflow/.local/lib/python3.12/site-packages/airflow/example_dags/example_trigger_target_dag.py
[2024-12-31T17:06:35.546+0000] {processor.py:914} INFO - Processing file /home/airflow/.local/lib/python3.12/site-packages/airflow/example_dags/example_trigger_target_dag.py for tasks to queue
[2024-12-31T17:06:35.549+0000] {logging_mixin.py:190} INFO - [2024-12-31T17:06:35.548+0000] {dagbag.py:588} INFO - Filling up the DagBag from /home/airflow/.local/lib/python3.12/site-packages/airflow/example_dags/example_trigger_target_dag.py
[2024-12-31T17:06:35.558+0000] {processor.py:925} INFO - DAG(s) 'example_trigger_target_dag' retrieved from /home/airflow/.local/lib/python3.12/site-packages/airflow/example_dags/example_trigger_target_dag.py
[2024-12-31T17:06:35.584+0000] {logging_mixin.py:190} INFO - [2024-12-31T17:06:35.583+0000] {dag.py:3239} INFO - Sync 1 DAGs
[2024-12-31T17:06:35.604+0000] {logging_mixin.py:190} INFO - [2024-12-31T17:06:35.604+0000] {dag.py:4180} INFO - Setting next_dagrun for example_trigger_target_dag to None, run_after=None
[2024-12-31T17:06:35.633+0000] {processor.py:208} INFO - Processing /home/airflow/.local/lib/python3.12/site-packages/airflow/example_dags/example_trigger_target_dag.py took 0.094 seconds
