[2024-12-31T17:04:00.574+0000] {processor.py:186} INFO - Started process (PID=62) to work on /home/airflow/.local/lib/python3.12/site-packages/airflow/example_dags/example_setup_teardown_taskflow.py
[2024-12-31T17:04:00.576+0000] {processor.py:914} INFO - Processing file /home/airflow/.local/lib/python3.12/site-packages/airflow/example_dags/example_setup_teardown_taskflow.py for tasks to queue
[2024-12-31T17:04:00.579+0000] {logging_mixin.py:190} INFO - [2024-12-31T17:04:00.578+0000] {dagbag.py:588} INFO - Filling up the DagBag from /home/airflow/.local/lib/python3.12/site-packages/airflow/example_dags/example_setup_teardown_taskflow.py
[2024-12-31T17:04:00.600+0000] {processor.py:925} INFO - DAG(s) 'example_setup_teardown_taskflow' retrieved from /home/airflow/.local/lib/python3.12/site-packages/airflow/example_dags/example_setup_teardown_taskflow.py
[2024-12-31T17:04:00.808+0000] {logging_mixin.py:190} INFO - [2024-12-31T17:04:00.807+0000] {override.py:1911} INFO - Created Permission View: can read on DAG:example_setup_teardown_taskflow
[2024-12-31T17:04:00.826+0000] {logging_mixin.py:190} INFO - [2024-12-31T17:04:00.826+0000] {override.py:1911} INFO - Created Permission View: can delete on DAG:example_setup_teardown_taskflow
[2024-12-31T17:04:00.837+0000] {logging_mixin.py:190} INFO - [2024-12-31T17:04:00.837+0000] {override.py:1911} INFO - Created Permission View: can edit on DAG:example_setup_teardown_taskflow
[2024-12-31T17:04:00.849+0000] {logging_mixin.py:190} INFO - [2024-12-31T17:04:00.848+0000] {override.py:1911} INFO - Created Permission View: can read on DAG Run:example_setup_teardown_taskflow
[2024-12-31T17:04:00.859+0000] {logging_mixin.py:190} INFO - [2024-12-31T17:04:00.859+0000] {override.py:1911} INFO - Created Permission View: can delete on DAG Run:example_setup_teardown_taskflow
[2024-12-31T17:04:00.870+0000] {logging_mixin.py:190} INFO - [2024-12-31T17:04:00.869+0000] {override.py:1911} INFO - Created Permission View: can create on DAG Run:example_setup_teardown_taskflow
[2024-12-31T17:04:00.880+0000] {logging_mixin.py:190} INFO - [2024-12-31T17:04:00.879+0000] {override.py:1911} INFO - Created Permission View: menu access on DAG Run:example_setup_teardown_taskflow
[2024-12-31T17:04:00.881+0000] {logging_mixin.py:190} INFO - [2024-12-31T17:04:00.880+0000] {dag.py:3239} INFO - Sync 1 DAGs
[2024-12-31T17:04:00.902+0000] {logging_mixin.py:190} INFO - [2024-12-31T17:04:00.902+0000] {dag.py:3262} INFO - Creating ORM DAG for example_setup_teardown_taskflow
[2024-12-31T17:04:00.904+0000] {logging_mixin.py:190} INFO - [2024-12-31T17:04:00.903+0000] {dag.py:4180} INFO - Setting next_dagrun for example_setup_teardown_taskflow to None, run_after=None
[2024-12-31T17:04:00.929+0000] {processor.py:208} INFO - Processing /home/airflow/.local/lib/python3.12/site-packages/airflow/example_dags/example_setup_teardown_taskflow.py took 0.365 seconds
[2024-12-31T17:04:31.221+0000] {processor.py:186} INFO - Started process (PID=125) to work on /home/airflow/.local/lib/python3.12/site-packages/airflow/example_dags/example_setup_teardown_taskflow.py
[2024-12-31T17:04:31.222+0000] {processor.py:914} INFO - Processing file /home/airflow/.local/lib/python3.12/site-packages/airflow/example_dags/example_setup_teardown_taskflow.py for tasks to queue
[2024-12-31T17:04:31.226+0000] {logging_mixin.py:190} INFO - [2024-12-31T17:04:31.225+0000] {dagbag.py:588} INFO - Filling up the DagBag from /home/airflow/.local/lib/python3.12/site-packages/airflow/example_dags/example_setup_teardown_taskflow.py
[2024-12-31T17:04:31.240+0000] {processor.py:925} INFO - DAG(s) 'example_setup_teardown_taskflow' retrieved from /home/airflow/.local/lib/python3.12/site-packages/airflow/example_dags/example_setup_teardown_taskflow.py
[2024-12-31T17:04:31.266+0000] {logging_mixin.py:190} INFO - [2024-12-31T17:04:31.265+0000] {dag.py:3239} INFO - Sync 1 DAGs
[2024-12-31T17:04:31.290+0000] {logging_mixin.py:190} INFO - [2024-12-31T17:04:31.290+0000] {dag.py:4180} INFO - Setting next_dagrun for example_setup_teardown_taskflow to None, run_after=None
[2024-12-31T17:04:31.323+0000] {processor.py:208} INFO - Processing /home/airflow/.local/lib/python3.12/site-packages/airflow/example_dags/example_setup_teardown_taskflow.py took 0.110 seconds
[2024-12-31T17:05:02.087+0000] {processor.py:186} INFO - Started process (PID=188) to work on /home/airflow/.local/lib/python3.12/site-packages/airflow/example_dags/example_setup_teardown_taskflow.py
[2024-12-31T17:05:02.088+0000] {processor.py:914} INFO - Processing file /home/airflow/.local/lib/python3.12/site-packages/airflow/example_dags/example_setup_teardown_taskflow.py for tasks to queue
[2024-12-31T17:05:02.091+0000] {logging_mixin.py:190} INFO - [2024-12-31T17:05:02.090+0000] {dagbag.py:588} INFO - Filling up the DagBag from /home/airflow/.local/lib/python3.12/site-packages/airflow/example_dags/example_setup_teardown_taskflow.py
[2024-12-31T17:05:02.104+0000] {processor.py:925} INFO - DAG(s) 'example_setup_teardown_taskflow' retrieved from /home/airflow/.local/lib/python3.12/site-packages/airflow/example_dags/example_setup_teardown_taskflow.py
[2024-12-31T17:05:02.142+0000] {logging_mixin.py:190} INFO - [2024-12-31T17:05:02.142+0000] {dag.py:3239} INFO - Sync 1 DAGs
[2024-12-31T17:05:02.162+0000] {logging_mixin.py:190} INFO - [2024-12-31T17:05:02.162+0000] {dag.py:4180} INFO - Setting next_dagrun for example_setup_teardown_taskflow to None, run_after=None
[2024-12-31T17:05:02.190+0000] {processor.py:208} INFO - Processing /home/airflow/.local/lib/python3.12/site-packages/airflow/example_dags/example_setup_teardown_taskflow.py took 0.111 seconds
[2024-12-31T17:05:32.450+0000] {processor.py:186} INFO - Started process (PID=251) to work on /home/airflow/.local/lib/python3.12/site-packages/airflow/example_dags/example_setup_teardown_taskflow.py
[2024-12-31T17:05:32.451+0000] {processor.py:914} INFO - Processing file /home/airflow/.local/lib/python3.12/site-packages/airflow/example_dags/example_setup_teardown_taskflow.py for tasks to queue
[2024-12-31T17:05:32.455+0000] {logging_mixin.py:190} INFO - [2024-12-31T17:05:32.454+0000] {dagbag.py:588} INFO - Filling up the DagBag from /home/airflow/.local/lib/python3.12/site-packages/airflow/example_dags/example_setup_teardown_taskflow.py
[2024-12-31T17:05:32.479+0000] {processor.py:925} INFO - DAG(s) 'example_setup_teardown_taskflow' retrieved from /home/airflow/.local/lib/python3.12/site-packages/airflow/example_dags/example_setup_teardown_taskflow.py
[2024-12-31T17:05:32.520+0000] {logging_mixin.py:190} INFO - [2024-12-31T17:05:32.520+0000] {dag.py:3239} INFO - Sync 1 DAGs
[2024-12-31T17:05:32.539+0000] {logging_mixin.py:190} INFO - [2024-12-31T17:05:32.539+0000] {dag.py:4180} INFO - Setting next_dagrun for example_setup_teardown_taskflow to None, run_after=None
[2024-12-31T17:05:32.564+0000] {processor.py:208} INFO - Processing /home/airflow/.local/lib/python3.12/site-packages/airflow/example_dags/example_setup_teardown_taskflow.py took 0.129 seconds
[2024-12-31T17:06:03.549+0000] {processor.py:186} INFO - Started process (PID=314) to work on /home/airflow/.local/lib/python3.12/site-packages/airflow/example_dags/example_setup_teardown_taskflow.py
[2024-12-31T17:06:03.551+0000] {processor.py:914} INFO - Processing file /home/airflow/.local/lib/python3.12/site-packages/airflow/example_dags/example_setup_teardown_taskflow.py for tasks to queue
[2024-12-31T17:06:03.556+0000] {logging_mixin.py:190} INFO - [2024-12-31T17:06:03.555+0000] {dagbag.py:588} INFO - Filling up the DagBag from /home/airflow/.local/lib/python3.12/site-packages/airflow/example_dags/example_setup_teardown_taskflow.py
[2024-12-31T17:06:03.574+0000] {processor.py:925} INFO - DAG(s) 'example_setup_teardown_taskflow' retrieved from /home/airflow/.local/lib/python3.12/site-packages/airflow/example_dags/example_setup_teardown_taskflow.py
[2024-12-31T17:06:03.611+0000] {logging_mixin.py:190} INFO - [2024-12-31T17:06:03.611+0000] {dag.py:3239} INFO - Sync 1 DAGs
[2024-12-31T17:06:03.641+0000] {logging_mixin.py:190} INFO - [2024-12-31T17:06:03.641+0000] {dag.py:4180} INFO - Setting next_dagrun for example_setup_teardown_taskflow to None, run_after=None
[2024-12-31T17:06:03.689+0000] {processor.py:208} INFO - Processing /home/airflow/.local/lib/python3.12/site-packages/airflow/example_dags/example_setup_teardown_taskflow.py took 0.151 seconds
[2024-12-31T17:06:35.354+0000] {processor.py:186} INFO - Started process (PID=382) to work on /home/airflow/.local/lib/python3.12/site-packages/airflow/example_dags/example_setup_teardown_taskflow.py
[2024-12-31T17:06:35.355+0000] {processor.py:914} INFO - Processing file /home/airflow/.local/lib/python3.12/site-packages/airflow/example_dags/example_setup_teardown_taskflow.py for tasks to queue
[2024-12-31T17:06:35.359+0000] {logging_mixin.py:190} INFO - [2024-12-31T17:06:35.358+0000] {dagbag.py:588} INFO - Filling up the DagBag from /home/airflow/.local/lib/python3.12/site-packages/airflow/example_dags/example_setup_teardown_taskflow.py
[2024-12-31T17:06:35.375+0000] {processor.py:925} INFO - DAG(s) 'example_setup_teardown_taskflow' retrieved from /home/airflow/.local/lib/python3.12/site-packages/airflow/example_dags/example_setup_teardown_taskflow.py
[2024-12-31T17:06:35.407+0000] {logging_mixin.py:190} INFO - [2024-12-31T17:06:35.407+0000] {dag.py:3239} INFO - Sync 1 DAGs
[2024-12-31T17:06:35.429+0000] {logging_mixin.py:190} INFO - [2024-12-31T17:06:35.429+0000] {dag.py:4180} INFO - Setting next_dagrun for example_setup_teardown_taskflow to None, run_after=None
[2024-12-31T17:06:35.461+0000] {processor.py:208} INFO - Processing /home/airflow/.local/lib/python3.12/site-packages/airflow/example_dags/example_setup_teardown_taskflow.py took 0.118 seconds
