[2024-12-31T17:03:58.311+0000] {processor.py:186} INFO - Started process (PID=55) to work on /home/airflow/.local/lib/python3.12/site-packages/airflow/example_dags/example_xcomargs.py
[2024-12-31T17:03:58.313+0000] {processor.py:914} INFO - Processing file /home/airflow/.local/lib/python3.12/site-packages/airflow/example_dags/example_xcomargs.py for tasks to queue
[2024-12-31T17:03:58.316+0000] {logging_mixin.py:190} INFO - [2024-12-31T17:03:58.316+0000] {dagbag.py:588} INFO - Filling up the DagBag from /home/airflow/.local/lib/python3.12/site-packages/airflow/example_dags/example_xcomargs.py
[2024-12-31T17:03:58.339+0000] {processor.py:925} INFO - DAG(s) 'example_xcom_args', 'example_xcom_args_with_operators' retrieved from /home/airflow/.local/lib/python3.12/site-packages/airflow/example_dags/example_xcomargs.py
[2024-12-31T17:03:58.559+0000] {logging_mixin.py:190} INFO - [2024-12-31T17:03:58.557+0000] {override.py:1911} INFO - Created Permission View: can read on DAG:example_xcom_args
[2024-12-31T17:03:58.578+0000] {logging_mixin.py:190} INFO - [2024-12-31T17:03:58.577+0000] {override.py:1911} INFO - Created Permission View: can delete on DAG:example_xcom_args
[2024-12-31T17:03:58.597+0000] {logging_mixin.py:190} INFO - [2024-12-31T17:03:58.597+0000] {override.py:1911} INFO - Created Permission View: can edit on DAG:example_xcom_args
[2024-12-31T17:03:58.665+0000] {logging_mixin.py:190} INFO - [2024-12-31T17:03:58.665+0000] {override.py:1911} INFO - Created Permission View: can read on DAG Run:example_xcom_args
[2024-12-31T17:03:58.676+0000] {logging_mixin.py:190} INFO - [2024-12-31T17:03:58.676+0000] {override.py:1911} INFO - Created Permission View: can delete on DAG Run:example_xcom_args
[2024-12-31T17:03:58.686+0000] {logging_mixin.py:190} INFO - [2024-12-31T17:03:58.686+0000] {override.py:1911} INFO - Created Permission View: can create on DAG Run:example_xcom_args
[2024-12-31T17:03:58.696+0000] {logging_mixin.py:190} INFO - [2024-12-31T17:03:58.696+0000] {override.py:1911} INFO - Created Permission View: menu access on DAG Run:example_xcom_args
[2024-12-31T17:03:58.717+0000] {logging_mixin.py:190} INFO - [2024-12-31T17:03:58.717+0000] {override.py:1911} INFO - Created Permission View: can read on DAG:example_xcom_args_with_operators
[2024-12-31T17:03:58.727+0000] {logging_mixin.py:190} INFO - [2024-12-31T17:03:58.726+0000] {override.py:1911} INFO - Created Permission View: can delete on DAG:example_xcom_args_with_operators
[2024-12-31T17:03:58.736+0000] {logging_mixin.py:190} INFO - [2024-12-31T17:03:58.736+0000] {override.py:1911} INFO - Created Permission View: can edit on DAG:example_xcom_args_with_operators
[2024-12-31T17:03:58.746+0000] {logging_mixin.py:190} INFO - [2024-12-31T17:03:58.746+0000] {override.py:1911} INFO - Created Permission View: can read on DAG Run:example_xcom_args_with_operators
[2024-12-31T17:03:58.762+0000] {logging_mixin.py:190} INFO - [2024-12-31T17:03:58.761+0000] {override.py:1911} INFO - Created Permission View: can delete on DAG Run:example_xcom_args_with_operators
[2024-12-31T17:03:58.772+0000] {logging_mixin.py:190} INFO - [2024-12-31T17:03:58.771+0000] {override.py:1911} INFO - Created Permission View: can create on DAG Run:example_xcom_args_with_operators
[2024-12-31T17:03:58.782+0000] {logging_mixin.py:190} INFO - [2024-12-31T17:03:58.781+0000] {override.py:1911} INFO - Created Permission View: menu access on DAG Run:example_xcom_args_with_operators
[2024-12-31T17:03:58.782+0000] {logging_mixin.py:190} INFO - [2024-12-31T17:03:58.782+0000] {dag.py:3239} INFO - Sync 2 DAGs
[2024-12-31T17:03:58.807+0000] {logging_mixin.py:190} INFO - [2024-12-31T17:03:58.807+0000] {dag.py:3262} INFO - Creating ORM DAG for example_xcom_args
[2024-12-31T17:03:58.808+0000] {logging_mixin.py:190} INFO - [2024-12-31T17:03:58.808+0000] {dag.py:3262} INFO - Creating ORM DAG for example_xcom_args_with_operators
[2024-12-31T17:03:58.809+0000] {logging_mixin.py:190} INFO - [2024-12-31T17:03:58.809+0000] {dag.py:4180} INFO - Setting next_dagrun for example_xcom_args to None, run_after=None
[2024-12-31T17:03:58.810+0000] {logging_mixin.py:190} INFO - [2024-12-31T17:03:58.810+0000] {dag.py:4180} INFO - Setting next_dagrun for example_xcom_args_with_operators to None, run_after=None
[2024-12-31T17:03:58.836+0000] {processor.py:208} INFO - Processing /home/airflow/.local/lib/python3.12/site-packages/airflow/example_dags/example_xcomargs.py took 0.541 seconds
[2024-12-31T17:04:29.713+0000] {processor.py:186} INFO - Started process (PID=117) to work on /home/airflow/.local/lib/python3.12/site-packages/airflow/example_dags/example_xcomargs.py
[2024-12-31T17:04:29.717+0000] {processor.py:914} INFO - Processing file /home/airflow/.local/lib/python3.12/site-packages/airflow/example_dags/example_xcomargs.py for tasks to queue
[2024-12-31T17:04:29.722+0000] {logging_mixin.py:190} INFO - [2024-12-31T17:04:29.722+0000] {dagbag.py:588} INFO - Filling up the DagBag from /home/airflow/.local/lib/python3.12/site-packages/airflow/example_dags/example_xcomargs.py
[2024-12-31T17:04:29.748+0000] {processor.py:925} INFO - DAG(s) 'example_xcom_args_with_operators', 'example_xcom_args' retrieved from /home/airflow/.local/lib/python3.12/site-packages/airflow/example_dags/example_xcomargs.py
[2024-12-31T17:04:29.801+0000] {logging_mixin.py:190} INFO - [2024-12-31T17:04:29.801+0000] {dag.py:3239} INFO - Sync 2 DAGs
[2024-12-31T17:04:29.825+0000] {logging_mixin.py:190} INFO - [2024-12-31T17:04:29.825+0000] {dag.py:4180} INFO - Setting next_dagrun for example_xcom_args to None, run_after=None
[2024-12-31T17:04:29.830+0000] {logging_mixin.py:190} INFO - [2024-12-31T17:04:29.829+0000] {dag.py:4180} INFO - Setting next_dagrun for example_xcom_args_with_operators to None, run_after=None
[2024-12-31T17:04:29.855+0000] {processor.py:208} INFO - Processing /home/airflow/.local/lib/python3.12/site-packages/airflow/example_dags/example_xcomargs.py took 0.159 seconds
[2024-12-31T17:05:00.163+0000] {processor.py:186} INFO - Started process (PID=180) to work on /home/airflow/.local/lib/python3.12/site-packages/airflow/example_dags/example_xcomargs.py
[2024-12-31T17:05:00.164+0000] {processor.py:914} INFO - Processing file /home/airflow/.local/lib/python3.12/site-packages/airflow/example_dags/example_xcomargs.py for tasks to queue
[2024-12-31T17:05:00.169+0000] {logging_mixin.py:190} INFO - [2024-12-31T17:05:00.168+0000] {dagbag.py:588} INFO - Filling up the DagBag from /home/airflow/.local/lib/python3.12/site-packages/airflow/example_dags/example_xcomargs.py
[2024-12-31T17:05:00.187+0000] {processor.py:925} INFO - DAG(s) 'example_xcom_args', 'example_xcom_args_with_operators' retrieved from /home/airflow/.local/lib/python3.12/site-packages/airflow/example_dags/example_xcomargs.py
[2024-12-31T17:05:00.223+0000] {logging_mixin.py:190} INFO - [2024-12-31T17:05:00.222+0000] {dag.py:3239} INFO - Sync 2 DAGs
[2024-12-31T17:05:00.245+0000] {logging_mixin.py:190} INFO - [2024-12-31T17:05:00.245+0000] {dag.py:4180} INFO - Setting next_dagrun for example_xcom_args to None, run_after=None
[2024-12-31T17:05:00.250+0000] {logging_mixin.py:190} INFO - [2024-12-31T17:05:00.250+0000] {dag.py:4180} INFO - Setting next_dagrun for example_xcom_args_with_operators to None, run_after=None
[2024-12-31T17:05:00.276+0000] {processor.py:208} INFO - Processing /home/airflow/.local/lib/python3.12/site-packages/airflow/example_dags/example_xcomargs.py took 0.126 seconds
[2024-12-31T17:05:30.710+0000] {processor.py:186} INFO - Started process (PID=244) to work on /home/airflow/.local/lib/python3.12/site-packages/airflow/example_dags/example_xcomargs.py
[2024-12-31T17:05:30.711+0000] {processor.py:914} INFO - Processing file /home/airflow/.local/lib/python3.12/site-packages/airflow/example_dags/example_xcomargs.py for tasks to queue
[2024-12-31T17:05:30.715+0000] {logging_mixin.py:190} INFO - [2024-12-31T17:05:30.714+0000] {dagbag.py:588} INFO - Filling up the DagBag from /home/airflow/.local/lib/python3.12/site-packages/airflow/example_dags/example_xcomargs.py
[2024-12-31T17:05:30.732+0000] {processor.py:925} INFO - DAG(s) 'example_xcom_args', 'example_xcom_args_with_operators' retrieved from /home/airflow/.local/lib/python3.12/site-packages/airflow/example_dags/example_xcomargs.py
[2024-12-31T17:05:30.769+0000] {logging_mixin.py:190} INFO - [2024-12-31T17:05:30.768+0000] {dag.py:3239} INFO - Sync 2 DAGs
[2024-12-31T17:05:30.807+0000] {logging_mixin.py:190} INFO - [2024-12-31T17:05:30.807+0000] {dag.py:4180} INFO - Setting next_dagrun for example_xcom_args to None, run_after=None
[2024-12-31T17:05:30.815+0000] {logging_mixin.py:190} INFO - [2024-12-31T17:05:30.815+0000] {dag.py:4180} INFO - Setting next_dagrun for example_xcom_args_with_operators to None, run_after=None
[2024-12-31T17:05:30.844+0000] {processor.py:208} INFO - Processing /home/airflow/.local/lib/python3.12/site-packages/airflow/example_dags/example_xcomargs.py took 0.141 seconds
[2024-12-31T17:06:02.445+0000] {processor.py:186} INFO - Started process (PID=307) to work on /home/airflow/.local/lib/python3.12/site-packages/airflow/example_dags/example_xcomargs.py
[2024-12-31T17:06:02.446+0000] {processor.py:914} INFO - Processing file /home/airflow/.local/lib/python3.12/site-packages/airflow/example_dags/example_xcomargs.py for tasks to queue
[2024-12-31T17:06:02.450+0000] {logging_mixin.py:190} INFO - [2024-12-31T17:06:02.449+0000] {dagbag.py:588} INFO - Filling up the DagBag from /home/airflow/.local/lib/python3.12/site-packages/airflow/example_dags/example_xcomargs.py
[2024-12-31T17:06:02.468+0000] {processor.py:925} INFO - DAG(s) 'example_xcom_args', 'example_xcom_args_with_operators' retrieved from /home/airflow/.local/lib/python3.12/site-packages/airflow/example_dags/example_xcomargs.py
[2024-12-31T17:06:02.505+0000] {logging_mixin.py:190} INFO - [2024-12-31T17:06:02.505+0000] {dag.py:3239} INFO - Sync 2 DAGs
[2024-12-31T17:06:02.543+0000] {logging_mixin.py:190} INFO - [2024-12-31T17:06:02.543+0000] {dag.py:4180} INFO - Setting next_dagrun for example_xcom_args to None, run_after=None
[2024-12-31T17:06:02.555+0000] {logging_mixin.py:190} INFO - [2024-12-31T17:06:02.554+0000] {dag.py:4180} INFO - Setting next_dagrun for example_xcom_args_with_operators to None, run_after=None
[2024-12-31T17:06:02.606+0000] {processor.py:208} INFO - Processing /home/airflow/.local/lib/python3.12/site-packages/airflow/example_dags/example_xcomargs.py took 0.171 seconds
[2024-12-31T17:06:34.722+0000] {processor.py:186} INFO - Started process (PID=375) to work on /home/airflow/.local/lib/python3.12/site-packages/airflow/example_dags/example_xcomargs.py
[2024-12-31T17:06:34.723+0000] {processor.py:914} INFO - Processing file /home/airflow/.local/lib/python3.12/site-packages/airflow/example_dags/example_xcomargs.py for tasks to queue
[2024-12-31T17:06:34.726+0000] {logging_mixin.py:190} INFO - [2024-12-31T17:06:34.726+0000] {dagbag.py:588} INFO - Filling up the DagBag from /home/airflow/.local/lib/python3.12/site-packages/airflow/example_dags/example_xcomargs.py
[2024-12-31T17:06:34.739+0000] {processor.py:925} INFO - DAG(s) 'example_xcom_args', 'example_xcom_args_with_operators' retrieved from /home/airflow/.local/lib/python3.12/site-packages/airflow/example_dags/example_xcomargs.py
[2024-12-31T17:06:34.767+0000] {logging_mixin.py:190} INFO - [2024-12-31T17:06:34.767+0000] {dag.py:3239} INFO - Sync 2 DAGs
[2024-12-31T17:06:34.788+0000] {logging_mixin.py:190} INFO - [2024-12-31T17:06:34.788+0000] {dag.py:4180} INFO - Setting next_dagrun for example_xcom_args to None, run_after=None
[2024-12-31T17:06:34.794+0000] {logging_mixin.py:190} INFO - [2024-12-31T17:06:34.794+0000] {dag.py:4180} INFO - Setting next_dagrun for example_xcom_args_with_operators to None, run_after=None
[2024-12-31T17:06:34.827+0000] {processor.py:208} INFO - Processing /home/airflow/.local/lib/python3.12/site-packages/airflow/example_dags/example_xcomargs.py took 0.112 seconds
