[2024-12-31T17:03:58.879+0000] {processor.py:186} INFO - Started process (PID=56) to work on /home/airflow/.local/lib/python3.12/site-packages/airflow/example_dags/example_params_trigger_ui.py
[2024-12-31T17:03:58.880+0000] {processor.py:914} INFO - Processing file /home/airflow/.local/lib/python3.12/site-packages/airflow/example_dags/example_params_trigger_ui.py for tasks to queue
[2024-12-31T17:03:58.883+0000] {logging_mixin.py:190} INFO - [2024-12-31T17:03:58.883+0000] {dagbag.py:588} INFO - Filling up the DagBag from /home/airflow/.local/lib/python3.12/site-packages/airflow/example_dags/example_params_trigger_ui.py
[2024-12-31T17:03:58.906+0000] {processor.py:925} INFO - DAG(s) 'example_params_trigger_ui' retrieved from /home/airflow/.local/lib/python3.12/site-packages/airflow/example_dags/example_params_trigger_ui.py
[2024-12-31T17:03:59.176+0000] {logging_mixin.py:190} INFO - [2024-12-31T17:03:59.175+0000] {override.py:1911} INFO - Created Permission View: can read on DAG:example_params_trigger_ui
[2024-12-31T17:03:59.192+0000] {logging_mixin.py:190} INFO - [2024-12-31T17:03:59.191+0000] {override.py:1911} INFO - Created Permission View: can delete on DAG:example_params_trigger_ui
[2024-12-31T17:03:59.202+0000] {logging_mixin.py:190} INFO - [2024-12-31T17:03:59.201+0000] {override.py:1911} INFO - Created Permission View: can edit on DAG:example_params_trigger_ui
[2024-12-31T17:03:59.211+0000] {logging_mixin.py:190} INFO - [2024-12-31T17:03:59.211+0000] {override.py:1911} INFO - Created Permission View: can read on DAG Run:example_params_trigger_ui
[2024-12-31T17:03:59.221+0000] {logging_mixin.py:190} INFO - [2024-12-31T17:03:59.220+0000] {override.py:1911} INFO - Created Permission View: can delete on DAG Run:example_params_trigger_ui
[2024-12-31T17:03:59.230+0000] {logging_mixin.py:190} INFO - [2024-12-31T17:03:59.230+0000] {override.py:1911} INFO - Created Permission View: can create on DAG Run:example_params_trigger_ui
[2024-12-31T17:03:59.241+0000] {logging_mixin.py:190} INFO - [2024-12-31T17:03:59.241+0000] {override.py:1911} INFO - Created Permission View: menu access on DAG Run:example_params_trigger_ui
[2024-12-31T17:03:59.242+0000] {logging_mixin.py:190} INFO - [2024-12-31T17:03:59.241+0000] {dag.py:3239} INFO - Sync 1 DAGs
[2024-12-31T17:03:59.263+0000] {logging_mixin.py:190} INFO - [2024-12-31T17:03:59.263+0000] {dag.py:3262} INFO - Creating ORM DAG for example_params_trigger_ui
[2024-12-31T17:03:59.264+0000] {logging_mixin.py:190} INFO - [2024-12-31T17:03:59.264+0000] {dag.py:4180} INFO - Setting next_dagrun for example_params_trigger_ui to None, run_after=None
[2024-12-31T17:03:59.294+0000] {processor.py:208} INFO - Processing /home/airflow/.local/lib/python3.12/site-packages/airflow/example_dags/example_params_trigger_ui.py took 0.425 seconds
[2024-12-31T17:04:29.721+0000] {processor.py:186} INFO - Started process (PID=118) to work on /home/airflow/.local/lib/python3.12/site-packages/airflow/example_dags/example_params_trigger_ui.py
[2024-12-31T17:04:29.723+0000] {processor.py:914} INFO - Processing file /home/airflow/.local/lib/python3.12/site-packages/airflow/example_dags/example_params_trigger_ui.py for tasks to queue
[2024-12-31T17:04:29.727+0000] {logging_mixin.py:190} INFO - [2024-12-31T17:04:29.726+0000] {dagbag.py:588} INFO - Filling up the DagBag from /home/airflow/.local/lib/python3.12/site-packages/airflow/example_dags/example_params_trigger_ui.py
[2024-12-31T17:04:29.755+0000] {processor.py:925} INFO - DAG(s) 'example_params_trigger_ui' retrieved from /home/airflow/.local/lib/python3.12/site-packages/airflow/example_dags/example_params_trigger_ui.py
[2024-12-31T17:04:29.845+0000] {logging_mixin.py:190} INFO - [2024-12-31T17:04:29.845+0000] {dag.py:3239} INFO - Sync 1 DAGs
[2024-12-31T17:04:29.874+0000] {logging_mixin.py:190} INFO - [2024-12-31T17:04:29.874+0000] {dag.py:4180} INFO - Setting next_dagrun for example_params_trigger_ui to None, run_after=None
[2024-12-31T17:04:29.902+0000] {processor.py:208} INFO - Processing /home/airflow/.local/lib/python3.12/site-packages/airflow/example_dags/example_params_trigger_ui.py took 0.193 seconds
[2024-12-31T17:05:00.177+0000] {processor.py:186} INFO - Started process (PID=181) to work on /home/airflow/.local/lib/python3.12/site-packages/airflow/example_dags/example_params_trigger_ui.py
[2024-12-31T17:05:00.178+0000] {processor.py:914} INFO - Processing file /home/airflow/.local/lib/python3.12/site-packages/airflow/example_dags/example_params_trigger_ui.py for tasks to queue
[2024-12-31T17:05:00.181+0000] {logging_mixin.py:190} INFO - [2024-12-31T17:05:00.181+0000] {dagbag.py:588} INFO - Filling up the DagBag from /home/airflow/.local/lib/python3.12/site-packages/airflow/example_dags/example_params_trigger_ui.py
[2024-12-31T17:05:00.202+0000] {processor.py:925} INFO - DAG(s) 'example_params_trigger_ui' retrieved from /home/airflow/.local/lib/python3.12/site-packages/airflow/example_dags/example_params_trigger_ui.py
[2024-12-31T17:05:00.269+0000] {logging_mixin.py:190} INFO - [2024-12-31T17:05:00.269+0000] {dag.py:3239} INFO - Sync 1 DAGs
[2024-12-31T17:05:00.298+0000] {logging_mixin.py:190} INFO - [2024-12-31T17:05:00.298+0000] {dag.py:4180} INFO - Setting next_dagrun for example_params_trigger_ui to None, run_after=None
[2024-12-31T17:05:00.336+0000] {processor.py:208} INFO - Processing /home/airflow/.local/lib/python3.12/site-packages/airflow/example_dags/example_params_trigger_ui.py took 0.171 seconds
[2024-12-31T17:05:30.815+0000] {processor.py:186} INFO - Started process (PID=245) to work on /home/airflow/.local/lib/python3.12/site-packages/airflow/example_dags/example_params_trigger_ui.py
[2024-12-31T17:05:30.816+0000] {processor.py:914} INFO - Processing file /home/airflow/.local/lib/python3.12/site-packages/airflow/example_dags/example_params_trigger_ui.py for tasks to queue
[2024-12-31T17:05:30.820+0000] {logging_mixin.py:190} INFO - [2024-12-31T17:05:30.819+0000] {dagbag.py:588} INFO - Filling up the DagBag from /home/airflow/.local/lib/python3.12/site-packages/airflow/example_dags/example_params_trigger_ui.py
[2024-12-31T17:05:30.839+0000] {processor.py:925} INFO - DAG(s) 'example_params_trigger_ui' retrieved from /home/airflow/.local/lib/python3.12/site-packages/airflow/example_dags/example_params_trigger_ui.py
[2024-12-31T17:05:30.922+0000] {logging_mixin.py:190} INFO - [2024-12-31T17:05:30.921+0000] {dag.py:3239} INFO - Sync 1 DAGs
[2024-12-31T17:05:30.946+0000] {logging_mixin.py:190} INFO - [2024-12-31T17:05:30.946+0000] {dag.py:4180} INFO - Setting next_dagrun for example_params_trigger_ui to None, run_after=None
[2024-12-31T17:05:30.975+0000] {processor.py:208} INFO - Processing /home/airflow/.local/lib/python3.12/site-packages/airflow/example_dags/example_params_trigger_ui.py took 0.170 seconds
[2024-12-31T17:06:02.536+0000] {processor.py:186} INFO - Started process (PID=308) to work on /home/airflow/.local/lib/python3.12/site-packages/airflow/example_dags/example_params_trigger_ui.py
[2024-12-31T17:06:02.538+0000] {processor.py:914} INFO - Processing file /home/airflow/.local/lib/python3.12/site-packages/airflow/example_dags/example_params_trigger_ui.py for tasks to queue
[2024-12-31T17:06:02.542+0000] {logging_mixin.py:190} INFO - [2024-12-31T17:06:02.541+0000] {dagbag.py:588} INFO - Filling up the DagBag from /home/airflow/.local/lib/python3.12/site-packages/airflow/example_dags/example_params_trigger_ui.py
[2024-12-31T17:06:02.628+0000] {processor.py:925} INFO - DAG(s) 'example_params_trigger_ui' retrieved from /home/airflow/.local/lib/python3.12/site-packages/airflow/example_dags/example_params_trigger_ui.py
[2024-12-31T17:06:02.763+0000] {logging_mixin.py:190} INFO - [2024-12-31T17:06:02.763+0000] {dag.py:3239} INFO - Sync 1 DAGs
[2024-12-31T17:06:02.793+0000] {logging_mixin.py:190} INFO - [2024-12-31T17:06:02.793+0000] {dag.py:4180} INFO - Setting next_dagrun for example_params_trigger_ui to None, run_after=None
[2024-12-31T17:06:02.830+0000] {processor.py:208} INFO - Processing /home/airflow/.local/lib/python3.12/site-packages/airflow/example_dags/example_params_trigger_ui.py took 0.309 seconds
[2024-12-31T17:06:34.867+0000] {processor.py:186} INFO - Started process (PID=376) to work on /home/airflow/.local/lib/python3.12/site-packages/airflow/example_dags/example_params_trigger_ui.py
[2024-12-31T17:06:34.869+0000] {processor.py:914} INFO - Processing file /home/airflow/.local/lib/python3.12/site-packages/airflow/example_dags/example_params_trigger_ui.py for tasks to queue
[2024-12-31T17:06:34.872+0000] {logging_mixin.py:190} INFO - [2024-12-31T17:06:34.871+0000] {dagbag.py:588} INFO - Filling up the DagBag from /home/airflow/.local/lib/python3.12/site-packages/airflow/example_dags/example_params_trigger_ui.py
[2024-12-31T17:06:34.887+0000] {processor.py:925} INFO - DAG(s) 'example_params_trigger_ui' retrieved from /home/airflow/.local/lib/python3.12/site-packages/airflow/example_dags/example_params_trigger_ui.py
[2024-12-31T17:06:34.950+0000] {logging_mixin.py:190} INFO - [2024-12-31T17:06:34.949+0000] {dag.py:3239} INFO - Sync 1 DAGs
[2024-12-31T17:06:34.967+0000] {logging_mixin.py:190} INFO - [2024-12-31T17:06:34.967+0000] {dag.py:4180} INFO - Setting next_dagrun for example_params_trigger_ui to None, run_after=None
[2024-12-31T17:06:34.989+0000] {processor.py:208} INFO - Processing /home/airflow/.local/lib/python3.12/site-packages/airflow/example_dags/example_params_trigger_ui.py took 0.132 seconds
