[2024-12-31T17:04:06.471+0000] {processor.py:186} INFO - Started process (PID=91) to work on /home/airflow/.local/lib/python3.12/site-packages/airflow/example_dags/example_python_operator.py
[2024-12-31T17:04:06.472+0000] {processor.py:914} INFO - Processing file /home/airflow/.local/lib/python3.12/site-packages/airflow/example_dags/example_python_operator.py for tasks to queue
[2024-12-31T17:04:06.475+0000] {logging_mixin.py:190} INFO - [2024-12-31T17:04:06.475+0000] {dagbag.py:588} INFO - Filling up the DagBag from /home/airflow/.local/lib/python3.12/site-packages/airflow/example_dags/example_python_operator.py
[2024-12-31T17:04:06.498+0000] {processor.py:925} INFO - DAG(s) 'example_python_operator' retrieved from /home/airflow/.local/lib/python3.12/site-packages/airflow/example_dags/example_python_operator.py
[2024-12-31T17:04:06.676+0000] {logging_mixin.py:190} INFO - [2024-12-31T17:04:06.676+0000] {override.py:1911} INFO - Created Permission View: can read on DAG:example_python_operator
[2024-12-31T17:04:06.694+0000] {logging_mixin.py:190} INFO - [2024-12-31T17:04:06.694+0000] {override.py:1911} INFO - Created Permission View: can delete on DAG:example_python_operator
[2024-12-31T17:04:06.704+0000] {logging_mixin.py:190} INFO - [2024-12-31T17:04:06.703+0000] {override.py:1911} INFO - Created Permission View: can edit on DAG:example_python_operator
[2024-12-31T17:04:06.715+0000] {logging_mixin.py:190} INFO - [2024-12-31T17:04:06.714+0000] {override.py:1911} INFO - Created Permission View: can read on DAG Run:example_python_operator
[2024-12-31T17:04:06.725+0000] {logging_mixin.py:190} INFO - [2024-12-31T17:04:06.724+0000] {override.py:1911} INFO - Created Permission View: can delete on DAG Run:example_python_operator
[2024-12-31T17:04:06.736+0000] {logging_mixin.py:190} INFO - [2024-12-31T17:04:06.736+0000] {override.py:1911} INFO - Created Permission View: can create on DAG Run:example_python_operator
[2024-12-31T17:04:06.746+0000] {logging_mixin.py:190} INFO - [2024-12-31T17:04:06.746+0000] {override.py:1911} INFO - Created Permission View: menu access on DAG Run:example_python_operator
[2024-12-31T17:04:06.747+0000] {logging_mixin.py:190} INFO - [2024-12-31T17:04:06.746+0000] {dag.py:3239} INFO - Sync 1 DAGs
[2024-12-31T17:04:06.768+0000] {logging_mixin.py:190} INFO - [2024-12-31T17:04:06.767+0000] {dag.py:3262} INFO - Creating ORM DAG for example_python_operator
[2024-12-31T17:04:06.769+0000] {logging_mixin.py:190} INFO - [2024-12-31T17:04:06.768+0000] {dag.py:4180} INFO - Setting next_dagrun for example_python_operator to None, run_after=None
[2024-12-31T17:04:06.793+0000] {processor.py:208} INFO - Processing /home/airflow/.local/lib/python3.12/site-packages/airflow/example_dags/example_python_operator.py took 0.332 seconds
[2024-12-31T17:04:37.344+0000] {processor.py:186} INFO - Started process (PID=154) to work on /home/airflow/.local/lib/python3.12/site-packages/airflow/example_dags/example_python_operator.py
[2024-12-31T17:04:37.345+0000] {processor.py:914} INFO - Processing file /home/airflow/.local/lib/python3.12/site-packages/airflow/example_dags/example_python_operator.py for tasks to queue
[2024-12-31T17:04:37.348+0000] {logging_mixin.py:190} INFO - [2024-12-31T17:04:37.347+0000] {dagbag.py:588} INFO - Filling up the DagBag from /home/airflow/.local/lib/python3.12/site-packages/airflow/example_dags/example_python_operator.py
[2024-12-31T17:04:37.363+0000] {processor.py:925} INFO - DAG(s) 'example_python_operator' retrieved from /home/airflow/.local/lib/python3.12/site-packages/airflow/example_dags/example_python_operator.py
[2024-12-31T17:04:37.394+0000] {logging_mixin.py:190} INFO - [2024-12-31T17:04:37.394+0000] {dag.py:3239} INFO - Sync 1 DAGs
[2024-12-31T17:04:37.413+0000] {logging_mixin.py:190} INFO - [2024-12-31T17:04:37.412+0000] {dag.py:4180} INFO - Setting next_dagrun for example_python_operator to None, run_after=None
[2024-12-31T17:04:37.438+0000] {processor.py:208} INFO - Processing /home/airflow/.local/lib/python3.12/site-packages/airflow/example_dags/example_python_operator.py took 0.101 seconds
[2024-12-31T17:05:08.370+0000] {processor.py:186} INFO - Started process (PID=218) to work on /home/airflow/.local/lib/python3.12/site-packages/airflow/example_dags/example_python_operator.py
[2024-12-31T17:05:08.371+0000] {processor.py:914} INFO - Processing file /home/airflow/.local/lib/python3.12/site-packages/airflow/example_dags/example_python_operator.py for tasks to queue
[2024-12-31T17:05:08.374+0000] {logging_mixin.py:190} INFO - [2024-12-31T17:05:08.373+0000] {dagbag.py:588} INFO - Filling up the DagBag from /home/airflow/.local/lib/python3.12/site-packages/airflow/example_dags/example_python_operator.py
[2024-12-31T17:05:08.388+0000] {processor.py:925} INFO - DAG(s) 'example_python_operator' retrieved from /home/airflow/.local/lib/python3.12/site-packages/airflow/example_dags/example_python_operator.py
[2024-12-31T17:05:08.415+0000] {logging_mixin.py:190} INFO - [2024-12-31T17:05:08.415+0000] {dag.py:3239} INFO - Sync 1 DAGs
[2024-12-31T17:05:08.432+0000] {logging_mixin.py:190} INFO - [2024-12-31T17:05:08.432+0000] {dag.py:4180} INFO - Setting next_dagrun for example_python_operator to None, run_after=None
[2024-12-31T17:05:08.455+0000] {processor.py:208} INFO - Processing /home/airflow/.local/lib/python3.12/site-packages/airflow/example_dags/example_python_operator.py took 0.091 seconds
[2024-12-31T17:05:38.560+0000] {processor.py:186} INFO - Started process (PID=280) to work on /home/airflow/.local/lib/python3.12/site-packages/airflow/example_dags/example_python_operator.py
[2024-12-31T17:05:38.562+0000] {processor.py:914} INFO - Processing file /home/airflow/.local/lib/python3.12/site-packages/airflow/example_dags/example_python_operator.py for tasks to queue
[2024-12-31T17:05:38.565+0000] {logging_mixin.py:190} INFO - [2024-12-31T17:05:38.565+0000] {dagbag.py:588} INFO - Filling up the DagBag from /home/airflow/.local/lib/python3.12/site-packages/airflow/example_dags/example_python_operator.py
[2024-12-31T17:05:38.581+0000] {processor.py:925} INFO - DAG(s) 'example_python_operator' retrieved from /home/airflow/.local/lib/python3.12/site-packages/airflow/example_dags/example_python_operator.py
[2024-12-31T17:05:38.613+0000] {logging_mixin.py:190} INFO - [2024-12-31T17:05:38.612+0000] {dag.py:3239} INFO - Sync 1 DAGs
[2024-12-31T17:05:38.643+0000] {logging_mixin.py:190} INFO - [2024-12-31T17:05:38.643+0000] {dag.py:4180} INFO - Setting next_dagrun for example_python_operator to None, run_after=None
[2024-12-31T17:05:38.677+0000] {processor.py:208} INFO - Processing /home/airflow/.local/lib/python3.12/site-packages/airflow/example_dags/example_python_operator.py took 0.127 seconds
[2024-12-31T17:06:09.450+0000] {processor.py:186} INFO - Started process (PID=343) to work on /home/airflow/.local/lib/python3.12/site-packages/airflow/example_dags/example_python_operator.py
[2024-12-31T17:06:09.451+0000] {processor.py:914} INFO - Processing file /home/airflow/.local/lib/python3.12/site-packages/airflow/example_dags/example_python_operator.py for tasks to queue
[2024-12-31T17:06:09.455+0000] {logging_mixin.py:190} INFO - [2024-12-31T17:06:09.454+0000] {dagbag.py:588} INFO - Filling up the DagBag from /home/airflow/.local/lib/python3.12/site-packages/airflow/example_dags/example_python_operator.py
[2024-12-31T17:06:09.473+0000] {processor.py:925} INFO - DAG(s) 'example_python_operator' retrieved from /home/airflow/.local/lib/python3.12/site-packages/airflow/example_dags/example_python_operator.py
[2024-12-31T17:06:09.501+0000] {logging_mixin.py:190} INFO - [2024-12-31T17:06:09.501+0000] {dag.py:3239} INFO - Sync 1 DAGs
[2024-12-31T17:06:09.521+0000] {logging_mixin.py:190} INFO - [2024-12-31T17:06:09.520+0000] {dag.py:4180} INFO - Setting next_dagrun for example_python_operator to None, run_after=None
[2024-12-31T17:06:09.544+0000] {processor.py:208} INFO - Processing /home/airflow/.local/lib/python3.12/site-packages/airflow/example_dags/example_python_operator.py took 0.101 seconds
[2024-12-31T17:06:39.861+0000] {processor.py:186} INFO - Started process (PID=405) to work on /home/airflow/.local/lib/python3.12/site-packages/airflow/example_dags/example_python_operator.py
[2024-12-31T17:06:39.864+0000] {processor.py:914} INFO - Processing file /home/airflow/.local/lib/python3.12/site-packages/airflow/example_dags/example_python_operator.py for tasks to queue
[2024-12-31T17:06:39.876+0000] {logging_mixin.py:190} INFO - [2024-12-31T17:06:39.875+0000] {dagbag.py:588} INFO - Filling up the DagBag from /home/airflow/.local/lib/python3.12/site-packages/airflow/example_dags/example_python_operator.py
[2024-12-31T17:06:39.910+0000] {processor.py:925} INFO - DAG(s) 'example_python_operator' retrieved from /home/airflow/.local/lib/python3.12/site-packages/airflow/example_dags/example_python_operator.py
[2024-12-31T17:06:39.956+0000] {logging_mixin.py:190} INFO - [2024-12-31T17:06:39.955+0000] {dag.py:3239} INFO - Sync 1 DAGs
[2024-12-31T17:06:39.983+0000] {logging_mixin.py:190} INFO - [2024-12-31T17:06:39.983+0000] {dag.py:4180} INFO - Setting next_dagrun for example_python_operator to None, run_after=None
[2024-12-31T17:06:40.027+0000] {processor.py:208} INFO - Processing /home/airflow/.local/lib/python3.12/site-packages/airflow/example_dags/example_python_operator.py took 0.179 seconds
