[2024-12-31T17:04:07.644+0000] {processor.py:186} INFO - Started process (PID=95) to work on /home/airflow/.local/lib/python3.12/site-packages/airflow/example_dags/example_time_delta_sensor_async.py
[2024-12-31T17:04:07.646+0000] {processor.py:914} INFO - Processing file /home/airflow/.local/lib/python3.12/site-packages/airflow/example_dags/example_time_delta_sensor_async.py for tasks to queue
[2024-12-31T17:04:07.649+0000] {logging_mixin.py:190} INFO - [2024-12-31T17:04:07.649+0000] {dagbag.py:588} INFO - Filling up the DagBag from /home/airflow/.local/lib/python3.12/site-packages/airflow/example_dags/example_time_delta_sensor_async.py
[2024-12-31T17:04:07.661+0000] {processor.py:925} INFO - DAG(s) 'example_time_delta_sensor_async' retrieved from /home/airflow/.local/lib/python3.12/site-packages/airflow/example_dags/example_time_delta_sensor_async.py
[2024-12-31T17:04:07.847+0000] {logging_mixin.py:190} INFO - [2024-12-31T17:04:07.846+0000] {override.py:1911} INFO - Created Permission View: can read on DAG:example_time_delta_sensor_async
[2024-12-31T17:04:07.863+0000] {logging_mixin.py:190} INFO - [2024-12-31T17:04:07.863+0000] {override.py:1911} INFO - Created Permission View: can delete on DAG:example_time_delta_sensor_async
[2024-12-31T17:04:07.874+0000] {logging_mixin.py:190} INFO - [2024-12-31T17:04:07.873+0000] {override.py:1911} INFO - Created Permission View: can edit on DAG:example_time_delta_sensor_async
[2024-12-31T17:04:07.885+0000] {logging_mixin.py:190} INFO - [2024-12-31T17:04:07.884+0000] {override.py:1911} INFO - Created Permission View: can read on DAG Run:example_time_delta_sensor_async
[2024-12-31T17:04:07.894+0000] {logging_mixin.py:190} INFO - [2024-12-31T17:04:07.894+0000] {override.py:1911} INFO - Created Permission View: can delete on DAG Run:example_time_delta_sensor_async
[2024-12-31T17:04:07.904+0000] {logging_mixin.py:190} INFO - [2024-12-31T17:04:07.904+0000] {override.py:1911} INFO - Created Permission View: can create on DAG Run:example_time_delta_sensor_async
[2024-12-31T17:04:07.914+0000] {logging_mixin.py:190} INFO - [2024-12-31T17:04:07.913+0000] {override.py:1911} INFO - Created Permission View: menu access on DAG Run:example_time_delta_sensor_async
[2024-12-31T17:04:07.914+0000] {logging_mixin.py:190} INFO - [2024-12-31T17:04:07.914+0000] {dag.py:3239} INFO - Sync 1 DAGs
[2024-12-31T17:04:07.947+0000] {logging_mixin.py:190} INFO - [2024-12-31T17:04:07.941+0000] {dag.py:3262} INFO - Creating ORM DAG for example_time_delta_sensor_async
[2024-12-31T17:04:07.952+0000] {logging_mixin.py:190} INFO - [2024-12-31T17:04:07.951+0000] {dag.py:4180} INFO - Setting next_dagrun for example_time_delta_sensor_async to None, run_after=None
[2024-12-31T17:04:08.004+0000] {processor.py:208} INFO - Processing /home/airflow/.local/lib/python3.12/site-packages/airflow/example_dags/example_time_delta_sensor_async.py took 0.370 seconds
[2024-12-31T17:04:38.905+0000] {processor.py:186} INFO - Started process (PID=158) to work on /home/airflow/.local/lib/python3.12/site-packages/airflow/example_dags/example_time_delta_sensor_async.py
[2024-12-31T17:04:38.908+0000] {processor.py:914} INFO - Processing file /home/airflow/.local/lib/python3.12/site-packages/airflow/example_dags/example_time_delta_sensor_async.py for tasks to queue
[2024-12-31T17:04:38.913+0000] {logging_mixin.py:190} INFO - [2024-12-31T17:04:38.912+0000] {dagbag.py:588} INFO - Filling up the DagBag from /home/airflow/.local/lib/python3.12/site-packages/airflow/example_dags/example_time_delta_sensor_async.py
[2024-12-31T17:04:38.926+0000] {processor.py:925} INFO - DAG(s) 'example_time_delta_sensor_async' retrieved from /home/airflow/.local/lib/python3.12/site-packages/airflow/example_dags/example_time_delta_sensor_async.py
[2024-12-31T17:04:38.950+0000] {logging_mixin.py:190} INFO - [2024-12-31T17:04:38.949+0000] {dag.py:3239} INFO - Sync 1 DAGs
[2024-12-31T17:04:38.972+0000] {logging_mixin.py:190} INFO - [2024-12-31T17:04:38.972+0000] {dag.py:4180} INFO - Setting next_dagrun for example_time_delta_sensor_async to None, run_after=None
[2024-12-31T17:04:39.002+0000] {processor.py:208} INFO - Processing /home/airflow/.local/lib/python3.12/site-packages/airflow/example_dags/example_time_delta_sensor_async.py took 0.122 seconds
[2024-12-31T17:05:09.203+0000] {processor.py:186} INFO - Started process (PID=221) to work on /home/airflow/.local/lib/python3.12/site-packages/airflow/example_dags/example_time_delta_sensor_async.py
[2024-12-31T17:05:09.204+0000] {processor.py:914} INFO - Processing file /home/airflow/.local/lib/python3.12/site-packages/airflow/example_dags/example_time_delta_sensor_async.py for tasks to queue
[2024-12-31T17:05:09.206+0000] {logging_mixin.py:190} INFO - [2024-12-31T17:05:09.206+0000] {dagbag.py:588} INFO - Filling up the DagBag from /home/airflow/.local/lib/python3.12/site-packages/airflow/example_dags/example_time_delta_sensor_async.py
[2024-12-31T17:05:09.214+0000] {processor.py:925} INFO - DAG(s) 'example_time_delta_sensor_async' retrieved from /home/airflow/.local/lib/python3.12/site-packages/airflow/example_dags/example_time_delta_sensor_async.py
[2024-12-31T17:05:09.237+0000] {logging_mixin.py:190} INFO - [2024-12-31T17:05:09.237+0000] {dag.py:3239} INFO - Sync 1 DAGs
[2024-12-31T17:05:09.254+0000] {logging_mixin.py:190} INFO - [2024-12-31T17:05:09.254+0000] {dag.py:4180} INFO - Setting next_dagrun for example_time_delta_sensor_async to None, run_after=None
[2024-12-31T17:05:09.278+0000] {processor.py:208} INFO - Processing /home/airflow/.local/lib/python3.12/site-packages/airflow/example_dags/example_time_delta_sensor_async.py took 0.082 seconds
[2024-12-31T17:05:39.892+0000] {processor.py:186} INFO - Started process (PID=284) to work on /home/airflow/.local/lib/python3.12/site-packages/airflow/example_dags/example_time_delta_sensor_async.py
[2024-12-31T17:05:39.895+0000] {processor.py:914} INFO - Processing file /home/airflow/.local/lib/python3.12/site-packages/airflow/example_dags/example_time_delta_sensor_async.py for tasks to queue
[2024-12-31T17:05:39.900+0000] {logging_mixin.py:190} INFO - [2024-12-31T17:05:39.899+0000] {dagbag.py:588} INFO - Filling up the DagBag from /home/airflow/.local/lib/python3.12/site-packages/airflow/example_dags/example_time_delta_sensor_async.py
[2024-12-31T17:05:39.917+0000] {processor.py:925} INFO - DAG(s) 'example_time_delta_sensor_async' retrieved from /home/airflow/.local/lib/python3.12/site-packages/airflow/example_dags/example_time_delta_sensor_async.py
[2024-12-31T17:05:39.965+0000] {logging_mixin.py:190} INFO - [2024-12-31T17:05:39.965+0000] {dag.py:3239} INFO - Sync 1 DAGs
[2024-12-31T17:05:39.995+0000] {logging_mixin.py:190} INFO - [2024-12-31T17:05:39.994+0000] {dag.py:4180} INFO - Setting next_dagrun for example_time_delta_sensor_async to None, run_after=None
[2024-12-31T17:05:40.031+0000] {processor.py:208} INFO - Processing /home/airflow/.local/lib/python3.12/site-packages/airflow/example_dags/example_time_delta_sensor_async.py took 0.152 seconds
[2024-12-31T17:06:10.743+0000] {processor.py:186} INFO - Started process (PID=346) to work on /home/airflow/.local/lib/python3.12/site-packages/airflow/example_dags/example_time_delta_sensor_async.py
[2024-12-31T17:06:10.744+0000] {processor.py:914} INFO - Processing file /home/airflow/.local/lib/python3.12/site-packages/airflow/example_dags/example_time_delta_sensor_async.py for tasks to queue
[2024-12-31T17:06:10.747+0000] {logging_mixin.py:190} INFO - [2024-12-31T17:06:10.747+0000] {dagbag.py:588} INFO - Filling up the DagBag from /home/airflow/.local/lib/python3.12/site-packages/airflow/example_dags/example_time_delta_sensor_async.py
[2024-12-31T17:06:10.757+0000] {processor.py:925} INFO - DAG(s) 'example_time_delta_sensor_async' retrieved from /home/airflow/.local/lib/python3.12/site-packages/airflow/example_dags/example_time_delta_sensor_async.py
[2024-12-31T17:06:10.793+0000] {logging_mixin.py:190} INFO - [2024-12-31T17:06:10.793+0000] {dag.py:3239} INFO - Sync 1 DAGs
[2024-12-31T17:06:10.817+0000] {logging_mixin.py:190} INFO - [2024-12-31T17:06:10.817+0000] {dag.py:4180} INFO - Setting next_dagrun for example_time_delta_sensor_async to None, run_after=None
[2024-12-31T17:06:10.843+0000] {processor.py:208} INFO - Processing /home/airflow/.local/lib/python3.12/site-packages/airflow/example_dags/example_time_delta_sensor_async.py took 0.113 seconds
[2024-12-31T17:06:41.324+0000] {processor.py:186} INFO - Started process (PID=408) to work on /home/airflow/.local/lib/python3.12/site-packages/airflow/example_dags/example_time_delta_sensor_async.py
[2024-12-31T17:06:41.326+0000] {processor.py:914} INFO - Processing file /home/airflow/.local/lib/python3.12/site-packages/airflow/example_dags/example_time_delta_sensor_async.py for tasks to queue
[2024-12-31T17:06:41.330+0000] {logging_mixin.py:190} INFO - [2024-12-31T17:06:41.329+0000] {dagbag.py:588} INFO - Filling up the DagBag from /home/airflow/.local/lib/python3.12/site-packages/airflow/example_dags/example_time_delta_sensor_async.py
[2024-12-31T17:06:41.341+0000] {processor.py:925} INFO - DAG(s) 'example_time_delta_sensor_async' retrieved from /home/airflow/.local/lib/python3.12/site-packages/airflow/example_dags/example_time_delta_sensor_async.py
[2024-12-31T17:06:41.380+0000] {logging_mixin.py:190} INFO - [2024-12-31T17:06:41.380+0000] {dag.py:3239} INFO - Sync 1 DAGs
[2024-12-31T17:06:41.408+0000] {logging_mixin.py:190} INFO - [2024-12-31T17:06:41.408+0000] {dag.py:4180} INFO - Setting next_dagrun for example_time_delta_sensor_async to None, run_after=None
[2024-12-31T17:06:41.437+0000] {processor.py:208} INFO - Processing /home/airflow/.local/lib/python3.12/site-packages/airflow/example_dags/example_time_delta_sensor_async.py took 0.123 seconds
