[2024-12-31T17:04:03.468+0000] {processor.py:186} INFO - Started process (PID=81) to work on /home/airflow/.local/lib/python3.12/site-packages/airflow/example_dags/example_params_ui_tutorial.py
[2024-12-31T17:04:03.469+0000] {processor.py:914} INFO - Processing file /home/airflow/.local/lib/python3.12/site-packages/airflow/example_dags/example_params_ui_tutorial.py for tasks to queue
[2024-12-31T17:04:03.472+0000] {logging_mixin.py:190} INFO - [2024-12-31T17:04:03.471+0000] {dagbag.py:588} INFO - Filling up the DagBag from /home/airflow/.local/lib/python3.12/site-packages/airflow/example_dags/example_params_ui_tutorial.py
[2024-12-31T17:04:03.492+0000] {processor.py:925} INFO - DAG(s) 'example_params_ui_tutorial' retrieved from /home/airflow/.local/lib/python3.12/site-packages/airflow/example_dags/example_params_ui_tutorial.py
[2024-12-31T17:04:03.842+0000] {logging_mixin.py:190} INFO - [2024-12-31T17:04:03.841+0000] {override.py:1911} INFO - Created Permission View: can read on DAG:example_params_ui_tutorial
[2024-12-31T17:04:03.857+0000] {logging_mixin.py:190} INFO - [2024-12-31T17:04:03.856+0000] {override.py:1911} INFO - Created Permission View: can delete on DAG:example_params_ui_tutorial
[2024-12-31T17:04:03.866+0000] {logging_mixin.py:190} INFO - [2024-12-31T17:04:03.866+0000] {override.py:1911} INFO - Created Permission View: can edit on DAG:example_params_ui_tutorial
[2024-12-31T17:04:03.876+0000] {logging_mixin.py:190} INFO - [2024-12-31T17:04:03.875+0000] {override.py:1911} INFO - Created Permission View: can read on DAG Run:example_params_ui_tutorial
[2024-12-31T17:04:03.885+0000] {logging_mixin.py:190} INFO - [2024-12-31T17:04:03.885+0000] {override.py:1911} INFO - Created Permission View: can delete on DAG Run:example_params_ui_tutorial
[2024-12-31T17:04:03.895+0000] {logging_mixin.py:190} INFO - [2024-12-31T17:04:03.894+0000] {override.py:1911} INFO - Created Permission View: can create on DAG Run:example_params_ui_tutorial
[2024-12-31T17:04:03.906+0000] {logging_mixin.py:190} INFO - [2024-12-31T17:04:03.906+0000] {override.py:1911} INFO - Created Permission View: menu access on DAG Run:example_params_ui_tutorial
[2024-12-31T17:04:03.907+0000] {logging_mixin.py:190} INFO - [2024-12-31T17:04:03.907+0000] {dag.py:3239} INFO - Sync 1 DAGs
[2024-12-31T17:04:03.940+0000] {logging_mixin.py:190} INFO - [2024-12-31T17:04:03.940+0000] {dag.py:3262} INFO - Creating ORM DAG for example_params_ui_tutorial
[2024-12-31T17:04:03.941+0000] {logging_mixin.py:190} INFO - [2024-12-31T17:04:03.941+0000] {dag.py:4180} INFO - Setting next_dagrun for example_params_ui_tutorial to None, run_after=None
[2024-12-31T17:04:03.968+0000] {processor.py:208} INFO - Processing /home/airflow/.local/lib/python3.12/site-packages/airflow/example_dags/example_params_ui_tutorial.py took 0.508 seconds
[2024-12-31T17:04:34.341+0000] {processor.py:186} INFO - Started process (PID=144) to work on /home/airflow/.local/lib/python3.12/site-packages/airflow/example_dags/example_params_ui_tutorial.py
[2024-12-31T17:04:34.343+0000] {processor.py:914} INFO - Processing file /home/airflow/.local/lib/python3.12/site-packages/airflow/example_dags/example_params_ui_tutorial.py for tasks to queue
[2024-12-31T17:04:34.346+0000] {logging_mixin.py:190} INFO - [2024-12-31T17:04:34.346+0000] {dagbag.py:588} INFO - Filling up the DagBag from /home/airflow/.local/lib/python3.12/site-packages/airflow/example_dags/example_params_ui_tutorial.py
[2024-12-31T17:04:34.363+0000] {processor.py:925} INFO - DAG(s) 'example_params_ui_tutorial' retrieved from /home/airflow/.local/lib/python3.12/site-packages/airflow/example_dags/example_params_ui_tutorial.py
[2024-12-31T17:04:34.420+0000] {logging_mixin.py:190} INFO - [2024-12-31T17:04:34.419+0000] {dag.py:3239} INFO - Sync 1 DAGs
[2024-12-31T17:04:34.441+0000] {logging_mixin.py:190} INFO - [2024-12-31T17:04:34.440+0000] {dag.py:4180} INFO - Setting next_dagrun for example_params_ui_tutorial to None, run_after=None
[2024-12-31T17:04:34.477+0000] {processor.py:208} INFO - Processing /home/airflow/.local/lib/python3.12/site-packages/airflow/example_dags/example_params_ui_tutorial.py took 0.146 seconds
[2024-12-31T17:05:04.587+0000] {processor.py:186} INFO - Started process (PID=208) to work on /home/airflow/.local/lib/python3.12/site-packages/airflow/example_dags/example_params_ui_tutorial.py
[2024-12-31T17:05:04.588+0000] {processor.py:914} INFO - Processing file /home/airflow/.local/lib/python3.12/site-packages/airflow/example_dags/example_params_ui_tutorial.py for tasks to queue
[2024-12-31T17:05:04.592+0000] {logging_mixin.py:190} INFO - [2024-12-31T17:05:04.591+0000] {dagbag.py:588} INFO - Filling up the DagBag from /home/airflow/.local/lib/python3.12/site-packages/airflow/example_dags/example_params_ui_tutorial.py
[2024-12-31T17:05:04.606+0000] {processor.py:925} INFO - DAG(s) 'example_params_ui_tutorial' retrieved from /home/airflow/.local/lib/python3.12/site-packages/airflow/example_dags/example_params_ui_tutorial.py
[2024-12-31T17:05:04.672+0000] {logging_mixin.py:190} INFO - [2024-12-31T17:05:04.671+0000] {dag.py:3239} INFO - Sync 1 DAGs
[2024-12-31T17:05:04.690+0000] {logging_mixin.py:190} INFO - [2024-12-31T17:05:04.690+0000] {dag.py:4180} INFO - Setting next_dagrun for example_params_ui_tutorial to None, run_after=None
[2024-12-31T17:05:04.712+0000] {processor.py:208} INFO - Processing /home/airflow/.local/lib/python3.12/site-packages/airflow/example_dags/example_params_ui_tutorial.py took 0.134 seconds
[2024-12-31T17:05:35.672+0000] {processor.py:186} INFO - Started process (PID=271) to work on /home/airflow/.local/lib/python3.12/site-packages/airflow/example_dags/example_params_ui_tutorial.py
[2024-12-31T17:05:35.673+0000] {processor.py:914} INFO - Processing file /home/airflow/.local/lib/python3.12/site-packages/airflow/example_dags/example_params_ui_tutorial.py for tasks to queue
[2024-12-31T17:05:35.677+0000] {logging_mixin.py:190} INFO - [2024-12-31T17:05:35.676+0000] {dagbag.py:588} INFO - Filling up the DagBag from /home/airflow/.local/lib/python3.12/site-packages/airflow/example_dags/example_params_ui_tutorial.py
[2024-12-31T17:05:35.695+0000] {processor.py:925} INFO - DAG(s) 'example_params_ui_tutorial' retrieved from /home/airflow/.local/lib/python3.12/site-packages/airflow/example_dags/example_params_ui_tutorial.py
[2024-12-31T17:05:35.775+0000] {logging_mixin.py:190} INFO - [2024-12-31T17:05:35.774+0000] {dag.py:3239} INFO - Sync 1 DAGs
[2024-12-31T17:05:35.798+0000] {logging_mixin.py:190} INFO - [2024-12-31T17:05:35.797+0000] {dag.py:4180} INFO - Setting next_dagrun for example_params_ui_tutorial to None, run_after=None
[2024-12-31T17:05:35.823+0000] {processor.py:208} INFO - Processing /home/airflow/.local/lib/python3.12/site-packages/airflow/example_dags/example_params_ui_tutorial.py took 0.164 seconds
[2024-12-31T17:06:06.678+0000] {processor.py:186} INFO - Started process (PID=334) to work on /home/airflow/.local/lib/python3.12/site-packages/airflow/example_dags/example_params_ui_tutorial.py
[2024-12-31T17:06:06.679+0000] {processor.py:914} INFO - Processing file /home/airflow/.local/lib/python3.12/site-packages/airflow/example_dags/example_params_ui_tutorial.py for tasks to queue
[2024-12-31T17:06:06.683+0000] {logging_mixin.py:190} INFO - [2024-12-31T17:06:06.682+0000] {dagbag.py:588} INFO - Filling up the DagBag from /home/airflow/.local/lib/python3.12/site-packages/airflow/example_dags/example_params_ui_tutorial.py
[2024-12-31T17:06:06.701+0000] {processor.py:925} INFO - DAG(s) 'example_params_ui_tutorial' retrieved from /home/airflow/.local/lib/python3.12/site-packages/airflow/example_dags/example_params_ui_tutorial.py
[2024-12-31T17:06:06.784+0000] {logging_mixin.py:190} INFO - [2024-12-31T17:06:06.784+0000] {dag.py:3239} INFO - Sync 1 DAGs
[2024-12-31T17:06:06.812+0000] {logging_mixin.py:190} INFO - [2024-12-31T17:06:06.811+0000] {dag.py:4180} INFO - Setting next_dagrun for example_params_ui_tutorial to None, run_after=None
[2024-12-31T17:06:06.848+0000] {processor.py:208} INFO - Processing /home/airflow/.local/lib/python3.12/site-packages/airflow/example_dags/example_params_ui_tutorial.py took 0.179 seconds
[2024-12-31T17:06:37.017+0000] {processor.py:186} INFO - Started process (PID=396) to work on /home/airflow/.local/lib/python3.12/site-packages/airflow/example_dags/example_params_ui_tutorial.py
[2024-12-31T17:06:37.031+0000] {processor.py:914} INFO - Processing file /home/airflow/.local/lib/python3.12/site-packages/airflow/example_dags/example_params_ui_tutorial.py for tasks to queue
[2024-12-31T17:06:37.054+0000] {logging_mixin.py:190} INFO - [2024-12-31T17:06:37.053+0000] {dagbag.py:588} INFO - Filling up the DagBag from /home/airflow/.local/lib/python3.12/site-packages/airflow/example_dags/example_params_ui_tutorial.py
[2024-12-31T17:06:37.075+0000] {processor.py:925} INFO - DAG(s) 'example_params_ui_tutorial' retrieved from /home/airflow/.local/lib/python3.12/site-packages/airflow/example_dags/example_params_ui_tutorial.py
[2024-12-31T17:06:37.160+0000] {logging_mixin.py:190} INFO - [2024-12-31T17:06:37.160+0000] {dag.py:3239} INFO - Sync 1 DAGs
[2024-12-31T17:06:37.195+0000] {logging_mixin.py:190} INFO - [2024-12-31T17:06:37.194+0000] {dag.py:4180} INFO - Setting next_dagrun for example_params_ui_tutorial to None, run_after=None
[2024-12-31T17:06:37.226+0000] {processor.py:208} INFO - Processing /home/airflow/.local/lib/python3.12/site-packages/airflow/example_dags/example_params_ui_tutorial.py took 0.223 seconds
