[2024-12-31T17:04:01.904+0000] {processor.py:186} INFO - Started process (PID=69) to work on /home/airflow/.local/lib/python3.12/site-packages/airflow/example_dags/example_branch_datetime_operator.py
[2024-12-31T17:04:01.905+0000] {processor.py:914} INFO - Processing file /home/airflow/.local/lib/python3.12/site-packages/airflow/example_dags/example_branch_datetime_operator.py for tasks to queue
[2024-12-31T17:04:01.909+0000] {logging_mixin.py:190} INFO - [2024-12-31T17:04:01.909+0000] {dagbag.py:588} INFO - Filling up the DagBag from /home/airflow/.local/lib/python3.12/site-packages/airflow/example_dags/example_branch_datetime_operator.py
[2024-12-31T17:04:01.935+0000] {processor.py:925} INFO - DAG(s) 'example_branch_datetime_operator_2', 'example_branch_datetime_operator_3', 'example_branch_datetime_operator' retrieved from /home/airflow/.local/lib/python3.12/site-packages/airflow/example_dags/example_branch_datetime_operator.py
[2024-12-31T17:04:02.184+0000] {logging_mixin.py:190} INFO - [2024-12-31T17:04:02.183+0000] {override.py:1911} INFO - Created Permission View: can read on DAG:example_branch_datetime_operator_2
[2024-12-31T17:04:02.205+0000] {logging_mixin.py:190} INFO - [2024-12-31T17:04:02.204+0000] {override.py:1911} INFO - Created Permission View: can delete on DAG:example_branch_datetime_operator_2
[2024-12-31T17:04:02.213+0000] {logging_mixin.py:190} INFO - [2024-12-31T17:04:02.212+0000] {override.py:1911} INFO - Created Permission View: can edit on DAG:example_branch_datetime_operator_2
[2024-12-31T17:04:02.223+0000] {logging_mixin.py:190} INFO - [2024-12-31T17:04:02.222+0000] {override.py:1911} INFO - Created Permission View: can read on DAG Run:example_branch_datetime_operator_2
[2024-12-31T17:04:02.233+0000] {logging_mixin.py:190} INFO - [2024-12-31T17:04:02.232+0000] {override.py:1911} INFO - Created Permission View: can delete on DAG Run:example_branch_datetime_operator_2
[2024-12-31T17:04:02.240+0000] {logging_mixin.py:190} INFO - [2024-12-31T17:04:02.240+0000] {override.py:1911} INFO - Created Permission View: can create on DAG Run:example_branch_datetime_operator_2
[2024-12-31T17:04:02.248+0000] {logging_mixin.py:190} INFO - [2024-12-31T17:04:02.248+0000] {override.py:1911} INFO - Created Permission View: menu access on DAG Run:example_branch_datetime_operator_2
[2024-12-31T17:04:02.262+0000] {logging_mixin.py:190} INFO - [2024-12-31T17:04:02.262+0000] {override.py:1911} INFO - Created Permission View: can read on DAG:example_branch_datetime_operator_3
[2024-12-31T17:04:02.273+0000] {logging_mixin.py:190} INFO - [2024-12-31T17:04:02.272+0000] {override.py:1911} INFO - Created Permission View: can delete on DAG:example_branch_datetime_operator_3
[2024-12-31T17:04:02.282+0000] {logging_mixin.py:190} INFO - [2024-12-31T17:04:02.282+0000] {override.py:1911} INFO - Created Permission View: can edit on DAG:example_branch_datetime_operator_3
[2024-12-31T17:04:02.294+0000] {logging_mixin.py:190} INFO - [2024-12-31T17:04:02.293+0000] {override.py:1911} INFO - Created Permission View: can read on DAG Run:example_branch_datetime_operator_3
[2024-12-31T17:04:02.304+0000] {logging_mixin.py:190} INFO - [2024-12-31T17:04:02.304+0000] {override.py:1911} INFO - Created Permission View: can delete on DAG Run:example_branch_datetime_operator_3
[2024-12-31T17:04:02.314+0000] {logging_mixin.py:190} INFO - [2024-12-31T17:04:02.314+0000] {override.py:1911} INFO - Created Permission View: can create on DAG Run:example_branch_datetime_operator_3
[2024-12-31T17:04:02.325+0000] {logging_mixin.py:190} INFO - [2024-12-31T17:04:02.324+0000] {override.py:1911} INFO - Created Permission View: menu access on DAG Run:example_branch_datetime_operator_3
[2024-12-31T17:04:02.343+0000] {logging_mixin.py:190} INFO - [2024-12-31T17:04:02.342+0000] {override.py:1911} INFO - Created Permission View: can read on DAG:example_branch_datetime_operator
[2024-12-31T17:04:02.351+0000] {logging_mixin.py:190} INFO - [2024-12-31T17:04:02.351+0000] {override.py:1911} INFO - Created Permission View: can delete on DAG:example_branch_datetime_operator
[2024-12-31T17:04:02.360+0000] {logging_mixin.py:190} INFO - [2024-12-31T17:04:02.360+0000] {override.py:1911} INFO - Created Permission View: can edit on DAG:example_branch_datetime_operator
[2024-12-31T17:04:02.373+0000] {logging_mixin.py:190} INFO - [2024-12-31T17:04:02.373+0000] {override.py:1911} INFO - Created Permission View: can read on DAG Run:example_branch_datetime_operator
[2024-12-31T17:04:02.383+0000] {logging_mixin.py:190} INFO - [2024-12-31T17:04:02.383+0000] {override.py:1911} INFO - Created Permission View: can delete on DAG Run:example_branch_datetime_operator
[2024-12-31T17:04:02.393+0000] {logging_mixin.py:190} INFO - [2024-12-31T17:04:02.392+0000] {override.py:1911} INFO - Created Permission View: can create on DAG Run:example_branch_datetime_operator
[2024-12-31T17:04:02.402+0000] {logging_mixin.py:190} INFO - [2024-12-31T17:04:02.402+0000] {override.py:1911} INFO - Created Permission View: menu access on DAG Run:example_branch_datetime_operator
[2024-12-31T17:04:02.403+0000] {logging_mixin.py:190} INFO - [2024-12-31T17:04:02.403+0000] {dag.py:3239} INFO - Sync 3 DAGs
[2024-12-31T17:04:02.438+0000] {logging_mixin.py:190} INFO - [2024-12-31T17:04:02.438+0000] {dag.py:3262} INFO - Creating ORM DAG for example_branch_datetime_operator
[2024-12-31T17:04:02.439+0000] {logging_mixin.py:190} INFO - [2024-12-31T17:04:02.439+0000] {dag.py:3262} INFO - Creating ORM DAG for example_branch_datetime_operator_2
[2024-12-31T17:04:02.457+0000] {logging_mixin.py:190} INFO - [2024-12-31T17:04:02.455+0000] {dag.py:3262} INFO - Creating ORM DAG for example_branch_datetime_operator_3
[2024-12-31T17:04:02.476+0000] {logging_mixin.py:190} INFO - [2024-12-31T17:04:02.476+0000] {dag.py:4180} INFO - Setting next_dagrun for example_branch_datetime_operator to 2024-12-30 00:00:00+00:00, run_after=2024-12-31 00:00:00+00:00
[2024-12-31T17:04:02.480+0000] {logging_mixin.py:190} INFO - [2024-12-31T17:04:02.480+0000] {dag.py:4180} INFO - Setting next_dagrun for example_branch_datetime_operator_2 to 2024-12-30 00:00:00+00:00, run_after=2024-12-31 00:00:00+00:00
[2024-12-31T17:04:02.484+0000] {logging_mixin.py:190} INFO - [2024-12-31T17:04:02.484+0000] {dag.py:4180} INFO - Setting next_dagrun for example_branch_datetime_operator_3 to 2024-12-30 00:00:00+00:00, run_after=2024-12-31 00:00:00+00:00
[2024-12-31T17:04:02.514+0000] {processor.py:208} INFO - Processing /home/airflow/.local/lib/python3.12/site-packages/airflow/example_dags/example_branch_datetime_operator.py took 0.620 seconds
[2024-12-31T17:04:32.761+0000] {processor.py:186} INFO - Started process (PID=132) to work on /home/airflow/.local/lib/python3.12/site-packages/airflow/example_dags/example_branch_datetime_operator.py
[2024-12-31T17:04:32.762+0000] {processor.py:914} INFO - Processing file /home/airflow/.local/lib/python3.12/site-packages/airflow/example_dags/example_branch_datetime_operator.py for tasks to queue
[2024-12-31T17:04:32.765+0000] {logging_mixin.py:190} INFO - [2024-12-31T17:04:32.764+0000] {dagbag.py:588} INFO - Filling up the DagBag from /home/airflow/.local/lib/python3.12/site-packages/airflow/example_dags/example_branch_datetime_operator.py
[2024-12-31T17:04:32.778+0000] {processor.py:925} INFO - DAG(s) 'example_branch_datetime_operator_3', 'example_branch_datetime_operator_2', 'example_branch_datetime_operator' retrieved from /home/airflow/.local/lib/python3.12/site-packages/airflow/example_dags/example_branch_datetime_operator.py
[2024-12-31T17:04:32.809+0000] {logging_mixin.py:190} INFO - [2024-12-31T17:04:32.809+0000] {dag.py:3239} INFO - Sync 3 DAGs
[2024-12-31T17:04:32.842+0000] {logging_mixin.py:190} INFO - [2024-12-31T17:04:32.841+0000] {dag.py:4180} INFO - Setting next_dagrun for example_branch_datetime_operator to 2024-12-30 00:00:00+00:00, run_after=2024-12-31 00:00:00+00:00
[2024-12-31T17:04:32.849+0000] {logging_mixin.py:190} INFO - [2024-12-31T17:04:32.849+0000] {dag.py:4180} INFO - Setting next_dagrun for example_branch_datetime_operator_2 to 2024-12-30 00:00:00+00:00, run_after=2024-12-31 00:00:00+00:00
[2024-12-31T17:04:32.852+0000] {logging_mixin.py:190} INFO - [2024-12-31T17:04:32.852+0000] {dag.py:4180} INFO - Setting next_dagrun for example_branch_datetime_operator_3 to 2024-12-30 00:00:00+00:00, run_after=2024-12-31 00:00:00+00:00
[2024-12-31T17:04:32.872+0000] {processor.py:208} INFO - Processing /home/airflow/.local/lib/python3.12/site-packages/airflow/example_dags/example_branch_datetime_operator.py took 0.118 seconds
[2024-12-31T17:05:02.994+0000] {processor.py:186} INFO - Started process (PID=195) to work on /home/airflow/.local/lib/python3.12/site-packages/airflow/example_dags/example_branch_datetime_operator.py
[2024-12-31T17:05:02.995+0000] {processor.py:914} INFO - Processing file /home/airflow/.local/lib/python3.12/site-packages/airflow/example_dags/example_branch_datetime_operator.py for tasks to queue
[2024-12-31T17:05:02.998+0000] {logging_mixin.py:190} INFO - [2024-12-31T17:05:02.998+0000] {dagbag.py:588} INFO - Filling up the DagBag from /home/airflow/.local/lib/python3.12/site-packages/airflow/example_dags/example_branch_datetime_operator.py
[2024-12-31T17:05:03.013+0000] {processor.py:925} INFO - DAG(s) 'example_branch_datetime_operator_2', 'example_branch_datetime_operator_3', 'example_branch_datetime_operator' retrieved from /home/airflow/.local/lib/python3.12/site-packages/airflow/example_dags/example_branch_datetime_operator.py
[2024-12-31T17:05:03.046+0000] {logging_mixin.py:190} INFO - [2024-12-31T17:05:03.046+0000] {dag.py:3239} INFO - Sync 3 DAGs
[2024-12-31T17:05:03.084+0000] {logging_mixin.py:190} INFO - [2024-12-31T17:05:03.084+0000] {dag.py:4180} INFO - Setting next_dagrun for example_branch_datetime_operator to 2024-12-30 00:00:00+00:00, run_after=2024-12-31 00:00:00+00:00
[2024-12-31T17:05:03.090+0000] {logging_mixin.py:190} INFO - [2024-12-31T17:05:03.090+0000] {dag.py:4180} INFO - Setting next_dagrun for example_branch_datetime_operator_2 to 2024-12-30 00:00:00+00:00, run_after=2024-12-31 00:00:00+00:00
[2024-12-31T17:05:03.094+0000] {logging_mixin.py:190} INFO - [2024-12-31T17:05:03.093+0000] {dag.py:4180} INFO - Setting next_dagrun for example_branch_datetime_operator_3 to 2024-12-30 00:00:00+00:00, run_after=2024-12-31 00:00:00+00:00
[2024-12-31T17:05:03.115+0000] {processor.py:208} INFO - Processing /home/airflow/.local/lib/python3.12/site-packages/airflow/example_dags/example_branch_datetime_operator.py took 0.130 seconds
[2024-12-31T17:05:33.925+0000] {processor.py:186} INFO - Started process (PID=265) to work on /home/airflow/.local/lib/python3.12/site-packages/airflow/example_dags/example_branch_datetime_operator.py
[2024-12-31T17:05:33.926+0000] {processor.py:914} INFO - Processing file /home/airflow/.local/lib/python3.12/site-packages/airflow/example_dags/example_branch_datetime_operator.py for tasks to queue
[2024-12-31T17:05:33.930+0000] {logging_mixin.py:190} INFO - [2024-12-31T17:05:33.929+0000] {dagbag.py:588} INFO - Filling up the DagBag from /home/airflow/.local/lib/python3.12/site-packages/airflow/example_dags/example_branch_datetime_operator.py
[2024-12-31T17:05:33.951+0000] {processor.py:925} INFO - DAG(s) 'example_branch_datetime_operator', 'example_branch_datetime_operator_2', 'example_branch_datetime_operator_3' retrieved from /home/airflow/.local/lib/python3.12/site-packages/airflow/example_dags/example_branch_datetime_operator.py
[2024-12-31T17:05:33.992+0000] {logging_mixin.py:190} INFO - [2024-12-31T17:05:33.992+0000] {dag.py:3239} INFO - Sync 3 DAGs
[2024-12-31T17:05:34.030+0000] {logging_mixin.py:190} INFO - [2024-12-31T17:05:34.030+0000] {dag.py:4180} INFO - Setting next_dagrun for example_branch_datetime_operator to 2024-12-30 00:00:00+00:00, run_after=2024-12-31 00:00:00+00:00
[2024-12-31T17:05:34.039+0000] {logging_mixin.py:190} INFO - [2024-12-31T17:05:34.039+0000] {dag.py:4180} INFO - Setting next_dagrun for example_branch_datetime_operator_2 to 2024-12-30 00:00:00+00:00, run_after=2024-12-31 00:00:00+00:00
[2024-12-31T17:05:34.044+0000] {logging_mixin.py:190} INFO - [2024-12-31T17:05:34.044+0000] {dag.py:4180} INFO - Setting next_dagrun for example_branch_datetime_operator_3 to 2024-12-30 00:00:00+00:00, run_after=2024-12-31 00:00:00+00:00
[2024-12-31T17:05:34.067+0000] {processor.py:208} INFO - Processing /home/airflow/.local/lib/python3.12/site-packages/airflow/example_dags/example_branch_datetime_operator.py took 0.152 seconds
[2024-12-31T17:06:04.906+0000] {processor.py:186} INFO - Started process (PID=328) to work on /home/airflow/.local/lib/python3.12/site-packages/airflow/example_dags/example_branch_datetime_operator.py
[2024-12-31T17:06:04.911+0000] {processor.py:914} INFO - Processing file /home/airflow/.local/lib/python3.12/site-packages/airflow/example_dags/example_branch_datetime_operator.py for tasks to queue
[2024-12-31T17:06:04.924+0000] {logging_mixin.py:190} INFO - [2024-12-31T17:06:04.918+0000] {dagbag.py:588} INFO - Filling up the DagBag from /home/airflow/.local/lib/python3.12/site-packages/airflow/example_dags/example_branch_datetime_operator.py
[2024-12-31T17:06:04.975+0000] {processor.py:925} INFO - DAG(s) 'example_branch_datetime_operator_3', 'example_branch_datetime_operator', 'example_branch_datetime_operator_2' retrieved from /home/airflow/.local/lib/python3.12/site-packages/airflow/example_dags/example_branch_datetime_operator.py
[2024-12-31T17:06:05.140+0000] {logging_mixin.py:190} INFO - [2024-12-31T17:06:05.139+0000] {dag.py:3239} INFO - Sync 3 DAGs
[2024-12-31T17:06:05.232+0000] {logging_mixin.py:190} INFO - [2024-12-31T17:06:05.231+0000] {dag.py:4180} INFO - Setting next_dagrun for example_branch_datetime_operator to 2024-12-30 00:00:00+00:00, run_after=2024-12-31 00:00:00+00:00
[2024-12-31T17:06:05.250+0000] {logging_mixin.py:190} INFO - [2024-12-31T17:06:05.249+0000] {dag.py:4180} INFO - Setting next_dagrun for example_branch_datetime_operator_2 to 2024-12-30 00:00:00+00:00, run_after=2024-12-31 00:00:00+00:00
[2024-12-31T17:06:05.266+0000] {logging_mixin.py:190} INFO - [2024-12-31T17:06:05.266+0000] {dag.py:4180} INFO - Setting next_dagrun for example_branch_datetime_operator_3 to 2024-12-30 00:00:00+00:00, run_after=2024-12-31 00:00:00+00:00
[2024-12-31T17:06:05.310+0000] {processor.py:208} INFO - Processing /home/airflow/.local/lib/python3.12/site-packages/airflow/example_dags/example_branch_datetime_operator.py took 0.448 seconds
[2024-12-31T17:06:35.888+0000] {processor.py:186} INFO - Started process (PID=390) to work on /home/airflow/.local/lib/python3.12/site-packages/airflow/example_dags/example_branch_datetime_operator.py
[2024-12-31T17:06:35.889+0000] {processor.py:914} INFO - Processing file /home/airflow/.local/lib/python3.12/site-packages/airflow/example_dags/example_branch_datetime_operator.py for tasks to queue
[2024-12-31T17:06:35.892+0000] {logging_mixin.py:190} INFO - [2024-12-31T17:06:35.891+0000] {dagbag.py:588} INFO - Filling up the DagBag from /home/airflow/.local/lib/python3.12/site-packages/airflow/example_dags/example_branch_datetime_operator.py
[2024-12-31T17:06:35.906+0000] {processor.py:925} INFO - DAG(s) 'example_branch_datetime_operator_3', 'example_branch_datetime_operator_2', 'example_branch_datetime_operator' retrieved from /home/airflow/.local/lib/python3.12/site-packages/airflow/example_dags/example_branch_datetime_operator.py
[2024-12-31T17:06:35.946+0000] {logging_mixin.py:190} INFO - [2024-12-31T17:06:35.946+0000] {dag.py:3239} INFO - Sync 3 DAGs
[2024-12-31T17:06:35.989+0000] {logging_mixin.py:190} INFO - [2024-12-31T17:06:35.989+0000] {dag.py:4180} INFO - Setting next_dagrun for example_branch_datetime_operator to 2024-12-30 00:00:00+00:00, run_after=2024-12-31 00:00:00+00:00
[2024-12-31T17:06:35.998+0000] {logging_mixin.py:190} INFO - [2024-12-31T17:06:35.998+0000] {dag.py:4180} INFO - Setting next_dagrun for example_branch_datetime_operator_2 to 2024-12-30 00:00:00+00:00, run_after=2024-12-31 00:00:00+00:00
[2024-12-31T17:06:36.001+0000] {logging_mixin.py:190} INFO - [2024-12-31T17:06:36.001+0000] {dag.py:4180} INFO - Setting next_dagrun for example_branch_datetime_operator_3 to 2024-12-30 00:00:00+00:00, run_after=2024-12-31 00:00:00+00:00
[2024-12-31T17:06:36.019+0000] {processor.py:208} INFO - Processing /home/airflow/.local/lib/python3.12/site-packages/airflow/example_dags/example_branch_datetime_operator.py took 0.138 seconds
