[2024-12-31T17:03:50.120+0000] {processor.py:186} INFO - Started process (PID=40) to work on /home/airflow/.local/lib/python3.12/site-packages/airflow/example_dags/example_outlet_event_extra.py
[2024-12-31T17:03:50.121+0000] {processor.py:914} INFO - Processing file /home/airflow/.local/lib/python3.12/site-packages/airflow/example_dags/example_outlet_event_extra.py for tasks to queue
[2024-12-31T17:03:50.134+0000] {logging_mixin.py:190} INFO - [2024-12-31T17:03:50.133+0000] {dagbag.py:588} INFO - Filling up the DagBag from /home/airflow/.local/lib/python3.12/site-packages/airflow/example_dags/example_outlet_event_extra.py
[2024-12-31T17:03:53.490+0000] {processor.py:925} INFO - DAG(s) 'dataset_with_extra_by_yield', 'dataset_with_extra_from_classic_operator', 'dataset_with_extra_by_context' retrieved from /home/airflow/.local/lib/python3.12/site-packages/airflow/example_dags/example_outlet_event_extra.py
[2024-12-31T17:03:53.764+0000] {logging_mixin.py:190} INFO - [2024-12-31T17:03:53.763+0000] {override.py:1911} INFO - Created Permission View: can read on DAG:dataset_with_extra_by_yield
[2024-12-31T17:03:53.782+0000] {logging_mixin.py:190} INFO - [2024-12-31T17:03:53.782+0000] {override.py:1911} INFO - Created Permission View: can delete on DAG:dataset_with_extra_by_yield
[2024-12-31T17:03:53.795+0000] {logging_mixin.py:190} INFO - [2024-12-31T17:03:53.795+0000] {override.py:1911} INFO - Created Permission View: can edit on DAG:dataset_with_extra_by_yield
[2024-12-31T17:03:53.808+0000] {logging_mixin.py:190} INFO - [2024-12-31T17:03:53.807+0000] {override.py:1911} INFO - Created Permission View: can read on DAG Run:dataset_with_extra_by_yield
[2024-12-31T17:03:53.820+0000] {logging_mixin.py:190} INFO - [2024-12-31T17:03:53.820+0000] {override.py:1911} INFO - Created Permission View: can delete on DAG Run:dataset_with_extra_by_yield
[2024-12-31T17:03:53.833+0000] {logging_mixin.py:190} INFO - [2024-12-31T17:03:53.833+0000] {override.py:1911} INFO - Created Permission View: can create on DAG Run:dataset_with_extra_by_yield
[2024-12-31T17:03:53.846+0000] {logging_mixin.py:190} INFO - [2024-12-31T17:03:53.846+0000] {override.py:1911} INFO - Created Permission View: menu access on DAG Run:dataset_with_extra_by_yield
[2024-12-31T17:03:53.871+0000] {logging_mixin.py:190} INFO - [2024-12-31T17:03:53.870+0000] {override.py:1911} INFO - Created Permission View: can read on DAG:dataset_with_extra_from_classic_operator
[2024-12-31T17:03:53.883+0000] {logging_mixin.py:190} INFO - [2024-12-31T17:03:53.882+0000] {override.py:1911} INFO - Created Permission View: can delete on DAG:dataset_with_extra_from_classic_operator
[2024-12-31T17:03:53.895+0000] {logging_mixin.py:190} INFO - [2024-12-31T17:03:53.895+0000] {override.py:1911} INFO - Created Permission View: can edit on DAG:dataset_with_extra_from_classic_operator
[2024-12-31T17:03:53.910+0000] {logging_mixin.py:190} INFO - [2024-12-31T17:03:53.909+0000] {override.py:1911} INFO - Created Permission View: can read on DAG Run:dataset_with_extra_from_classic_operator
[2024-12-31T17:03:53.922+0000] {logging_mixin.py:190} INFO - [2024-12-31T17:03:53.922+0000] {override.py:1911} INFO - Created Permission View: can delete on DAG Run:dataset_with_extra_from_classic_operator
[2024-12-31T17:03:53.935+0000] {logging_mixin.py:190} INFO - [2024-12-31T17:03:53.934+0000] {override.py:1911} INFO - Created Permission View: can create on DAG Run:dataset_with_extra_from_classic_operator
[2024-12-31T17:03:53.946+0000] {logging_mixin.py:190} INFO - [2024-12-31T17:03:53.945+0000] {override.py:1911} INFO - Created Permission View: menu access on DAG Run:dataset_with_extra_from_classic_operator
[2024-12-31T17:03:53.969+0000] {logging_mixin.py:190} INFO - [2024-12-31T17:03:53.969+0000] {override.py:1911} INFO - Created Permission View: can read on DAG:dataset_with_extra_by_context
[2024-12-31T17:03:53.987+0000] {logging_mixin.py:190} INFO - [2024-12-31T17:03:53.986+0000] {override.py:1911} INFO - Created Permission View: can delete on DAG:dataset_with_extra_by_context
[2024-12-31T17:03:54.007+0000] {logging_mixin.py:190} INFO - [2024-12-31T17:03:54.006+0000] {override.py:1911} INFO - Created Permission View: can edit on DAG:dataset_with_extra_by_context
[2024-12-31T17:03:54.049+0000] {logging_mixin.py:190} INFO - [2024-12-31T17:03:54.046+0000] {override.py:1911} INFO - Created Permission View: can read on DAG Run:dataset_with_extra_by_context
[2024-12-31T17:03:54.090+0000] {logging_mixin.py:190} INFO - [2024-12-31T17:03:54.089+0000] {override.py:1911} INFO - Created Permission View: can delete on DAG Run:dataset_with_extra_by_context
[2024-12-31T17:03:54.116+0000] {logging_mixin.py:190} INFO - [2024-12-31T17:03:54.115+0000] {override.py:1911} INFO - Created Permission View: can create on DAG Run:dataset_with_extra_by_context
[2024-12-31T17:03:54.137+0000] {logging_mixin.py:190} INFO - [2024-12-31T17:03:54.136+0000] {override.py:1911} INFO - Created Permission View: menu access on DAG Run:dataset_with_extra_by_context
[2024-12-31T17:03:54.137+0000] {logging_mixin.py:190} INFO - [2024-12-31T17:03:54.137+0000] {dag.py:3239} INFO - Sync 3 DAGs
[2024-12-31T17:03:54.199+0000] {logging_mixin.py:190} INFO - [2024-12-31T17:03:54.197+0000] {dag.py:3262} INFO - Creating ORM DAG for dataset_with_extra_by_yield
[2024-12-31T17:03:54.201+0000] {logging_mixin.py:190} INFO - [2024-12-31T17:03:54.200+0000] {dag.py:3262} INFO - Creating ORM DAG for dataset_with_extra_from_classic_operator
[2024-12-31T17:03:54.204+0000] {logging_mixin.py:190} INFO - [2024-12-31T17:03:54.204+0000] {dag.py:3262} INFO - Creating ORM DAG for dataset_with_extra_by_context
[2024-12-31T17:03:54.249+0000] {logging_mixin.py:190} INFO - [2024-12-31T17:03:54.249+0000] {dag.py:4180} INFO - Setting next_dagrun for dataset_with_extra_by_context to 2024-12-30 00:00:00+00:00, run_after=2024-12-31 00:00:00+00:00
[2024-12-31T17:03:54.263+0000] {logging_mixin.py:190} INFO - [2024-12-31T17:03:54.263+0000] {dag.py:4180} INFO - Setting next_dagrun for dataset_with_extra_by_yield to 2024-12-30 00:00:00+00:00, run_after=2024-12-31 00:00:00+00:00
[2024-12-31T17:03:54.273+0000] {logging_mixin.py:190} INFO - [2024-12-31T17:03:54.270+0000] {dag.py:4180} INFO - Setting next_dagrun for dataset_with_extra_from_classic_operator to 2024-12-30 00:00:00+00:00, run_after=2024-12-31 00:00:00+00:00
[2024-12-31T17:03:54.370+0000] {processor.py:208} INFO - Processing /home/airflow/.local/lib/python3.12/site-packages/airflow/example_dags/example_outlet_event_extra.py took 4.274 seconds
[2024-12-31T17:04:24.707+0000] {processor.py:186} INFO - Started process (PID=104) to work on /home/airflow/.local/lib/python3.12/site-packages/airflow/example_dags/example_outlet_event_extra.py
[2024-12-31T17:04:24.708+0000] {processor.py:914} INFO - Processing file /home/airflow/.local/lib/python3.12/site-packages/airflow/example_dags/example_outlet_event_extra.py for tasks to queue
[2024-12-31T17:04:24.712+0000] {logging_mixin.py:190} INFO - [2024-12-31T17:04:24.711+0000] {dagbag.py:588} INFO - Filling up the DagBag from /home/airflow/.local/lib/python3.12/site-packages/airflow/example_dags/example_outlet_event_extra.py
[2024-12-31T17:04:25.692+0000] {processor.py:925} INFO - DAG(s) 'dataset_with_extra_by_yield', 'dataset_with_extra_from_classic_operator', 'dataset_with_extra_by_context' retrieved from /home/airflow/.local/lib/python3.12/site-packages/airflow/example_dags/example_outlet_event_extra.py
[2024-12-31T17:04:25.743+0000] {logging_mixin.py:190} INFO - [2024-12-31T17:04:25.742+0000] {dag.py:3239} INFO - Sync 3 DAGs
[2024-12-31T17:04:25.795+0000] {logging_mixin.py:190} INFO - [2024-12-31T17:04:25.794+0000] {dag.py:4180} INFO - Setting next_dagrun for dataset_with_extra_by_context to 2024-12-30 00:00:00+00:00, run_after=2024-12-31 00:00:00+00:00
[2024-12-31T17:04:25.806+0000] {logging_mixin.py:190} INFO - [2024-12-31T17:04:25.806+0000] {dag.py:4180} INFO - Setting next_dagrun for dataset_with_extra_by_yield to 2024-12-30 00:00:00+00:00, run_after=2024-12-31 00:00:00+00:00
[2024-12-31T17:04:25.812+0000] {logging_mixin.py:190} INFO - [2024-12-31T17:04:25.812+0000] {dag.py:4180} INFO - Setting next_dagrun for dataset_with_extra_from_classic_operator to 2024-12-30 00:00:00+00:00, run_after=2024-12-31 00:00:00+00:00
[2024-12-31T17:04:25.856+0000] {processor.py:208} INFO - Processing /home/airflow/.local/lib/python3.12/site-packages/airflow/example_dags/example_outlet_event_extra.py took 1.160 seconds
[2024-12-31T17:04:56.667+0000] {processor.py:186} INFO - Started process (PID=167) to work on /home/airflow/.local/lib/python3.12/site-packages/airflow/example_dags/example_outlet_event_extra.py
[2024-12-31T17:04:56.670+0000] {processor.py:914} INFO - Processing file /home/airflow/.local/lib/python3.12/site-packages/airflow/example_dags/example_outlet_event_extra.py for tasks to queue
[2024-12-31T17:04:56.674+0000] {logging_mixin.py:190} INFO - [2024-12-31T17:04:56.673+0000] {dagbag.py:588} INFO - Filling up the DagBag from /home/airflow/.local/lib/python3.12/site-packages/airflow/example_dags/example_outlet_event_extra.py
[2024-12-31T17:04:57.543+0000] {processor.py:925} INFO - DAG(s) 'dataset_with_extra_from_classic_operator', 'dataset_with_extra_by_context', 'dataset_with_extra_by_yield' retrieved from /home/airflow/.local/lib/python3.12/site-packages/airflow/example_dags/example_outlet_event_extra.py
[2024-12-31T17:04:57.587+0000] {logging_mixin.py:190} INFO - [2024-12-31T17:04:57.586+0000] {dag.py:3239} INFO - Sync 3 DAGs
[2024-12-31T17:04:57.640+0000] {logging_mixin.py:190} INFO - [2024-12-31T17:04:57.640+0000] {dag.py:4180} INFO - Setting next_dagrun for dataset_with_extra_by_context to 2024-12-30 00:00:00+00:00, run_after=2024-12-31 00:00:00+00:00
[2024-12-31T17:04:57.646+0000] {logging_mixin.py:190} INFO - [2024-12-31T17:04:57.646+0000] {dag.py:4180} INFO - Setting next_dagrun for dataset_with_extra_by_yield to 2024-12-30 00:00:00+00:00, run_after=2024-12-31 00:00:00+00:00
[2024-12-31T17:04:57.649+0000] {logging_mixin.py:190} INFO - [2024-12-31T17:04:57.649+0000] {dag.py:4180} INFO - Setting next_dagrun for dataset_with_extra_from_classic_operator to 2024-12-30 00:00:00+00:00, run_after=2024-12-31 00:00:00+00:00
[2024-12-31T17:04:57.676+0000] {processor.py:208} INFO - Processing /home/airflow/.local/lib/python3.12/site-packages/airflow/example_dags/example_outlet_event_extra.py took 1.024 seconds
[2024-12-31T17:05:28.604+0000] {processor.py:186} INFO - Started process (PID=236) to work on /home/airflow/.local/lib/python3.12/site-packages/airflow/example_dags/example_outlet_event_extra.py
[2024-12-31T17:05:28.607+0000] {processor.py:914} INFO - Processing file /home/airflow/.local/lib/python3.12/site-packages/airflow/example_dags/example_outlet_event_extra.py for tasks to queue
[2024-12-31T17:05:28.618+0000] {logging_mixin.py:190} INFO - [2024-12-31T17:05:28.618+0000] {dagbag.py:588} INFO - Filling up the DagBag from /home/airflow/.local/lib/python3.12/site-packages/airflow/example_dags/example_outlet_event_extra.py
[2024-12-31T17:05:29.980+0000] {processor.py:925} INFO - DAG(s) 'dataset_with_extra_by_context', 'dataset_with_extra_by_yield', 'dataset_with_extra_from_classic_operator' retrieved from /home/airflow/.local/lib/python3.12/site-packages/airflow/example_dags/example_outlet_event_extra.py
[2024-12-31T17:05:30.042+0000] {logging_mixin.py:190} INFO - [2024-12-31T17:05:30.041+0000] {dag.py:3239} INFO - Sync 3 DAGs
[2024-12-31T17:05:30.076+0000] {logging_mixin.py:190} INFO - [2024-12-31T17:05:30.076+0000] {dag.py:4180} INFO - Setting next_dagrun for dataset_with_extra_by_context to 2024-12-30 00:00:00+00:00, run_after=2024-12-31 00:00:00+00:00
[2024-12-31T17:05:30.083+0000] {logging_mixin.py:190} INFO - [2024-12-31T17:05:30.083+0000] {dag.py:4180} INFO - Setting next_dagrun for dataset_with_extra_by_yield to 2024-12-30 00:00:00+00:00, run_after=2024-12-31 00:00:00+00:00
[2024-12-31T17:05:30.087+0000] {logging_mixin.py:190} INFO - [2024-12-31T17:05:30.087+0000] {dag.py:4180} INFO - Setting next_dagrun for dataset_with_extra_from_classic_operator to 2024-12-30 00:00:00+00:00, run_after=2024-12-31 00:00:00+00:00
[2024-12-31T17:05:30.116+0000] {processor.py:208} INFO - Processing /home/airflow/.local/lib/python3.12/site-packages/airflow/example_dags/example_outlet_event_extra.py took 1.546 seconds
[2024-12-31T17:06:00.517+0000] {processor.py:186} INFO - Started process (PID=299) to work on /home/airflow/.local/lib/python3.12/site-packages/airflow/example_dags/example_outlet_event_extra.py
[2024-12-31T17:06:00.520+0000] {processor.py:914} INFO - Processing file /home/airflow/.local/lib/python3.12/site-packages/airflow/example_dags/example_outlet_event_extra.py for tasks to queue
[2024-12-31T17:06:00.527+0000] {logging_mixin.py:190} INFO - [2024-12-31T17:06:00.527+0000] {dagbag.py:588} INFO - Filling up the DagBag from /home/airflow/.local/lib/python3.12/site-packages/airflow/example_dags/example_outlet_event_extra.py
[2024-12-31T17:06:01.684+0000] {processor.py:925} INFO - DAG(s) 'dataset_with_extra_by_yield', 'dataset_with_extra_by_context', 'dataset_with_extra_from_classic_operator' retrieved from /home/airflow/.local/lib/python3.12/site-packages/airflow/example_dags/example_outlet_event_extra.py
[2024-12-31T17:06:01.730+0000] {logging_mixin.py:190} INFO - [2024-12-31T17:06:01.729+0000] {dag.py:3239} INFO - Sync 3 DAGs
[2024-12-31T17:06:01.775+0000] {logging_mixin.py:190} INFO - [2024-12-31T17:06:01.775+0000] {dag.py:4180} INFO - Setting next_dagrun for dataset_with_extra_by_context to 2024-12-30 00:00:00+00:00, run_after=2024-12-31 00:00:00+00:00
[2024-12-31T17:06:01.784+0000] {logging_mixin.py:190} INFO - [2024-12-31T17:06:01.783+0000] {dag.py:4180} INFO - Setting next_dagrun for dataset_with_extra_by_yield to 2024-12-30 00:00:00+00:00, run_after=2024-12-31 00:00:00+00:00
[2024-12-31T17:06:01.788+0000] {logging_mixin.py:190} INFO - [2024-12-31T17:06:01.787+0000] {dag.py:4180} INFO - Setting next_dagrun for dataset_with_extra_from_classic_operator to 2024-12-30 00:00:00+00:00, run_after=2024-12-31 00:00:00+00:00
[2024-12-31T17:06:01.827+0000] {processor.py:208} INFO - Processing /home/airflow/.local/lib/python3.12/site-packages/airflow/example_dags/example_outlet_event_extra.py took 1.321 seconds
[2024-12-31T17:06:32.711+0000] {processor.py:186} INFO - Started process (PID=362) to work on /home/airflow/.local/lib/python3.12/site-packages/airflow/example_dags/example_outlet_event_extra.py
[2024-12-31T17:06:32.712+0000] {processor.py:914} INFO - Processing file /home/airflow/.local/lib/python3.12/site-packages/airflow/example_dags/example_outlet_event_extra.py for tasks to queue
[2024-12-31T17:06:32.715+0000] {logging_mixin.py:190} INFO - [2024-12-31T17:06:32.715+0000] {dagbag.py:588} INFO - Filling up the DagBag from /home/airflow/.local/lib/python3.12/site-packages/airflow/example_dags/example_outlet_event_extra.py
[2024-12-31T17:06:33.757+0000] {processor.py:925} INFO - DAG(s) 'dataset_with_extra_by_context', 'dataset_with_extra_by_yield', 'dataset_with_extra_from_classic_operator' retrieved from /home/airflow/.local/lib/python3.12/site-packages/airflow/example_dags/example_outlet_event_extra.py
[2024-12-31T17:06:33.832+0000] {logging_mixin.py:190} INFO - [2024-12-31T17:06:33.831+0000] {dag.py:3239} INFO - Sync 3 DAGs
[2024-12-31T17:06:33.893+0000] {logging_mixin.py:190} INFO - [2024-12-31T17:06:33.892+0000] {dag.py:4180} INFO - Setting next_dagrun for dataset_with_extra_by_context to 2024-12-30 00:00:00+00:00, run_after=2024-12-31 00:00:00+00:00
[2024-12-31T17:06:33.904+0000] {logging_mixin.py:190} INFO - [2024-12-31T17:06:33.904+0000] {dag.py:4180} INFO - Setting next_dagrun for dataset_with_extra_by_yield to 2024-12-30 00:00:00+00:00, run_after=2024-12-31 00:00:00+00:00
[2024-12-31T17:06:33.911+0000] {logging_mixin.py:190} INFO - [2024-12-31T17:06:33.910+0000] {dag.py:4180} INFO - Setting next_dagrun for dataset_with_extra_from_classic_operator to 2024-12-30 00:00:00+00:00, run_after=2024-12-31 00:00:00+00:00
[2024-12-31T17:06:33.953+0000] {processor.py:208} INFO - Processing /home/airflow/.local/lib/python3.12/site-packages/airflow/example_dags/example_outlet_event_extra.py took 1.252 seconds
