[2024-12-31T17:04:00.717+0000] {processor.py:186} INFO - Started process (PID=63) to work on /home/airflow/.local/lib/python3.12/site-packages/airflow/example_dags/example_trigger_controller_dag.py
[2024-12-31T17:04:00.718+0000] {processor.py:914} INFO - Processing file /home/airflow/.local/lib/python3.12/site-packages/airflow/example_dags/example_trigger_controller_dag.py for tasks to queue
[2024-12-31T17:04:00.722+0000] {logging_mixin.py:190} INFO - [2024-12-31T17:04:00.721+0000] {dagbag.py:588} INFO - Filling up the DagBag from /home/airflow/.local/lib/python3.12/site-packages/airflow/example_dags/example_trigger_controller_dag.py
[2024-12-31T17:04:00.733+0000] {processor.py:925} INFO - DAG(s) 'example_trigger_controller_dag' retrieved from /home/airflow/.local/lib/python3.12/site-packages/airflow/example_dags/example_trigger_controller_dag.py
[2024-12-31T17:04:00.915+0000] {logging_mixin.py:190} INFO - [2024-12-31T17:04:00.915+0000] {override.py:1911} INFO - Created Permission View: can read on DAG:example_trigger_controller_dag
[2024-12-31T17:04:00.927+0000] {logging_mixin.py:190} INFO - [2024-12-31T17:04:00.927+0000] {override.py:1911} INFO - Created Permission View: can delete on DAG:example_trigger_controller_dag
[2024-12-31T17:04:00.937+0000] {logging_mixin.py:190} INFO - [2024-12-31T17:04:00.936+0000] {override.py:1911} INFO - Created Permission View: can edit on DAG:example_trigger_controller_dag
[2024-12-31T17:04:00.947+0000] {logging_mixin.py:190} INFO - [2024-12-31T17:04:00.947+0000] {override.py:1911} INFO - Created Permission View: can read on DAG Run:example_trigger_controller_dag
[2024-12-31T17:04:00.955+0000] {logging_mixin.py:190} INFO - [2024-12-31T17:04:00.955+0000] {override.py:1911} INFO - Created Permission View: can delete on DAG Run:example_trigger_controller_dag
[2024-12-31T17:04:00.965+0000] {logging_mixin.py:190} INFO - [2024-12-31T17:04:00.965+0000] {override.py:1911} INFO - Created Permission View: can create on DAG Run:example_trigger_controller_dag
[2024-12-31T17:04:00.976+0000] {logging_mixin.py:190} INFO - [2024-12-31T17:04:00.975+0000] {override.py:1911} INFO - Created Permission View: menu access on DAG Run:example_trigger_controller_dag
[2024-12-31T17:04:00.977+0000] {logging_mixin.py:190} INFO - [2024-12-31T17:04:00.976+0000] {dag.py:3239} INFO - Sync 1 DAGs
[2024-12-31T17:04:01.000+0000] {logging_mixin.py:190} INFO - [2024-12-31T17:04:01.000+0000] {dag.py:3262} INFO - Creating ORM DAG for example_trigger_controller_dag
[2024-12-31T17:04:01.016+0000] {logging_mixin.py:190} INFO - [2024-12-31T17:04:01.016+0000] {dag.py:4180} INFO - Setting next_dagrun for example_trigger_controller_dag to 2021-01-01 00:00:00+00:00, run_after=2021-01-01 00:00:00+00:00
[2024-12-31T17:04:01.055+0000] {processor.py:208} INFO - Processing /home/airflow/.local/lib/python3.12/site-packages/airflow/example_dags/example_trigger_controller_dag.py took 0.348 seconds
[2024-12-31T17:04:31.247+0000] {processor.py:186} INFO - Started process (PID=126) to work on /home/airflow/.local/lib/python3.12/site-packages/airflow/example_dags/example_trigger_controller_dag.py
[2024-12-31T17:04:31.249+0000] {processor.py:914} INFO - Processing file /home/airflow/.local/lib/python3.12/site-packages/airflow/example_dags/example_trigger_controller_dag.py for tasks to queue
[2024-12-31T17:04:31.251+0000] {logging_mixin.py:190} INFO - [2024-12-31T17:04:31.251+0000] {dagbag.py:588} INFO - Filling up the DagBag from /home/airflow/.local/lib/python3.12/site-packages/airflow/example_dags/example_trigger_controller_dag.py
[2024-12-31T17:04:31.260+0000] {processor.py:925} INFO - DAG(s) 'example_trigger_controller_dag' retrieved from /home/airflow/.local/lib/python3.12/site-packages/airflow/example_dags/example_trigger_controller_dag.py
[2024-12-31T17:04:31.286+0000] {logging_mixin.py:190} INFO - [2024-12-31T17:04:31.286+0000] {dag.py:3239} INFO - Sync 1 DAGs
[2024-12-31T17:04:31.330+0000] {logging_mixin.py:190} INFO - [2024-12-31T17:04:31.329+0000] {dag.py:4180} INFO - Setting next_dagrun for example_trigger_controller_dag to 2021-01-01 00:00:00+00:00, run_after=2021-01-01 00:00:00+00:00
[2024-12-31T17:04:31.352+0000] {processor.py:208} INFO - Processing /home/airflow/.local/lib/python3.12/site-packages/airflow/example_dags/example_trigger_controller_dag.py took 0.113 seconds
[2024-12-31T17:05:02.233+0000] {processor.py:186} INFO - Started process (PID=189) to work on /home/airflow/.local/lib/python3.12/site-packages/airflow/example_dags/example_trigger_controller_dag.py
[2024-12-31T17:05:02.234+0000] {processor.py:914} INFO - Processing file /home/airflow/.local/lib/python3.12/site-packages/airflow/example_dags/example_trigger_controller_dag.py for tasks to queue
[2024-12-31T17:05:02.238+0000] {logging_mixin.py:190} INFO - [2024-12-31T17:05:02.237+0000] {dagbag.py:588} INFO - Filling up the DagBag from /home/airflow/.local/lib/python3.12/site-packages/airflow/example_dags/example_trigger_controller_dag.py
[2024-12-31T17:05:02.251+0000] {processor.py:925} INFO - DAG(s) 'example_trigger_controller_dag' retrieved from /home/airflow/.local/lib/python3.12/site-packages/airflow/example_dags/example_trigger_controller_dag.py
[2024-12-31T17:05:02.288+0000] {logging_mixin.py:190} INFO - [2024-12-31T17:05:02.288+0000] {dag.py:3239} INFO - Sync 1 DAGs
[2024-12-31T17:05:02.362+0000] {logging_mixin.py:190} INFO - [2024-12-31T17:05:02.362+0000] {dag.py:4180} INFO - Setting next_dagrun for example_trigger_controller_dag to 2021-01-01 00:00:00+00:00, run_after=2021-01-01 00:00:00+00:00
[2024-12-31T17:05:02.408+0000] {processor.py:208} INFO - Processing /home/airflow/.local/lib/python3.12/site-packages/airflow/example_dags/example_trigger_controller_dag.py took 0.185 seconds
[2024-12-31T17:05:32.619+0000] {processor.py:186} INFO - Started process (PID=253) to work on /home/airflow/.local/lib/python3.12/site-packages/airflow/example_dags/example_trigger_controller_dag.py
[2024-12-31T17:05:32.620+0000] {processor.py:914} INFO - Processing file /home/airflow/.local/lib/python3.12/site-packages/airflow/example_dags/example_trigger_controller_dag.py for tasks to queue
[2024-12-31T17:05:32.623+0000] {logging_mixin.py:190} INFO - [2024-12-31T17:05:32.622+0000] {dagbag.py:588} INFO - Filling up the DagBag from /home/airflow/.local/lib/python3.12/site-packages/airflow/example_dags/example_trigger_controller_dag.py
[2024-12-31T17:05:32.634+0000] {processor.py:925} INFO - DAG(s) 'example_trigger_controller_dag' retrieved from /home/airflow/.local/lib/python3.12/site-packages/airflow/example_dags/example_trigger_controller_dag.py
[2024-12-31T17:05:32.663+0000] {logging_mixin.py:190} INFO - [2024-12-31T17:05:32.663+0000] {dag.py:3239} INFO - Sync 1 DAGs
[2024-12-31T17:05:32.702+0000] {logging_mixin.py:190} INFO - [2024-12-31T17:05:32.701+0000] {dag.py:4180} INFO - Setting next_dagrun for example_trigger_controller_dag to 2021-01-01 00:00:00+00:00, run_after=2021-01-01 00:00:00+00:00
[2024-12-31T17:05:32.728+0000] {processor.py:208} INFO - Processing /home/airflow/.local/lib/python3.12/site-packages/airflow/example_dags/example_trigger_controller_dag.py took 0.121 seconds
[2024-12-31T17:06:03.620+0000] {processor.py:186} INFO - Started process (PID=315) to work on /home/airflow/.local/lib/python3.12/site-packages/airflow/example_dags/example_trigger_controller_dag.py
[2024-12-31T17:06:03.624+0000] {processor.py:914} INFO - Processing file /home/airflow/.local/lib/python3.12/site-packages/airflow/example_dags/example_trigger_controller_dag.py for tasks to queue
[2024-12-31T17:06:03.631+0000] {logging_mixin.py:190} INFO - [2024-12-31T17:06:03.630+0000] {dagbag.py:588} INFO - Filling up the DagBag from /home/airflow/.local/lib/python3.12/site-packages/airflow/example_dags/example_trigger_controller_dag.py
[2024-12-31T17:06:03.656+0000] {processor.py:925} INFO - DAG(s) 'example_trigger_controller_dag' retrieved from /home/airflow/.local/lib/python3.12/site-packages/airflow/example_dags/example_trigger_controller_dag.py
[2024-12-31T17:06:03.709+0000] {logging_mixin.py:190} INFO - [2024-12-31T17:06:03.709+0000] {dag.py:3239} INFO - Sync 1 DAGs
[2024-12-31T17:06:03.772+0000] {logging_mixin.py:190} INFO - [2024-12-31T17:06:03.771+0000] {dag.py:4180} INFO - Setting next_dagrun for example_trigger_controller_dag to 2021-01-01 00:00:00+00:00, run_after=2021-01-01 00:00:00+00:00
[2024-12-31T17:06:03.803+0000] {processor.py:208} INFO - Processing /home/airflow/.local/lib/python3.12/site-packages/airflow/example_dags/example_trigger_controller_dag.py took 0.199 seconds
[2024-12-31T17:06:35.404+0000] {processor.py:186} INFO - Started process (PID=383) to work on /home/airflow/.local/lib/python3.12/site-packages/airflow/example_dags/example_trigger_controller_dag.py
[2024-12-31T17:06:35.406+0000] {processor.py:914} INFO - Processing file /home/airflow/.local/lib/python3.12/site-packages/airflow/example_dags/example_trigger_controller_dag.py for tasks to queue
[2024-12-31T17:06:35.409+0000] {logging_mixin.py:190} INFO - [2024-12-31T17:06:35.408+0000] {dagbag.py:588} INFO - Filling up the DagBag from /home/airflow/.local/lib/python3.12/site-packages/airflow/example_dags/example_trigger_controller_dag.py
[2024-12-31T17:06:35.418+0000] {processor.py:925} INFO - DAG(s) 'example_trigger_controller_dag' retrieved from /home/airflow/.local/lib/python3.12/site-packages/airflow/example_dags/example_trigger_controller_dag.py
[2024-12-31T17:06:35.449+0000] {logging_mixin.py:190} INFO - [2024-12-31T17:06:35.449+0000] {dag.py:3239} INFO - Sync 1 DAGs
[2024-12-31T17:06:35.486+0000] {logging_mixin.py:190} INFO - [2024-12-31T17:06:35.486+0000] {dag.py:4180} INFO - Setting next_dagrun for example_trigger_controller_dag to 2021-01-01 00:00:00+00:00, run_after=2021-01-01 00:00:00+00:00
[2024-12-31T17:06:35.509+0000] {processor.py:208} INFO - Processing /home/airflow/.local/lib/python3.12/site-packages/airflow/example_dags/example_trigger_controller_dag.py took 0.114 seconds
