[2024-12-31T17:03:55.928+0000] {processor.py:186} INFO - Started process (PID=47) to work on /home/airflow/.local/lib/python3.12/site-packages/airflow/example_dags/example_branch_labels.py
[2024-12-31T17:03:55.929+0000] {processor.py:914} INFO - Processing file /home/airflow/.local/lib/python3.12/site-packages/airflow/example_dags/example_branch_labels.py for tasks to queue
[2024-12-31T17:03:55.933+0000] {logging_mixin.py:190} INFO - [2024-12-31T17:03:55.933+0000] {dagbag.py:588} INFO - Filling up the DagBag from /home/airflow/.local/lib/python3.12/site-packages/airflow/example_dags/example_branch_labels.py
[2024-12-31T17:03:55.961+0000] {processor.py:925} INFO - DAG(s) 'example_branch_labels' retrieved from /home/airflow/.local/lib/python3.12/site-packages/airflow/example_dags/example_branch_labels.py
[2024-12-31T17:03:56.244+0000] {logging_mixin.py:190} INFO - [2024-12-31T17:03:56.242+0000] {override.py:1911} INFO - Created Permission View: can read on DAG:example_branch_labels
[2024-12-31T17:03:56.268+0000] {logging_mixin.py:190} INFO - [2024-12-31T17:03:56.267+0000] {override.py:1911} INFO - Created Permission View: can delete on DAG:example_branch_labels
[2024-12-31T17:03:56.286+0000] {logging_mixin.py:190} INFO - [2024-12-31T17:03:56.286+0000] {override.py:1911} INFO - Created Permission View: can edit on DAG:example_branch_labels
[2024-12-31T17:03:56.298+0000] {logging_mixin.py:190} INFO - [2024-12-31T17:03:56.297+0000] {override.py:1911} INFO - Created Permission View: can read on DAG Run:example_branch_labels
[2024-12-31T17:03:56.308+0000] {logging_mixin.py:190} INFO - [2024-12-31T17:03:56.308+0000] {override.py:1911} INFO - Created Permission View: can delete on DAG Run:example_branch_labels
[2024-12-31T17:03:56.319+0000] {logging_mixin.py:190} INFO - [2024-12-31T17:03:56.318+0000] {override.py:1911} INFO - Created Permission View: can create on DAG Run:example_branch_labels
[2024-12-31T17:03:56.330+0000] {logging_mixin.py:190} INFO - [2024-12-31T17:03:56.329+0000] {override.py:1911} INFO - Created Permission View: menu access on DAG Run:example_branch_labels
[2024-12-31T17:03:56.330+0000] {logging_mixin.py:190} INFO - [2024-12-31T17:03:56.330+0000] {dag.py:3239} INFO - Sync 1 DAGs
[2024-12-31T17:03:56.355+0000] {logging_mixin.py:190} INFO - [2024-12-31T17:03:56.355+0000] {dag.py:3262} INFO - Creating ORM DAG for example_branch_labels
[2024-12-31T17:03:56.387+0000] {logging_mixin.py:190} INFO - [2024-12-31T17:03:56.387+0000] {dag.py:4180} INFO - Setting next_dagrun for example_branch_labels to 2024-12-30 00:00:00+00:00, run_after=2024-12-31 00:00:00+00:00
[2024-12-31T17:03:56.420+0000] {processor.py:208} INFO - Processing /home/airflow/.local/lib/python3.12/site-packages/airflow/example_dags/example_branch_labels.py took 0.503 seconds
[2024-12-31T17:04:26.508+0000] {processor.py:186} INFO - Started process (PID=109) to work on /home/airflow/.local/lib/python3.12/site-packages/airflow/example_dags/example_branch_labels.py
[2024-12-31T17:04:26.509+0000] {processor.py:914} INFO - Processing file /home/airflow/.local/lib/python3.12/site-packages/airflow/example_dags/example_branch_labels.py for tasks to queue
[2024-12-31T17:04:26.512+0000] {logging_mixin.py:190} INFO - [2024-12-31T17:04:26.511+0000] {dagbag.py:588} INFO - Filling up the DagBag from /home/airflow/.local/lib/python3.12/site-packages/airflow/example_dags/example_branch_labels.py
[2024-12-31T17:04:26.528+0000] {processor.py:925} INFO - DAG(s) 'example_branch_labels' retrieved from /home/airflow/.local/lib/python3.12/site-packages/airflow/example_dags/example_branch_labels.py
[2024-12-31T17:04:26.565+0000] {logging_mixin.py:190} INFO - [2024-12-31T17:04:26.565+0000] {dag.py:3239} INFO - Sync 1 DAGs
[2024-12-31T17:04:26.618+0000] {logging_mixin.py:190} INFO - [2024-12-31T17:04:26.618+0000] {dag.py:4180} INFO - Setting next_dagrun for example_branch_labels to 2024-12-30 00:00:00+00:00, run_after=2024-12-31 00:00:00+00:00
[2024-12-31T17:04:26.677+0000] {processor.py:208} INFO - Processing /home/airflow/.local/lib/python3.12/site-packages/airflow/example_dags/example_branch_labels.py took 0.179 seconds
[2024-12-31T17:04:57.246+0000] {processor.py:186} INFO - Started process (PID=172) to work on /home/airflow/.local/lib/python3.12/site-packages/airflow/example_dags/example_branch_labels.py
[2024-12-31T17:04:57.247+0000] {processor.py:914} INFO - Processing file /home/airflow/.local/lib/python3.12/site-packages/airflow/example_dags/example_branch_labels.py for tasks to queue
[2024-12-31T17:04:57.250+0000] {logging_mixin.py:190} INFO - [2024-12-31T17:04:57.249+0000] {dagbag.py:588} INFO - Filling up the DagBag from /home/airflow/.local/lib/python3.12/site-packages/airflow/example_dags/example_branch_labels.py
[2024-12-31T17:04:57.264+0000] {processor.py:925} INFO - DAG(s) 'example_branch_labels' retrieved from /home/airflow/.local/lib/python3.12/site-packages/airflow/example_dags/example_branch_labels.py
[2024-12-31T17:04:57.297+0000] {logging_mixin.py:190} INFO - [2024-12-31T17:04:57.296+0000] {dag.py:3239} INFO - Sync 1 DAGs
[2024-12-31T17:04:57.337+0000] {logging_mixin.py:190} INFO - [2024-12-31T17:04:57.337+0000] {dag.py:4180} INFO - Setting next_dagrun for example_branch_labels to 2024-12-30 00:00:00+00:00, run_after=2024-12-31 00:00:00+00:00
[2024-12-31T17:04:57.366+0000] {processor.py:208} INFO - Processing /home/airflow/.local/lib/python3.12/site-packages/airflow/example_dags/example_branch_labels.py took 0.129 seconds
[2024-12-31T17:05:27.509+0000] {processor.py:186} INFO - Started process (PID=235) to work on /home/airflow/.local/lib/python3.12/site-packages/airflow/example_dags/example_branch_labels.py
[2024-12-31T17:05:27.511+0000] {processor.py:914} INFO - Processing file /home/airflow/.local/lib/python3.12/site-packages/airflow/example_dags/example_branch_labels.py for tasks to queue
[2024-12-31T17:05:27.515+0000] {logging_mixin.py:190} INFO - [2024-12-31T17:05:27.514+0000] {dagbag.py:588} INFO - Filling up the DagBag from /home/airflow/.local/lib/python3.12/site-packages/airflow/example_dags/example_branch_labels.py
[2024-12-31T17:05:27.528+0000] {processor.py:925} INFO - DAG(s) 'example_branch_labels' retrieved from /home/airflow/.local/lib/python3.12/site-packages/airflow/example_dags/example_branch_labels.py
[2024-12-31T17:05:27.559+0000] {logging_mixin.py:190} INFO - [2024-12-31T17:05:27.559+0000] {dag.py:3239} INFO - Sync 1 DAGs
[2024-12-31T17:05:27.594+0000] {logging_mixin.py:190} INFO - [2024-12-31T17:05:27.594+0000] {dag.py:4180} INFO - Setting next_dagrun for example_branch_labels to 2024-12-30 00:00:00+00:00, run_after=2024-12-31 00:00:00+00:00
[2024-12-31T17:05:27.614+0000] {processor.py:208} INFO - Processing /home/airflow/.local/lib/python3.12/site-packages/airflow/example_dags/example_branch_labels.py took 0.115 seconds
[2024-12-31T17:05:58.377+0000] {processor.py:186} INFO - Started process (PID=298) to work on /home/airflow/.local/lib/python3.12/site-packages/airflow/example_dags/example_branch_labels.py
[2024-12-31T17:05:58.378+0000] {processor.py:914} INFO - Processing file /home/airflow/.local/lib/python3.12/site-packages/airflow/example_dags/example_branch_labels.py for tasks to queue
[2024-12-31T17:05:58.381+0000] {logging_mixin.py:190} INFO - [2024-12-31T17:05:58.381+0000] {dagbag.py:588} INFO - Filling up the DagBag from /home/airflow/.local/lib/python3.12/site-packages/airflow/example_dags/example_branch_labels.py
[2024-12-31T17:05:58.394+0000] {processor.py:925} INFO - DAG(s) 'example_branch_labels' retrieved from /home/airflow/.local/lib/python3.12/site-packages/airflow/example_dags/example_branch_labels.py
[2024-12-31T17:05:58.418+0000] {logging_mixin.py:190} INFO - [2024-12-31T17:05:58.418+0000] {dag.py:3239} INFO - Sync 1 DAGs
[2024-12-31T17:05:58.455+0000] {logging_mixin.py:190} INFO - [2024-12-31T17:05:58.455+0000] {dag.py:4180} INFO - Setting next_dagrun for example_branch_labels to 2024-12-30 00:00:00+00:00, run_after=2024-12-31 00:00:00+00:00
[2024-12-31T17:05:58.479+0000] {processor.py:208} INFO - Processing /home/airflow/.local/lib/python3.12/site-packages/airflow/example_dags/example_branch_labels.py took 0.109 seconds
[2024-12-31T17:06:28.524+0000] {processor.py:186} INFO - Started process (PID=361) to work on /home/airflow/.local/lib/python3.12/site-packages/airflow/example_dags/example_branch_labels.py
[2024-12-31T17:06:28.525+0000] {processor.py:914} INFO - Processing file /home/airflow/.local/lib/python3.12/site-packages/airflow/example_dags/example_branch_labels.py for tasks to queue
[2024-12-31T17:06:28.528+0000] {logging_mixin.py:190} INFO - [2024-12-31T17:06:28.528+0000] {dagbag.py:588} INFO - Filling up the DagBag from /home/airflow/.local/lib/python3.12/site-packages/airflow/example_dags/example_branch_labels.py
[2024-12-31T17:06:28.542+0000] {processor.py:925} INFO - DAG(s) 'example_branch_labels' retrieved from /home/airflow/.local/lib/python3.12/site-packages/airflow/example_dags/example_branch_labels.py
[2024-12-31T17:06:28.570+0000] {logging_mixin.py:190} INFO - [2024-12-31T17:06:28.569+0000] {dag.py:3239} INFO - Sync 1 DAGs
[2024-12-31T17:06:28.603+0000] {logging_mixin.py:190} INFO - [2024-12-31T17:06:28.602+0000] {dag.py:4180} INFO - Setting next_dagrun for example_branch_labels to 2024-12-30 00:00:00+00:00, run_after=2024-12-31 00:00:00+00:00
[2024-12-31T17:06:28.625+0000] {processor.py:208} INFO - Processing /home/airflow/.local/lib/python3.12/site-packages/airflow/example_dags/example_branch_labels.py took 0.108 seconds
[2024-12-31T17:06:58.924+0000] {processor.py:186} INFO - Started process (PID=423) to work on /home/airflow/.local/lib/python3.12/site-packages/airflow/example_dags/example_branch_labels.py
[2024-12-31T17:06:58.926+0000] {processor.py:914} INFO - Processing file /home/airflow/.local/lib/python3.12/site-packages/airflow/example_dags/example_branch_labels.py for tasks to queue
[2024-12-31T17:06:58.931+0000] {logging_mixin.py:190} INFO - [2024-12-31T17:06:58.930+0000] {dagbag.py:588} INFO - Filling up the DagBag from /home/airflow/.local/lib/python3.12/site-packages/airflow/example_dags/example_branch_labels.py
[2024-12-31T17:06:58.947+0000] {processor.py:925} INFO - DAG(s) 'example_branch_labels' retrieved from /home/airflow/.local/lib/python3.12/site-packages/airflow/example_dags/example_branch_labels.py
[2024-12-31T17:06:58.970+0000] {logging_mixin.py:190} INFO - [2024-12-31T17:06:58.970+0000] {dag.py:3239} INFO - Sync 1 DAGs
[2024-12-31T17:06:58.997+0000] {logging_mixin.py:190} INFO - [2024-12-31T17:06:58.997+0000] {dag.py:4180} INFO - Setting next_dagrun for example_branch_labels to 2024-12-30 00:00:00+00:00, run_after=2024-12-31 00:00:00+00:00
[2024-12-31T17:06:59.024+0000] {processor.py:208} INFO - Processing /home/airflow/.local/lib/python3.12/site-packages/airflow/example_dags/example_branch_labels.py took 0.115 seconds
