[2024-12-31T17:03:57.016+0000] {processor.py:186} INFO - Started process (PID=50) to work on /home/airflow/.local/lib/python3.12/site-packages/airflow/example_dags/example_latest_only.py
[2024-12-31T17:03:57.017+0000] {processor.py:914} INFO - Processing file /home/airflow/.local/lib/python3.12/site-packages/airflow/example_dags/example_latest_only.py for tasks to queue
[2024-12-31T17:03:57.021+0000] {logging_mixin.py:190} INFO - [2024-12-31T17:03:57.021+0000] {dagbag.py:588} INFO - Filling up the DagBag from /home/airflow/.local/lib/python3.12/site-packages/airflow/example_dags/example_latest_only.py
[2024-12-31T17:03:57.034+0000] {processor.py:925} INFO - DAG(s) 'latest_only' retrieved from /home/airflow/.local/lib/python3.12/site-packages/airflow/example_dags/example_latest_only.py
[2024-12-31T17:03:57.233+0000] {logging_mixin.py:190} INFO - [2024-12-31T17:03:57.232+0000] {override.py:1911} INFO - Created Permission View: can read on DAG:latest_only
[2024-12-31T17:03:57.248+0000] {logging_mixin.py:190} INFO - [2024-12-31T17:03:57.248+0000] {override.py:1911} INFO - Created Permission View: can delete on DAG:latest_only
[2024-12-31T17:03:57.259+0000] {logging_mixin.py:190} INFO - [2024-12-31T17:03:57.258+0000] {override.py:1911} INFO - Created Permission View: can edit on DAG:latest_only
[2024-12-31T17:03:57.267+0000] {logging_mixin.py:190} INFO - [2024-12-31T17:03:57.267+0000] {override.py:1911} INFO - Created Permission View: can read on DAG Run:latest_only
[2024-12-31T17:03:57.275+0000] {logging_mixin.py:190} INFO - [2024-12-31T17:03:57.275+0000] {override.py:1911} INFO - Created Permission View: can delete on DAG Run:latest_only
[2024-12-31T17:03:57.283+0000] {logging_mixin.py:190} INFO - [2024-12-31T17:03:57.283+0000] {override.py:1911} INFO - Created Permission View: can create on DAG Run:latest_only
[2024-12-31T17:03:57.291+0000] {logging_mixin.py:190} INFO - [2024-12-31T17:03:57.290+0000] {override.py:1911} INFO - Created Permission View: menu access on DAG Run:latest_only
[2024-12-31T17:03:57.291+0000] {logging_mixin.py:190} INFO - [2024-12-31T17:03:57.291+0000] {dag.py:3239} INFO - Sync 1 DAGs
[2024-12-31T17:03:57.306+0000] {logging_mixin.py:190} INFO - [2024-12-31T17:03:57.306+0000] {dag.py:3262} INFO - Creating ORM DAG for latest_only
[2024-12-31T17:03:57.319+0000] {logging_mixin.py:190} INFO - [2024-12-31T17:03:57.319+0000] {dag.py:4180} INFO - Setting next_dagrun for latest_only to 2024-12-31 12:00:00+00:00, run_after=2024-12-31 16:00:00+00:00
[2024-12-31T17:03:57.338+0000] {processor.py:208} INFO - Processing /home/airflow/.local/lib/python3.12/site-packages/airflow/example_dags/example_latest_only.py took 0.332 seconds
[2024-12-31T17:04:28.281+0000] {processor.py:186} INFO - Started process (PID=113) to work on /home/airflow/.local/lib/python3.12/site-packages/airflow/example_dags/example_latest_only.py
[2024-12-31T17:04:28.282+0000] {processor.py:914} INFO - Processing file /home/airflow/.local/lib/python3.12/site-packages/airflow/example_dags/example_latest_only.py for tasks to queue
[2024-12-31T17:04:28.285+0000] {logging_mixin.py:190} INFO - [2024-12-31T17:04:28.285+0000] {dagbag.py:588} INFO - Filling up the DagBag from /home/airflow/.local/lib/python3.12/site-packages/airflow/example_dags/example_latest_only.py
[2024-12-31T17:04:28.293+0000] {processor.py:925} INFO - DAG(s) 'latest_only' retrieved from /home/airflow/.local/lib/python3.12/site-packages/airflow/example_dags/example_latest_only.py
[2024-12-31T17:04:28.321+0000] {logging_mixin.py:190} INFO - [2024-12-31T17:04:28.321+0000] {dag.py:3239} INFO - Sync 1 DAGs
[2024-12-31T17:04:28.350+0000] {logging_mixin.py:190} INFO - [2024-12-31T17:04:28.349+0000] {dag.py:4180} INFO - Setting next_dagrun for latest_only to 2024-12-31 12:00:00+00:00, run_after=2024-12-31 16:00:00+00:00
[2024-12-31T17:04:28.375+0000] {processor.py:208} INFO - Processing /home/airflow/.local/lib/python3.12/site-packages/airflow/example_dags/example_latest_only.py took 0.101 seconds
[2024-12-31T17:04:58.526+0000] {processor.py:186} INFO - Started process (PID=176) to work on /home/airflow/.local/lib/python3.12/site-packages/airflow/example_dags/example_latest_only.py
[2024-12-31T17:04:58.530+0000] {processor.py:914} INFO - Processing file /home/airflow/.local/lib/python3.12/site-packages/airflow/example_dags/example_latest_only.py for tasks to queue
[2024-12-31T17:04:58.537+0000] {logging_mixin.py:190} INFO - [2024-12-31T17:04:58.536+0000] {dagbag.py:588} INFO - Filling up the DagBag from /home/airflow/.local/lib/python3.12/site-packages/airflow/example_dags/example_latest_only.py
[2024-12-31T17:04:58.554+0000] {processor.py:925} INFO - DAG(s) 'latest_only' retrieved from /home/airflow/.local/lib/python3.12/site-packages/airflow/example_dags/example_latest_only.py
[2024-12-31T17:04:58.605+0000] {logging_mixin.py:190} INFO - [2024-12-31T17:04:58.604+0000] {dag.py:3239} INFO - Sync 1 DAGs
[2024-12-31T17:04:58.680+0000] {logging_mixin.py:190} INFO - [2024-12-31T17:04:58.679+0000] {dag.py:4180} INFO - Setting next_dagrun for latest_only to 2024-12-31 12:00:00+00:00, run_after=2024-12-31 16:00:00+00:00
[2024-12-31T17:04:58.740+0000] {processor.py:208} INFO - Processing /home/airflow/.local/lib/python3.12/site-packages/airflow/example_dags/example_latest_only.py took 0.229 seconds
[2024-12-31T17:05:30.339+0000] {processor.py:186} INFO - Started process (PID=240) to work on /home/airflow/.local/lib/python3.12/site-packages/airflow/example_dags/example_latest_only.py
[2024-12-31T17:05:30.341+0000] {processor.py:914} INFO - Processing file /home/airflow/.local/lib/python3.12/site-packages/airflow/example_dags/example_latest_only.py for tasks to queue
[2024-12-31T17:05:30.345+0000] {logging_mixin.py:190} INFO - [2024-12-31T17:05:30.344+0000] {dagbag.py:588} INFO - Filling up the DagBag from /home/airflow/.local/lib/python3.12/site-packages/airflow/example_dags/example_latest_only.py
[2024-12-31T17:05:30.357+0000] {processor.py:925} INFO - DAG(s) 'latest_only' retrieved from /home/airflow/.local/lib/python3.12/site-packages/airflow/example_dags/example_latest_only.py
[2024-12-31T17:05:30.388+0000] {logging_mixin.py:190} INFO - [2024-12-31T17:05:30.388+0000] {dag.py:3239} INFO - Sync 1 DAGs
[2024-12-31T17:05:30.433+0000] {logging_mixin.py:190} INFO - [2024-12-31T17:05:30.433+0000] {dag.py:4180} INFO - Setting next_dagrun for latest_only to 2024-12-31 12:00:00+00:00, run_after=2024-12-31 16:00:00+00:00
[2024-12-31T17:05:30.455+0000] {processor.py:208} INFO - Processing /home/airflow/.local/lib/python3.12/site-packages/airflow/example_dags/example_latest_only.py took 0.126 seconds
[2024-12-31T17:06:02.017+0000] {processor.py:186} INFO - Started process (PID=303) to work on /home/airflow/.local/lib/python3.12/site-packages/airflow/example_dags/example_latest_only.py
[2024-12-31T17:06:02.018+0000] {processor.py:914} INFO - Processing file /home/airflow/.local/lib/python3.12/site-packages/airflow/example_dags/example_latest_only.py for tasks to queue
[2024-12-31T17:06:02.020+0000] {logging_mixin.py:190} INFO - [2024-12-31T17:06:02.020+0000] {dagbag.py:588} INFO - Filling up the DagBag from /home/airflow/.local/lib/python3.12/site-packages/airflow/example_dags/example_latest_only.py
[2024-12-31T17:06:02.030+0000] {processor.py:925} INFO - DAG(s) 'latest_only' retrieved from /home/airflow/.local/lib/python3.12/site-packages/airflow/example_dags/example_latest_only.py
[2024-12-31T17:06:02.055+0000] {logging_mixin.py:190} INFO - [2024-12-31T17:06:02.054+0000] {dag.py:3239} INFO - Sync 1 DAGs
[2024-12-31T17:06:02.089+0000] {logging_mixin.py:190} INFO - [2024-12-31T17:06:02.089+0000] {dag.py:4180} INFO - Setting next_dagrun for latest_only to 2024-12-31 12:00:00+00:00, run_after=2024-12-31 16:00:00+00:00
[2024-12-31T17:06:02.131+0000] {processor.py:208} INFO - Processing /home/airflow/.local/lib/python3.12/site-packages/airflow/example_dags/example_latest_only.py took 0.125 seconds
[2024-12-31T17:06:34.263+0000] {processor.py:186} INFO - Started process (PID=371) to work on /home/airflow/.local/lib/python3.12/site-packages/airflow/example_dags/example_latest_only.py
[2024-12-31T17:06:34.265+0000] {processor.py:914} INFO - Processing file /home/airflow/.local/lib/python3.12/site-packages/airflow/example_dags/example_latest_only.py for tasks to queue
[2024-12-31T17:06:34.268+0000] {logging_mixin.py:190} INFO - [2024-12-31T17:06:34.268+0000] {dagbag.py:588} INFO - Filling up the DagBag from /home/airflow/.local/lib/python3.12/site-packages/airflow/example_dags/example_latest_only.py
[2024-12-31T17:06:34.281+0000] {processor.py:925} INFO - DAG(s) 'latest_only' retrieved from /home/airflow/.local/lib/python3.12/site-packages/airflow/example_dags/example_latest_only.py
[2024-12-31T17:06:34.321+0000] {logging_mixin.py:190} INFO - [2024-12-31T17:06:34.321+0000] {dag.py:3239} INFO - Sync 1 DAGs
[2024-12-31T17:06:34.361+0000] {logging_mixin.py:190} INFO - [2024-12-31T17:06:34.360+0000] {dag.py:4180} INFO - Setting next_dagrun for latest_only to 2024-12-31 12:00:00+00:00, run_after=2024-12-31 16:00:00+00:00
[2024-12-31T17:06:34.385+0000] {processor.py:208} INFO - Processing /home/airflow/.local/lib/python3.12/site-packages/airflow/example_dags/example_latest_only.py took 0.132 seconds
