[2024-12-31T17:04:02.782+0000] {processor.py:186} INFO - Started process (PID=72) to work on /home/airflow/.local/lib/python3.12/site-packages/airflow/example_dags/example_dag_decorator.py
[2024-12-31T17:04:02.783+0000] {processor.py:914} INFO - Processing file /home/airflow/.local/lib/python3.12/site-packages/airflow/example_dags/example_dag_decorator.py for tasks to queue
[2024-12-31T17:04:02.787+0000] {logging_mixin.py:190} INFO - [2024-12-31T17:04:02.787+0000] {dagbag.py:588} INFO - Filling up the DagBag from /home/airflow/.local/lib/python3.12/site-packages/airflow/example_dags/example_dag_decorator.py
[2024-12-31T17:04:02.811+0000] {processor.py:925} INFO - DAG(s) 'example_dag_decorator' retrieved from /home/airflow/.local/lib/python3.12/site-packages/airflow/example_dags/example_dag_decorator.py
[2024-12-31T17:04:03.050+0000] {logging_mixin.py:190} INFO - [2024-12-31T17:04:03.049+0000] {override.py:1911} INFO - Created Permission View: can read on DAG:example_dag_decorator
[2024-12-31T17:04:03.071+0000] {logging_mixin.py:190} INFO - [2024-12-31T17:04:03.070+0000] {override.py:1911} INFO - Created Permission View: can delete on DAG:example_dag_decorator
[2024-12-31T17:04:03.083+0000] {logging_mixin.py:190} INFO - [2024-12-31T17:04:03.082+0000] {override.py:1911} INFO - Created Permission View: can edit on DAG:example_dag_decorator
[2024-12-31T17:04:03.113+0000] {logging_mixin.py:190} INFO - [2024-12-31T17:04:03.112+0000] {override.py:1911} INFO - Created Permission View: can read on DAG Run:example_dag_decorator
[2024-12-31T17:04:03.128+0000] {logging_mixin.py:190} INFO - [2024-12-31T17:04:03.127+0000] {override.py:1911} INFO - Created Permission View: can delete on DAG Run:example_dag_decorator
[2024-12-31T17:04:03.144+0000] {logging_mixin.py:190} INFO - [2024-12-31T17:04:03.144+0000] {override.py:1911} INFO - Created Permission View: can create on DAG Run:example_dag_decorator
[2024-12-31T17:04:03.154+0000] {logging_mixin.py:190} INFO - [2024-12-31T17:04:03.154+0000] {override.py:1911} INFO - Created Permission View: menu access on DAG Run:example_dag_decorator
[2024-12-31T17:04:03.155+0000] {logging_mixin.py:190} INFO - [2024-12-31T17:04:03.155+0000] {dag.py:3239} INFO - Sync 1 DAGs
[2024-12-31T17:04:03.183+0000] {logging_mixin.py:190} INFO - [2024-12-31T17:04:03.182+0000] {dag.py:3262} INFO - Creating ORM DAG for example_dag_decorator
[2024-12-31T17:04:03.184+0000] {logging_mixin.py:190} INFO - [2024-12-31T17:04:03.184+0000] {dag.py:4180} INFO - Setting next_dagrun for example_dag_decorator to None, run_after=None
[2024-12-31T17:04:03.212+0000] {processor.py:208} INFO - Processing /home/airflow/.local/lib/python3.12/site-packages/airflow/example_dags/example_dag_decorator.py took 0.439 seconds
[2024-12-31T17:04:34.063+0000] {processor.py:186} INFO - Started process (PID=141) to work on /home/airflow/.local/lib/python3.12/site-packages/airflow/example_dags/example_dag_decorator.py
[2024-12-31T17:04:34.065+0000] {processor.py:914} INFO - Processing file /home/airflow/.local/lib/python3.12/site-packages/airflow/example_dags/example_dag_decorator.py for tasks to queue
[2024-12-31T17:04:34.071+0000] {logging_mixin.py:190} INFO - [2024-12-31T17:04:34.070+0000] {dagbag.py:588} INFO - Filling up the DagBag from /home/airflow/.local/lib/python3.12/site-packages/airflow/example_dags/example_dag_decorator.py
[2024-12-31T17:04:34.099+0000] {processor.py:925} INFO - DAG(s) 'example_dag_decorator' retrieved from /home/airflow/.local/lib/python3.12/site-packages/airflow/example_dags/example_dag_decorator.py
[2024-12-31T17:04:34.265+0000] {logging_mixin.py:190} INFO - [2024-12-31T17:04:34.265+0000] {dag.py:3239} INFO - Sync 1 DAGs
[2024-12-31T17:04:34.280+0000] {logging_mixin.py:190} INFO - [2024-12-31T17:04:34.280+0000] {dag.py:4180} INFO - Setting next_dagrun for example_dag_decorator to None, run_after=None
[2024-12-31T17:04:34.302+0000] {processor.py:208} INFO - Processing /home/airflow/.local/lib/python3.12/site-packages/airflow/example_dags/example_dag_decorator.py took 0.253 seconds
[2024-12-31T17:05:04.403+0000] {processor.py:186} INFO - Started process (PID=206) to work on /home/airflow/.local/lib/python3.12/site-packages/airflow/example_dags/example_dag_decorator.py
[2024-12-31T17:05:04.404+0000] {processor.py:914} INFO - Processing file /home/airflow/.local/lib/python3.12/site-packages/airflow/example_dags/example_dag_decorator.py for tasks to queue
[2024-12-31T17:05:04.407+0000] {logging_mixin.py:190} INFO - [2024-12-31T17:05:04.407+0000] {dagbag.py:588} INFO - Filling up the DagBag from /home/airflow/.local/lib/python3.12/site-packages/airflow/example_dags/example_dag_decorator.py
[2024-12-31T17:05:04.421+0000] {processor.py:925} INFO - DAG(s) 'example_dag_decorator' retrieved from /home/airflow/.local/lib/python3.12/site-packages/airflow/example_dags/example_dag_decorator.py
[2024-12-31T17:05:04.604+0000] {logging_mixin.py:190} INFO - [2024-12-31T17:05:04.603+0000] {dag.py:3239} INFO - Sync 1 DAGs
[2024-12-31T17:05:04.622+0000] {logging_mixin.py:190} INFO - [2024-12-31T17:05:04.621+0000] {dag.py:4180} INFO - Setting next_dagrun for example_dag_decorator to None, run_after=None
[2024-12-31T17:05:04.649+0000] {processor.py:208} INFO - Processing /home/airflow/.local/lib/python3.12/site-packages/airflow/example_dags/example_dag_decorator.py took 0.253 seconds
[2024-12-31T17:05:35.243+0000] {processor.py:186} INFO - Started process (PID=268) to work on /home/airflow/.local/lib/python3.12/site-packages/airflow/example_dags/example_dag_decorator.py
[2024-12-31T17:05:35.248+0000] {processor.py:914} INFO - Processing file /home/airflow/.local/lib/python3.12/site-packages/airflow/example_dags/example_dag_decorator.py for tasks to queue
[2024-12-31T17:05:35.260+0000] {logging_mixin.py:190} INFO - [2024-12-31T17:05:35.258+0000] {dagbag.py:588} INFO - Filling up the DagBag from /home/airflow/.local/lib/python3.12/site-packages/airflow/example_dags/example_dag_decorator.py
[2024-12-31T17:05:35.300+0000] {processor.py:925} INFO - DAG(s) 'example_dag_decorator' retrieved from /home/airflow/.local/lib/python3.12/site-packages/airflow/example_dags/example_dag_decorator.py
[2024-12-31T17:05:35.560+0000] {logging_mixin.py:190} INFO - [2024-12-31T17:05:35.560+0000] {dag.py:3239} INFO - Sync 1 DAGs
[2024-12-31T17:05:35.589+0000] {logging_mixin.py:190} INFO - [2024-12-31T17:05:35.588+0000] {dag.py:4180} INFO - Setting next_dagrun for example_dag_decorator to None, run_after=None
[2024-12-31T17:05:35.626+0000] {processor.py:208} INFO - Processing /home/airflow/.local/lib/python3.12/site-packages/airflow/example_dags/example_dag_decorator.py took 0.419 seconds
[2024-12-31T17:06:05.898+0000] {processor.py:186} INFO - Started process (PID=331) to work on /home/airflow/.local/lib/python3.12/site-packages/airflow/example_dags/example_dag_decorator.py
[2024-12-31T17:06:05.900+0000] {processor.py:914} INFO - Processing file /home/airflow/.local/lib/python3.12/site-packages/airflow/example_dags/example_dag_decorator.py for tasks to queue
[2024-12-31T17:06:05.904+0000] {logging_mixin.py:190} INFO - [2024-12-31T17:06:05.903+0000] {dagbag.py:588} INFO - Filling up the DagBag from /home/airflow/.local/lib/python3.12/site-packages/airflow/example_dags/example_dag_decorator.py
[2024-12-31T17:06:05.926+0000] {processor.py:925} INFO - DAG(s) 'example_dag_decorator' retrieved from /home/airflow/.local/lib/python3.12/site-packages/airflow/example_dags/example_dag_decorator.py
[2024-12-31T17:06:06.524+0000] {logging_mixin.py:190} INFO - [2024-12-31T17:06:06.524+0000] {dag.py:3239} INFO - Sync 1 DAGs
[2024-12-31T17:06:06.549+0000] {logging_mixin.py:190} INFO - [2024-12-31T17:06:06.549+0000] {dag.py:4180} INFO - Setting next_dagrun for example_dag_decorator to None, run_after=None
[2024-12-31T17:06:06.610+0000] {processor.py:208} INFO - Processing /home/airflow/.local/lib/python3.12/site-packages/airflow/example_dags/example_dag_decorator.py took 0.724 seconds
[2024-12-31T17:06:36.822+0000] {processor.py:186} INFO - Started process (PID=394) to work on /home/airflow/.local/lib/python3.12/site-packages/airflow/example_dags/example_dag_decorator.py
[2024-12-31T17:06:36.823+0000] {processor.py:914} INFO - Processing file /home/airflow/.local/lib/python3.12/site-packages/airflow/example_dags/example_dag_decorator.py for tasks to queue
[2024-12-31T17:06:36.826+0000] {logging_mixin.py:190} INFO - [2024-12-31T17:06:36.826+0000] {dagbag.py:588} INFO - Filling up the DagBag from /home/airflow/.local/lib/python3.12/site-packages/airflow/example_dags/example_dag_decorator.py
[2024-12-31T17:06:36.842+0000] {processor.py:925} INFO - DAG(s) 'example_dag_decorator' retrieved from /home/airflow/.local/lib/python3.12/site-packages/airflow/example_dags/example_dag_decorator.py
[2024-12-31T17:06:37.010+0000] {logging_mixin.py:190} INFO - [2024-12-31T17:06:37.009+0000] {dag.py:3239} INFO - Sync 1 DAGs
[2024-12-31T17:06:37.040+0000] {logging_mixin.py:190} INFO - [2024-12-31T17:06:37.040+0000] {dag.py:4180} INFO - Setting next_dagrun for example_dag_decorator to None, run_after=None
[2024-12-31T17:06:37.084+0000] {processor.py:208} INFO - Processing /home/airflow/.local/lib/python3.12/site-packages/airflow/example_dags/example_dag_decorator.py took 0.272 seconds
