[2024-12-31T17:03:50.261+0000] {processor.py:186} INFO - Started process (PID=41) to work on /home/airflow/.local/lib/python3.12/site-packages/airflow/example_dags/example_subdag_operator.py
[2024-12-31T17:03:50.262+0000] {processor.py:914} INFO - Processing file /home/airflow/.local/lib/python3.12/site-packages/airflow/example_dags/example_subdag_operator.py for tasks to queue
[2024-12-31T17:03:50.269+0000] {logging_mixin.py:190} INFO - [2024-12-31T17:03:50.268+0000] {dagbag.py:588} INFO - Filling up the DagBag from /home/airflow/.local/lib/python3.12/site-packages/airflow/example_dags/example_subdag_operator.py
[2024-12-31T17:03:50.343+0000] {processor.py:925} INFO - DAG(s) 'example_subdag_operator.section-1', 'example_subdag_operator.section-2', 'example_subdag_operator' retrieved from /home/airflow/.local/lib/python3.12/site-packages/airflow/example_dags/example_subdag_operator.py
[2024-12-31T17:03:50.695+0000] {logging_mixin.py:190} INFO - [2024-12-31T17:03:50.694+0000] {override.py:1911} INFO - Created Permission View: can read on DAG:example_subdag_operator
[2024-12-31T17:03:50.721+0000] {logging_mixin.py:190} INFO - [2024-12-31T17:03:50.720+0000] {override.py:1911} INFO - Created Permission View: can delete on DAG:example_subdag_operator
[2024-12-31T17:03:50.740+0000] {logging_mixin.py:190} INFO - [2024-12-31T17:03:50.740+0000] {override.py:1911} INFO - Created Permission View: can edit on DAG:example_subdag_operator
[2024-12-31T17:03:50.753+0000] {logging_mixin.py:190} INFO - [2024-12-31T17:03:50.753+0000] {override.py:1911} INFO - Created Permission View: can read on DAG Run:example_subdag_operator
[2024-12-31T17:03:50.767+0000] {logging_mixin.py:190} INFO - [2024-12-31T17:03:50.767+0000] {override.py:1911} INFO - Created Permission View: can delete on DAG Run:example_subdag_operator
[2024-12-31T17:03:50.792+0000] {logging_mixin.py:190} INFO - [2024-12-31T17:03:50.791+0000] {override.py:1911} INFO - Created Permission View: can create on DAG Run:example_subdag_operator
[2024-12-31T17:03:50.812+0000] {logging_mixin.py:190} INFO - [2024-12-31T17:03:50.811+0000] {override.py:1911} INFO - Created Permission View: menu access on DAG Run:example_subdag_operator
[2024-12-31T17:03:50.813+0000] {logging_mixin.py:190} INFO - [2024-12-31T17:03:50.812+0000] {dag.py:3239} INFO - Sync 3 DAGs
[2024-12-31T17:03:50.838+0000] {logging_mixin.py:190} INFO - [2024-12-31T17:03:50.838+0000] {dag.py:3262} INFO - Creating ORM DAG for example_subdag_operator
[2024-12-31T17:03:50.839+0000] {logging_mixin.py:190} INFO - [2024-12-31T17:03:50.839+0000] {dag.py:3262} INFO - Creating ORM DAG for example_subdag_operator.section-2
[2024-12-31T17:03:50.841+0000] {logging_mixin.py:190} INFO - [2024-12-31T17:03:50.840+0000] {dag.py:3262} INFO - Creating ORM DAG for example_subdag_operator.section-1
[2024-12-31T17:03:50.858+0000] {logging_mixin.py:190} INFO - [2024-12-31T17:03:50.858+0000] {dag.py:4180} INFO - Setting next_dagrun for example_subdag_operator to 2022-01-01 00:00:00+00:00, run_after=2022-01-01 00:00:00+00:00
[2024-12-31T17:03:50.860+0000] {logging_mixin.py:190} INFO - [2024-12-31T17:03:50.859+0000] {dag.py:4180} INFO - Setting next_dagrun for example_subdag_operator.section-1 to None, run_after=None
[2024-12-31T17:03:50.860+0000] {logging_mixin.py:190} INFO - [2024-12-31T17:03:50.860+0000] {dag.py:4180} INFO - Setting next_dagrun for example_subdag_operator.section-2 to None, run_after=None
[2024-12-31T17:03:50.881+0000] {logging_mixin.py:190} INFO - [2024-12-31T17:03:50.880+0000] {dag.py:3239} INFO - Sync 2 DAGs
[2024-12-31T17:03:50.891+0000] {logging_mixin.py:190} INFO - [2024-12-31T17:03:50.890+0000] {dag.py:4180} INFO - Setting next_dagrun for example_subdag_operator.section-1 to None, run_after=None
[2024-12-31T17:03:50.895+0000] {logging_mixin.py:190} INFO - [2024-12-31T17:03:50.895+0000] {dag.py:4180} INFO - Setting next_dagrun for example_subdag_operator.section-2 to None, run_after=None
[2024-12-31T17:03:50.924+0000] {processor.py:208} INFO - Processing /home/airflow/.local/lib/python3.12/site-packages/airflow/example_dags/example_subdag_operator.py took 0.697 seconds
[2024-12-31T17:04:21.671+0000] {processor.py:186} INFO - Started process (PID=103) to work on /home/airflow/.local/lib/python3.12/site-packages/airflow/example_dags/example_subdag_operator.py
[2024-12-31T17:04:21.672+0000] {processor.py:914} INFO - Processing file /home/airflow/.local/lib/python3.12/site-packages/airflow/example_dags/example_subdag_operator.py for tasks to queue
[2024-12-31T17:04:21.675+0000] {logging_mixin.py:190} INFO - [2024-12-31T17:04:21.674+0000] {dagbag.py:588} INFO - Filling up the DagBag from /home/airflow/.local/lib/python3.12/site-packages/airflow/example_dags/example_subdag_operator.py
[2024-12-31T17:04:21.706+0000] {processor.py:925} INFO - DAG(s) 'example_subdag_operator.section-1', 'example_subdag_operator.section-2', 'example_subdag_operator' retrieved from /home/airflow/.local/lib/python3.12/site-packages/airflow/example_dags/example_subdag_operator.py
[2024-12-31T17:04:21.731+0000] {logging_mixin.py:190} INFO - [2024-12-31T17:04:21.731+0000] {dag.py:3239} INFO - Sync 3 DAGs
[2024-12-31T17:04:21.764+0000] {logging_mixin.py:190} INFO - [2024-12-31T17:04:21.764+0000] {dag.py:4180} INFO - Setting next_dagrun for example_subdag_operator to 2022-01-01 00:00:00+00:00, run_after=2022-01-01 00:00:00+00:00
[2024-12-31T17:04:21.768+0000] {logging_mixin.py:190} INFO - [2024-12-31T17:04:21.768+0000] {dag.py:4180} INFO - Setting next_dagrun for example_subdag_operator.section-1 to None, run_after=None
[2024-12-31T17:04:21.770+0000] {logging_mixin.py:190} INFO - [2024-12-31T17:04:21.769+0000] {dag.py:4180} INFO - Setting next_dagrun for example_subdag_operator.section-2 to None, run_after=None
[2024-12-31T17:04:21.777+0000] {logging_mixin.py:190} INFO - [2024-12-31T17:04:21.777+0000] {dag.py:3239} INFO - Sync 2 DAGs
[2024-12-31T17:04:21.783+0000] {logging_mixin.py:190} INFO - [2024-12-31T17:04:21.783+0000] {dag.py:4180} INFO - Setting next_dagrun for example_subdag_operator.section-1 to None, run_after=None
[2024-12-31T17:04:21.784+0000] {logging_mixin.py:190} INFO - [2024-12-31T17:04:21.784+0000] {dag.py:4180} INFO - Setting next_dagrun for example_subdag_operator.section-2 to None, run_after=None
[2024-12-31T17:04:21.796+0000] {processor.py:208} INFO - Processing /home/airflow/.local/lib/python3.12/site-packages/airflow/example_dags/example_subdag_operator.py took 0.135 seconds
[2024-12-31T17:04:52.493+0000] {processor.py:186} INFO - Started process (PID=166) to work on /home/airflow/.local/lib/python3.12/site-packages/airflow/example_dags/example_subdag_operator.py
[2024-12-31T17:04:52.494+0000] {processor.py:914} INFO - Processing file /home/airflow/.local/lib/python3.12/site-packages/airflow/example_dags/example_subdag_operator.py for tasks to queue
[2024-12-31T17:04:52.498+0000] {logging_mixin.py:190} INFO - [2024-12-31T17:04:52.497+0000] {dagbag.py:588} INFO - Filling up the DagBag from /home/airflow/.local/lib/python3.12/site-packages/airflow/example_dags/example_subdag_operator.py
[2024-12-31T17:04:52.550+0000] {processor.py:925} INFO - DAG(s) 'example_subdag_operator.section-1', 'example_subdag_operator.section-2', 'example_subdag_operator' retrieved from /home/airflow/.local/lib/python3.12/site-packages/airflow/example_dags/example_subdag_operator.py
[2024-12-31T17:04:52.587+0000] {logging_mixin.py:190} INFO - [2024-12-31T17:04:52.587+0000] {dag.py:3239} INFO - Sync 3 DAGs
[2024-12-31T17:04:52.632+0000] {logging_mixin.py:190} INFO - [2024-12-31T17:04:52.632+0000] {dag.py:4180} INFO - Setting next_dagrun for example_subdag_operator to 2022-01-01 00:00:00+00:00, run_after=2022-01-01 00:00:00+00:00
[2024-12-31T17:04:52.639+0000] {logging_mixin.py:190} INFO - [2024-12-31T17:04:52.638+0000] {dag.py:4180} INFO - Setting next_dagrun for example_subdag_operator.section-1 to None, run_after=None
[2024-12-31T17:04:52.641+0000] {logging_mixin.py:190} INFO - [2024-12-31T17:04:52.641+0000] {dag.py:4180} INFO - Setting next_dagrun for example_subdag_operator.section-2 to None, run_after=None
[2024-12-31T17:04:52.654+0000] {logging_mixin.py:190} INFO - [2024-12-31T17:04:52.653+0000] {dag.py:3239} INFO - Sync 2 DAGs
[2024-12-31T17:04:52.668+0000] {logging_mixin.py:190} INFO - [2024-12-31T17:04:52.668+0000] {dag.py:4180} INFO - Setting next_dagrun for example_subdag_operator.section-1 to None, run_after=None
[2024-12-31T17:04:52.669+0000] {logging_mixin.py:190} INFO - [2024-12-31T17:04:52.669+0000] {dag.py:4180} INFO - Setting next_dagrun for example_subdag_operator.section-2 to None, run_after=None
[2024-12-31T17:04:52.692+0000] {processor.py:208} INFO - Processing /home/airflow/.local/lib/python3.12/site-packages/airflow/example_dags/example_subdag_operator.py took 0.211 seconds
[2024-12-31T17:05:22.833+0000] {processor.py:186} INFO - Started process (PID=230) to work on /home/airflow/.local/lib/python3.12/site-packages/airflow/example_dags/example_subdag_operator.py
[2024-12-31T17:05:22.835+0000] {processor.py:914} INFO - Processing file /home/airflow/.local/lib/python3.12/site-packages/airflow/example_dags/example_subdag_operator.py for tasks to queue
[2024-12-31T17:05:22.840+0000] {logging_mixin.py:190} INFO - [2024-12-31T17:05:22.839+0000] {dagbag.py:588} INFO - Filling up the DagBag from /home/airflow/.local/lib/python3.12/site-packages/airflow/example_dags/example_subdag_operator.py
[2024-12-31T17:05:22.887+0000] {processor.py:925} INFO - DAG(s) 'example_subdag_operator.section-1', 'example_subdag_operator.section-2', 'example_subdag_operator' retrieved from /home/airflow/.local/lib/python3.12/site-packages/airflow/example_dags/example_subdag_operator.py
[2024-12-31T17:05:22.912+0000] {logging_mixin.py:190} INFO - [2024-12-31T17:05:22.912+0000] {dag.py:3239} INFO - Sync 3 DAGs
[2024-12-31T17:05:22.940+0000] {logging_mixin.py:190} INFO - [2024-12-31T17:05:22.939+0000] {dag.py:4180} INFO - Setting next_dagrun for example_subdag_operator to 2022-01-01 00:00:00+00:00, run_after=2022-01-01 00:00:00+00:00
[2024-12-31T17:05:22.944+0000] {logging_mixin.py:190} INFO - [2024-12-31T17:05:22.943+0000] {dag.py:4180} INFO - Setting next_dagrun for example_subdag_operator.section-1 to None, run_after=None
[2024-12-31T17:05:22.945+0000] {logging_mixin.py:190} INFO - [2024-12-31T17:05:22.945+0000] {dag.py:4180} INFO - Setting next_dagrun for example_subdag_operator.section-2 to None, run_after=None
[2024-12-31T17:05:22.954+0000] {logging_mixin.py:190} INFO - [2024-12-31T17:05:22.953+0000] {dag.py:3239} INFO - Sync 2 DAGs
[2024-12-31T17:05:22.960+0000] {logging_mixin.py:190} INFO - [2024-12-31T17:05:22.960+0000] {dag.py:4180} INFO - Setting next_dagrun for example_subdag_operator.section-1 to None, run_after=None
[2024-12-31T17:05:22.960+0000] {logging_mixin.py:190} INFO - [2024-12-31T17:05:22.960+0000] {dag.py:4180} INFO - Setting next_dagrun for example_subdag_operator.section-2 to None, run_after=None
[2024-12-31T17:05:22.974+0000] {processor.py:208} INFO - Processing /home/airflow/.local/lib/python3.12/site-packages/airflow/example_dags/example_subdag_operator.py took 0.159 seconds
[2024-12-31T17:05:53.898+0000] {processor.py:186} INFO - Started process (PID=293) to work on /home/airflow/.local/lib/python3.12/site-packages/airflow/example_dags/example_subdag_operator.py
[2024-12-31T17:05:53.900+0000] {processor.py:914} INFO - Processing file /home/airflow/.local/lib/python3.12/site-packages/airflow/example_dags/example_subdag_operator.py for tasks to queue
[2024-12-31T17:05:53.903+0000] {logging_mixin.py:190} INFO - [2024-12-31T17:05:53.903+0000] {dagbag.py:588} INFO - Filling up the DagBag from /home/airflow/.local/lib/python3.12/site-packages/airflow/example_dags/example_subdag_operator.py
[2024-12-31T17:05:53.935+0000] {processor.py:925} INFO - DAG(s) 'example_subdag_operator.section-1', 'example_subdag_operator.section-2', 'example_subdag_operator' retrieved from /home/airflow/.local/lib/python3.12/site-packages/airflow/example_dags/example_subdag_operator.py
[2024-12-31T17:05:53.953+0000] {logging_mixin.py:190} INFO - [2024-12-31T17:05:53.953+0000] {dag.py:3239} INFO - Sync 3 DAGs
[2024-12-31T17:05:53.983+0000] {logging_mixin.py:190} INFO - [2024-12-31T17:05:53.982+0000] {dag.py:4180} INFO - Setting next_dagrun for example_subdag_operator to 2022-01-01 00:00:00+00:00, run_after=2022-01-01 00:00:00+00:00
[2024-12-31T17:05:53.987+0000] {logging_mixin.py:190} INFO - [2024-12-31T17:05:53.987+0000] {dag.py:4180} INFO - Setting next_dagrun for example_subdag_operator.section-1 to None, run_after=None
[2024-12-31T17:05:53.989+0000] {logging_mixin.py:190} INFO - [2024-12-31T17:05:53.988+0000] {dag.py:4180} INFO - Setting next_dagrun for example_subdag_operator.section-2 to None, run_after=None
[2024-12-31T17:05:53.999+0000] {logging_mixin.py:190} INFO - [2024-12-31T17:05:53.998+0000] {dag.py:3239} INFO - Sync 2 DAGs
[2024-12-31T17:05:54.005+0000] {logging_mixin.py:190} INFO - [2024-12-31T17:05:54.005+0000] {dag.py:4180} INFO - Setting next_dagrun for example_subdag_operator.section-1 to None, run_after=None
[2024-12-31T17:05:54.006+0000] {logging_mixin.py:190} INFO - [2024-12-31T17:05:54.006+0000] {dag.py:4180} INFO - Setting next_dagrun for example_subdag_operator.section-2 to None, run_after=None
[2024-12-31T17:05:54.020+0000] {processor.py:208} INFO - Processing /home/airflow/.local/lib/python3.12/site-packages/airflow/example_dags/example_subdag_operator.py took 0.131 seconds
[2024-12-31T17:06:24.200+0000] {processor.py:186} INFO - Started process (PID=356) to work on /home/airflow/.local/lib/python3.12/site-packages/airflow/example_dags/example_subdag_operator.py
[2024-12-31T17:06:24.204+0000] {processor.py:914} INFO - Processing file /home/airflow/.local/lib/python3.12/site-packages/airflow/example_dags/example_subdag_operator.py for tasks to queue
[2024-12-31T17:06:24.212+0000] {logging_mixin.py:190} INFO - [2024-12-31T17:06:24.211+0000] {dagbag.py:588} INFO - Filling up the DagBag from /home/airflow/.local/lib/python3.12/site-packages/airflow/example_dags/example_subdag_operator.py
[2024-12-31T17:06:24.268+0000] {processor.py:925} INFO - DAG(s) 'example_subdag_operator.section-1', 'example_subdag_operator.section-2', 'example_subdag_operator' retrieved from /home/airflow/.local/lib/python3.12/site-packages/airflow/example_dags/example_subdag_operator.py
[2024-12-31T17:06:24.285+0000] {logging_mixin.py:190} INFO - [2024-12-31T17:06:24.285+0000] {dag.py:3239} INFO - Sync 3 DAGs
[2024-12-31T17:06:24.312+0000] {logging_mixin.py:190} INFO - [2024-12-31T17:06:24.311+0000] {dag.py:4180} INFO - Setting next_dagrun for example_subdag_operator to 2022-01-01 00:00:00+00:00, run_after=2022-01-01 00:00:00+00:00
[2024-12-31T17:06:24.316+0000] {logging_mixin.py:190} INFO - [2024-12-31T17:06:24.316+0000] {dag.py:4180} INFO - Setting next_dagrun for example_subdag_operator.section-1 to None, run_after=None
[2024-12-31T17:06:24.317+0000] {logging_mixin.py:190} INFO - [2024-12-31T17:06:24.317+0000] {dag.py:4180} INFO - Setting next_dagrun for example_subdag_operator.section-2 to None, run_after=None
[2024-12-31T17:06:24.326+0000] {logging_mixin.py:190} INFO - [2024-12-31T17:06:24.325+0000] {dag.py:3239} INFO - Sync 2 DAGs
[2024-12-31T17:06:24.332+0000] {logging_mixin.py:190} INFO - [2024-12-31T17:06:24.332+0000] {dag.py:4180} INFO - Setting next_dagrun for example_subdag_operator.section-1 to None, run_after=None
[2024-12-31T17:06:24.333+0000] {logging_mixin.py:190} INFO - [2024-12-31T17:06:24.332+0000] {dag.py:4180} INFO - Setting next_dagrun for example_subdag_operator.section-2 to None, run_after=None
[2024-12-31T17:06:24.345+0000] {processor.py:208} INFO - Processing /home/airflow/.local/lib/python3.12/site-packages/airflow/example_dags/example_subdag_operator.py took 0.172 seconds
[2024-12-31T17:06:54.479+0000] {processor.py:186} INFO - Started process (PID=418) to work on /home/airflow/.local/lib/python3.12/site-packages/airflow/example_dags/example_subdag_operator.py
[2024-12-31T17:06:54.481+0000] {processor.py:914} INFO - Processing file /home/airflow/.local/lib/python3.12/site-packages/airflow/example_dags/example_subdag_operator.py for tasks to queue
[2024-12-31T17:06:54.484+0000] {logging_mixin.py:190} INFO - [2024-12-31T17:06:54.484+0000] {dagbag.py:588} INFO - Filling up the DagBag from /home/airflow/.local/lib/python3.12/site-packages/airflow/example_dags/example_subdag_operator.py
[2024-12-31T17:06:54.516+0000] {processor.py:925} INFO - DAG(s) 'example_subdag_operator.section-1', 'example_subdag_operator.section-2', 'example_subdag_operator' retrieved from /home/airflow/.local/lib/python3.12/site-packages/airflow/example_dags/example_subdag_operator.py
[2024-12-31T17:06:54.532+0000] {logging_mixin.py:190} INFO - [2024-12-31T17:06:54.532+0000] {dag.py:3239} INFO - Sync 3 DAGs
[2024-12-31T17:06:54.560+0000] {logging_mixin.py:190} INFO - [2024-12-31T17:06:54.560+0000] {dag.py:4180} INFO - Setting next_dagrun for example_subdag_operator to 2022-01-01 00:00:00+00:00, run_after=2022-01-01 00:00:00+00:00
[2024-12-31T17:06:54.565+0000] {logging_mixin.py:190} INFO - [2024-12-31T17:06:54.565+0000] {dag.py:4180} INFO - Setting next_dagrun for example_subdag_operator.section-1 to None, run_after=None
[2024-12-31T17:06:54.567+0000] {logging_mixin.py:190} INFO - [2024-12-31T17:06:54.567+0000] {dag.py:4180} INFO - Setting next_dagrun for example_subdag_operator.section-2 to None, run_after=None
[2024-12-31T17:06:54.579+0000] {logging_mixin.py:190} INFO - [2024-12-31T17:06:54.578+0000] {dag.py:3239} INFO - Sync 2 DAGs
[2024-12-31T17:06:54.589+0000] {logging_mixin.py:190} INFO - [2024-12-31T17:06:54.589+0000] {dag.py:4180} INFO - Setting next_dagrun for example_subdag_operator.section-1 to None, run_after=None
[2024-12-31T17:06:54.590+0000] {logging_mixin.py:190} INFO - [2024-12-31T17:06:54.590+0000] {dag.py:4180} INFO - Setting next_dagrun for example_subdag_operator.section-2 to None, run_after=None
[2024-12-31T17:06:54.609+0000] {processor.py:208} INFO - Processing /home/airflow/.local/lib/python3.12/site-packages/airflow/example_dags/example_subdag_operator.py took 0.140 seconds
