[2024-12-31T17:04:01.839+0000] {processor.py:186} INFO - Started process (PID=68) to work on /home/airflow/.local/lib/python3.12/site-packages/airflow/example_dags/example_short_circuit_operator.py
[2024-12-31T17:04:01.840+0000] {processor.py:914} INFO - Processing file /home/airflow/.local/lib/python3.12/site-packages/airflow/example_dags/example_short_circuit_operator.py for tasks to queue
[2024-12-31T17:04:01.844+0000] {logging_mixin.py:190} INFO - [2024-12-31T17:04:01.843+0000] {dagbag.py:588} INFO - Filling up the DagBag from /home/airflow/.local/lib/python3.12/site-packages/airflow/example_dags/example_short_circuit_operator.py
[2024-12-31T17:04:01.859+0000] {processor.py:925} INFO - DAG(s) 'example_short_circuit_operator' retrieved from /home/airflow/.local/lib/python3.12/site-packages/airflow/example_dags/example_short_circuit_operator.py
[2024-12-31T17:04:02.120+0000] {logging_mixin.py:190} INFO - [2024-12-31T17:04:02.119+0000] {override.py:1911} INFO - Created Permission View: can read on DAG:example_short_circuit_operator
[2024-12-31T17:04:02.151+0000] {logging_mixin.py:190} INFO - [2024-12-31T17:04:02.151+0000] {override.py:1911} INFO - Created Permission View: can delete on DAG:example_short_circuit_operator
[2024-12-31T17:04:02.172+0000] {logging_mixin.py:190} INFO - [2024-12-31T17:04:02.172+0000] {override.py:1911} INFO - Created Permission View: can edit on DAG:example_short_circuit_operator
[2024-12-31T17:04:02.189+0000] {logging_mixin.py:190} INFO - [2024-12-31T17:04:02.188+0000] {override.py:1911} INFO - Created Permission View: can read on DAG Run:example_short_circuit_operator
[2024-12-31T17:04:02.207+0000] {logging_mixin.py:190} INFO - [2024-12-31T17:04:02.207+0000] {override.py:1911} INFO - Created Permission View: can delete on DAG Run:example_short_circuit_operator
[2024-12-31T17:04:02.218+0000] {logging_mixin.py:190} INFO - [2024-12-31T17:04:02.218+0000] {override.py:1911} INFO - Created Permission View: can create on DAG Run:example_short_circuit_operator
[2024-12-31T17:04:02.228+0000] {logging_mixin.py:190} INFO - [2024-12-31T17:04:02.227+0000] {override.py:1911} INFO - Created Permission View: menu access on DAG Run:example_short_circuit_operator
[2024-12-31T17:04:02.228+0000] {logging_mixin.py:190} INFO - [2024-12-31T17:04:02.228+0000] {dag.py:3239} INFO - Sync 1 DAGs
[2024-12-31T17:04:02.251+0000] {logging_mixin.py:190} INFO - [2024-12-31T17:04:02.250+0000] {dag.py:3262} INFO - Creating ORM DAG for example_short_circuit_operator
[2024-12-31T17:04:02.252+0000] {logging_mixin.py:190} INFO - [2024-12-31T17:04:02.252+0000] {dag.py:4180} INFO - Setting next_dagrun for example_short_circuit_operator to None, run_after=None
[2024-12-31T17:04:02.281+0000] {processor.py:208} INFO - Processing /home/airflow/.local/lib/python3.12/site-packages/airflow/example_dags/example_short_circuit_operator.py took 0.451 seconds
[2024-12-31T17:04:32.633+0000] {processor.py:186} INFO - Started process (PID=131) to work on /home/airflow/.local/lib/python3.12/site-packages/airflow/example_dags/example_short_circuit_operator.py
[2024-12-31T17:04:32.634+0000] {processor.py:914} INFO - Processing file /home/airflow/.local/lib/python3.12/site-packages/airflow/example_dags/example_short_circuit_operator.py for tasks to queue
[2024-12-31T17:04:32.637+0000] {logging_mixin.py:190} INFO - [2024-12-31T17:04:32.637+0000] {dagbag.py:588} INFO - Filling up the DagBag from /home/airflow/.local/lib/python3.12/site-packages/airflow/example_dags/example_short_circuit_operator.py
[2024-12-31T17:04:32.650+0000] {processor.py:925} INFO - DAG(s) 'example_short_circuit_operator' retrieved from /home/airflow/.local/lib/python3.12/site-packages/airflow/example_dags/example_short_circuit_operator.py
[2024-12-31T17:04:32.693+0000] {logging_mixin.py:190} INFO - [2024-12-31T17:04:32.693+0000] {dag.py:3239} INFO - Sync 1 DAGs
[2024-12-31T17:04:32.712+0000] {logging_mixin.py:190} INFO - [2024-12-31T17:04:32.712+0000] {dag.py:4180} INFO - Setting next_dagrun for example_short_circuit_operator to None, run_after=None
[2024-12-31T17:04:32.738+0000] {processor.py:208} INFO - Processing /home/airflow/.local/lib/python3.12/site-packages/airflow/example_dags/example_short_circuit_operator.py took 0.113 seconds
[2024-12-31T17:05:02.961+0000] {processor.py:186} INFO - Started process (PID=194) to work on /home/airflow/.local/lib/python3.12/site-packages/airflow/example_dags/example_short_circuit_operator.py
[2024-12-31T17:05:02.961+0000] {processor.py:914} INFO - Processing file /home/airflow/.local/lib/python3.12/site-packages/airflow/example_dags/example_short_circuit_operator.py for tasks to queue
[2024-12-31T17:05:02.965+0000] {logging_mixin.py:190} INFO - [2024-12-31T17:05:02.964+0000] {dagbag.py:588} INFO - Filling up the DagBag from /home/airflow/.local/lib/python3.12/site-packages/airflow/example_dags/example_short_circuit_operator.py
[2024-12-31T17:05:02.979+0000] {processor.py:925} INFO - DAG(s) 'example_short_circuit_operator' retrieved from /home/airflow/.local/lib/python3.12/site-packages/airflow/example_dags/example_short_circuit_operator.py
[2024-12-31T17:05:03.008+0000] {logging_mixin.py:190} INFO - [2024-12-31T17:05:03.008+0000] {dag.py:3239} INFO - Sync 1 DAGs
[2024-12-31T17:05:03.028+0000] {logging_mixin.py:190} INFO - [2024-12-31T17:05:03.028+0000] {dag.py:4180} INFO - Setting next_dagrun for example_short_circuit_operator to None, run_after=None
[2024-12-31T17:05:03.051+0000] {processor.py:208} INFO - Processing /home/airflow/.local/lib/python3.12/site-packages/airflow/example_dags/example_short_circuit_operator.py took 0.097 seconds
[2024-12-31T17:05:33.891+0000] {processor.py:186} INFO - Started process (PID=264) to work on /home/airflow/.local/lib/python3.12/site-packages/airflow/example_dags/example_short_circuit_operator.py
[2024-12-31T17:05:33.893+0000] {processor.py:914} INFO - Processing file /home/airflow/.local/lib/python3.12/site-packages/airflow/example_dags/example_short_circuit_operator.py for tasks to queue
[2024-12-31T17:05:33.896+0000] {logging_mixin.py:190} INFO - [2024-12-31T17:05:33.895+0000] {dagbag.py:588} INFO - Filling up the DagBag from /home/airflow/.local/lib/python3.12/site-packages/airflow/example_dags/example_short_circuit_operator.py
[2024-12-31T17:05:33.908+0000] {processor.py:925} INFO - DAG(s) 'example_short_circuit_operator' retrieved from /home/airflow/.local/lib/python3.12/site-packages/airflow/example_dags/example_short_circuit_operator.py
[2024-12-31T17:05:33.945+0000] {logging_mixin.py:190} INFO - [2024-12-31T17:05:33.945+0000] {dag.py:3239} INFO - Sync 1 DAGs
[2024-12-31T17:05:33.970+0000] {logging_mixin.py:190} INFO - [2024-12-31T17:05:33.970+0000] {dag.py:4180} INFO - Setting next_dagrun for example_short_circuit_operator to None, run_after=None
[2024-12-31T17:05:33.999+0000] {processor.py:208} INFO - Processing /home/airflow/.local/lib/python3.12/site-packages/airflow/example_dags/example_short_circuit_operator.py took 0.115 seconds
[2024-12-31T17:06:04.656+0000] {processor.py:186} INFO - Started process (PID=327) to work on /home/airflow/.local/lib/python3.12/site-packages/airflow/example_dags/example_short_circuit_operator.py
[2024-12-31T17:06:04.657+0000] {processor.py:914} INFO - Processing file /home/airflow/.local/lib/python3.12/site-packages/airflow/example_dags/example_short_circuit_operator.py for tasks to queue
[2024-12-31T17:06:04.661+0000] {logging_mixin.py:190} INFO - [2024-12-31T17:06:04.661+0000] {dagbag.py:588} INFO - Filling up the DagBag from /home/airflow/.local/lib/python3.12/site-packages/airflow/example_dags/example_short_circuit_operator.py
[2024-12-31T17:06:04.681+0000] {processor.py:925} INFO - DAG(s) 'example_short_circuit_operator' retrieved from /home/airflow/.local/lib/python3.12/site-packages/airflow/example_dags/example_short_circuit_operator.py
[2024-12-31T17:06:04.732+0000] {logging_mixin.py:190} INFO - [2024-12-31T17:06:04.732+0000] {dag.py:3239} INFO - Sync 1 DAGs
[2024-12-31T17:06:04.764+0000] {logging_mixin.py:190} INFO - [2024-12-31T17:06:04.764+0000] {dag.py:4180} INFO - Setting next_dagrun for example_short_circuit_operator to None, run_after=None
[2024-12-31T17:06:04.794+0000] {processor.py:208} INFO - Processing /home/airflow/.local/lib/python3.12/site-packages/airflow/example_dags/example_short_circuit_operator.py took 0.149 seconds
[2024-12-31T17:06:35.750+0000] {processor.py:186} INFO - Started process (PID=388) to work on /home/airflow/.local/lib/python3.12/site-packages/airflow/example_dags/example_short_circuit_operator.py
[2024-12-31T17:06:35.751+0000] {processor.py:914} INFO - Processing file /home/airflow/.local/lib/python3.12/site-packages/airflow/example_dags/example_short_circuit_operator.py for tasks to queue
[2024-12-31T17:06:35.756+0000] {logging_mixin.py:190} INFO - [2024-12-31T17:06:35.755+0000] {dagbag.py:588} INFO - Filling up the DagBag from /home/airflow/.local/lib/python3.12/site-packages/airflow/example_dags/example_short_circuit_operator.py
[2024-12-31T17:06:35.767+0000] {processor.py:925} INFO - DAG(s) 'example_short_circuit_operator' retrieved from /home/airflow/.local/lib/python3.12/site-packages/airflow/example_dags/example_short_circuit_operator.py
[2024-12-31T17:06:35.811+0000] {logging_mixin.py:190} INFO - [2024-12-31T17:06:35.811+0000] {dag.py:3239} INFO - Sync 1 DAGs
[2024-12-31T17:06:35.830+0000] {logging_mixin.py:190} INFO - [2024-12-31T17:06:35.829+0000] {dag.py:4180} INFO - Setting next_dagrun for example_short_circuit_operator to None, run_after=None
[2024-12-31T17:06:35.854+0000] {processor.py:208} INFO - Processing /home/airflow/.local/lib/python3.12/site-packages/airflow/example_dags/example_short_circuit_operator.py took 0.116 seconds
