[2024-12-31T17:04:05.727+0000] {processor.py:186} INFO - Started process (PID=88) to work on /home/airflow/.local/lib/python3.12/site-packages/airflow/example_dags/example_branch_operator.py
[2024-12-31T17:04:05.728+0000] {processor.py:914} INFO - Processing file /home/airflow/.local/lib/python3.12/site-packages/airflow/example_dags/example_branch_operator.py for tasks to queue
[2024-12-31T17:04:05.731+0000] {logging_mixin.py:190} INFO - [2024-12-31T17:04:05.730+0000] {dagbag.py:588} INFO - Filling up the DagBag from /home/airflow/.local/lib/python3.12/site-packages/airflow/example_dags/example_branch_operator.py
[2024-12-31T17:04:05.760+0000] {processor.py:925} INFO - DAG(s) 'example_branch_operator' retrieved from /home/airflow/.local/lib/python3.12/site-packages/airflow/example_dags/example_branch_operator.py
[2024-12-31T17:04:05.906+0000] {logging_mixin.py:190} INFO - [2024-12-31T17:04:05.905+0000] {override.py:1911} INFO - Created Permission View: can read on DAG:example_branch_operator
[2024-12-31T17:04:05.918+0000] {logging_mixin.py:190} INFO - [2024-12-31T17:04:05.918+0000] {override.py:1911} INFO - Created Permission View: can delete on DAG:example_branch_operator
[2024-12-31T17:04:05.928+0000] {logging_mixin.py:190} INFO - [2024-12-31T17:04:05.928+0000] {override.py:1911} INFO - Created Permission View: can edit on DAG:example_branch_operator
[2024-12-31T17:04:05.938+0000] {logging_mixin.py:190} INFO - [2024-12-31T17:04:05.938+0000] {override.py:1911} INFO - Created Permission View: can read on DAG Run:example_branch_operator
[2024-12-31T17:04:05.948+0000] {logging_mixin.py:190} INFO - [2024-12-31T17:04:05.947+0000] {override.py:1911} INFO - Created Permission View: can delete on DAG Run:example_branch_operator
[2024-12-31T17:04:05.957+0000] {logging_mixin.py:190} INFO - [2024-12-31T17:04:05.956+0000] {override.py:1911} INFO - Created Permission View: can create on DAG Run:example_branch_operator
[2024-12-31T17:04:05.967+0000] {logging_mixin.py:190} INFO - [2024-12-31T17:04:05.966+0000] {override.py:1911} INFO - Created Permission View: menu access on DAG Run:example_branch_operator
[2024-12-31T17:04:05.967+0000] {logging_mixin.py:190} INFO - [2024-12-31T17:04:05.967+0000] {dag.py:3239} INFO - Sync 1 DAGs
[2024-12-31T17:04:05.984+0000] {logging_mixin.py:190} INFO - [2024-12-31T17:04:05.983+0000] {dag.py:3262} INFO - Creating ORM DAG for example_branch_operator
[2024-12-31T17:04:05.998+0000] {logging_mixin.py:190} INFO - [2024-12-31T17:04:05.997+0000] {dag.py:4180} INFO - Setting next_dagrun for example_branch_operator to 2024-12-30 00:00:00+00:00, run_after=2024-12-31 00:00:00+00:00
[2024-12-31T17:04:06.035+0000] {processor.py:208} INFO - Processing /home/airflow/.local/lib/python3.12/site-packages/airflow/example_dags/example_branch_operator.py took 0.315 seconds
[2024-12-31T17:04:36.784+0000] {processor.py:186} INFO - Started process (PID=151) to work on /home/airflow/.local/lib/python3.12/site-packages/airflow/example_dags/example_branch_operator.py
[2024-12-31T17:04:36.785+0000] {processor.py:914} INFO - Processing file /home/airflow/.local/lib/python3.12/site-packages/airflow/example_dags/example_branch_operator.py for tasks to queue
[2024-12-31T17:04:36.788+0000] {logging_mixin.py:190} INFO - [2024-12-31T17:04:36.787+0000] {dagbag.py:588} INFO - Filling up the DagBag from /home/airflow/.local/lib/python3.12/site-packages/airflow/example_dags/example_branch_operator.py
[2024-12-31T17:04:36.810+0000] {processor.py:925} INFO - DAG(s) 'example_branch_operator' retrieved from /home/airflow/.local/lib/python3.12/site-packages/airflow/example_dags/example_branch_operator.py
[2024-12-31T17:04:36.848+0000] {logging_mixin.py:190} INFO - [2024-12-31T17:04:36.848+0000] {dag.py:3239} INFO - Sync 1 DAGs
[2024-12-31T17:04:36.878+0000] {logging_mixin.py:190} INFO - [2024-12-31T17:04:36.878+0000] {dag.py:4180} INFO - Setting next_dagrun for example_branch_operator to 2024-12-30 00:00:00+00:00, run_after=2024-12-31 00:00:00+00:00
[2024-12-31T17:04:36.924+0000] {processor.py:208} INFO - Processing /home/airflow/.local/lib/python3.12/site-packages/airflow/example_dags/example_branch_operator.py took 0.147 seconds
[2024-12-31T17:05:07.053+0000] {processor.py:186} INFO - Started process (PID=214) to work on /home/airflow/.local/lib/python3.12/site-packages/airflow/example_dags/example_branch_operator.py
[2024-12-31T17:05:07.054+0000] {processor.py:914} INFO - Processing file /home/airflow/.local/lib/python3.12/site-packages/airflow/example_dags/example_branch_operator.py for tasks to queue
[2024-12-31T17:05:07.057+0000] {logging_mixin.py:190} INFO - [2024-12-31T17:05:07.057+0000] {dagbag.py:588} INFO - Filling up the DagBag from /home/airflow/.local/lib/python3.12/site-packages/airflow/example_dags/example_branch_operator.py
[2024-12-31T17:05:07.079+0000] {processor.py:925} INFO - DAG(s) 'example_branch_operator' retrieved from /home/airflow/.local/lib/python3.12/site-packages/airflow/example_dags/example_branch_operator.py
[2024-12-31T17:05:07.116+0000] {logging_mixin.py:190} INFO - [2024-12-31T17:05:07.116+0000] {dag.py:3239} INFO - Sync 1 DAGs
[2024-12-31T17:05:07.144+0000] {logging_mixin.py:190} INFO - [2024-12-31T17:05:07.144+0000] {dag.py:4180} INFO - Setting next_dagrun for example_branch_operator to 2024-12-30 00:00:00+00:00, run_after=2024-12-31 00:00:00+00:00
[2024-12-31T17:05:07.165+0000] {processor.py:208} INFO - Processing /home/airflow/.local/lib/python3.12/site-packages/airflow/example_dags/example_branch_operator.py took 0.122 seconds
[2024-12-31T17:05:37.263+0000] {processor.py:186} INFO - Started process (PID=277) to work on /home/airflow/.local/lib/python3.12/site-packages/airflow/example_dags/example_branch_operator.py
[2024-12-31T17:05:37.265+0000] {processor.py:914} INFO - Processing file /home/airflow/.local/lib/python3.12/site-packages/airflow/example_dags/example_branch_operator.py for tasks to queue
[2024-12-31T17:05:37.268+0000] {logging_mixin.py:190} INFO - [2024-12-31T17:05:37.268+0000] {dagbag.py:588} INFO - Filling up the DagBag from /home/airflow/.local/lib/python3.12/site-packages/airflow/example_dags/example_branch_operator.py
[2024-12-31T17:05:37.295+0000] {processor.py:925} INFO - DAG(s) 'example_branch_operator' retrieved from /home/airflow/.local/lib/python3.12/site-packages/airflow/example_dags/example_branch_operator.py
[2024-12-31T17:05:37.330+0000] {logging_mixin.py:190} INFO - [2024-12-31T17:05:37.330+0000] {dag.py:3239} INFO - Sync 1 DAGs
[2024-12-31T17:05:37.360+0000] {logging_mixin.py:190} INFO - [2024-12-31T17:05:37.360+0000] {dag.py:4180} INFO - Setting next_dagrun for example_branch_operator to 2024-12-30 00:00:00+00:00, run_after=2024-12-31 00:00:00+00:00
[2024-12-31T17:05:37.385+0000] {processor.py:208} INFO - Processing /home/airflow/.local/lib/python3.12/site-packages/airflow/example_dags/example_branch_operator.py took 0.131 seconds
[2024-12-31T17:06:08.269+0000] {processor.py:186} INFO - Started process (PID=340) to work on /home/airflow/.local/lib/python3.12/site-packages/airflow/example_dags/example_branch_operator.py
[2024-12-31T17:06:08.271+0000] {processor.py:914} INFO - Processing file /home/airflow/.local/lib/python3.12/site-packages/airflow/example_dags/example_branch_operator.py for tasks to queue
[2024-12-31T17:06:08.274+0000] {logging_mixin.py:190} INFO - [2024-12-31T17:06:08.273+0000] {dagbag.py:588} INFO - Filling up the DagBag from /home/airflow/.local/lib/python3.12/site-packages/airflow/example_dags/example_branch_operator.py
[2024-12-31T17:06:08.304+0000] {processor.py:925} INFO - DAG(s) 'example_branch_operator' retrieved from /home/airflow/.local/lib/python3.12/site-packages/airflow/example_dags/example_branch_operator.py
[2024-12-31T17:06:08.354+0000] {logging_mixin.py:190} INFO - [2024-12-31T17:06:08.353+0000] {dag.py:3239} INFO - Sync 1 DAGs
[2024-12-31T17:06:08.396+0000] {logging_mixin.py:190} INFO - [2024-12-31T17:06:08.396+0000] {dag.py:4180} INFO - Setting next_dagrun for example_branch_operator to 2024-12-30 00:00:00+00:00, run_after=2024-12-31 00:00:00+00:00
[2024-12-31T17:06:08.428+0000] {processor.py:208} INFO - Processing /home/airflow/.local/lib/python3.12/site-packages/airflow/example_dags/example_branch_operator.py took 0.171 seconds
[2024-12-31T17:06:38.596+0000] {processor.py:186} INFO - Started process (PID=402) to work on /home/airflow/.local/lib/python3.12/site-packages/airflow/example_dags/example_branch_operator.py
[2024-12-31T17:06:38.598+0000] {processor.py:914} INFO - Processing file /home/airflow/.local/lib/python3.12/site-packages/airflow/example_dags/example_branch_operator.py for tasks to queue
[2024-12-31T17:06:38.601+0000] {logging_mixin.py:190} INFO - [2024-12-31T17:06:38.601+0000] {dagbag.py:588} INFO - Filling up the DagBag from /home/airflow/.local/lib/python3.12/site-packages/airflow/example_dags/example_branch_operator.py
[2024-12-31T17:06:38.624+0000] {processor.py:925} INFO - DAG(s) 'example_branch_operator' retrieved from /home/airflow/.local/lib/python3.12/site-packages/airflow/example_dags/example_branch_operator.py
[2024-12-31T17:06:38.661+0000] {logging_mixin.py:190} INFO - [2024-12-31T17:06:38.661+0000] {dag.py:3239} INFO - Sync 1 DAGs
[2024-12-31T17:06:38.700+0000] {logging_mixin.py:190} INFO - [2024-12-31T17:06:38.700+0000] {dag.py:4180} INFO - Setting next_dagrun for example_branch_operator to 2024-12-30 00:00:00+00:00, run_after=2024-12-31 00:00:00+00:00
[2024-12-31T17:06:38.731+0000] {processor.py:208} INFO - Processing /home/airflow/.local/lib/python3.12/site-packages/airflow/example_dags/example_branch_operator.py took 0.147 seconds
