[2024-12-31T17:04:02.564+0000] {processor.py:186} INFO - Started process (PID=71) to work on /home/airflow/.local/lib/python3.12/site-packages/airflow/example_dags/example_setup_teardown.py
[2024-12-31T17:04:02.565+0000] {processor.py:914} INFO - Processing file /home/airflow/.local/lib/python3.12/site-packages/airflow/example_dags/example_setup_teardown.py for tasks to queue
[2024-12-31T17:04:02.569+0000] {logging_mixin.py:190} INFO - [2024-12-31T17:04:02.568+0000] {dagbag.py:588} INFO - Filling up the DagBag from /home/airflow/.local/lib/python3.12/site-packages/airflow/example_dags/example_setup_teardown.py
[2024-12-31T17:04:02.585+0000] {processor.py:925} INFO - DAG(s) 'example_setup_teardown' retrieved from /home/airflow/.local/lib/python3.12/site-packages/airflow/example_dags/example_setup_teardown.py
[2024-12-31T17:04:02.813+0000] {logging_mixin.py:190} INFO - [2024-12-31T17:04:02.812+0000] {override.py:1911} INFO - Created Permission View: can read on DAG:example_setup_teardown
[2024-12-31T17:04:02.846+0000] {logging_mixin.py:190} INFO - [2024-12-31T17:04:02.845+0000] {override.py:1911} INFO - Created Permission View: can delete on DAG:example_setup_teardown
[2024-12-31T17:04:02.858+0000] {logging_mixin.py:190} INFO - [2024-12-31T17:04:02.858+0000] {override.py:1911} INFO - Created Permission View: can edit on DAG:example_setup_teardown
[2024-12-31T17:04:02.869+0000] {logging_mixin.py:190} INFO - [2024-12-31T17:04:02.869+0000] {override.py:1911} INFO - Created Permission View: can read on DAG Run:example_setup_teardown
[2024-12-31T17:04:02.880+0000] {logging_mixin.py:190} INFO - [2024-12-31T17:04:02.880+0000] {override.py:1911} INFO - Created Permission View: can delete on DAG Run:example_setup_teardown
[2024-12-31T17:04:02.890+0000] {logging_mixin.py:190} INFO - [2024-12-31T17:04:02.889+0000] {override.py:1911} INFO - Created Permission View: can create on DAG Run:example_setup_teardown
[2024-12-31T17:04:02.900+0000] {logging_mixin.py:190} INFO - [2024-12-31T17:04:02.899+0000] {override.py:1911} INFO - Created Permission View: menu access on DAG Run:example_setup_teardown
[2024-12-31T17:04:02.900+0000] {logging_mixin.py:190} INFO - [2024-12-31T17:04:02.900+0000] {dag.py:3239} INFO - Sync 1 DAGs
[2024-12-31T17:04:02.923+0000] {logging_mixin.py:190} INFO - [2024-12-31T17:04:02.923+0000] {dag.py:3262} INFO - Creating ORM DAG for example_setup_teardown
[2024-12-31T17:04:02.924+0000] {logging_mixin.py:190} INFO - [2024-12-31T17:04:02.924+0000] {dag.py:4180} INFO - Setting next_dagrun for example_setup_teardown to None, run_after=None
[2024-12-31T17:04:02.952+0000] {processor.py:208} INFO - Processing /home/airflow/.local/lib/python3.12/site-packages/airflow/example_dags/example_setup_teardown.py took 0.398 seconds
[2024-12-31T17:04:33.027+0000] {processor.py:186} INFO - Started process (PID=134) to work on /home/airflow/.local/lib/python3.12/site-packages/airflow/example_dags/example_setup_teardown.py
[2024-12-31T17:04:33.028+0000] {processor.py:914} INFO - Processing file /home/airflow/.local/lib/python3.12/site-packages/airflow/example_dags/example_setup_teardown.py for tasks to queue
[2024-12-31T17:04:33.032+0000] {logging_mixin.py:190} INFO - [2024-12-31T17:04:33.031+0000] {dagbag.py:588} INFO - Filling up the DagBag from /home/airflow/.local/lib/python3.12/site-packages/airflow/example_dags/example_setup_teardown.py
[2024-12-31T17:04:33.041+0000] {processor.py:925} INFO - DAG(s) 'example_setup_teardown' retrieved from /home/airflow/.local/lib/python3.12/site-packages/airflow/example_dags/example_setup_teardown.py
[2024-12-31T17:04:33.063+0000] {logging_mixin.py:190} INFO - [2024-12-31T17:04:33.062+0000] {dag.py:3239} INFO - Sync 1 DAGs
[2024-12-31T17:04:33.082+0000] {logging_mixin.py:190} INFO - [2024-12-31T17:04:33.081+0000] {dag.py:4180} INFO - Setting next_dagrun for example_setup_teardown to None, run_after=None
[2024-12-31T17:04:33.105+0000] {processor.py:208} INFO - Processing /home/airflow/.local/lib/python3.12/site-packages/airflow/example_dags/example_setup_teardown.py took 0.084 seconds
[2024-12-31T17:05:03.149+0000] {processor.py:186} INFO - Started process (PID=197) to work on /home/airflow/.local/lib/python3.12/site-packages/airflow/example_dags/example_setup_teardown.py
[2024-12-31T17:05:03.150+0000] {processor.py:914} INFO - Processing file /home/airflow/.local/lib/python3.12/site-packages/airflow/example_dags/example_setup_teardown.py for tasks to queue
[2024-12-31T17:05:03.154+0000] {logging_mixin.py:190} INFO - [2024-12-31T17:05:03.153+0000] {dagbag.py:588} INFO - Filling up the DagBag from /home/airflow/.local/lib/python3.12/site-packages/airflow/example_dags/example_setup_teardown.py
[2024-12-31T17:05:03.164+0000] {processor.py:925} INFO - DAG(s) 'example_setup_teardown' retrieved from /home/airflow/.local/lib/python3.12/site-packages/airflow/example_dags/example_setup_teardown.py
[2024-12-31T17:05:03.189+0000] {logging_mixin.py:190} INFO - [2024-12-31T17:05:03.189+0000] {dag.py:3239} INFO - Sync 1 DAGs
[2024-12-31T17:05:03.207+0000] {logging_mixin.py:190} INFO - [2024-12-31T17:05:03.207+0000] {dag.py:4180} INFO - Setting next_dagrun for example_setup_teardown to None, run_after=None
[2024-12-31T17:05:03.227+0000] {processor.py:208} INFO - Processing /home/airflow/.local/lib/python3.12/site-packages/airflow/example_dags/example_setup_teardown.py took 0.086 seconds
[2024-12-31T17:05:34.101+0000] {processor.py:186} INFO - Started process (PID=267) to work on /home/airflow/.local/lib/python3.12/site-packages/airflow/example_dags/example_setup_teardown.py
[2024-12-31T17:05:34.102+0000] {processor.py:914} INFO - Processing file /home/airflow/.local/lib/python3.12/site-packages/airflow/example_dags/example_setup_teardown.py for tasks to queue
[2024-12-31T17:05:34.106+0000] {logging_mixin.py:190} INFO - [2024-12-31T17:05:34.105+0000] {dagbag.py:588} INFO - Filling up the DagBag from /home/airflow/.local/lib/python3.12/site-packages/airflow/example_dags/example_setup_teardown.py
[2024-12-31T17:05:34.116+0000] {processor.py:925} INFO - DAG(s) 'example_setup_teardown' retrieved from /home/airflow/.local/lib/python3.12/site-packages/airflow/example_dags/example_setup_teardown.py
[2024-12-31T17:05:34.141+0000] {logging_mixin.py:190} INFO - [2024-12-31T17:05:34.140+0000] {dag.py:3239} INFO - Sync 1 DAGs
[2024-12-31T17:05:34.159+0000] {logging_mixin.py:190} INFO - [2024-12-31T17:05:34.159+0000] {dag.py:4180} INFO - Setting next_dagrun for example_setup_teardown to None, run_after=None
[2024-12-31T17:05:34.180+0000] {processor.py:208} INFO - Processing /home/airflow/.local/lib/python3.12/site-packages/airflow/example_dags/example_setup_teardown.py took 0.085 seconds
[2024-12-31T17:06:05.704+0000] {processor.py:186} INFO - Started process (PID=330) to work on /home/airflow/.local/lib/python3.12/site-packages/airflow/example_dags/example_setup_teardown.py
[2024-12-31T17:06:05.705+0000] {processor.py:914} INFO - Processing file /home/airflow/.local/lib/python3.12/site-packages/airflow/example_dags/example_setup_teardown.py for tasks to queue
[2024-12-31T17:06:05.709+0000] {logging_mixin.py:190} INFO - [2024-12-31T17:06:05.709+0000] {dagbag.py:588} INFO - Filling up the DagBag from /home/airflow/.local/lib/python3.12/site-packages/airflow/example_dags/example_setup_teardown.py
[2024-12-31T17:06:05.724+0000] {processor.py:925} INFO - DAG(s) 'example_setup_teardown' retrieved from /home/airflow/.local/lib/python3.12/site-packages/airflow/example_dags/example_setup_teardown.py
[2024-12-31T17:06:05.786+0000] {logging_mixin.py:190} INFO - [2024-12-31T17:06:05.786+0000] {dag.py:3239} INFO - Sync 1 DAGs
[2024-12-31T17:06:05.810+0000] {logging_mixin.py:190} INFO - [2024-12-31T17:06:05.810+0000] {dag.py:4180} INFO - Setting next_dagrun for example_setup_teardown to None, run_after=None
[2024-12-31T17:06:05.849+0000] {processor.py:208} INFO - Processing /home/airflow/.local/lib/python3.12/site-packages/airflow/example_dags/example_setup_teardown.py took 0.161 seconds
[2024-12-31T17:06:36.203+0000] {processor.py:186} INFO - Started process (PID=392) to work on /home/airflow/.local/lib/python3.12/site-packages/airflow/example_dags/example_setup_teardown.py
[2024-12-31T17:06:36.204+0000] {processor.py:914} INFO - Processing file /home/airflow/.local/lib/python3.12/site-packages/airflow/example_dags/example_setup_teardown.py for tasks to queue
[2024-12-31T17:06:36.208+0000] {logging_mixin.py:190} INFO - [2024-12-31T17:06:36.208+0000] {dagbag.py:588} INFO - Filling up the DagBag from /home/airflow/.local/lib/python3.12/site-packages/airflow/example_dags/example_setup_teardown.py
[2024-12-31T17:06:36.221+0000] {processor.py:925} INFO - DAG(s) 'example_setup_teardown' retrieved from /home/airflow/.local/lib/python3.12/site-packages/airflow/example_dags/example_setup_teardown.py
[2024-12-31T17:06:36.257+0000] {logging_mixin.py:190} INFO - [2024-12-31T17:06:36.257+0000] {dag.py:3239} INFO - Sync 1 DAGs
[2024-12-31T17:06:36.276+0000] {logging_mixin.py:190} INFO - [2024-12-31T17:06:36.275+0000] {dag.py:4180} INFO - Setting next_dagrun for example_setup_teardown to None, run_after=None
[2024-12-31T17:06:36.299+0000] {processor.py:208} INFO - Processing /home/airflow/.local/lib/python3.12/site-packages/airflow/example_dags/example_setup_teardown.py took 0.103 seconds
