[2024-12-31T17:04:06.533+0000] {processor.py:186} INFO - Started process (PID=92) to work on /home/airflow/.local/lib/python3.12/site-packages/airflow/example_dags/example_dataset_alias_with_no_taskflow.py
[2024-12-31T17:04:06.534+0000] {processor.py:914} INFO - Processing file /home/airflow/.local/lib/python3.12/site-packages/airflow/example_dags/example_dataset_alias_with_no_taskflow.py for tasks to queue
[2024-12-31T17:04:06.537+0000] {logging_mixin.py:190} INFO - [2024-12-31T17:04:06.537+0000] {dagbag.py:588} INFO - Filling up the DagBag from /home/airflow/.local/lib/python3.12/site-packages/airflow/example_dags/example_dataset_alias_with_no_taskflow.py
[2024-12-31T17:04:07.373+0000] {processor.py:925} INFO - DAG(s) 'dataset_alias_example_alias_consumer_with_no_taskflow', 'dataset_s3_bucket_consumer_with_no_taskflow', 'dataset_s3_bucket_producer_with_no_taskflow', 'dataset_alias_example_alias_producer_with_no_taskflow' retrieved from /home/airflow/.local/lib/python3.12/site-packages/airflow/example_dags/example_dataset_alias_with_no_taskflow.py
[2024-12-31T17:04:07.553+0000] {logging_mixin.py:190} INFO - [2024-12-31T17:04:07.552+0000] {override.py:1911} INFO - Created Permission View: can read on DAG:dataset_alias_example_alias_consumer_with_no_taskflow
[2024-12-31T17:04:07.572+0000] {logging_mixin.py:190} INFO - [2024-12-31T17:04:07.571+0000] {override.py:1911} INFO - Created Permission View: can delete on DAG:dataset_alias_example_alias_consumer_with_no_taskflow
[2024-12-31T17:04:07.582+0000] {logging_mixin.py:190} INFO - [2024-12-31T17:04:07.582+0000] {override.py:1911} INFO - Created Permission View: can edit on DAG:dataset_alias_example_alias_consumer_with_no_taskflow
[2024-12-31T17:04:07.593+0000] {logging_mixin.py:190} INFO - [2024-12-31T17:04:07.593+0000] {override.py:1911} INFO - Created Permission View: can read on DAG Run:dataset_alias_example_alias_consumer_with_no_taskflow
[2024-12-31T17:04:07.603+0000] {logging_mixin.py:190} INFO - [2024-12-31T17:04:07.603+0000] {override.py:1911} INFO - Created Permission View: can delete on DAG Run:dataset_alias_example_alias_consumer_with_no_taskflow
[2024-12-31T17:04:07.615+0000] {logging_mixin.py:190} INFO - [2024-12-31T17:04:07.615+0000] {override.py:1911} INFO - Created Permission View: can create on DAG Run:dataset_alias_example_alias_consumer_with_no_taskflow
[2024-12-31T17:04:07.625+0000] {logging_mixin.py:190} INFO - [2024-12-31T17:04:07.624+0000] {override.py:1911} INFO - Created Permission View: menu access on DAG Run:dataset_alias_example_alias_consumer_with_no_taskflow
[2024-12-31T17:04:07.642+0000] {logging_mixin.py:190} INFO - [2024-12-31T17:04:07.642+0000] {override.py:1911} INFO - Created Permission View: can read on DAG:dataset_s3_bucket_consumer_with_no_taskflow
[2024-12-31T17:04:07.651+0000] {logging_mixin.py:190} INFO - [2024-12-31T17:04:07.650+0000] {override.py:1911} INFO - Created Permission View: can delete on DAG:dataset_s3_bucket_consumer_with_no_taskflow
[2024-12-31T17:04:07.659+0000] {logging_mixin.py:190} INFO - [2024-12-31T17:04:07.659+0000] {override.py:1911} INFO - Created Permission View: can edit on DAG:dataset_s3_bucket_consumer_with_no_taskflow
[2024-12-31T17:04:07.668+0000] {logging_mixin.py:190} INFO - [2024-12-31T17:04:07.668+0000] {override.py:1911} INFO - Created Permission View: can read on DAG Run:dataset_s3_bucket_consumer_with_no_taskflow
[2024-12-31T17:04:07.678+0000] {logging_mixin.py:190} INFO - [2024-12-31T17:04:07.678+0000] {override.py:1911} INFO - Created Permission View: can delete on DAG Run:dataset_s3_bucket_consumer_with_no_taskflow
[2024-12-31T17:04:07.688+0000] {logging_mixin.py:190} INFO - [2024-12-31T17:04:07.687+0000] {override.py:1911} INFO - Created Permission View: can create on DAG Run:dataset_s3_bucket_consumer_with_no_taskflow
[2024-12-31T17:04:07.696+0000] {logging_mixin.py:190} INFO - [2024-12-31T17:04:07.696+0000] {override.py:1911} INFO - Created Permission View: menu access on DAG Run:dataset_s3_bucket_consumer_with_no_taskflow
[2024-12-31T17:04:07.712+0000] {logging_mixin.py:190} INFO - [2024-12-31T17:04:07.711+0000] {override.py:1911} INFO - Created Permission View: can read on DAG:dataset_s3_bucket_producer_with_no_taskflow
[2024-12-31T17:04:07.720+0000] {logging_mixin.py:190} INFO - [2024-12-31T17:04:07.719+0000] {override.py:1911} INFO - Created Permission View: can delete on DAG:dataset_s3_bucket_producer_with_no_taskflow
[2024-12-31T17:04:07.728+0000] {logging_mixin.py:190} INFO - [2024-12-31T17:04:07.727+0000] {override.py:1911} INFO - Created Permission View: can edit on DAG:dataset_s3_bucket_producer_with_no_taskflow
[2024-12-31T17:04:07.737+0000] {logging_mixin.py:190} INFO - [2024-12-31T17:04:07.736+0000] {override.py:1911} INFO - Created Permission View: can read on DAG Run:dataset_s3_bucket_producer_with_no_taskflow
[2024-12-31T17:04:07.745+0000] {logging_mixin.py:190} INFO - [2024-12-31T17:04:07.744+0000] {override.py:1911} INFO - Created Permission View: can delete on DAG Run:dataset_s3_bucket_producer_with_no_taskflow
[2024-12-31T17:04:07.758+0000] {logging_mixin.py:190} INFO - [2024-12-31T17:04:07.758+0000] {override.py:1911} INFO - Created Permission View: can create on DAG Run:dataset_s3_bucket_producer_with_no_taskflow
[2024-12-31T17:04:07.767+0000] {logging_mixin.py:190} INFO - [2024-12-31T17:04:07.767+0000] {override.py:1911} INFO - Created Permission View: menu access on DAG Run:dataset_s3_bucket_producer_with_no_taskflow
[2024-12-31T17:04:07.784+0000] {logging_mixin.py:190} INFO - [2024-12-31T17:04:07.783+0000] {override.py:1911} INFO - Created Permission View: can read on DAG:dataset_alias_example_alias_producer_with_no_taskflow
[2024-12-31T17:04:07.794+0000] {logging_mixin.py:190} INFO - [2024-12-31T17:04:07.794+0000] {override.py:1911} INFO - Created Permission View: can delete on DAG:dataset_alias_example_alias_producer_with_no_taskflow
[2024-12-31T17:04:07.806+0000] {logging_mixin.py:190} INFO - [2024-12-31T17:04:07.806+0000] {override.py:1911} INFO - Created Permission View: can edit on DAG:dataset_alias_example_alias_producer_with_no_taskflow
[2024-12-31T17:04:07.818+0000] {logging_mixin.py:190} INFO - [2024-12-31T17:04:07.818+0000] {override.py:1911} INFO - Created Permission View: can read on DAG Run:dataset_alias_example_alias_producer_with_no_taskflow
[2024-12-31T17:04:07.827+0000] {logging_mixin.py:190} INFO - [2024-12-31T17:04:07.826+0000] {override.py:1911} INFO - Created Permission View: can delete on DAG Run:dataset_alias_example_alias_producer_with_no_taskflow
[2024-12-31T17:04:07.836+0000] {logging_mixin.py:190} INFO - [2024-12-31T17:04:07.835+0000] {override.py:1911} INFO - Created Permission View: can create on DAG Run:dataset_alias_example_alias_producer_with_no_taskflow
[2024-12-31T17:04:07.845+0000] {logging_mixin.py:190} INFO - [2024-12-31T17:04:07.845+0000] {override.py:1911} INFO - Created Permission View: menu access on DAG Run:dataset_alias_example_alias_producer_with_no_taskflow
[2024-12-31T17:04:07.846+0000] {logging_mixin.py:190} INFO - [2024-12-31T17:04:07.845+0000] {dag.py:3239} INFO - Sync 4 DAGs
[2024-12-31T17:04:07.874+0000] {logging_mixin.py:190} INFO - [2024-12-31T17:04:07.873+0000] {dag.py:3262} INFO - Creating ORM DAG for dataset_s3_bucket_consumer_with_no_taskflow
[2024-12-31T17:04:07.875+0000] {logging_mixin.py:190} INFO - [2024-12-31T17:04:07.875+0000] {dag.py:3262} INFO - Creating ORM DAG for dataset_alias_example_alias_consumer_with_no_taskflow
[2024-12-31T17:04:07.876+0000] {logging_mixin.py:190} INFO - [2024-12-31T17:04:07.876+0000] {dag.py:3262} INFO - Creating ORM DAG for dataset_s3_bucket_producer_with_no_taskflow
[2024-12-31T17:04:07.877+0000] {logging_mixin.py:190} INFO - [2024-12-31T17:04:07.877+0000] {dag.py:3262} INFO - Creating ORM DAG for dataset_alias_example_alias_producer_with_no_taskflow
[2024-12-31T17:04:07.891+0000] {logging_mixin.py:190} INFO - [2024-12-31T17:04:07.891+0000] {dag.py:4180} INFO - Setting next_dagrun for dataset_alias_example_alias_consumer_with_no_taskflow to None, run_after=None
[2024-12-31T17:04:07.892+0000] {logging_mixin.py:190} INFO - [2024-12-31T17:04:07.892+0000] {dag.py:4180} INFO - Setting next_dagrun for dataset_alias_example_alias_producer_with_no_taskflow to None, run_after=None
[2024-12-31T17:04:07.893+0000] {logging_mixin.py:190} INFO - [2024-12-31T17:04:07.893+0000] {dag.py:4180} INFO - Setting next_dagrun for dataset_s3_bucket_consumer_with_no_taskflow to None, run_after=None
[2024-12-31T17:04:07.894+0000] {logging_mixin.py:190} INFO - [2024-12-31T17:04:07.894+0000] {dag.py:4180} INFO - Setting next_dagrun for dataset_s3_bucket_producer_with_no_taskflow to None, run_after=None
[2024-12-31T17:04:07.949+0000] {processor.py:208} INFO - Processing /home/airflow/.local/lib/python3.12/site-packages/airflow/example_dags/example_dataset_alias_with_no_taskflow.py took 1.423 seconds
[2024-12-31T17:04:38.879+0000] {processor.py:186} INFO - Started process (PID=157) to work on /home/airflow/.local/lib/python3.12/site-packages/airflow/example_dags/example_dataset_alias_with_no_taskflow.py
[2024-12-31T17:04:38.883+0000] {processor.py:914} INFO - Processing file /home/airflow/.local/lib/python3.12/site-packages/airflow/example_dags/example_dataset_alias_with_no_taskflow.py for tasks to queue
[2024-12-31T17:04:38.894+0000] {logging_mixin.py:190} INFO - [2024-12-31T17:04:38.893+0000] {dagbag.py:588} INFO - Filling up the DagBag from /home/airflow/.local/lib/python3.12/site-packages/airflow/example_dags/example_dataset_alias_with_no_taskflow.py
[2024-12-31T17:04:39.692+0000] {processor.py:925} INFO - DAG(s) 'dataset_alias_example_alias_consumer_with_no_taskflow', 'dataset_s3_bucket_producer_with_no_taskflow', 'dataset_s3_bucket_consumer_with_no_taskflow', 'dataset_alias_example_alias_producer_with_no_taskflow' retrieved from /home/airflow/.local/lib/python3.12/site-packages/airflow/example_dags/example_dataset_alias_with_no_taskflow.py
[2024-12-31T17:04:39.717+0000] {logging_mixin.py:190} INFO - [2024-12-31T17:04:39.716+0000] {dag.py:3239} INFO - Sync 4 DAGs
[2024-12-31T17:04:39.742+0000] {logging_mixin.py:190} INFO - [2024-12-31T17:04:39.742+0000] {dag.py:4180} INFO - Setting next_dagrun for dataset_alias_example_alias_consumer_with_no_taskflow to None, run_after=None
[2024-12-31T17:04:39.745+0000] {logging_mixin.py:190} INFO - [2024-12-31T17:04:39.745+0000] {dag.py:4180} INFO - Setting next_dagrun for dataset_alias_example_alias_producer_with_no_taskflow to None, run_after=None
[2024-12-31T17:04:39.747+0000] {logging_mixin.py:190} INFO - [2024-12-31T17:04:39.746+0000] {dag.py:4180} INFO - Setting next_dagrun for dataset_s3_bucket_consumer_with_no_taskflow to None, run_after=None
[2024-12-31T17:04:39.748+0000] {logging_mixin.py:190} INFO - [2024-12-31T17:04:39.748+0000] {dag.py:4180} INFO - Setting next_dagrun for dataset_s3_bucket_producer_with_no_taskflow to None, run_after=None
[2024-12-31T17:04:39.775+0000] {processor.py:208} INFO - Processing /home/airflow/.local/lib/python3.12/site-packages/airflow/example_dags/example_dataset_alias_with_no_taskflow.py took 0.933 seconds
[2024-12-31T17:05:10.451+0000] {processor.py:186} INFO - Started process (PID=227) to work on /home/airflow/.local/lib/python3.12/site-packages/airflow/example_dags/example_dataset_alias_with_no_taskflow.py
[2024-12-31T17:05:10.452+0000] {processor.py:914} INFO - Processing file /home/airflow/.local/lib/python3.12/site-packages/airflow/example_dags/example_dataset_alias_with_no_taskflow.py for tasks to queue
[2024-12-31T17:05:10.456+0000] {logging_mixin.py:190} INFO - [2024-12-31T17:05:10.455+0000] {dagbag.py:588} INFO - Filling up the DagBag from /home/airflow/.local/lib/python3.12/site-packages/airflow/example_dags/example_dataset_alias_with_no_taskflow.py
[2024-12-31T17:05:11.420+0000] {processor.py:925} INFO - DAG(s) 'dataset_s3_bucket_producer_with_no_taskflow', 'dataset_alias_example_alias_producer_with_no_taskflow', 'dataset_alias_example_alias_consumer_with_no_taskflow', 'dataset_s3_bucket_consumer_with_no_taskflow' retrieved from /home/airflow/.local/lib/python3.12/site-packages/airflow/example_dags/example_dataset_alias_with_no_taskflow.py
[2024-12-31T17:05:11.454+0000] {logging_mixin.py:190} INFO - [2024-12-31T17:05:11.453+0000] {dag.py:3239} INFO - Sync 4 DAGs
[2024-12-31T17:05:11.498+0000] {logging_mixin.py:190} INFO - [2024-12-31T17:05:11.497+0000] {dag.py:4180} INFO - Setting next_dagrun for dataset_alias_example_alias_consumer_with_no_taskflow to None, run_after=None
[2024-12-31T17:05:11.503+0000] {logging_mixin.py:190} INFO - [2024-12-31T17:05:11.503+0000] {dag.py:4180} INFO - Setting next_dagrun for dataset_alias_example_alias_producer_with_no_taskflow to None, run_after=None
[2024-12-31T17:05:11.507+0000] {logging_mixin.py:190} INFO - [2024-12-31T17:05:11.506+0000] {dag.py:4180} INFO - Setting next_dagrun for dataset_s3_bucket_consumer_with_no_taskflow to None, run_after=None
[2024-12-31T17:05:11.510+0000] {logging_mixin.py:190} INFO - [2024-12-31T17:05:11.509+0000] {dag.py:4180} INFO - Setting next_dagrun for dataset_s3_bucket_producer_with_no_taskflow to None, run_after=None
[2024-12-31T17:05:11.547+0000] {processor.py:208} INFO - Processing /home/airflow/.local/lib/python3.12/site-packages/airflow/example_dags/example_dataset_alias_with_no_taskflow.py took 1.110 seconds
[2024-12-31T17:05:42.290+0000] {processor.py:186} INFO - Started process (PID=290) to work on /home/airflow/.local/lib/python3.12/site-packages/airflow/example_dags/example_dataset_alias_with_no_taskflow.py
[2024-12-31T17:05:42.292+0000] {processor.py:914} INFO - Processing file /home/airflow/.local/lib/python3.12/site-packages/airflow/example_dags/example_dataset_alias_with_no_taskflow.py for tasks to queue
[2024-12-31T17:05:42.296+0000] {logging_mixin.py:190} INFO - [2024-12-31T17:05:42.296+0000] {dagbag.py:588} INFO - Filling up the DagBag from /home/airflow/.local/lib/python3.12/site-packages/airflow/example_dags/example_dataset_alias_with_no_taskflow.py
[2024-12-31T17:05:43.417+0000] {processor.py:925} INFO - DAG(s) 'dataset_alias_example_alias_producer_with_no_taskflow', 'dataset_alias_example_alias_consumer_with_no_taskflow', 'dataset_s3_bucket_consumer_with_no_taskflow', 'dataset_s3_bucket_producer_with_no_taskflow' retrieved from /home/airflow/.local/lib/python3.12/site-packages/airflow/example_dags/example_dataset_alias_with_no_taskflow.py
[2024-12-31T17:05:43.458+0000] {logging_mixin.py:190} INFO - [2024-12-31T17:05:43.458+0000] {dag.py:3239} INFO - Sync 4 DAGs
[2024-12-31T17:05:43.490+0000] {logging_mixin.py:190} INFO - [2024-12-31T17:05:43.490+0000] {dag.py:4180} INFO - Setting next_dagrun for dataset_alias_example_alias_consumer_with_no_taskflow to None, run_after=None
[2024-12-31T17:05:43.494+0000] {logging_mixin.py:190} INFO - [2024-12-31T17:05:43.493+0000] {dag.py:4180} INFO - Setting next_dagrun for dataset_alias_example_alias_producer_with_no_taskflow to None, run_after=None
[2024-12-31T17:05:43.495+0000] {logging_mixin.py:190} INFO - [2024-12-31T17:05:43.495+0000] {dag.py:4180} INFO - Setting next_dagrun for dataset_s3_bucket_consumer_with_no_taskflow to None, run_after=None
[2024-12-31T17:05:43.497+0000] {logging_mixin.py:190} INFO - [2024-12-31T17:05:43.496+0000] {dag.py:4180} INFO - Setting next_dagrun for dataset_s3_bucket_producer_with_no_taskflow to None, run_after=None
[2024-12-31T17:05:43.525+0000] {processor.py:208} INFO - Processing /home/airflow/.local/lib/python3.12/site-packages/airflow/example_dags/example_dataset_alias_with_no_taskflow.py took 1.246 seconds
[2024-12-31T17:06:13.921+0000] {processor.py:186} INFO - Started process (PID=353) to work on /home/airflow/.local/lib/python3.12/site-packages/airflow/example_dags/example_dataset_alias_with_no_taskflow.py
[2024-12-31T17:06:13.923+0000] {processor.py:914} INFO - Processing file /home/airflow/.local/lib/python3.12/site-packages/airflow/example_dags/example_dataset_alias_with_no_taskflow.py for tasks to queue
[2024-12-31T17:06:13.927+0000] {logging_mixin.py:190} INFO - [2024-12-31T17:06:13.927+0000] {dagbag.py:588} INFO - Filling up the DagBag from /home/airflow/.local/lib/python3.12/site-packages/airflow/example_dags/example_dataset_alias_with_no_taskflow.py
[2024-12-31T17:06:14.784+0000] {processor.py:925} INFO - DAG(s) 'dataset_alias_example_alias_consumer_with_no_taskflow', 'dataset_s3_bucket_producer_with_no_taskflow', 'dataset_alias_example_alias_producer_with_no_taskflow', 'dataset_s3_bucket_consumer_with_no_taskflow' retrieved from /home/airflow/.local/lib/python3.12/site-packages/airflow/example_dags/example_dataset_alias_with_no_taskflow.py
[2024-12-31T17:06:14.813+0000] {logging_mixin.py:190} INFO - [2024-12-31T17:06:14.812+0000] {dag.py:3239} INFO - Sync 4 DAGs
[2024-12-31T17:06:14.838+0000] {logging_mixin.py:190} INFO - [2024-12-31T17:06:14.838+0000] {dag.py:4180} INFO - Setting next_dagrun for dataset_alias_example_alias_consumer_with_no_taskflow to None, run_after=None
[2024-12-31T17:06:14.841+0000] {logging_mixin.py:190} INFO - [2024-12-31T17:06:14.841+0000] {dag.py:4180} INFO - Setting next_dagrun for dataset_alias_example_alias_producer_with_no_taskflow to None, run_after=None
[2024-12-31T17:06:14.843+0000] {logging_mixin.py:190} INFO - [2024-12-31T17:06:14.843+0000] {dag.py:4180} INFO - Setting next_dagrun for dataset_s3_bucket_consumer_with_no_taskflow to None, run_after=None
[2024-12-31T17:06:14.845+0000] {logging_mixin.py:190} INFO - [2024-12-31T17:06:14.844+0000] {dag.py:4180} INFO - Setting next_dagrun for dataset_s3_bucket_producer_with_no_taskflow to None, run_after=None
[2024-12-31T17:06:14.870+0000] {processor.py:208} INFO - Processing /home/airflow/.local/lib/python3.12/site-packages/airflow/example_dags/example_dataset_alias_with_no_taskflow.py took 0.960 seconds
[2024-12-31T17:06:45.449+0000] {processor.py:186} INFO - Started process (PID=415) to work on /home/airflow/.local/lib/python3.12/site-packages/airflow/example_dags/example_dataset_alias_with_no_taskflow.py
[2024-12-31T17:06:45.452+0000] {processor.py:914} INFO - Processing file /home/airflow/.local/lib/python3.12/site-packages/airflow/example_dags/example_dataset_alias_with_no_taskflow.py for tasks to queue
[2024-12-31T17:06:45.455+0000] {logging_mixin.py:190} INFO - [2024-12-31T17:06:45.454+0000] {dagbag.py:588} INFO - Filling up the DagBag from /home/airflow/.local/lib/python3.12/site-packages/airflow/example_dags/example_dataset_alias_with_no_taskflow.py
[2024-12-31T17:06:46.181+0000] {processor.py:925} INFO - DAG(s) 'dataset_s3_bucket_consumer_with_no_taskflow', 'dataset_alias_example_alias_producer_with_no_taskflow', 'dataset_s3_bucket_producer_with_no_taskflow', 'dataset_alias_example_alias_consumer_with_no_taskflow' retrieved from /home/airflow/.local/lib/python3.12/site-packages/airflow/example_dags/example_dataset_alias_with_no_taskflow.py
[2024-12-31T17:06:46.204+0000] {logging_mixin.py:190} INFO - [2024-12-31T17:06:46.204+0000] {dag.py:3239} INFO - Sync 4 DAGs
[2024-12-31T17:06:46.231+0000] {logging_mixin.py:190} INFO - [2024-12-31T17:06:46.231+0000] {dag.py:4180} INFO - Setting next_dagrun for dataset_alias_example_alias_consumer_with_no_taskflow to None, run_after=None
[2024-12-31T17:06:46.234+0000] {logging_mixin.py:190} INFO - [2024-12-31T17:06:46.234+0000] {dag.py:4180} INFO - Setting next_dagrun for dataset_alias_example_alias_producer_with_no_taskflow to None, run_after=None
[2024-12-31T17:06:46.236+0000] {logging_mixin.py:190} INFO - [2024-12-31T17:06:46.235+0000] {dag.py:4180} INFO - Setting next_dagrun for dataset_s3_bucket_consumer_with_no_taskflow to None, run_after=None
[2024-12-31T17:06:46.237+0000] {logging_mixin.py:190} INFO - [2024-12-31T17:06:46.237+0000] {dag.py:4180} INFO - Setting next_dagrun for dataset_s3_bucket_producer_with_no_taskflow to None, run_after=None
[2024-12-31T17:06:46.262+0000] {processor.py:208} INFO - Processing /home/airflow/.local/lib/python3.12/site-packages/airflow/example_dags/example_dataset_alias_with_no_taskflow.py took 0.823 seconds
