[2024-12-31T17:03:55.008+0000] {processor.py:186} INFO - Started process (PID=44) to work on /home/airflow/.local/lib/python3.12/site-packages/airflow/example_dags/example_task_group.py
[2024-12-31T17:03:55.010+0000] {processor.py:914} INFO - Processing file /home/airflow/.local/lib/python3.12/site-packages/airflow/example_dags/example_task_group.py for tasks to queue
[2024-12-31T17:03:55.014+0000] {logging_mixin.py:190} INFO - [2024-12-31T17:03:55.013+0000] {dagbag.py:588} INFO - Filling up the DagBag from /home/airflow/.local/lib/python3.12/site-packages/airflow/example_dags/example_task_group.py
[2024-12-31T17:03:55.034+0000] {processor.py:925} INFO - DAG(s) 'example_task_group' retrieved from /home/airflow/.local/lib/python3.12/site-packages/airflow/example_dags/example_task_group.py
[2024-12-31T17:03:55.243+0000] {logging_mixin.py:190} INFO - [2024-12-31T17:03:55.242+0000] {override.py:1911} INFO - Created Permission View: can read on DAG:example_task_group
[2024-12-31T17:03:55.259+0000] {logging_mixin.py:190} INFO - [2024-12-31T17:03:55.259+0000] {override.py:1911} INFO - Created Permission View: can delete on DAG:example_task_group
[2024-12-31T17:03:55.269+0000] {logging_mixin.py:190} INFO - [2024-12-31T17:03:55.269+0000] {override.py:1911} INFO - Created Permission View: can edit on DAG:example_task_group
[2024-12-31T17:03:55.280+0000] {logging_mixin.py:190} INFO - [2024-12-31T17:03:55.279+0000] {override.py:1911} INFO - Created Permission View: can read on DAG Run:example_task_group
[2024-12-31T17:03:55.290+0000] {logging_mixin.py:190} INFO - [2024-12-31T17:03:55.290+0000] {override.py:1911} INFO - Created Permission View: can delete on DAG Run:example_task_group
[2024-12-31T17:03:55.300+0000] {logging_mixin.py:190} INFO - [2024-12-31T17:03:55.300+0000] {override.py:1911} INFO - Created Permission View: can create on DAG Run:example_task_group
[2024-12-31T17:03:55.313+0000] {logging_mixin.py:190} INFO - [2024-12-31T17:03:55.312+0000] {override.py:1911} INFO - Created Permission View: menu access on DAG Run:example_task_group
[2024-12-31T17:03:55.314+0000] {logging_mixin.py:190} INFO - [2024-12-31T17:03:55.313+0000] {dag.py:3239} INFO - Sync 1 DAGs
[2024-12-31T17:03:55.335+0000] {logging_mixin.py:190} INFO - [2024-12-31T17:03:55.335+0000] {dag.py:3262} INFO - Creating ORM DAG for example_task_group
[2024-12-31T17:03:55.336+0000] {logging_mixin.py:190} INFO - [2024-12-31T17:03:55.336+0000] {dag.py:4180} INFO - Setting next_dagrun for example_task_group to None, run_after=None
[2024-12-31T17:03:55.363+0000] {processor.py:208} INFO - Processing /home/airflow/.local/lib/python3.12/site-packages/airflow/example_dags/example_task_group.py took 0.366 seconds
[2024-12-31T17:04:26.060+0000] {processor.py:186} INFO - Started process (PID=107) to work on /home/airflow/.local/lib/python3.12/site-packages/airflow/example_dags/example_task_group.py
[2024-12-31T17:04:26.063+0000] {processor.py:914} INFO - Processing file /home/airflow/.local/lib/python3.12/site-packages/airflow/example_dags/example_task_group.py for tasks to queue
[2024-12-31T17:04:26.069+0000] {logging_mixin.py:190} INFO - [2024-12-31T17:04:26.068+0000] {dagbag.py:588} INFO - Filling up the DagBag from /home/airflow/.local/lib/python3.12/site-packages/airflow/example_dags/example_task_group.py
[2024-12-31T17:04:26.089+0000] {processor.py:925} INFO - DAG(s) 'example_task_group' retrieved from /home/airflow/.local/lib/python3.12/site-packages/airflow/example_dags/example_task_group.py
[2024-12-31T17:04:26.155+0000] {logging_mixin.py:190} INFO - [2024-12-31T17:04:26.155+0000] {dag.py:3239} INFO - Sync 1 DAGs
[2024-12-31T17:04:26.193+0000] {logging_mixin.py:190} INFO - [2024-12-31T17:04:26.192+0000] {dag.py:4180} INFO - Setting next_dagrun for example_task_group to None, run_after=None
[2024-12-31T17:04:26.244+0000] {processor.py:208} INFO - Processing /home/airflow/.local/lib/python3.12/site-packages/airflow/example_dags/example_task_group.py took 0.196 seconds
[2024-12-31T17:04:56.841+0000] {processor.py:186} INFO - Started process (PID=169) to work on /home/airflow/.local/lib/python3.12/site-packages/airflow/example_dags/example_task_group.py
[2024-12-31T17:04:56.842+0000] {processor.py:914} INFO - Processing file /home/airflow/.local/lib/python3.12/site-packages/airflow/example_dags/example_task_group.py for tasks to queue
[2024-12-31T17:04:56.845+0000] {logging_mixin.py:190} INFO - [2024-12-31T17:04:56.845+0000] {dagbag.py:588} INFO - Filling up the DagBag from /home/airflow/.local/lib/python3.12/site-packages/airflow/example_dags/example_task_group.py
[2024-12-31T17:04:56.855+0000] {processor.py:925} INFO - DAG(s) 'example_task_group' retrieved from /home/airflow/.local/lib/python3.12/site-packages/airflow/example_dags/example_task_group.py
[2024-12-31T17:04:56.883+0000] {logging_mixin.py:190} INFO - [2024-12-31T17:04:56.882+0000] {dag.py:3239} INFO - Sync 1 DAGs
[2024-12-31T17:04:56.902+0000] {logging_mixin.py:190} INFO - [2024-12-31T17:04:56.901+0000] {dag.py:4180} INFO - Setting next_dagrun for example_task_group to None, run_after=None
[2024-12-31T17:04:56.924+0000] {processor.py:208} INFO - Processing /home/airflow/.local/lib/python3.12/site-packages/airflow/example_dags/example_task_group.py took 0.090 seconds
[2024-12-31T17:05:27.035+0000] {processor.py:186} INFO - Started process (PID=232) to work on /home/airflow/.local/lib/python3.12/site-packages/airflow/example_dags/example_task_group.py
[2024-12-31T17:05:27.039+0000] {processor.py:914} INFO - Processing file /home/airflow/.local/lib/python3.12/site-packages/airflow/example_dags/example_task_group.py for tasks to queue
[2024-12-31T17:05:27.043+0000] {logging_mixin.py:190} INFO - [2024-12-31T17:05:27.042+0000] {dagbag.py:588} INFO - Filling up the DagBag from /home/airflow/.local/lib/python3.12/site-packages/airflow/example_dags/example_task_group.py
[2024-12-31T17:05:27.057+0000] {processor.py:925} INFO - DAG(s) 'example_task_group' retrieved from /home/airflow/.local/lib/python3.12/site-packages/airflow/example_dags/example_task_group.py
[2024-12-31T17:05:27.091+0000] {logging_mixin.py:190} INFO - [2024-12-31T17:05:27.091+0000] {dag.py:3239} INFO - Sync 1 DAGs
[2024-12-31T17:05:27.116+0000] {logging_mixin.py:190} INFO - [2024-12-31T17:05:27.115+0000] {dag.py:4180} INFO - Setting next_dagrun for example_task_group to None, run_after=None
[2024-12-31T17:05:27.144+0000] {processor.py:208} INFO - Processing /home/airflow/.local/lib/python3.12/site-packages/airflow/example_dags/example_task_group.py took 0.119 seconds
[2024-12-31T17:05:57.226+0000] {processor.py:186} INFO - Started process (PID=295) to work on /home/airflow/.local/lib/python3.12/site-packages/airflow/example_dags/example_task_group.py
[2024-12-31T17:05:57.227+0000] {processor.py:914} INFO - Processing file /home/airflow/.local/lib/python3.12/site-packages/airflow/example_dags/example_task_group.py for tasks to queue
[2024-12-31T17:05:57.230+0000] {logging_mixin.py:190} INFO - [2024-12-31T17:05:57.229+0000] {dagbag.py:588} INFO - Filling up the DagBag from /home/airflow/.local/lib/python3.12/site-packages/airflow/example_dags/example_task_group.py
[2024-12-31T17:05:57.239+0000] {processor.py:925} INFO - DAG(s) 'example_task_group' retrieved from /home/airflow/.local/lib/python3.12/site-packages/airflow/example_dags/example_task_group.py
[2024-12-31T17:05:57.262+0000] {logging_mixin.py:190} INFO - [2024-12-31T17:05:57.262+0000] {dag.py:3239} INFO - Sync 1 DAGs
[2024-12-31T17:05:57.278+0000] {logging_mixin.py:190} INFO - [2024-12-31T17:05:57.278+0000] {dag.py:4180} INFO - Setting next_dagrun for example_task_group to None, run_after=None
[2024-12-31T17:05:57.299+0000] {processor.py:208} INFO - Processing /home/airflow/.local/lib/python3.12/site-packages/airflow/example_dags/example_task_group.py took 0.080 seconds
[2024-12-31T17:06:27.387+0000] {processor.py:186} INFO - Started process (PID=358) to work on /home/airflow/.local/lib/python3.12/site-packages/airflow/example_dags/example_task_group.py
[2024-12-31T17:06:27.388+0000] {processor.py:914} INFO - Processing file /home/airflow/.local/lib/python3.12/site-packages/airflow/example_dags/example_task_group.py for tasks to queue
[2024-12-31T17:06:27.391+0000] {logging_mixin.py:190} INFO - [2024-12-31T17:06:27.391+0000] {dagbag.py:588} INFO - Filling up the DagBag from /home/airflow/.local/lib/python3.12/site-packages/airflow/example_dags/example_task_group.py
[2024-12-31T17:06:27.401+0000] {processor.py:925} INFO - DAG(s) 'example_task_group' retrieved from /home/airflow/.local/lib/python3.12/site-packages/airflow/example_dags/example_task_group.py
[2024-12-31T17:06:27.429+0000] {logging_mixin.py:190} INFO - [2024-12-31T17:06:27.429+0000] {dag.py:3239} INFO - Sync 1 DAGs
[2024-12-31T17:06:27.446+0000] {logging_mixin.py:190} INFO - [2024-12-31T17:06:27.446+0000] {dag.py:4180} INFO - Setting next_dagrun for example_task_group to None, run_after=None
[2024-12-31T17:06:27.470+0000] {processor.py:208} INFO - Processing /home/airflow/.local/lib/python3.12/site-packages/airflow/example_dags/example_task_group.py took 0.090 seconds
[2024-12-31T17:06:57.694+0000] {processor.py:186} INFO - Started process (PID=420) to work on /home/airflow/.local/lib/python3.12/site-packages/airflow/example_dags/example_task_group.py
[2024-12-31T17:06:57.695+0000] {processor.py:914} INFO - Processing file /home/airflow/.local/lib/python3.12/site-packages/airflow/example_dags/example_task_group.py for tasks to queue
[2024-12-31T17:06:57.698+0000] {logging_mixin.py:190} INFO - [2024-12-31T17:06:57.697+0000] {dagbag.py:588} INFO - Filling up the DagBag from /home/airflow/.local/lib/python3.12/site-packages/airflow/example_dags/example_task_group.py
[2024-12-31T17:06:57.709+0000] {processor.py:925} INFO - DAG(s) 'example_task_group' retrieved from /home/airflow/.local/lib/python3.12/site-packages/airflow/example_dags/example_task_group.py
[2024-12-31T17:06:57.735+0000] {logging_mixin.py:190} INFO - [2024-12-31T17:06:57.735+0000] {dag.py:3239} INFO - Sync 1 DAGs
[2024-12-31T17:06:57.751+0000] {logging_mixin.py:190} INFO - [2024-12-31T17:06:57.751+0000] {dag.py:4180} INFO - Setting next_dagrun for example_task_group to None, run_after=None
[2024-12-31T17:06:57.772+0000] {processor.py:208} INFO - Processing /home/airflow/.local/lib/python3.12/site-packages/airflow/example_dags/example_task_group.py took 0.087 seconds
