[2024-12-31T17:04:05.230+0000] {processor.py:186} INFO - Started process (PID=87) to work on /home/airflow/.local/lib/python3.12/site-packages/airflow/example_dags/example_external_task_marker_dag.py
[2024-12-31T17:04:05.231+0000] {processor.py:914} INFO - Processing file /home/airflow/.local/lib/python3.12/site-packages/airflow/example_dags/example_external_task_marker_dag.py for tasks to queue
[2024-12-31T17:04:05.236+0000] {logging_mixin.py:190} INFO - [2024-12-31T17:04:05.235+0000] {dagbag.py:588} INFO - Filling up the DagBag from /home/airflow/.local/lib/python3.12/site-packages/airflow/example_dags/example_external_task_marker_dag.py
[2024-12-31T17:04:05.250+0000] {processor.py:925} INFO - DAG(s) 'example_external_task_marker_parent', 'example_external_task_marker_child' retrieved from /home/airflow/.local/lib/python3.12/site-packages/airflow/example_dags/example_external_task_marker_dag.py
[2024-12-31T17:04:05.479+0000] {logging_mixin.py:190} INFO - [2024-12-31T17:04:05.478+0000] {override.py:1911} INFO - Created Permission View: can read on DAG:example_external_task_marker_parent
[2024-12-31T17:04:05.513+0000] {logging_mixin.py:190} INFO - [2024-12-31T17:04:05.512+0000] {override.py:1911} INFO - Created Permission View: can delete on DAG:example_external_task_marker_parent
[2024-12-31T17:04:05.523+0000] {logging_mixin.py:190} INFO - [2024-12-31T17:04:05.523+0000] {override.py:1911} INFO - Created Permission View: can edit on DAG:example_external_task_marker_parent
[2024-12-31T17:04:05.535+0000] {logging_mixin.py:190} INFO - [2024-12-31T17:04:05.534+0000] {override.py:1911} INFO - Created Permission View: can read on DAG Run:example_external_task_marker_parent
[2024-12-31T17:04:05.545+0000] {logging_mixin.py:190} INFO - [2024-12-31T17:04:05.544+0000] {override.py:1911} INFO - Created Permission View: can delete on DAG Run:example_external_task_marker_parent
[2024-12-31T17:04:05.555+0000] {logging_mixin.py:190} INFO - [2024-12-31T17:04:05.555+0000] {override.py:1911} INFO - Created Permission View: can create on DAG Run:example_external_task_marker_parent
[2024-12-31T17:04:05.567+0000] {logging_mixin.py:190} INFO - [2024-12-31T17:04:05.566+0000] {override.py:1911} INFO - Created Permission View: menu access on DAG Run:example_external_task_marker_parent
[2024-12-31T17:04:05.588+0000] {logging_mixin.py:190} INFO - [2024-12-31T17:04:05.587+0000] {override.py:1911} INFO - Created Permission View: can read on DAG:example_external_task_marker_child
[2024-12-31T17:04:05.598+0000] {logging_mixin.py:190} INFO - [2024-12-31T17:04:05.597+0000] {override.py:1911} INFO - Created Permission View: can delete on DAG:example_external_task_marker_child
[2024-12-31T17:04:05.608+0000] {logging_mixin.py:190} INFO - [2024-12-31T17:04:05.607+0000] {override.py:1911} INFO - Created Permission View: can edit on DAG:example_external_task_marker_child
[2024-12-31T17:04:05.618+0000] {logging_mixin.py:190} INFO - [2024-12-31T17:04:05.618+0000] {override.py:1911} INFO - Created Permission View: can read on DAG Run:example_external_task_marker_child
[2024-12-31T17:04:05.627+0000] {logging_mixin.py:190} INFO - [2024-12-31T17:04:05.627+0000] {override.py:1911} INFO - Created Permission View: can delete on DAG Run:example_external_task_marker_child
[2024-12-31T17:04:05.638+0000] {logging_mixin.py:190} INFO - [2024-12-31T17:04:05.637+0000] {override.py:1911} INFO - Created Permission View: can create on DAG Run:example_external_task_marker_child
[2024-12-31T17:04:05.646+0000] {logging_mixin.py:190} INFO - [2024-12-31T17:04:05.646+0000] {override.py:1911} INFO - Created Permission View: menu access on DAG Run:example_external_task_marker_child
[2024-12-31T17:04:05.647+0000] {logging_mixin.py:190} INFO - [2024-12-31T17:04:05.646+0000] {dag.py:3239} INFO - Sync 2 DAGs
[2024-12-31T17:04:05.662+0000] {logging_mixin.py:190} INFO - [2024-12-31T17:04:05.662+0000] {dag.py:3262} INFO - Creating ORM DAG for example_external_task_marker_parent
[2024-12-31T17:04:05.663+0000] {logging_mixin.py:190} INFO - [2024-12-31T17:04:05.663+0000] {dag.py:3262} INFO - Creating ORM DAG for example_external_task_marker_child
[2024-12-31T17:04:05.663+0000] {logging_mixin.py:190} INFO - [2024-12-31T17:04:05.663+0000] {dag.py:4180} INFO - Setting next_dagrun for example_external_task_marker_child to None, run_after=None
[2024-12-31T17:04:05.664+0000] {logging_mixin.py:190} INFO - [2024-12-31T17:04:05.664+0000] {dag.py:4180} INFO - Setting next_dagrun for example_external_task_marker_parent to None, run_after=None
[2024-12-31T17:04:05.693+0000] {processor.py:208} INFO - Processing /home/airflow/.local/lib/python3.12/site-packages/airflow/example_dags/example_external_task_marker_dag.py took 0.475 seconds
[2024-12-31T17:04:35.733+0000] {processor.py:186} INFO - Started process (PID=149) to work on /home/airflow/.local/lib/python3.12/site-packages/airflow/example_dags/example_external_task_marker_dag.py
[2024-12-31T17:04:35.734+0000] {processor.py:914} INFO - Processing file /home/airflow/.local/lib/python3.12/site-packages/airflow/example_dags/example_external_task_marker_dag.py for tasks to queue
[2024-12-31T17:04:35.737+0000] {logging_mixin.py:190} INFO - [2024-12-31T17:04:35.736+0000] {dagbag.py:588} INFO - Filling up the DagBag from /home/airflow/.local/lib/python3.12/site-packages/airflow/example_dags/example_external_task_marker_dag.py
[2024-12-31T17:04:35.750+0000] {processor.py:925} INFO - DAG(s) 'example_external_task_marker_parent', 'example_external_task_marker_child' retrieved from /home/airflow/.local/lib/python3.12/site-packages/airflow/example_dags/example_external_task_marker_dag.py
[2024-12-31T17:04:35.776+0000] {logging_mixin.py:190} INFO - [2024-12-31T17:04:35.775+0000] {dag.py:3239} INFO - Sync 2 DAGs
[2024-12-31T17:04:35.792+0000] {logging_mixin.py:190} INFO - [2024-12-31T17:04:35.792+0000] {dag.py:4180} INFO - Setting next_dagrun for example_external_task_marker_child to None, run_after=None
[2024-12-31T17:04:35.796+0000] {logging_mixin.py:190} INFO - [2024-12-31T17:04:35.796+0000] {dag.py:4180} INFO - Setting next_dagrun for example_external_task_marker_parent to None, run_after=None
[2024-12-31T17:04:35.817+0000] {processor.py:208} INFO - Processing /home/airflow/.local/lib/python3.12/site-packages/airflow/example_dags/example_external_task_marker_dag.py took 0.091 seconds
[2024-12-31T17:05:05.987+0000] {processor.py:186} INFO - Started process (PID=213) to work on /home/airflow/.local/lib/python3.12/site-packages/airflow/example_dags/example_external_task_marker_dag.py
[2024-12-31T17:05:05.988+0000] {processor.py:914} INFO - Processing file /home/airflow/.local/lib/python3.12/site-packages/airflow/example_dags/example_external_task_marker_dag.py for tasks to queue
[2024-12-31T17:05:05.992+0000] {logging_mixin.py:190} INFO - [2024-12-31T17:05:05.991+0000] {dagbag.py:588} INFO - Filling up the DagBag from /home/airflow/.local/lib/python3.12/site-packages/airflow/example_dags/example_external_task_marker_dag.py
[2024-12-31T17:05:06.004+0000] {processor.py:925} INFO - DAG(s) 'example_external_task_marker_parent', 'example_external_task_marker_child' retrieved from /home/airflow/.local/lib/python3.12/site-packages/airflow/example_dags/example_external_task_marker_dag.py
[2024-12-31T17:05:06.032+0000] {logging_mixin.py:190} INFO - [2024-12-31T17:05:06.031+0000] {dag.py:3239} INFO - Sync 2 DAGs
[2024-12-31T17:05:06.052+0000] {logging_mixin.py:190} INFO - [2024-12-31T17:05:06.052+0000] {dag.py:4180} INFO - Setting next_dagrun for example_external_task_marker_child to None, run_after=None
[2024-12-31T17:05:06.059+0000] {logging_mixin.py:190} INFO - [2024-12-31T17:05:06.059+0000] {dag.py:4180} INFO - Setting next_dagrun for example_external_task_marker_parent to None, run_after=None
[2024-12-31T17:05:06.080+0000] {processor.py:208} INFO - Processing /home/airflow/.local/lib/python3.12/site-packages/airflow/example_dags/example_external_task_marker_dag.py took 0.099 seconds
[2024-12-31T17:05:36.135+0000] {processor.py:186} INFO - Started process (PID=276) to work on /home/airflow/.local/lib/python3.12/site-packages/airflow/example_dags/example_external_task_marker_dag.py
[2024-12-31T17:05:36.137+0000] {processor.py:914} INFO - Processing file /home/airflow/.local/lib/python3.12/site-packages/airflow/example_dags/example_external_task_marker_dag.py for tasks to queue
[2024-12-31T17:05:36.140+0000] {logging_mixin.py:190} INFO - [2024-12-31T17:05:36.139+0000] {dagbag.py:588} INFO - Filling up the DagBag from /home/airflow/.local/lib/python3.12/site-packages/airflow/example_dags/example_external_task_marker_dag.py
[2024-12-31T17:05:36.152+0000] {processor.py:925} INFO - DAG(s) 'example_external_task_marker_parent', 'example_external_task_marker_child' retrieved from /home/airflow/.local/lib/python3.12/site-packages/airflow/example_dags/example_external_task_marker_dag.py
[2024-12-31T17:05:36.183+0000] {logging_mixin.py:190} INFO - [2024-12-31T17:05:36.182+0000] {dag.py:3239} INFO - Sync 2 DAGs
[2024-12-31T17:05:36.200+0000] {logging_mixin.py:190} INFO - [2024-12-31T17:05:36.200+0000] {dag.py:4180} INFO - Setting next_dagrun for example_external_task_marker_child to None, run_after=None
[2024-12-31T17:05:36.205+0000] {logging_mixin.py:190} INFO - [2024-12-31T17:05:36.204+0000] {dag.py:4180} INFO - Setting next_dagrun for example_external_task_marker_parent to None, run_after=None
[2024-12-31T17:05:36.223+0000] {processor.py:208} INFO - Processing /home/airflow/.local/lib/python3.12/site-packages/airflow/example_dags/example_external_task_marker_dag.py took 0.099 seconds
[2024-12-31T17:06:07.126+0000] {processor.py:186} INFO - Started process (PID=339) to work on /home/airflow/.local/lib/python3.12/site-packages/airflow/example_dags/example_external_task_marker_dag.py
[2024-12-31T17:06:07.127+0000] {processor.py:914} INFO - Processing file /home/airflow/.local/lib/python3.12/site-packages/airflow/example_dags/example_external_task_marker_dag.py for tasks to queue
[2024-12-31T17:06:07.131+0000] {logging_mixin.py:190} INFO - [2024-12-31T17:06:07.130+0000] {dagbag.py:588} INFO - Filling up the DagBag from /home/airflow/.local/lib/python3.12/site-packages/airflow/example_dags/example_external_task_marker_dag.py
[2024-12-31T17:06:07.145+0000] {processor.py:925} INFO - DAG(s) 'example_external_task_marker_child', 'example_external_task_marker_parent' retrieved from /home/airflow/.local/lib/python3.12/site-packages/airflow/example_dags/example_external_task_marker_dag.py
[2024-12-31T17:06:07.181+0000] {logging_mixin.py:190} INFO - [2024-12-31T17:06:07.181+0000] {dag.py:3239} INFO - Sync 2 DAGs
[2024-12-31T17:06:07.207+0000] {logging_mixin.py:190} INFO - [2024-12-31T17:06:07.207+0000] {dag.py:4180} INFO - Setting next_dagrun for example_external_task_marker_child to None, run_after=None
[2024-12-31T17:06:07.213+0000] {logging_mixin.py:190} INFO - [2024-12-31T17:06:07.213+0000] {dag.py:4180} INFO - Setting next_dagrun for example_external_task_marker_parent to None, run_after=None
[2024-12-31T17:06:07.240+0000] {processor.py:208} INFO - Processing /home/airflow/.local/lib/python3.12/site-packages/airflow/example_dags/example_external_task_marker_dag.py took 0.127 seconds
[2024-12-31T17:06:37.464+0000] {processor.py:186} INFO - Started process (PID=401) to work on /home/airflow/.local/lib/python3.12/site-packages/airflow/example_dags/example_external_task_marker_dag.py
[2024-12-31T17:06:37.465+0000] {processor.py:914} INFO - Processing file /home/airflow/.local/lib/python3.12/site-packages/airflow/example_dags/example_external_task_marker_dag.py for tasks to queue
[2024-12-31T17:06:37.468+0000] {logging_mixin.py:190} INFO - [2024-12-31T17:06:37.467+0000] {dagbag.py:588} INFO - Filling up the DagBag from /home/airflow/.local/lib/python3.12/site-packages/airflow/example_dags/example_external_task_marker_dag.py
[2024-12-31T17:06:37.478+0000] {processor.py:925} INFO - DAG(s) 'example_external_task_marker_parent', 'example_external_task_marker_child' retrieved from /home/airflow/.local/lib/python3.12/site-packages/airflow/example_dags/example_external_task_marker_dag.py
[2024-12-31T17:06:37.512+0000] {logging_mixin.py:190} INFO - [2024-12-31T17:06:37.512+0000] {dag.py:3239} INFO - Sync 2 DAGs
[2024-12-31T17:06:37.532+0000] {logging_mixin.py:190} INFO - [2024-12-31T17:06:37.532+0000] {dag.py:4180} INFO - Setting next_dagrun for example_external_task_marker_child to None, run_after=None
[2024-12-31T17:06:37.537+0000] {logging_mixin.py:190} INFO - [2024-12-31T17:06:37.537+0000] {dag.py:4180} INFO - Setting next_dagrun for example_external_task_marker_parent to None, run_after=None
[2024-12-31T17:06:37.558+0000] {processor.py:208} INFO - Processing /home/airflow/.local/lib/python3.12/site-packages/airflow/example_dags/example_external_task_marker_dag.py took 0.101 seconds
