[2024-12-31T17:04:04.830+0000] {processor.py:186} INFO - Started process (PID=86) to work on /home/airflow/.local/lib/python3.12/site-packages/airflow/example_dags/example_skip_dag.py
[2024-12-31T17:04:04.832+0000] {processor.py:914} INFO - Processing file /home/airflow/.local/lib/python3.12/site-packages/airflow/example_dags/example_skip_dag.py for tasks to queue
[2024-12-31T17:04:04.835+0000] {logging_mixin.py:190} INFO - [2024-12-31T17:04:04.835+0000] {dagbag.py:588} INFO - Filling up the DagBag from /home/airflow/.local/lib/python3.12/site-packages/airflow/example_dags/example_skip_dag.py
[2024-12-31T17:04:04.850+0000] {processor.py:925} INFO - DAG(s) 'example_skip_dag' retrieved from /home/airflow/.local/lib/python3.12/site-packages/airflow/example_dags/example_skip_dag.py
[2024-12-31T17:04:05.046+0000] {logging_mixin.py:190} INFO - [2024-12-31T17:04:05.045+0000] {override.py:1911} INFO - Created Permission View: can read on DAG:example_skip_dag
[2024-12-31T17:04:05.061+0000] {logging_mixin.py:190} INFO - [2024-12-31T17:04:05.061+0000] {override.py:1911} INFO - Created Permission View: can delete on DAG:example_skip_dag
[2024-12-31T17:04:05.072+0000] {logging_mixin.py:190} INFO - [2024-12-31T17:04:05.071+0000] {override.py:1911} INFO - Created Permission View: can edit on DAG:example_skip_dag
[2024-12-31T17:04:05.082+0000] {logging_mixin.py:190} INFO - [2024-12-31T17:04:05.082+0000] {override.py:1911} INFO - Created Permission View: can read on DAG Run:example_skip_dag
[2024-12-31T17:04:05.092+0000] {logging_mixin.py:190} INFO - [2024-12-31T17:04:05.091+0000] {override.py:1911} INFO - Created Permission View: can delete on DAG Run:example_skip_dag
[2024-12-31T17:04:05.102+0000] {logging_mixin.py:190} INFO - [2024-12-31T17:04:05.101+0000] {override.py:1911} INFO - Created Permission View: can create on DAG Run:example_skip_dag
[2024-12-31T17:04:05.111+0000] {logging_mixin.py:190} INFO - [2024-12-31T17:04:05.111+0000] {override.py:1911} INFO - Created Permission View: menu access on DAG Run:example_skip_dag
[2024-12-31T17:04:05.112+0000] {logging_mixin.py:190} INFO - [2024-12-31T17:04:05.112+0000] {dag.py:3239} INFO - Sync 1 DAGs
[2024-12-31T17:04:05.136+0000] {logging_mixin.py:190} INFO - [2024-12-31T17:04:05.135+0000] {dag.py:3262} INFO - Creating ORM DAG for example_skip_dag
[2024-12-31T17:04:05.152+0000] {logging_mixin.py:190} INFO - [2024-12-31T17:04:05.151+0000] {dag.py:4180} INFO - Setting next_dagrun for example_skip_dag to 2024-12-30 00:00:00+00:00, run_after=2024-12-31 00:00:00+00:00
[2024-12-31T17:04:05.181+0000] {processor.py:208} INFO - Processing /home/airflow/.local/lib/python3.12/site-packages/airflow/example_dags/example_skip_dag.py took 0.360 seconds
[2024-12-31T17:04:35.607+0000] {processor.py:186} INFO - Started process (PID=148) to work on /home/airflow/.local/lib/python3.12/site-packages/airflow/example_dags/example_skip_dag.py
[2024-12-31T17:04:35.611+0000] {processor.py:914} INFO - Processing file /home/airflow/.local/lib/python3.12/site-packages/airflow/example_dags/example_skip_dag.py for tasks to queue
[2024-12-31T17:04:35.620+0000] {logging_mixin.py:190} INFO - [2024-12-31T17:04:35.619+0000] {dagbag.py:588} INFO - Filling up the DagBag from /home/airflow/.local/lib/python3.12/site-packages/airflow/example_dags/example_skip_dag.py
[2024-12-31T17:04:35.639+0000] {processor.py:925} INFO - DAG(s) 'example_skip_dag' retrieved from /home/airflow/.local/lib/python3.12/site-packages/airflow/example_dags/example_skip_dag.py
[2024-12-31T17:04:35.669+0000] {logging_mixin.py:190} INFO - [2024-12-31T17:04:35.669+0000] {dag.py:3239} INFO - Sync 1 DAGs
[2024-12-31T17:04:35.701+0000] {logging_mixin.py:190} INFO - [2024-12-31T17:04:35.701+0000] {dag.py:4180} INFO - Setting next_dagrun for example_skip_dag to 2024-12-30 00:00:00+00:00, run_after=2024-12-31 00:00:00+00:00
[2024-12-31T17:04:35.727+0000] {processor.py:208} INFO - Processing /home/airflow/.local/lib/python3.12/site-packages/airflow/example_dags/example_skip_dag.py took 0.148 seconds
[2024-12-31T17:05:05.886+0000] {processor.py:186} INFO - Started process (PID=212) to work on /home/airflow/.local/lib/python3.12/site-packages/airflow/example_dags/example_skip_dag.py
[2024-12-31T17:05:05.887+0000] {processor.py:914} INFO - Processing file /home/airflow/.local/lib/python3.12/site-packages/airflow/example_dags/example_skip_dag.py for tasks to queue
[2024-12-31T17:05:05.890+0000] {logging_mixin.py:190} INFO - [2024-12-31T17:05:05.890+0000] {dagbag.py:588} INFO - Filling up the DagBag from /home/airflow/.local/lib/python3.12/site-packages/airflow/example_dags/example_skip_dag.py
[2024-12-31T17:05:05.903+0000] {processor.py:925} INFO - DAG(s) 'example_skip_dag' retrieved from /home/airflow/.local/lib/python3.12/site-packages/airflow/example_dags/example_skip_dag.py
[2024-12-31T17:05:05.929+0000] {logging_mixin.py:190} INFO - [2024-12-31T17:05:05.929+0000] {dag.py:3239} INFO - Sync 1 DAGs
[2024-12-31T17:05:05.957+0000] {logging_mixin.py:190} INFO - [2024-12-31T17:05:05.957+0000] {dag.py:4180} INFO - Setting next_dagrun for example_skip_dag to 2024-12-30 00:00:00+00:00, run_after=2024-12-31 00:00:00+00:00
[2024-12-31T17:05:05.981+0000] {processor.py:208} INFO - Processing /home/airflow/.local/lib/python3.12/site-packages/airflow/example_dags/example_skip_dag.py took 0.109 seconds
[2024-12-31T17:05:36.121+0000] {processor.py:186} INFO - Started process (PID=275) to work on /home/airflow/.local/lib/python3.12/site-packages/airflow/example_dags/example_skip_dag.py
[2024-12-31T17:05:36.123+0000] {processor.py:914} INFO - Processing file /home/airflow/.local/lib/python3.12/site-packages/airflow/example_dags/example_skip_dag.py for tasks to queue
[2024-12-31T17:05:36.126+0000] {logging_mixin.py:190} INFO - [2024-12-31T17:05:36.126+0000] {dagbag.py:588} INFO - Filling up the DagBag from /home/airflow/.local/lib/python3.12/site-packages/airflow/example_dags/example_skip_dag.py
[2024-12-31T17:05:36.141+0000] {processor.py:925} INFO - DAG(s) 'example_skip_dag' retrieved from /home/airflow/.local/lib/python3.12/site-packages/airflow/example_dags/example_skip_dag.py
[2024-12-31T17:05:36.173+0000] {logging_mixin.py:190} INFO - [2024-12-31T17:05:36.173+0000] {dag.py:3239} INFO - Sync 1 DAGs
[2024-12-31T17:05:36.200+0000] {logging_mixin.py:190} INFO - [2024-12-31T17:05:36.200+0000] {dag.py:4180} INFO - Setting next_dagrun for example_skip_dag to 2024-12-30 00:00:00+00:00, run_after=2024-12-31 00:00:00+00:00
[2024-12-31T17:05:36.222+0000] {processor.py:208} INFO - Processing /home/airflow/.local/lib/python3.12/site-packages/airflow/example_dags/example_skip_dag.py took 0.111 seconds
[2024-12-31T17:06:07.066+0000] {processor.py:186} INFO - Started process (PID=338) to work on /home/airflow/.local/lib/python3.12/site-packages/airflow/example_dags/example_skip_dag.py
[2024-12-31T17:06:07.067+0000] {processor.py:914} INFO - Processing file /home/airflow/.local/lib/python3.12/site-packages/airflow/example_dags/example_skip_dag.py for tasks to queue
[2024-12-31T17:06:07.071+0000] {logging_mixin.py:190} INFO - [2024-12-31T17:06:07.071+0000] {dagbag.py:588} INFO - Filling up the DagBag from /home/airflow/.local/lib/python3.12/site-packages/airflow/example_dags/example_skip_dag.py
[2024-12-31T17:06:07.089+0000] {processor.py:925} INFO - DAG(s) 'example_skip_dag' retrieved from /home/airflow/.local/lib/python3.12/site-packages/airflow/example_dags/example_skip_dag.py
[2024-12-31T17:06:07.133+0000] {logging_mixin.py:190} INFO - [2024-12-31T17:06:07.133+0000] {dag.py:3239} INFO - Sync 1 DAGs
[2024-12-31T17:06:07.189+0000] {logging_mixin.py:190} INFO - [2024-12-31T17:06:07.188+0000] {dag.py:4180} INFO - Setting next_dagrun for example_skip_dag to 2024-12-30 00:00:00+00:00, run_after=2024-12-31 00:00:00+00:00
[2024-12-31T17:06:07.215+0000] {processor.py:208} INFO - Processing /home/airflow/.local/lib/python3.12/site-packages/airflow/example_dags/example_skip_dag.py took 0.163 seconds
[2024-12-31T17:06:37.431+0000] {processor.py:186} INFO - Started process (PID=400) to work on /home/airflow/.local/lib/python3.12/site-packages/airflow/example_dags/example_skip_dag.py
[2024-12-31T17:06:37.432+0000] {processor.py:914} INFO - Processing file /home/airflow/.local/lib/python3.12/site-packages/airflow/example_dags/example_skip_dag.py for tasks to queue
[2024-12-31T17:06:37.435+0000] {logging_mixin.py:190} INFO - [2024-12-31T17:06:37.434+0000] {dagbag.py:588} INFO - Filling up the DagBag from /home/airflow/.local/lib/python3.12/site-packages/airflow/example_dags/example_skip_dag.py
[2024-12-31T17:06:37.445+0000] {processor.py:925} INFO - DAG(s) 'example_skip_dag' retrieved from /home/airflow/.local/lib/python3.12/site-packages/airflow/example_dags/example_skip_dag.py
[2024-12-31T17:06:37.477+0000] {logging_mixin.py:190} INFO - [2024-12-31T17:06:37.477+0000] {dag.py:3239} INFO - Sync 1 DAGs
[2024-12-31T17:06:37.520+0000] {logging_mixin.py:190} INFO - [2024-12-31T17:06:37.520+0000] {dag.py:4180} INFO - Setting next_dagrun for example_skip_dag to 2024-12-30 00:00:00+00:00, run_after=2024-12-31 00:00:00+00:00
[2024-12-31T17:06:37.547+0000] {processor.py:208} INFO - Processing /home/airflow/.local/lib/python3.12/site-packages/airflow/example_dags/example_skip_dag.py took 0.128 seconds
