[2024-12-31T17:03:54.459+0000] {processor.py:186} INFO - Started process (PID=43) to work on /home/airflow/.local/lib/python3.12/site-packages/airflow/example_dags/tutorial.py
[2024-12-31T17:03:54.460+0000] {processor.py:914} INFO - Processing file /home/airflow/.local/lib/python3.12/site-packages/airflow/example_dags/tutorial.py for tasks to queue
[2024-12-31T17:03:54.464+0000] {logging_mixin.py:190} INFO - [2024-12-31T17:03:54.463+0000] {dagbag.py:588} INFO - Filling up the DagBag from /home/airflow/.local/lib/python3.12/site-packages/airflow/example_dags/tutorial.py
[2024-12-31T17:03:54.481+0000] {processor.py:925} INFO - DAG(s) 'tutorial' retrieved from /home/airflow/.local/lib/python3.12/site-packages/airflow/example_dags/tutorial.py
[2024-12-31T17:03:54.822+0000] {logging_mixin.py:190} INFO - [2024-12-31T17:03:54.821+0000] {override.py:1911} INFO - Created Permission View: can read on DAG:tutorial
[2024-12-31T17:03:54.838+0000] {logging_mixin.py:190} INFO - [2024-12-31T17:03:54.838+0000] {override.py:1911} INFO - Created Permission View: can delete on DAG:tutorial
[2024-12-31T17:03:54.849+0000] {logging_mixin.py:190} INFO - [2024-12-31T17:03:54.848+0000] {override.py:1911} INFO - Created Permission View: can edit on DAG:tutorial
[2024-12-31T17:03:54.859+0000] {logging_mixin.py:190} INFO - [2024-12-31T17:03:54.858+0000] {override.py:1911} INFO - Created Permission View: can read on DAG Run:tutorial
[2024-12-31T17:03:54.869+0000] {logging_mixin.py:190} INFO - [2024-12-31T17:03:54.869+0000] {override.py:1911} INFO - Created Permission View: can delete on DAG Run:tutorial
[2024-12-31T17:03:54.879+0000] {logging_mixin.py:190} INFO - [2024-12-31T17:03:54.879+0000] {override.py:1911} INFO - Created Permission View: can create on DAG Run:tutorial
[2024-12-31T17:03:54.889+0000] {logging_mixin.py:190} INFO - [2024-12-31T17:03:54.889+0000] {override.py:1911} INFO - Created Permission View: menu access on DAG Run:tutorial
[2024-12-31T17:03:54.890+0000] {logging_mixin.py:190} INFO - [2024-12-31T17:03:54.890+0000] {dag.py:3239} INFO - Sync 1 DAGs
[2024-12-31T17:03:54.915+0000] {logging_mixin.py:190} INFO - [2024-12-31T17:03:54.914+0000] {dag.py:3262} INFO - Creating ORM DAG for tutorial
[2024-12-31T17:03:54.932+0000] {logging_mixin.py:190} INFO - [2024-12-31T17:03:54.931+0000] {dag.py:4180} INFO - Setting next_dagrun for tutorial to 2024-12-30 00:00:00+00:00, run_after=2024-12-31 00:00:00+00:00
[2024-12-31T17:03:54.957+0000] {processor.py:208} INFO - Processing /home/airflow/.local/lib/python3.12/site-packages/airflow/example_dags/tutorial.py took 0.509 seconds
[2024-12-31T17:04:25.901+0000] {processor.py:186} INFO - Started process (PID=106) to work on /home/airflow/.local/lib/python3.12/site-packages/airflow/example_dags/tutorial.py
[2024-12-31T17:04:25.902+0000] {processor.py:914} INFO - Processing file /home/airflow/.local/lib/python3.12/site-packages/airflow/example_dags/tutorial.py for tasks to queue
[2024-12-31T17:04:25.905+0000] {logging_mixin.py:190} INFO - [2024-12-31T17:04:25.905+0000] {dagbag.py:588} INFO - Filling up the DagBag from /home/airflow/.local/lib/python3.12/site-packages/airflow/example_dags/tutorial.py
[2024-12-31T17:04:25.915+0000] {processor.py:925} INFO - DAG(s) 'tutorial' retrieved from /home/airflow/.local/lib/python3.12/site-packages/airflow/example_dags/tutorial.py
[2024-12-31T17:04:25.943+0000] {logging_mixin.py:190} INFO - [2024-12-31T17:04:25.943+0000] {dag.py:3239} INFO - Sync 1 DAGs
[2024-12-31T17:04:25.986+0000] {logging_mixin.py:190} INFO - [2024-12-31T17:04:25.986+0000] {dag.py:4180} INFO - Setting next_dagrun for tutorial to 2024-12-30 00:00:00+00:00, run_after=2024-12-31 00:00:00+00:00
[2024-12-31T17:04:26.018+0000] {processor.py:208} INFO - Processing /home/airflow/.local/lib/python3.12/site-packages/airflow/example_dags/tutorial.py took 0.125 seconds
[2024-12-31T17:04:56.682+0000] {processor.py:186} INFO - Started process (PID=168) to work on /home/airflow/.local/lib/python3.12/site-packages/airflow/example_dags/tutorial.py
[2024-12-31T17:04:56.685+0000] {processor.py:914} INFO - Processing file /home/airflow/.local/lib/python3.12/site-packages/airflow/example_dags/tutorial.py for tasks to queue
[2024-12-31T17:04:56.690+0000] {logging_mixin.py:190} INFO - [2024-12-31T17:04:56.689+0000] {dagbag.py:588} INFO - Filling up the DagBag from /home/airflow/.local/lib/python3.12/site-packages/airflow/example_dags/tutorial.py
[2024-12-31T17:04:56.705+0000] {processor.py:925} INFO - DAG(s) 'tutorial' retrieved from /home/airflow/.local/lib/python3.12/site-packages/airflow/example_dags/tutorial.py
[2024-12-31T17:04:56.743+0000] {logging_mixin.py:190} INFO - [2024-12-31T17:04:56.743+0000] {dag.py:3239} INFO - Sync 1 DAGs
[2024-12-31T17:04:56.788+0000] {logging_mixin.py:190} INFO - [2024-12-31T17:04:56.788+0000] {dag.py:4180} INFO - Setting next_dagrun for tutorial to 2024-12-30 00:00:00+00:00, run_after=2024-12-31 00:00:00+00:00
[2024-12-31T17:04:56.811+0000] {processor.py:208} INFO - Processing /home/airflow/.local/lib/python3.12/site-packages/airflow/example_dags/tutorial.py took 0.142 seconds
[2024-12-31T17:05:26.878+0000] {processor.py:186} INFO - Started process (PID=231) to work on /home/airflow/.local/lib/python3.12/site-packages/airflow/example_dags/tutorial.py
[2024-12-31T17:05:26.879+0000] {processor.py:914} INFO - Processing file /home/airflow/.local/lib/python3.12/site-packages/airflow/example_dags/tutorial.py for tasks to queue
[2024-12-31T17:05:26.883+0000] {logging_mixin.py:190} INFO - [2024-12-31T17:05:26.883+0000] {dagbag.py:588} INFO - Filling up the DagBag from /home/airflow/.local/lib/python3.12/site-packages/airflow/example_dags/tutorial.py
[2024-12-31T17:05:26.896+0000] {processor.py:925} INFO - DAG(s) 'tutorial' retrieved from /home/airflow/.local/lib/python3.12/site-packages/airflow/example_dags/tutorial.py
[2024-12-31T17:05:26.926+0000] {logging_mixin.py:190} INFO - [2024-12-31T17:05:26.926+0000] {dag.py:3239} INFO - Sync 1 DAGs
[2024-12-31T17:05:26.968+0000] {logging_mixin.py:190} INFO - [2024-12-31T17:05:26.968+0000] {dag.py:4180} INFO - Setting next_dagrun for tutorial to 2024-12-30 00:00:00+00:00, run_after=2024-12-31 00:00:00+00:00
[2024-12-31T17:05:26.997+0000] {processor.py:208} INFO - Processing /home/airflow/.local/lib/python3.12/site-packages/airflow/example_dags/tutorial.py took 0.129 seconds
[2024-12-31T17:05:57.102+0000] {processor.py:186} INFO - Started process (PID=294) to work on /home/airflow/.local/lib/python3.12/site-packages/airflow/example_dags/tutorial.py
[2024-12-31T17:05:57.105+0000] {processor.py:914} INFO - Processing file /home/airflow/.local/lib/python3.12/site-packages/airflow/example_dags/tutorial.py for tasks to queue
[2024-12-31T17:05:57.110+0000] {logging_mixin.py:190} INFO - [2024-12-31T17:05:57.109+0000] {dagbag.py:588} INFO - Filling up the DagBag from /home/airflow/.local/lib/python3.12/site-packages/airflow/example_dags/tutorial.py
[2024-12-31T17:05:57.120+0000] {processor.py:925} INFO - DAG(s) 'tutorial' retrieved from /home/airflow/.local/lib/python3.12/site-packages/airflow/example_dags/tutorial.py
[2024-12-31T17:05:57.143+0000] {logging_mixin.py:190} INFO - [2024-12-31T17:05:57.142+0000] {dag.py:3239} INFO - Sync 1 DAGs
[2024-12-31T17:05:57.168+0000] {logging_mixin.py:190} INFO - [2024-12-31T17:05:57.168+0000] {dag.py:4180} INFO - Setting next_dagrun for tutorial to 2024-12-30 00:00:00+00:00, run_after=2024-12-31 00:00:00+00:00
[2024-12-31T17:05:57.192+0000] {processor.py:208} INFO - Processing /home/airflow/.local/lib/python3.12/site-packages/airflow/example_dags/tutorial.py took 0.109 seconds
[2024-12-31T17:06:27.267+0000] {processor.py:186} INFO - Started process (PID=357) to work on /home/airflow/.local/lib/python3.12/site-packages/airflow/example_dags/tutorial.py
[2024-12-31T17:06:27.270+0000] {processor.py:914} INFO - Processing file /home/airflow/.local/lib/python3.12/site-packages/airflow/example_dags/tutorial.py for tasks to queue
[2024-12-31T17:06:27.274+0000] {logging_mixin.py:190} INFO - [2024-12-31T17:06:27.273+0000] {dagbag.py:588} INFO - Filling up the DagBag from /home/airflow/.local/lib/python3.12/site-packages/airflow/example_dags/tutorial.py
[2024-12-31T17:06:27.284+0000] {processor.py:925} INFO - DAG(s) 'tutorial' retrieved from /home/airflow/.local/lib/python3.12/site-packages/airflow/example_dags/tutorial.py
[2024-12-31T17:06:27.307+0000] {logging_mixin.py:190} INFO - [2024-12-31T17:06:27.307+0000] {dag.py:3239} INFO - Sync 1 DAGs
[2024-12-31T17:06:27.334+0000] {logging_mixin.py:190} INFO - [2024-12-31T17:06:27.333+0000] {dag.py:4180} INFO - Setting next_dagrun for tutorial to 2024-12-30 00:00:00+00:00, run_after=2024-12-31 00:00:00+00:00
[2024-12-31T17:06:27.355+0000] {processor.py:208} INFO - Processing /home/airflow/.local/lib/python3.12/site-packages/airflow/example_dags/tutorial.py took 0.103 seconds
[2024-12-31T17:06:57.683+0000] {processor.py:186} INFO - Started process (PID=419) to work on /home/airflow/.local/lib/python3.12/site-packages/airflow/example_dags/tutorial.py
[2024-12-31T17:06:57.685+0000] {processor.py:914} INFO - Processing file /home/airflow/.local/lib/python3.12/site-packages/airflow/example_dags/tutorial.py for tasks to queue
[2024-12-31T17:06:57.688+0000] {logging_mixin.py:190} INFO - [2024-12-31T17:06:57.688+0000] {dagbag.py:588} INFO - Filling up the DagBag from /home/airflow/.local/lib/python3.12/site-packages/airflow/example_dags/tutorial.py
[2024-12-31T17:06:57.699+0000] {processor.py:925} INFO - DAG(s) 'tutorial' retrieved from /home/airflow/.local/lib/python3.12/site-packages/airflow/example_dags/tutorial.py
[2024-12-31T17:06:57.725+0000] {logging_mixin.py:190} INFO - [2024-12-31T17:06:57.725+0000] {dag.py:3239} INFO - Sync 1 DAGs
[2024-12-31T17:06:57.751+0000] {logging_mixin.py:190} INFO - [2024-12-31T17:06:57.751+0000] {dag.py:4180} INFO - Setting next_dagrun for tutorial to 2024-12-30 00:00:00+00:00, run_after=2024-12-31 00:00:00+00:00
[2024-12-31T17:06:57.772+0000] {processor.py:208} INFO - Processing /home/airflow/.local/lib/python3.12/site-packages/airflow/example_dags/tutorial.py took 0.100 seconds
