[2024-12-31T17:04:01.465+0000] {processor.py:186} INFO - Started process (PID=67) to work on /home/airflow/.local/lib/python3.12/site-packages/airflow/example_dags/tutorial_taskflow_api.py
[2024-12-31T17:04:01.466+0000] {processor.py:914} INFO - Processing file /home/airflow/.local/lib/python3.12/site-packages/airflow/example_dags/tutorial_taskflow_api.py for tasks to queue
[2024-12-31T17:04:01.470+0000] {logging_mixin.py:190} INFO - [2024-12-31T17:04:01.469+0000] {dagbag.py:588} INFO - Filling up the DagBag from /home/airflow/.local/lib/python3.12/site-packages/airflow/example_dags/tutorial_taskflow_api.py
[2024-12-31T17:04:01.486+0000] {processor.py:925} INFO - DAG(s) 'tutorial_taskflow_api' retrieved from /home/airflow/.local/lib/python3.12/site-packages/airflow/example_dags/tutorial_taskflow_api.py
[2024-12-31T17:04:01.677+0000] {logging_mixin.py:190} INFO - [2024-12-31T17:04:01.676+0000] {override.py:1911} INFO - Created Permission View: can read on DAG:tutorial_taskflow_api
[2024-12-31T17:04:01.695+0000] {logging_mixin.py:190} INFO - [2024-12-31T17:04:01.695+0000] {override.py:1911} INFO - Created Permission View: can delete on DAG:tutorial_taskflow_api
[2024-12-31T17:04:01.710+0000] {logging_mixin.py:190} INFO - [2024-12-31T17:04:01.709+0000] {override.py:1911} INFO - Created Permission View: can edit on DAG:tutorial_taskflow_api
[2024-12-31T17:04:01.720+0000] {logging_mixin.py:190} INFO - [2024-12-31T17:04:01.720+0000] {override.py:1911} INFO - Created Permission View: can read on DAG Run:tutorial_taskflow_api
[2024-12-31T17:04:01.731+0000] {logging_mixin.py:190} INFO - [2024-12-31T17:04:01.731+0000] {override.py:1911} INFO - Created Permission View: can delete on DAG Run:tutorial_taskflow_api
[2024-12-31T17:04:01.741+0000] {logging_mixin.py:190} INFO - [2024-12-31T17:04:01.741+0000] {override.py:1911} INFO - Created Permission View: can create on DAG Run:tutorial_taskflow_api
[2024-12-31T17:04:01.751+0000] {logging_mixin.py:190} INFO - [2024-12-31T17:04:01.750+0000] {override.py:1911} INFO - Created Permission View: menu access on DAG Run:tutorial_taskflow_api
[2024-12-31T17:04:01.751+0000] {logging_mixin.py:190} INFO - [2024-12-31T17:04:01.751+0000] {dag.py:3239} INFO - Sync 1 DAGs
[2024-12-31T17:04:01.783+0000] {logging_mixin.py:190} INFO - [2024-12-31T17:04:01.783+0000] {dag.py:3262} INFO - Creating ORM DAG for tutorial_taskflow_api
[2024-12-31T17:04:01.785+0000] {logging_mixin.py:190} INFO - [2024-12-31T17:04:01.784+0000] {dag.py:4180} INFO - Setting next_dagrun for tutorial_taskflow_api to None, run_after=None
[2024-12-31T17:04:01.828+0000] {processor.py:208} INFO - Processing /home/airflow/.local/lib/python3.12/site-packages/airflow/example_dags/tutorial_taskflow_api.py took 0.375 seconds
[2024-12-31T17:04:32.627+0000] {processor.py:186} INFO - Started process (PID=130) to work on /home/airflow/.local/lib/python3.12/site-packages/airflow/example_dags/tutorial_taskflow_api.py
[2024-12-31T17:04:32.628+0000] {processor.py:914} INFO - Processing file /home/airflow/.local/lib/python3.12/site-packages/airflow/example_dags/tutorial_taskflow_api.py for tasks to queue
[2024-12-31T17:04:32.632+0000] {logging_mixin.py:190} INFO - [2024-12-31T17:04:32.632+0000] {dagbag.py:588} INFO - Filling up the DagBag from /home/airflow/.local/lib/python3.12/site-packages/airflow/example_dags/tutorial_taskflow_api.py
[2024-12-31T17:04:32.646+0000] {processor.py:925} INFO - DAG(s) 'tutorial_taskflow_api' retrieved from /home/airflow/.local/lib/python3.12/site-packages/airflow/example_dags/tutorial_taskflow_api.py
[2024-12-31T17:04:32.680+0000] {logging_mixin.py:190} INFO - [2024-12-31T17:04:32.680+0000] {dag.py:3239} INFO - Sync 1 DAGs
[2024-12-31T17:04:32.703+0000] {logging_mixin.py:190} INFO - [2024-12-31T17:04:32.703+0000] {dag.py:4180} INFO - Setting next_dagrun for tutorial_taskflow_api to None, run_after=None
[2024-12-31T17:04:32.726+0000] {processor.py:208} INFO - Processing /home/airflow/.local/lib/python3.12/site-packages/airflow/example_dags/tutorial_taskflow_api.py took 0.110 seconds
[2024-12-31T17:05:02.872+0000] {processor.py:186} INFO - Started process (PID=193) to work on /home/airflow/.local/lib/python3.12/site-packages/airflow/example_dags/tutorial_taskflow_api.py
[2024-12-31T17:05:02.873+0000] {processor.py:914} INFO - Processing file /home/airflow/.local/lib/python3.12/site-packages/airflow/example_dags/tutorial_taskflow_api.py for tasks to queue
[2024-12-31T17:05:02.877+0000] {logging_mixin.py:190} INFO - [2024-12-31T17:05:02.876+0000] {dagbag.py:588} INFO - Filling up the DagBag from /home/airflow/.local/lib/python3.12/site-packages/airflow/example_dags/tutorial_taskflow_api.py
[2024-12-31T17:05:02.886+0000] {processor.py:925} INFO - DAG(s) 'tutorial_taskflow_api' retrieved from /home/airflow/.local/lib/python3.12/site-packages/airflow/example_dags/tutorial_taskflow_api.py
[2024-12-31T17:05:02.917+0000] {logging_mixin.py:190} INFO - [2024-12-31T17:05:02.916+0000] {dag.py:3239} INFO - Sync 1 DAGs
[2024-12-31T17:05:02.935+0000] {logging_mixin.py:190} INFO - [2024-12-31T17:05:02.934+0000] {dag.py:4180} INFO - Setting next_dagrun for tutorial_taskflow_api to None, run_after=None
[2024-12-31T17:05:02.956+0000] {processor.py:208} INFO - Processing /home/airflow/.local/lib/python3.12/site-packages/airflow/example_dags/tutorial_taskflow_api.py took 0.093 seconds
[2024-12-31T17:05:33.790+0000] {processor.py:186} INFO - Started process (PID=263) to work on /home/airflow/.local/lib/python3.12/site-packages/airflow/example_dags/tutorial_taskflow_api.py
[2024-12-31T17:05:33.792+0000] {processor.py:914} INFO - Processing file /home/airflow/.local/lib/python3.12/site-packages/airflow/example_dags/tutorial_taskflow_api.py for tasks to queue
[2024-12-31T17:05:33.796+0000] {logging_mixin.py:190} INFO - [2024-12-31T17:05:33.795+0000] {dagbag.py:588} INFO - Filling up the DagBag from /home/airflow/.local/lib/python3.12/site-packages/airflow/example_dags/tutorial_taskflow_api.py
[2024-12-31T17:05:33.809+0000] {processor.py:925} INFO - DAG(s) 'tutorial_taskflow_api' retrieved from /home/airflow/.local/lib/python3.12/site-packages/airflow/example_dags/tutorial_taskflow_api.py
[2024-12-31T17:05:33.840+0000] {logging_mixin.py:190} INFO - [2024-12-31T17:05:33.839+0000] {dag.py:3239} INFO - Sync 1 DAGs
[2024-12-31T17:05:33.865+0000] {logging_mixin.py:190} INFO - [2024-12-31T17:05:33.864+0000] {dag.py:4180} INFO - Setting next_dagrun for tutorial_taskflow_api to None, run_after=None
[2024-12-31T17:05:33.888+0000] {processor.py:208} INFO - Processing /home/airflow/.local/lib/python3.12/site-packages/airflow/example_dags/tutorial_taskflow_api.py took 0.107 seconds
[2024-12-31T17:06:04.431+0000] {processor.py:186} INFO - Started process (PID=326) to work on /home/airflow/.local/lib/python3.12/site-packages/airflow/example_dags/tutorial_taskflow_api.py
[2024-12-31T17:06:04.432+0000] {processor.py:914} INFO - Processing file /home/airflow/.local/lib/python3.12/site-packages/airflow/example_dags/tutorial_taskflow_api.py for tasks to queue
[2024-12-31T17:06:04.436+0000] {logging_mixin.py:190} INFO - [2024-12-31T17:06:04.435+0000] {dagbag.py:588} INFO - Filling up the DagBag from /home/airflow/.local/lib/python3.12/site-packages/airflow/example_dags/tutorial_taskflow_api.py
[2024-12-31T17:06:04.450+0000] {processor.py:925} INFO - DAG(s) 'tutorial_taskflow_api' retrieved from /home/airflow/.local/lib/python3.12/site-packages/airflow/example_dags/tutorial_taskflow_api.py
[2024-12-31T17:06:04.510+0000] {logging_mixin.py:190} INFO - [2024-12-31T17:06:04.509+0000] {dag.py:3239} INFO - Sync 1 DAGs
[2024-12-31T17:06:04.565+0000] {logging_mixin.py:190} INFO - [2024-12-31T17:06:04.564+0000] {dag.py:4180} INFO - Setting next_dagrun for tutorial_taskflow_api to None, run_after=None
[2024-12-31T17:06:04.601+0000] {processor.py:208} INFO - Processing /home/airflow/.local/lib/python3.12/site-packages/airflow/example_dags/tutorial_taskflow_api.py took 0.181 seconds
[2024-12-31T17:06:35.679+0000] {processor.py:186} INFO - Started process (PID=387) to work on /home/airflow/.local/lib/python3.12/site-packages/airflow/example_dags/tutorial_taskflow_api.py
[2024-12-31T17:06:35.681+0000] {processor.py:914} INFO - Processing file /home/airflow/.local/lib/python3.12/site-packages/airflow/example_dags/tutorial_taskflow_api.py for tasks to queue
[2024-12-31T17:06:35.685+0000] {logging_mixin.py:190} INFO - [2024-12-31T17:06:35.685+0000] {dagbag.py:588} INFO - Filling up the DagBag from /home/airflow/.local/lib/python3.12/site-packages/airflow/example_dags/tutorial_taskflow_api.py
[2024-12-31T17:06:35.698+0000] {processor.py:925} INFO - DAG(s) 'tutorial_taskflow_api' retrieved from /home/airflow/.local/lib/python3.12/site-packages/airflow/example_dags/tutorial_taskflow_api.py
[2024-12-31T17:06:35.723+0000] {logging_mixin.py:190} INFO - [2024-12-31T17:06:35.722+0000] {dag.py:3239} INFO - Sync 1 DAGs
[2024-12-31T17:06:35.743+0000] {logging_mixin.py:190} INFO - [2024-12-31T17:06:35.742+0000] {dag.py:4180} INFO - Setting next_dagrun for tutorial_taskflow_api to None, run_after=None
[2024-12-31T17:06:35.770+0000] {processor.py:208} INFO - Processing /home/airflow/.local/lib/python3.12/site-packages/airflow/example_dags/tutorial_taskflow_api.py took 0.100 seconds
