[2024-12-31T17:04:02.317+0000] {processor.py:186} INFO - Started process (PID=70) to work on /home/airflow/.local/lib/python3.12/site-packages/airflow/example_dags/tutorial_taskflow_templates.py
[2024-12-31T17:04:02.318+0000] {processor.py:914} INFO - Processing file /home/airflow/.local/lib/python3.12/site-packages/airflow/example_dags/tutorial_taskflow_templates.py for tasks to queue
[2024-12-31T17:04:02.321+0000] {logging_mixin.py:190} INFO - [2024-12-31T17:04:02.321+0000] {dagbag.py:588} INFO - Filling up the DagBag from /home/airflow/.local/lib/python3.12/site-packages/airflow/example_dags/tutorial_taskflow_templates.py
[2024-12-31T17:04:02.339+0000] {processor.py:925} INFO - DAG(s) 'tutorial_taskflow_templates' retrieved from /home/airflow/.local/lib/python3.12/site-packages/airflow/example_dags/tutorial_taskflow_templates.py
[2024-12-31T17:04:02.527+0000] {logging_mixin.py:190} INFO - [2024-12-31T17:04:02.526+0000] {override.py:1911} INFO - Created Permission View: can read on DAG:tutorial_taskflow_templates
[2024-12-31T17:04:02.550+0000] {logging_mixin.py:190} INFO - [2024-12-31T17:04:02.549+0000] {override.py:1911} INFO - Created Permission View: can delete on DAG:tutorial_taskflow_templates
[2024-12-31T17:04:02.559+0000] {logging_mixin.py:190} INFO - [2024-12-31T17:04:02.559+0000] {override.py:1911} INFO - Created Permission View: can edit on DAG:tutorial_taskflow_templates
[2024-12-31T17:04:02.569+0000] {logging_mixin.py:190} INFO - [2024-12-31T17:04:02.568+0000] {override.py:1911} INFO - Created Permission View: can read on DAG Run:tutorial_taskflow_templates
[2024-12-31T17:04:02.586+0000] {logging_mixin.py:190} INFO - [2024-12-31T17:04:02.585+0000] {override.py:1911} INFO - Created Permission View: can delete on DAG Run:tutorial_taskflow_templates
[2024-12-31T17:04:02.605+0000] {logging_mixin.py:190} INFO - [2024-12-31T17:04:02.605+0000] {override.py:1911} INFO - Created Permission View: can create on DAG Run:tutorial_taskflow_templates
[2024-12-31T17:04:02.616+0000] {logging_mixin.py:190} INFO - [2024-12-31T17:04:02.616+0000] {override.py:1911} INFO - Created Permission View: menu access on DAG Run:tutorial_taskflow_templates
[2024-12-31T17:04:02.617+0000] {logging_mixin.py:190} INFO - [2024-12-31T17:04:02.617+0000] {dag.py:3239} INFO - Sync 1 DAGs
[2024-12-31T17:04:02.655+0000] {logging_mixin.py:190} INFO - [2024-12-31T17:04:02.655+0000] {dag.py:3262} INFO - Creating ORM DAG for tutorial_taskflow_templates
[2024-12-31T17:04:02.673+0000] {logging_mixin.py:190} INFO - [2024-12-31T17:04:02.673+0000] {dag.py:4180} INFO - Setting next_dagrun for tutorial_taskflow_templates to 2024-12-30 00:00:00+00:00, run_after=2024-12-31 00:00:00+00:00
[2024-12-31T17:04:02.722+0000] {processor.py:208} INFO - Processing /home/airflow/.local/lib/python3.12/site-packages/airflow/example_dags/tutorial_taskflow_templates.py took 0.412 seconds
[2024-12-31T17:04:32.905+0000] {processor.py:186} INFO - Started process (PID=133) to work on /home/airflow/.local/lib/python3.12/site-packages/airflow/example_dags/tutorial_taskflow_templates.py
[2024-12-31T17:04:32.906+0000] {processor.py:914} INFO - Processing file /home/airflow/.local/lib/python3.12/site-packages/airflow/example_dags/tutorial_taskflow_templates.py for tasks to queue
[2024-12-31T17:04:32.909+0000] {logging_mixin.py:190} INFO - [2024-12-31T17:04:32.909+0000] {dagbag.py:588} INFO - Filling up the DagBag from /home/airflow/.local/lib/python3.12/site-packages/airflow/example_dags/tutorial_taskflow_templates.py
[2024-12-31T17:04:32.924+0000] {processor.py:925} INFO - DAG(s) 'tutorial_taskflow_templates' retrieved from /home/airflow/.local/lib/python3.12/site-packages/airflow/example_dags/tutorial_taskflow_templates.py
[2024-12-31T17:04:32.946+0000] {logging_mixin.py:190} INFO - [2024-12-31T17:04:32.946+0000] {dag.py:3239} INFO - Sync 1 DAGs
[2024-12-31T17:04:32.974+0000] {logging_mixin.py:190} INFO - [2024-12-31T17:04:32.974+0000] {dag.py:4180} INFO - Setting next_dagrun for tutorial_taskflow_templates to 2024-12-30 00:00:00+00:00, run_after=2024-12-31 00:00:00+00:00
[2024-12-31T17:04:32.997+0000] {processor.py:208} INFO - Processing /home/airflow/.local/lib/python3.12/site-packages/airflow/example_dags/tutorial_taskflow_templates.py took 0.098 seconds
[2024-12-31T17:05:03.086+0000] {processor.py:186} INFO - Started process (PID=196) to work on /home/airflow/.local/lib/python3.12/site-packages/airflow/example_dags/tutorial_taskflow_templates.py
[2024-12-31T17:05:03.087+0000] {processor.py:914} INFO - Processing file /home/airflow/.local/lib/python3.12/site-packages/airflow/example_dags/tutorial_taskflow_templates.py for tasks to queue
[2024-12-31T17:05:03.090+0000] {logging_mixin.py:190} INFO - [2024-12-31T17:05:03.090+0000] {dagbag.py:588} INFO - Filling up the DagBag from /home/airflow/.local/lib/python3.12/site-packages/airflow/example_dags/tutorial_taskflow_templates.py
[2024-12-31T17:05:03.107+0000] {processor.py:925} INFO - DAG(s) 'tutorial_taskflow_templates' retrieved from /home/airflow/.local/lib/python3.12/site-packages/airflow/example_dags/tutorial_taskflow_templates.py
[2024-12-31T17:05:03.132+0000] {logging_mixin.py:190} INFO - [2024-12-31T17:05:03.132+0000] {dag.py:3239} INFO - Sync 1 DAGs
[2024-12-31T17:05:03.162+0000] {logging_mixin.py:190} INFO - [2024-12-31T17:05:03.161+0000] {dag.py:4180} INFO - Setting next_dagrun for tutorial_taskflow_templates to 2024-12-30 00:00:00+00:00, run_after=2024-12-31 00:00:00+00:00
[2024-12-31T17:05:03.185+0000] {processor.py:208} INFO - Processing /home/airflow/.local/lib/python3.12/site-packages/airflow/example_dags/tutorial_taskflow_templates.py took 0.106 seconds
[2024-12-31T17:05:34.035+0000] {processor.py:186} INFO - Started process (PID=266) to work on /home/airflow/.local/lib/python3.12/site-packages/airflow/example_dags/tutorial_taskflow_templates.py
[2024-12-31T17:05:34.036+0000] {processor.py:914} INFO - Processing file /home/airflow/.local/lib/python3.12/site-packages/airflow/example_dags/tutorial_taskflow_templates.py for tasks to queue
[2024-12-31T17:05:34.040+0000] {logging_mixin.py:190} INFO - [2024-12-31T17:05:34.040+0000] {dagbag.py:588} INFO - Filling up the DagBag from /home/airflow/.local/lib/python3.12/site-packages/airflow/example_dags/tutorial_taskflow_templates.py
[2024-12-31T17:05:34.061+0000] {processor.py:925} INFO - DAG(s) 'tutorial_taskflow_templates' retrieved from /home/airflow/.local/lib/python3.12/site-packages/airflow/example_dags/tutorial_taskflow_templates.py
[2024-12-31T17:05:34.087+0000] {logging_mixin.py:190} INFO - [2024-12-31T17:05:34.087+0000] {dag.py:3239} INFO - Sync 1 DAGs
[2024-12-31T17:05:34.116+0000] {logging_mixin.py:190} INFO - [2024-12-31T17:05:34.116+0000] {dag.py:4180} INFO - Setting next_dagrun for tutorial_taskflow_templates to 2024-12-30 00:00:00+00:00, run_after=2024-12-31 00:00:00+00:00
[2024-12-31T17:05:34.138+0000] {processor.py:208} INFO - Processing /home/airflow/.local/lib/python3.12/site-packages/airflow/example_dags/tutorial_taskflow_templates.py took 0.112 seconds
[2024-12-31T17:06:05.354+0000] {processor.py:186} INFO - Started process (PID=329) to work on /home/airflow/.local/lib/python3.12/site-packages/airflow/example_dags/tutorial_taskflow_templates.py
[2024-12-31T17:06:05.355+0000] {processor.py:914} INFO - Processing file /home/airflow/.local/lib/python3.12/site-packages/airflow/example_dags/tutorial_taskflow_templates.py for tasks to queue
[2024-12-31T17:06:05.359+0000] {logging_mixin.py:190} INFO - [2024-12-31T17:06:05.359+0000] {dagbag.py:588} INFO - Filling up the DagBag from /home/airflow/.local/lib/python3.12/site-packages/airflow/example_dags/tutorial_taskflow_templates.py
[2024-12-31T17:06:05.384+0000] {processor.py:925} INFO - DAG(s) 'tutorial_taskflow_templates' retrieved from /home/airflow/.local/lib/python3.12/site-packages/airflow/example_dags/tutorial_taskflow_templates.py
[2024-12-31T17:06:05.427+0000] {logging_mixin.py:190} INFO - [2024-12-31T17:06:05.427+0000] {dag.py:3239} INFO - Sync 1 DAGs
[2024-12-31T17:06:05.524+0000] {logging_mixin.py:190} INFO - [2024-12-31T17:06:05.523+0000] {dag.py:4180} INFO - Setting next_dagrun for tutorial_taskflow_templates to 2024-12-30 00:00:00+00:00, run_after=2024-12-31 00:00:00+00:00
[2024-12-31T17:06:05.651+0000] {processor.py:208} INFO - Processing /home/airflow/.local/lib/python3.12/site-packages/airflow/example_dags/tutorial_taskflow_templates.py took 0.307 seconds
[2024-12-31T17:06:36.055+0000] {processor.py:186} INFO - Started process (PID=391) to work on /home/airflow/.local/lib/python3.12/site-packages/airflow/example_dags/tutorial_taskflow_templates.py
[2024-12-31T17:06:36.056+0000] {processor.py:914} INFO - Processing file /home/airflow/.local/lib/python3.12/site-packages/airflow/example_dags/tutorial_taskflow_templates.py for tasks to queue
[2024-12-31T17:06:36.059+0000] {logging_mixin.py:190} INFO - [2024-12-31T17:06:36.059+0000] {dagbag.py:588} INFO - Filling up the DagBag from /home/airflow/.local/lib/python3.12/site-packages/airflow/example_dags/tutorial_taskflow_templates.py
[2024-12-31T17:06:36.080+0000] {processor.py:925} INFO - DAG(s) 'tutorial_taskflow_templates' retrieved from /home/airflow/.local/lib/python3.12/site-packages/airflow/example_dags/tutorial_taskflow_templates.py
[2024-12-31T17:06:36.107+0000] {logging_mixin.py:190} INFO - [2024-12-31T17:06:36.106+0000] {dag.py:3239} INFO - Sync 1 DAGs
[2024-12-31T17:06:36.145+0000] {logging_mixin.py:190} INFO - [2024-12-31T17:06:36.145+0000] {dag.py:4180} INFO - Setting next_dagrun for tutorial_taskflow_templates to 2024-12-30 00:00:00+00:00, run_after=2024-12-31 00:00:00+00:00
[2024-12-31T17:06:36.167+0000] {processor.py:208} INFO - Processing /home/airflow/.local/lib/python3.12/site-packages/airflow/example_dags/tutorial_taskflow_templates.py took 0.120 seconds
