[2024-12-31T17:04:04.389+0000] {processor.py:186} INFO - Started process (PID=85) to work on /home/airflow/.local/lib/python3.12/site-packages/airflow/example_dags/tutorial_dag.py
[2024-12-31T17:04:04.392+0000] {processor.py:914} INFO - Processing file /home/airflow/.local/lib/python3.12/site-packages/airflow/example_dags/tutorial_dag.py for tasks to queue
[2024-12-31T17:04:04.396+0000] {logging_mixin.py:190} INFO - [2024-12-31T17:04:04.395+0000] {dagbag.py:588} INFO - Filling up the DagBag from /home/airflow/.local/lib/python3.12/site-packages/airflow/example_dags/tutorial_dag.py
[2024-12-31T17:04:04.413+0000] {processor.py:925} INFO - DAG(s) 'tutorial_dag' retrieved from /home/airflow/.local/lib/python3.12/site-packages/airflow/example_dags/tutorial_dag.py
[2024-12-31T17:04:04.679+0000] {logging_mixin.py:190} INFO - [2024-12-31T17:04:04.677+0000] {override.py:1911} INFO - Created Permission View: can read on DAG:tutorial_dag
[2024-12-31T17:04:04.695+0000] {logging_mixin.py:190} INFO - [2024-12-31T17:04:04.694+0000] {override.py:1911} INFO - Created Permission View: can delete on DAG:tutorial_dag
[2024-12-31T17:04:04.704+0000] {logging_mixin.py:190} INFO - [2024-12-31T17:04:04.704+0000] {override.py:1911} INFO - Created Permission View: can edit on DAG:tutorial_dag
[2024-12-31T17:04:04.715+0000] {logging_mixin.py:190} INFO - [2024-12-31T17:04:04.714+0000] {override.py:1911} INFO - Created Permission View: can read on DAG Run:tutorial_dag
[2024-12-31T17:04:04.724+0000] {logging_mixin.py:190} INFO - [2024-12-31T17:04:04.724+0000] {override.py:1911} INFO - Created Permission View: can delete on DAG Run:tutorial_dag
[2024-12-31T17:04:04.734+0000] {logging_mixin.py:190} INFO - [2024-12-31T17:04:04.734+0000] {override.py:1911} INFO - Created Permission View: can create on DAG Run:tutorial_dag
[2024-12-31T17:04:04.743+0000] {logging_mixin.py:190} INFO - [2024-12-31T17:04:04.743+0000] {override.py:1911} INFO - Created Permission View: menu access on DAG Run:tutorial_dag
[2024-12-31T17:04:04.744+0000] {logging_mixin.py:190} INFO - [2024-12-31T17:04:04.743+0000] {dag.py:3239} INFO - Sync 1 DAGs
[2024-12-31T17:04:04.763+0000] {logging_mixin.py:190} INFO - [2024-12-31T17:04:04.763+0000] {dag.py:3262} INFO - Creating ORM DAG for tutorial_dag
[2024-12-31T17:04:04.764+0000] {logging_mixin.py:190} INFO - [2024-12-31T17:04:04.763+0000] {dag.py:4180} INFO - Setting next_dagrun for tutorial_dag to None, run_after=None
[2024-12-31T17:04:04.787+0000] {processor.py:208} INFO - Processing /home/airflow/.local/lib/python3.12/site-packages/airflow/example_dags/tutorial_dag.py took 0.420 seconds
[2024-12-31T17:04:35.577+0000] {processor.py:186} INFO - Started process (PID=147) to work on /home/airflow/.local/lib/python3.12/site-packages/airflow/example_dags/tutorial_dag.py
[2024-12-31T17:04:35.580+0000] {processor.py:914} INFO - Processing file /home/airflow/.local/lib/python3.12/site-packages/airflow/example_dags/tutorial_dag.py for tasks to queue
[2024-12-31T17:04:35.589+0000] {logging_mixin.py:190} INFO - [2024-12-31T17:04:35.587+0000] {dagbag.py:588} INFO - Filling up the DagBag from /home/airflow/.local/lib/python3.12/site-packages/airflow/example_dags/tutorial_dag.py
[2024-12-31T17:04:35.617+0000] {processor.py:925} INFO - DAG(s) 'tutorial_dag' retrieved from /home/airflow/.local/lib/python3.12/site-packages/airflow/example_dags/tutorial_dag.py
[2024-12-31T17:04:35.654+0000] {logging_mixin.py:190} INFO - [2024-12-31T17:04:35.654+0000] {dag.py:3239} INFO - Sync 1 DAGs
[2024-12-31T17:04:35.676+0000] {logging_mixin.py:190} INFO - [2024-12-31T17:04:35.676+0000] {dag.py:4180} INFO - Setting next_dagrun for tutorial_dag to None, run_after=None
[2024-12-31T17:04:35.701+0000] {processor.py:208} INFO - Processing /home/airflow/.local/lib/python3.12/site-packages/airflow/example_dags/tutorial_dag.py took 0.147 seconds
[2024-12-31T17:05:05.869+0000] {processor.py:186} INFO - Started process (PID=211) to work on /home/airflow/.local/lib/python3.12/site-packages/airflow/example_dags/tutorial_dag.py
[2024-12-31T17:05:05.871+0000] {processor.py:914} INFO - Processing file /home/airflow/.local/lib/python3.12/site-packages/airflow/example_dags/tutorial_dag.py for tasks to queue
[2024-12-31T17:05:05.877+0000] {logging_mixin.py:190} INFO - [2024-12-31T17:05:05.876+0000] {dagbag.py:588} INFO - Filling up the DagBag from /home/airflow/.local/lib/python3.12/site-packages/airflow/example_dags/tutorial_dag.py
[2024-12-31T17:05:05.891+0000] {processor.py:925} INFO - DAG(s) 'tutorial_dag' retrieved from /home/airflow/.local/lib/python3.12/site-packages/airflow/example_dags/tutorial_dag.py
[2024-12-31T17:05:05.918+0000] {logging_mixin.py:190} INFO - [2024-12-31T17:05:05.917+0000] {dag.py:3239} INFO - Sync 1 DAGs
[2024-12-31T17:05:05.934+0000] {logging_mixin.py:190} INFO - [2024-12-31T17:05:05.934+0000] {dag.py:4180} INFO - Setting next_dagrun for tutorial_dag to None, run_after=None
[2024-12-31T17:05:05.955+0000] {processor.py:208} INFO - Processing /home/airflow/.local/lib/python3.12/site-packages/airflow/example_dags/tutorial_dag.py took 0.118 seconds
[2024-12-31T17:05:35.994+0000] {processor.py:186} INFO - Started process (PID=274) to work on /home/airflow/.local/lib/python3.12/site-packages/airflow/example_dags/tutorial_dag.py
[2024-12-31T17:05:35.995+0000] {processor.py:914} INFO - Processing file /home/airflow/.local/lib/python3.12/site-packages/airflow/example_dags/tutorial_dag.py for tasks to queue
[2024-12-31T17:05:35.999+0000] {logging_mixin.py:190} INFO - [2024-12-31T17:05:35.998+0000] {dagbag.py:588} INFO - Filling up the DagBag from /home/airflow/.local/lib/python3.12/site-packages/airflow/example_dags/tutorial_dag.py
[2024-12-31T17:05:36.009+0000] {processor.py:925} INFO - DAG(s) 'tutorial_dag' retrieved from /home/airflow/.local/lib/python3.12/site-packages/airflow/example_dags/tutorial_dag.py
[2024-12-31T17:05:36.033+0000] {logging_mixin.py:190} INFO - [2024-12-31T17:05:36.033+0000] {dag.py:3239} INFO - Sync 1 DAGs
[2024-12-31T17:05:36.059+0000] {logging_mixin.py:190} INFO - [2024-12-31T17:05:36.058+0000] {dag.py:4180} INFO - Setting next_dagrun for tutorial_dag to None, run_after=None
[2024-12-31T17:05:36.083+0000] {processor.py:208} INFO - Processing /home/airflow/.local/lib/python3.12/site-packages/airflow/example_dags/tutorial_dag.py took 0.098 seconds
[2024-12-31T17:06:06.956+0000] {processor.py:186} INFO - Started process (PID=337) to work on /home/airflow/.local/lib/python3.12/site-packages/airflow/example_dags/tutorial_dag.py
[2024-12-31T17:06:06.958+0000] {processor.py:914} INFO - Processing file /home/airflow/.local/lib/python3.12/site-packages/airflow/example_dags/tutorial_dag.py for tasks to queue
[2024-12-31T17:06:06.960+0000] {logging_mixin.py:190} INFO - [2024-12-31T17:06:06.960+0000] {dagbag.py:588} INFO - Filling up the DagBag from /home/airflow/.local/lib/python3.12/site-packages/airflow/example_dags/tutorial_dag.py
[2024-12-31T17:06:06.975+0000] {processor.py:925} INFO - DAG(s) 'tutorial_dag' retrieved from /home/airflow/.local/lib/python3.12/site-packages/airflow/example_dags/tutorial_dag.py
[2024-12-31T17:06:07.011+0000] {logging_mixin.py:190} INFO - [2024-12-31T17:06:07.011+0000] {dag.py:3239} INFO - Sync 1 DAGs
[2024-12-31T17:06:07.038+0000] {logging_mixin.py:190} INFO - [2024-12-31T17:06:07.038+0000] {dag.py:4180} INFO - Setting next_dagrun for tutorial_dag to None, run_after=None
[2024-12-31T17:06:07.070+0000] {processor.py:208} INFO - Processing /home/airflow/.local/lib/python3.12/site-packages/airflow/example_dags/tutorial_dag.py took 0.124 seconds
[2024-12-31T17:06:37.312+0000] {processor.py:186} INFO - Started process (PID=399) to work on /home/airflow/.local/lib/python3.12/site-packages/airflow/example_dags/tutorial_dag.py
[2024-12-31T17:06:37.313+0000] {processor.py:914} INFO - Processing file /home/airflow/.local/lib/python3.12/site-packages/airflow/example_dags/tutorial_dag.py for tasks to queue
[2024-12-31T17:06:37.317+0000] {logging_mixin.py:190} INFO - [2024-12-31T17:06:37.316+0000] {dagbag.py:588} INFO - Filling up the DagBag from /home/airflow/.local/lib/python3.12/site-packages/airflow/example_dags/tutorial_dag.py
[2024-12-31T17:06:37.330+0000] {processor.py:925} INFO - DAG(s) 'tutorial_dag' retrieved from /home/airflow/.local/lib/python3.12/site-packages/airflow/example_dags/tutorial_dag.py
[2024-12-31T17:06:37.365+0000] {logging_mixin.py:190} INFO - [2024-12-31T17:06:37.365+0000] {dag.py:3239} INFO - Sync 1 DAGs
[2024-12-31T17:06:37.394+0000] {logging_mixin.py:190} INFO - [2024-12-31T17:06:37.393+0000] {dag.py:4180} INFO - Setting next_dagrun for tutorial_dag to None, run_after=None
[2024-12-31T17:06:37.419+0000] {processor.py:208} INFO - Processing /home/airflow/.local/lib/python3.12/site-packages/airflow/example_dags/tutorial_dag.py took 0.117 seconds
