[2024-12-31T17:04:01.410+0000] {processor.py:186} INFO - Started process (PID=66) to work on /home/airflow/.local/lib/python3.12/site-packages/airflow/example_dags/tutorial_objectstorage.py
[2024-12-31T17:04:01.411+0000] {processor.py:914} INFO - Processing file /home/airflow/.local/lib/python3.12/site-packages/airflow/example_dags/tutorial_objectstorage.py for tasks to queue
[2024-12-31T17:04:01.414+0000] {logging_mixin.py:190} INFO - [2024-12-31T17:04:01.414+0000] {dagbag.py:588} INFO - Filling up the DagBag from /home/airflow/.local/lib/python3.12/site-packages/airflow/example_dags/tutorial_objectstorage.py
[2024-12-31T17:04:01.431+0000] {processor.py:925} INFO - DAG(s) 'tutorial_objectstorage' retrieved from /home/airflow/.local/lib/python3.12/site-packages/airflow/example_dags/tutorial_objectstorage.py
[2024-12-31T17:04:01.638+0000] {logging_mixin.py:190} INFO - [2024-12-31T17:04:01.637+0000] {override.py:1911} INFO - Created Permission View: can read on DAG:tutorial_objectstorage
[2024-12-31T17:04:01.655+0000] {logging_mixin.py:190} INFO - [2024-12-31T17:04:01.654+0000] {override.py:1911} INFO - Created Permission View: can delete on DAG:tutorial_objectstorage
[2024-12-31T17:04:01.664+0000] {logging_mixin.py:190} INFO - [2024-12-31T17:04:01.664+0000] {override.py:1911} INFO - Created Permission View: can edit on DAG:tutorial_objectstorage
[2024-12-31T17:04:01.677+0000] {logging_mixin.py:190} INFO - [2024-12-31T17:04:01.677+0000] {override.py:1911} INFO - Created Permission View: can read on DAG Run:tutorial_objectstorage
[2024-12-31T17:04:01.688+0000] {logging_mixin.py:190} INFO - [2024-12-31T17:04:01.688+0000] {override.py:1911} INFO - Created Permission View: can delete on DAG Run:tutorial_objectstorage
[2024-12-31T17:04:01.704+0000] {logging_mixin.py:190} INFO - [2024-12-31T17:04:01.700+0000] {override.py:1911} INFO - Created Permission View: can create on DAG Run:tutorial_objectstorage
[2024-12-31T17:04:01.718+0000] {logging_mixin.py:190} INFO - [2024-12-31T17:04:01.717+0000] {override.py:1911} INFO - Created Permission View: menu access on DAG Run:tutorial_objectstorage
[2024-12-31T17:04:01.719+0000] {logging_mixin.py:190} INFO - [2024-12-31T17:04:01.718+0000] {dag.py:3239} INFO - Sync 1 DAGs
[2024-12-31T17:04:01.745+0000] {logging_mixin.py:190} INFO - [2024-12-31T17:04:01.744+0000] {dag.py:3262} INFO - Creating ORM DAG for tutorial_objectstorage
[2024-12-31T17:04:01.746+0000] {logging_mixin.py:190} INFO - [2024-12-31T17:04:01.746+0000] {dag.py:4180} INFO - Setting next_dagrun for tutorial_objectstorage to None, run_after=None
[2024-12-31T17:04:01.791+0000] {processor.py:208} INFO - Processing /home/airflow/.local/lib/python3.12/site-packages/airflow/example_dags/tutorial_objectstorage.py took 0.391 seconds
[2024-12-31T17:04:32.500+0000] {processor.py:186} INFO - Started process (PID=129) to work on /home/airflow/.local/lib/python3.12/site-packages/airflow/example_dags/tutorial_objectstorage.py
[2024-12-31T17:04:32.501+0000] {processor.py:914} INFO - Processing file /home/airflow/.local/lib/python3.12/site-packages/airflow/example_dags/tutorial_objectstorage.py for tasks to queue
[2024-12-31T17:04:32.504+0000] {logging_mixin.py:190} INFO - [2024-12-31T17:04:32.504+0000] {dagbag.py:588} INFO - Filling up the DagBag from /home/airflow/.local/lib/python3.12/site-packages/airflow/example_dags/tutorial_objectstorage.py
[2024-12-31T17:04:32.514+0000] {processor.py:925} INFO - DAG(s) 'tutorial_objectstorage' retrieved from /home/airflow/.local/lib/python3.12/site-packages/airflow/example_dags/tutorial_objectstorage.py
[2024-12-31T17:04:32.535+0000] {logging_mixin.py:190} INFO - [2024-12-31T17:04:32.535+0000] {dag.py:3239} INFO - Sync 1 DAGs
[2024-12-31T17:04:32.551+0000] {logging_mixin.py:190} INFO - [2024-12-31T17:04:32.551+0000] {dag.py:4180} INFO - Setting next_dagrun for tutorial_objectstorage to None, run_after=None
[2024-12-31T17:04:32.584+0000] {processor.py:208} INFO - Processing /home/airflow/.local/lib/python3.12/site-packages/airflow/example_dags/tutorial_objectstorage.py took 0.091 seconds
[2024-12-31T17:05:02.840+0000] {processor.py:186} INFO - Started process (PID=192) to work on /home/airflow/.local/lib/python3.12/site-packages/airflow/example_dags/tutorial_objectstorage.py
[2024-12-31T17:05:02.841+0000] {processor.py:914} INFO - Processing file /home/airflow/.local/lib/python3.12/site-packages/airflow/example_dags/tutorial_objectstorage.py for tasks to queue
[2024-12-31T17:05:02.844+0000] {logging_mixin.py:190} INFO - [2024-12-31T17:05:02.843+0000] {dagbag.py:588} INFO - Filling up the DagBag from /home/airflow/.local/lib/python3.12/site-packages/airflow/example_dags/tutorial_objectstorage.py
[2024-12-31T17:05:02.859+0000] {processor.py:925} INFO - DAG(s) 'tutorial_objectstorage' retrieved from /home/airflow/.local/lib/python3.12/site-packages/airflow/example_dags/tutorial_objectstorage.py
[2024-12-31T17:05:02.882+0000] {logging_mixin.py:190} INFO - [2024-12-31T17:05:02.882+0000] {dag.py:3239} INFO - Sync 1 DAGs
[2024-12-31T17:05:02.904+0000] {logging_mixin.py:190} INFO - [2024-12-31T17:05:02.904+0000] {dag.py:4180} INFO - Setting next_dagrun for tutorial_objectstorage to None, run_after=None
[2024-12-31T17:05:02.927+0000] {processor.py:208} INFO - Processing /home/airflow/.local/lib/python3.12/site-packages/airflow/example_dags/tutorial_objectstorage.py took 0.099 seconds
[2024-12-31T17:05:33.755+0000] {processor.py:186} INFO - Started process (PID=262) to work on /home/airflow/.local/lib/python3.12/site-packages/airflow/example_dags/tutorial_objectstorage.py
[2024-12-31T17:05:33.757+0000] {processor.py:914} INFO - Processing file /home/airflow/.local/lib/python3.12/site-packages/airflow/example_dags/tutorial_objectstorage.py for tasks to queue
[2024-12-31T17:05:33.759+0000] {logging_mixin.py:190} INFO - [2024-12-31T17:05:33.759+0000] {dagbag.py:588} INFO - Filling up the DagBag from /home/airflow/.local/lib/python3.12/site-packages/airflow/example_dags/tutorial_objectstorage.py
[2024-12-31T17:05:33.772+0000] {processor.py:925} INFO - DAG(s) 'tutorial_objectstorage' retrieved from /home/airflow/.local/lib/python3.12/site-packages/airflow/example_dags/tutorial_objectstorage.py
[2024-12-31T17:05:33.801+0000] {logging_mixin.py:190} INFO - [2024-12-31T17:05:33.800+0000] {dag.py:3239} INFO - Sync 1 DAGs
[2024-12-31T17:05:33.825+0000] {logging_mixin.py:190} INFO - [2024-12-31T17:05:33.825+0000] {dag.py:4180} INFO - Setting next_dagrun for tutorial_objectstorage to None, run_after=None
[2024-12-31T17:05:33.855+0000] {processor.py:208} INFO - Processing /home/airflow/.local/lib/python3.12/site-packages/airflow/example_dags/tutorial_objectstorage.py took 0.106 seconds
[2024-12-31T17:06:04.222+0000] {processor.py:186} INFO - Started process (PID=325) to work on /home/airflow/.local/lib/python3.12/site-packages/airflow/example_dags/tutorial_objectstorage.py
[2024-12-31T17:06:04.224+0000] {processor.py:914} INFO - Processing file /home/airflow/.local/lib/python3.12/site-packages/airflow/example_dags/tutorial_objectstorage.py for tasks to queue
[2024-12-31T17:06:04.228+0000] {logging_mixin.py:190} INFO - [2024-12-31T17:06:04.227+0000] {dagbag.py:588} INFO - Filling up the DagBag from /home/airflow/.local/lib/python3.12/site-packages/airflow/example_dags/tutorial_objectstorage.py
[2024-12-31T17:06:04.245+0000] {processor.py:925} INFO - DAG(s) 'tutorial_objectstorage' retrieved from /home/airflow/.local/lib/python3.12/site-packages/airflow/example_dags/tutorial_objectstorage.py
[2024-12-31T17:06:04.288+0000] {logging_mixin.py:190} INFO - [2024-12-31T17:06:04.288+0000] {dag.py:3239} INFO - Sync 1 DAGs
[2024-12-31T17:06:04.324+0000] {logging_mixin.py:190} INFO - [2024-12-31T17:06:04.324+0000] {dag.py:4180} INFO - Setting next_dagrun for tutorial_objectstorage to None, run_after=None
[2024-12-31T17:06:04.366+0000] {processor.py:208} INFO - Processing /home/airflow/.local/lib/python3.12/site-packages/airflow/example_dags/tutorial_objectstorage.py took 0.156 seconds
[2024-12-31T17:06:35.625+0000] {processor.py:186} INFO - Started process (PID=386) to work on /home/airflow/.local/lib/python3.12/site-packages/airflow/example_dags/tutorial_objectstorage.py
[2024-12-31T17:06:35.626+0000] {processor.py:914} INFO - Processing file /home/airflow/.local/lib/python3.12/site-packages/airflow/example_dags/tutorial_objectstorage.py for tasks to queue
[2024-12-31T17:06:35.629+0000] {logging_mixin.py:190} INFO - [2024-12-31T17:06:35.628+0000] {dagbag.py:588} INFO - Filling up the DagBag from /home/airflow/.local/lib/python3.12/site-packages/airflow/example_dags/tutorial_objectstorage.py
[2024-12-31T17:06:35.642+0000] {processor.py:925} INFO - DAG(s) 'tutorial_objectstorage' retrieved from /home/airflow/.local/lib/python3.12/site-packages/airflow/example_dags/tutorial_objectstorage.py
[2024-12-31T17:06:35.663+0000] {logging_mixin.py:190} INFO - [2024-12-31T17:06:35.663+0000] {dag.py:3239} INFO - Sync 1 DAGs
[2024-12-31T17:06:35.687+0000] {logging_mixin.py:190} INFO - [2024-12-31T17:06:35.687+0000] {dag.py:4180} INFO - Setting next_dagrun for tutorial_objectstorage to None, run_after=None
[2024-12-31T17:06:35.711+0000] {processor.py:208} INFO - Processing /home/airflow/.local/lib/python3.12/site-packages/airflow/example_dags/tutorial_objectstorage.py took 0.092 seconds
